    Updating crates.io index
 Downloading crates ...
  Downloaded cargo_metadata v0.15.2
START OF LEVEL 0
[cargo-quickbuild/src/scheduler.rs:40] &current_level = {
    (
        PackageId {
            name: "crc-catalog",
            version: "2.1.0",
            source: "registry `crates-io`",
        },
        BuildFor(
            NormalOrDev,
        ),
    ),
    (
        PackageId {
            name: "itoa",
            version: "1.0.4",
            source: "registry `crates-io`",
        },
        BuildFor(
            NormalOrDev,
        ),
    ),
    (
        PackageId {
            name: "pathdiff",
            version: "0.2.1",
            source: "registry `crates-io`",
        },
        BuildFor(
            NormalOrDev,
        ),
    ),
    (
        PackageId {
            name: "ryu",
            version: "1.0.11",
            source: "registry `crates-io`",
        },
        BuildFor(
            NormalOrDev,
        ),
    ),
    (
        PackageId {
            name: "unicode-ident",
            version: "1.0.5",
            source: "registry `crates-io`",
        },
        BuildFor(
            HostDep,
        ),
    ),
    (
        PackageId {
            name: "unicode-width",
            version: "0.1.10",
            source: "registry `crates-io`",
        },
        BuildFor(
            NormalOrDev,
        ),
    ),
}
STARTING BUILD
"crc-catalog-2.1.0-target-87cd9d3061f766cd52b278dff3a4f6e024b25f4cf487dfa8e0b3d398b9513f94"
     Created binary (application) package
    Updating crates.io index
   Compiling crc-catalog v2.1.0
   Compiling cargo-quickbuild-scratchpad v0.1.0 (/private/var/folders/0d/08wbx2j52nx5hjg16cshb8g80000gn/T/cargo-quickbuild-scratchpad/cargo-quickbuild-scratchpad)
    Finished dev [unoptimized + debuginfo] target(s) in 0.35s
wrote to "/Users/admin/tmp/quick/crc-catalog-2.1.0-target-87cd9d3061f766cd52b278dff3a4f6e024b25f4cf487dfa8e0b3d398b9513f94.tar"
STARTING BUILD
"itoa-1.0.4-target-3fae787a0d8739d0ee3ff09e088538d143d4c7c683268f6cb268f3ef85f743d4"
     Created binary (application) package
    Updating crates.io index
   Compiling itoa v1.0.4
   Compiling cargo-quickbuild-scratchpad v0.1.0 (/private/var/folders/0d/08wbx2j52nx5hjg16cshb8g80000gn/T/cargo-quickbuild-scratchpad/cargo-quickbuild-scratchpad)
    Finished dev [unoptimized + debuginfo] target(s) in 0.37s
wrote to "/Users/admin/tmp/quick/itoa-1.0.4-target-3fae787a0d8739d0ee3ff09e088538d143d4c7c683268f6cb268f3ef85f743d4.tar"
STARTING BUILD
"pathdiff-0.2.1-target-9ba1277ebe7b82d7fa27cf60e1be028e9db1a35fcb0f11c893a92aa2b4c338be"
     Created binary (application) package
    Updating crates.io index
   Compiling pathdiff v0.2.1
   Compiling cargo-quickbuild-scratchpad v0.1.0 (/private/var/folders/0d/08wbx2j52nx5hjg16cshb8g80000gn/T/cargo-quickbuild-scratchpad/cargo-quickbuild-scratchpad)
    Finished dev [unoptimized + debuginfo] target(s) in 0.35s
wrote to "/Users/admin/tmp/quick/pathdiff-0.2.1-target-9ba1277ebe7b82d7fa27cf60e1be028e9db1a35fcb0f11c893a92aa2b4c338be.tar"
STARTING BUILD
"ryu-1.0.11-target-1b386d8bc3be374a8587ea259a644c06e74cc5eed59f31ae0e7a8f8c6054409e"
     Created binary (application) package
    Updating crates.io index
   Compiling ryu v1.0.11
   Compiling cargo-quickbuild-scratchpad v0.1.0 (/private/var/folders/0d/08wbx2j52nx5hjg16cshb8g80000gn/T/cargo-quickbuild-scratchpad/cargo-quickbuild-scratchpad)
    Finished dev [unoptimized + debuginfo] target(s) in 0.43s
wrote to "/Users/admin/tmp/quick/ryu-1.0.11-target-1b386d8bc3be374a8587ea259a644c06e74cc5eed59f31ae0e7a8f8c6054409e.tar"
STARTING BUILD
"unicode-ident-1.0.5-host-d70963ae4d473db9d5e30abd057d94218d79f82c569180f1fc4be084e8f6f0e4"
     Created binary (application) package
    Updating crates.io index
   Compiling cargo-quickbuild-scratchpad v0.1.0 (/private/var/folders/0d/08wbx2j52nx5hjg16cshb8g80000gn/T/cargo-quickbuild-scratchpad/cargo-quickbuild-scratchpad)
    Finished dev [unoptimized + debuginfo] target(s) in 0.45s
wrote to "/Users/admin/tmp/quick/unicode-ident-1.0.5-host-d70963ae4d473db9d5e30abd057d94218d79f82c569180f1fc4be084e8f6f0e4.tar"
STARTING BUILD
"unicode-width-0.1.10-target-f4a2a51a4b77d04413e5f04358a640c67f11544220167108f76fb4956efe73c7"
     Created binary (application) package
    Updating crates.io index
   Compiling unicode-width v0.1.10
   Compiling cargo-quickbuild-scratchpad v0.1.0 (/private/var/folders/0d/08wbx2j52nx5hjg16cshb8g80000gn/T/cargo-quickbuild-scratchpad/cargo-quickbuild-scratchpad)
    Finished dev [unoptimized + debuginfo] target(s) in 0.38s
wrote to "/Users/admin/tmp/quick/unicode-width-0.1.10-target-f4a2a51a4b77d04413e5f04358a640c67f11544220167108f76fb4956efe73c7.tar"
START OF LEVEL 1
[cargo-quickbuild/src/scheduler.rs:40] &current_level = {
    (
        PackageId {
            name: "crc",
            version: "3.0.0",
            source: "registry `crates-io`",
        },
        BuildFor(
            NormalOrDev,
        ),
    ),
    (
        PackageId {
            name: "getopts",
            version: "0.2.21",
            source: "registry `crates-io`",
        },
        BuildFor(
            NormalOrDev,
        ),
    ),
    (
        PackageId {
            name: "proc-macro2",
            version: "1.0.47",
            source: "registry `crates-io`",
        },
        BuildFor(
            HostDep,
        ),
    ),
}
STARTING BUILD
"crc-3.0.0-target-cdc74bd0da4648c11c9d0375d4e76a28b441a3afcc6e2229e559bb0af8bd26b1"
     Created binary (application) package
    Updating crates.io index
   Compiling crc v3.0.0
   Compiling cargo-quickbuild-scratchpad v0.1.0 (/private/var/folders/0d/08wbx2j52nx5hjg16cshb8g80000gn/T/cargo-quickbuild-scratchpad/cargo-quickbuild-scratchpad)
    Finished dev [unoptimized + debuginfo] target(s) in 0.41s
wrote to "/Users/admin/tmp/quick/crc-3.0.0-target-cdc74bd0da4648c11c9d0375d4e76a28b441a3afcc6e2229e559bb0af8bd26b1.tar"
STARTING BUILD
"getopts-0.2.21-target-e13bfb7265cd1ab824514354be35aa8748443fc4bc0531305b0919dfff00570a"
     Created binary (application) package
    Updating crates.io index
   Compiling getopts v0.2.21
   Compiling cargo-quickbuild-scratchpad v0.1.0 (/private/var/folders/0d/08wbx2j52nx5hjg16cshb8g80000gn/T/cargo-quickbuild-scratchpad/cargo-quickbuild-scratchpad)
    Finished dev [unoptimized + debuginfo] target(s) in 0.69s
wrote to "/Users/admin/tmp/quick/getopts-0.2.21-target-e13bfb7265cd1ab824514354be35aa8748443fc4bc0531305b0919dfff00570a.tar"
STARTING BUILD
"proc-macro2-1.0.47-host-9e21c50c526b041e94f107b248210dbda6929ec0356a62de660c0b3c6ce96a7e"
     Created binary (application) package
    Updating crates.io index
   Compiling cargo-quickbuild-scratchpad v0.1.0 (/private/var/folders/0d/08wbx2j52nx5hjg16cshb8g80000gn/T/cargo-quickbuild-scratchpad/cargo-quickbuild-scratchpad)
    Finished dev [unoptimized + debuginfo] target(s) in 0.31s
wrote to "/Users/admin/tmp/quick/proc-macro2-1.0.47-host-9e21c50c526b041e94f107b248210dbda6929ec0356a62de660c0b3c6ce96a7e.tar"
START OF LEVEL 2
[cargo-quickbuild/src/scheduler.rs:40] &current_level = {
    (
        PackageId {
            name: "quote",
            version: "1.0.21",
            source: "registry `crates-io`",
        },
        BuildFor(
            HostDep,
        ),
    ),
}
STARTING BUILD
"quote-1.0.21-host-52ebd68fd3a53e63e7f9aba6454dadcb8afdcb319cab8569a5fcc8019ca208aa"
     Created binary (application) package
    Updating crates.io index
   Compiling cargo-quickbuild-scratchpad v0.1.0 (/private/var/folders/0d/08wbx2j52nx5hjg16cshb8g80000gn/T/cargo-quickbuild-scratchpad/cargo-quickbuild-scratchpad)
    Finished dev [unoptimized + debuginfo] target(s) in 0.31s
wrote to "/Users/admin/tmp/quick/quote-1.0.21-host-52ebd68fd3a53e63e7f9aba6454dadcb8afdcb319cab8569a5fcc8019ca208aa.tar"
START OF LEVEL 3
[cargo-quickbuild/src/scheduler.rs:40] &current_level = {
    (
        PackageId {
            name: "syn",
            version: "1.0.103",
            source: "registry `crates-io`",
        },
        BuildFor(
            HostDep,
        ),
    ),
}
STARTING BUILD
"syn-1.0.103-host-7b244c1aa1de6c97539b84c852452f38719f19f0e8ea0be5d24f01a8abf41d6a"
     Created binary (application) package
    Updating crates.io index
   Compiling cargo-quickbuild-scratchpad v0.1.0 (/private/var/folders/0d/08wbx2j52nx5hjg16cshb8g80000gn/T/cargo-quickbuild-scratchpad/cargo-quickbuild-scratchpad)
    Finished dev [unoptimized + debuginfo] target(s) in 0.31s
wrote to "/Users/admin/tmp/quick/syn-1.0.103-host-7b244c1aa1de6c97539b84c852452f38719f19f0e8ea0be5d24f01a8abf41d6a.tar"
START OF LEVEL 4
[cargo-quickbuild/src/scheduler.rs:40] &current_level = {
    (
        PackageId {
            name: "serde_derive",
            version: "1.0.147",
            source: "registry `crates-io`",
        },
        BuildFor(
            HostDep,
        ),
    ),
    (
        PackageId {
            name: "thiserror-impl",
            version: "1.0.37",
            source: "registry `crates-io`",
        },
        BuildFor(
            HostDep,
        ),
    ),
}
STARTING BUILD
"serde_derive-1.0.147-host-894ca64387324394caa8989964a30000dd1990c2e2f3979bf4660a4b736c9d6d"
     Created binary (application) package
    Updating crates.io index
   Compiling cargo-quickbuild-scratchpad v0.1.0 (/private/var/folders/0d/08wbx2j52nx5hjg16cshb8g80000gn/T/cargo-quickbuild-scratchpad/cargo-quickbuild-scratchpad)
    Finished dev [unoptimized + debuginfo] target(s) in 0.30s
wrote to "/Users/admin/tmp/quick/serde_derive-1.0.147-host-894ca64387324394caa8989964a30000dd1990c2e2f3979bf4660a4b736c9d6d.tar"
STARTING BUILD
"thiserror-impl-1.0.37-host-d3720cfcf808967cc383c49fc2c604eb133ecc02352fbdac2e9b83c6c5679ebb"
     Created binary (application) package
    Updating crates.io index
   Compiling cargo-quickbuild-scratchpad v0.1.0 (/private/var/folders/0d/08wbx2j52nx5hjg16cshb8g80000gn/T/cargo-quickbuild-scratchpad/cargo-quickbuild-scratchpad)
    Finished dev [unoptimized + debuginfo] target(s) in 0.31s
wrote to "/Users/admin/tmp/quick/thiserror-impl-1.0.37-host-d3720cfcf808967cc383c49fc2c604eb133ecc02352fbdac2e9b83c6c5679ebb.tar"
START OF LEVEL 5
[cargo-quickbuild/src/scheduler.rs:40] &current_level = {
    (
        PackageId {
            name: "serde",
            version: "1.0.147",
            source: "registry `crates-io`",
        },
        BuildFor(
            NormalOrDev,
        ),
    ),
    (
        PackageId {
            name: "thiserror",
            version: "1.0.37",
            source: "registry `crates-io`",
        },
        BuildFor(
            NormalOrDev,
        ),
    ),
}
STARTING BUILD
"serde-1.0.147-target-5b72c7343658a052847cba7f8d946930eca14d076f14f926934da6f12600ebec"
     Created binary (application) package
    Updating crates.io index
   Compiling proc-macro2 v1.0.47
   Compiling quote v1.0.21
   Compiling unicode-ident v1.0.5
   Compiling syn v1.0.103
   Compiling serde_derive v1.0.147
   Compiling serde v1.0.147
   Compiling cargo-quickbuild-scratchpad v0.1.0 (/private/var/folders/0d/08wbx2j52nx5hjg16cshb8g80000gn/T/cargo-quickbuild-scratchpad/cargo-quickbuild-scratchpad)
    Finished dev [unoptimized + debuginfo] target(s) in 8.13s
wrote to "/Users/admin/tmp/quick/serde-1.0.147-target-5b72c7343658a052847cba7f8d946930eca14d076f14f926934da6f12600ebec.tar"
STARTING BUILD
"thiserror-1.0.37-target-716ec1d7e167122f495a654ed0b9e6031518198105998fb2aaea9a0041205eb1"
     Created binary (application) package
    Updating crates.io index
   Compiling proc-macro2 v1.0.47
   Compiling unicode-ident v1.0.5
   Compiling quote v1.0.21
   Compiling syn v1.0.103
   Compiling thiserror v1.0.37
   Compiling thiserror-impl v1.0.37
   Compiling cargo-quickbuild-scratchpad v0.1.0 (/private/var/folders/0d/08wbx2j52nx5hjg16cshb8g80000gn/T/cargo-quickbuild-scratchpad/cargo-quickbuild-scratchpad)
    Finished dev [unoptimized + debuginfo] target(s) in 5.06s
wrote to "/Users/admin/tmp/quick/thiserror-1.0.37-target-716ec1d7e167122f495a654ed0b9e6031518198105998fb2aaea9a0041205eb1.tar"
START OF LEVEL 6
[cargo-quickbuild/src/scheduler.rs:40] &current_level = {
    (
        PackageId {
            name: "camino",
            version: "1.1.1",
            source: "registry `crates-io`",
        },
        BuildFor(
            NormalOrDev,
        ),
    ),
    (
        PackageId {
            name: "cargo-platform",
            version: "0.1.2",
            source: "registry `crates-io`",
        },
        BuildFor(
            NormalOrDev,
        ),
    ),
    (
        PackageId {
            name: "semver",
            version: "1.0.14",
            source: "registry `crates-io`",
        },
        BuildFor(
            NormalOrDev,
        ),
    ),
    (
        PackageId {
            name: "serde_json",
            version: "1.0.89",
            source: "registry `crates-io`",
        },
        BuildFor(
            NormalOrDev,
        ),
    ),
}
STARTING BUILD
"camino-1.1.1-target-89dc1ce8daf40cef574c9b8bdf02d12fc2b1aae3f7b00c7ab299695b8710c2b6"
     Created binary (application) package
    Updating crates.io index
   Compiling camino v1.1.1
   Compiling cargo-quickbuild-scratchpad v0.1.0 (/private/var/folders/0d/08wbx2j52nx5hjg16cshb8g80000gn/T/cargo-quickbuild-scratchpad/cargo-quickbuild-scratchpad)
    Finished dev [unoptimized + debuginfo] target(s) in 0.87s
wrote to "/Users/admin/tmp/quick/camino-1.1.1-target-89dc1ce8daf40cef574c9b8bdf02d12fc2b1aae3f7b00c7ab299695b8710c2b6.tar"
STARTING BUILD
"cargo-platform-0.1.2-target-8323d73b8c280eb7d699d509422de03279dac50fc3d38f02f1cd4260d054a291"
     Created binary (application) package
    Updating crates.io index
   Compiling cargo-platform v0.1.2
   Compiling cargo-quickbuild-scratchpad v0.1.0 (/private/var/folders/0d/08wbx2j52nx5hjg16cshb8g80000gn/T/cargo-quickbuild-scratchpad/cargo-quickbuild-scratchpad)
    Finished dev [unoptimized + debuginfo] target(s) in 0.50s
wrote to "/Users/admin/tmp/quick/cargo-platform-0.1.2-target-8323d73b8c280eb7d699d509422de03279dac50fc3d38f02f1cd4260d054a291.tar"
STARTING BUILD
"semver-1.0.14-target-b33027432b4713749d60e77983cdb5f579c59a15f9196bd1b76046dbfda09944"
     Created binary (application) package
    Updating crates.io index
   Compiling semver v1.0.14
   Compiling cargo-quickbuild-scratchpad v0.1.0 (/private/var/folders/0d/08wbx2j52nx5hjg16cshb8g80000gn/T/cargo-quickbuild-scratchpad/cargo-quickbuild-scratchpad)
    Finished dev [unoptimized + debuginfo] target(s) in 0.78s
wrote to "/Users/admin/tmp/quick/semver-1.0.14-target-b33027432b4713749d60e77983cdb5f579c59a15f9196bd1b76046dbfda09944.tar"
STARTING BUILD
"serde_json-1.0.89-target-05171e7d7a00e093b4db511935d7ba0fa6d418810abc2749f27c41e8a23f5105"
     Created binary (application) package
    Updating crates.io index
   Compiling serde_json v1.0.89
   Compiling cargo-quickbuild-scratchpad v0.1.0 (/private/var/folders/0d/08wbx2j52nx5hjg16cshb8g80000gn/T/cargo-quickbuild-scratchpad/cargo-quickbuild-scratchpad)
    Finished dev [unoptimized + debuginfo] target(s) in 1.30s
wrote to "/Users/admin/tmp/quick/serde_json-1.0.89-target-05171e7d7a00e093b4db511935d7ba0fa6d418810abc2749f27c41e8a23f5105.tar"
START OF LEVEL 7
[cargo-quickbuild/src/scheduler.rs:40] &current_level = {
    (
        PackageId {
            name: "cargo_metadata",
            version: "0.15.2",
            source: "registry `crates-io`",
        },
        BuildFor(
            NormalOrDev,
        ),
    ),
}
STARTING BUILD
"cargo_metadata-0.15.2-target-f5d437a30fcc6a70dd622b378856303a166943f7111498dc0d31ce560aefdbf6"
     Created binary (application) package
2022-11-22 16:07:19.768296983 != 2022-11-22 16:07:11.399905876 for "target/debug/.fingerprint/proc-macro2-d645067aeca53313/run-build-script-build-script-build.json" ("/var/folders/0d/08wbx2j52nx5hjg16cshb8g80000gn/T/cargo-quickbuild-scratchpad/cargo-quickbuild-scratchpad/target/debug/.fingerprint/proc-macro2-d645067aeca53313/run-build-script-build-script-build.json"):
(mtime != on_disk_mtime. now = 2022-11-22 16:07:29.745958 UTC)
contents identical
2022-11-22 16:07:19.768230566 != 2022-11-22 16:07:11.399848209 for "target/debug/.fingerprint/proc-macro2-d645067aeca53313/run-build-script-build-script-build" ("/var/folders/0d/08wbx2j52nx5hjg16cshb8g80000gn/T/cargo-quickbuild-scratchpad/cargo-quickbuild-scratchpad/target/debug/.fingerprint/proc-macro2-d645067aeca53313/run-build-script-build-script-build"):
(mtime != on_disk_mtime. now = 2022-11-22 16:07:29.746150 UTC)
contents identical
2022-11-22 16:07:19.803191768 != 2022-11-22 16:07:11.445700585 for "target/debug/.fingerprint/quote-6e81f9e3a90f4555/run-build-script-build-script-build.json" ("/var/folders/0d/08wbx2j52nx5hjg16cshb8g80000gn/T/cargo-quickbuild-scratchpad/cargo-quickbuild-scratchpad/target/debug/.fingerprint/quote-6e81f9e3a90f4555/run-build-script-build-script-build.json"):
(mtime != on_disk_mtime. now = 2022-11-22 16:07:29.746324 UTC)
contents identical
2022-11-22 16:07:19.803053767 != 2022-11-22 16:07:11.445604668 for "target/debug/.fingerprint/quote-6e81f9e3a90f4555/run-build-script-build-script-build" ("/var/folders/0d/08wbx2j52nx5hjg16cshb8g80000gn/T/cargo-quickbuild-scratchpad/cargo-quickbuild-scratchpad/target/debug/.fingerprint/quote-6e81f9e3a90f4555/run-build-script-build-script-build"):
(mtime != on_disk_mtime. now = 2022-11-22 16:07:29.746639 UTC)
contents identical
2022-11-22 16:07:19.333984411 != 2022-11-22 16:07:10.716738415 for "target/debug/.fingerprint/syn-34aa13faa83d52a2/dep-build-script-build-script-build" ("/var/folders/0d/08wbx2j52nx5hjg16cshb8g80000gn/T/cargo-quickbuild-scratchpad/cargo-quickbuild-scratchpad/target/debug/.fingerprint/syn-34aa13faa83d52a2/dep-build-script-build-script-build"):
(mtime != on_disk_mtime. now = 2022-11-22 16:07:29.746854 UTC)
contents identical
2022-11-22 16:07:19.333984411 != 2022-11-22 16:07:10.716738415 for "target/debug/.fingerprint/syn-34aa13faa83d52a2/invoked.timestamp" ("/var/folders/0d/08wbx2j52nx5hjg16cshb8g80000gn/T/cargo-quickbuild-scratchpad/cargo-quickbuild-scratchpad/target/debug/.fingerprint/syn-34aa13faa83d52a2/invoked.timestamp"):
(mtime != on_disk_mtime. now = 2022-11-22 16:07:29.747062 UTC)
contents identical
2022-11-22 16:07:19.536348296 != 2022-11-22 16:07:10.929520722 for "target/debug/.fingerprint/syn-34aa13faa83d52a2/build-script-build-script-build.json" ("/var/folders/0d/08wbx2j52nx5hjg16cshb8g80000gn/T/cargo-quickbuild-scratchpad/cargo-quickbuild-scratchpad/target/debug/.fingerprint/syn-34aa13faa83d52a2/build-script-build-script-build.json"):
(mtime != on_disk_mtime. now = 2022-11-22 16:07:29.747250 UTC)
contents identical
2022-11-22 16:07:19.536276587 != 2022-11-22 16:07:10.929445264 for "target/debug/.fingerprint/syn-34aa13faa83d52a2/build-script-build-script-build" ("/var/folders/0d/08wbx2j52nx5hjg16cshb8g80000gn/T/cargo-quickbuild-scratchpad/cargo-quickbuild-scratchpad/target/debug/.fingerprint/syn-34aa13faa83d52a2/build-script-build-script-build"):
(mtime != on_disk_mtime. now = 2022-11-22 16:07:29.747501 UTC)
contents identical
2022-11-22 16:07:19.137076217 != 2022-11-22 16:07:10.441693905 for "target/debug/.fingerprint/quote-09a3cb1cafefdca2/dep-build-script-build-script-build" ("/var/folders/0d/08wbx2j52nx5hjg16cshb8g80000gn/T/cargo-quickbuild-scratchpad/cargo-quickbuild-scratchpad/target/debug/.fingerprint/quote-09a3cb1cafefdca2/dep-build-script-build-script-build"):
(mtime != on_disk_mtime. now = 2022-11-22 16:07:29.748011 UTC)
contents identical
2022-11-22 16:07:19.137076217 != 2022-11-22 16:07:10.441693905 for "target/debug/.fingerprint/quote-09a3cb1cafefdca2/invoked.timestamp" ("/var/folders/0d/08wbx2j52nx5hjg16cshb8g80000gn/T/cargo-quickbuild-scratchpad/cargo-quickbuild-scratchpad/target/debug/.fingerprint/quote-09a3cb1cafefdca2/invoked.timestamp"):
(mtime != on_disk_mtime. now = 2022-11-22 16:07:29.748166 UTC)
contents identical
2022-11-22 16:07:19.333768993 != 2022-11-22 16:07:10.648076517 for "target/debug/.fingerprint/quote-09a3cb1cafefdca2/build-script-build-script-build.json" ("/var/folders/0d/08wbx2j52nx5hjg16cshb8g80000gn/T/cargo-quickbuild-scratchpad/cargo-quickbuild-scratchpad/target/debug/.fingerprint/quote-09a3cb1cafefdca2/build-script-build-script-build.json"):
(mtime != on_disk_mtime. now = 2022-11-22 16:07:29.748388 UTC)
contents identical
2022-11-22 16:07:19.333693826 != 2022-11-22 16:07:10.647992183 for "target/debug/.fingerprint/quote-09a3cb1cafefdca2/build-script-build-script-build" ("/var/folders/0d/08wbx2j52nx5hjg16cshb8g80000gn/T/cargo-quickbuild-scratchpad/cargo-quickbuild-scratchpad/target/debug/.fingerprint/quote-09a3cb1cafefdca2/build-script-build-script-build"):
(mtime != on_disk_mtime. now = 2022-11-22 16:07:29.748561 UTC)
contents identical
2022-11-22 16:07:19.071247291 != 2022-11-22 16:07:10.648321518 for "target/debug/.fingerprint/unicode-ident-ff0b86005d37fb28/dep-lib-unicode-ident" ("/var/folders/0d/08wbx2j52nx5hjg16cshb8g80000gn/T/cargo-quickbuild-scratchpad/cargo-quickbuild-scratchpad/target/debug/.fingerprint/unicode-ident-ff0b86005d37fb28/dep-lib-unicode-ident"):
(mtime != on_disk_mtime. now = 2022-11-22 16:07:29.748756 UTC)
contents identical
2022-11-22 16:07:19.136780841 != 2022-11-22 16:07:10.716553872 for "target/debug/.fingerprint/unicode-ident-ff0b86005d37fb28/lib-unicode-ident.json" ("/var/folders/0d/08wbx2j52nx5hjg16cshb8g80000gn/T/cargo-quickbuild-scratchpad/cargo-quickbuild-scratchpad/target/debug/.fingerprint/unicode-ident-ff0b86005d37fb28/lib-unicode-ident.json"):
(mtime != on_disk_mtime. now = 2022-11-22 16:07:29.748950 UTC)
contents identical
2022-11-22 16:07:19.136687965 != 2022-11-22 16:07:10.716483914 for "target/debug/.fingerprint/unicode-ident-ff0b86005d37fb28/lib-unicode-ident" ("/var/folders/0d/08wbx2j52nx5hjg16cshb8g80000gn/T/cargo-quickbuild-scratchpad/cargo-quickbuild-scratchpad/target/debug/.fingerprint/unicode-ident-ff0b86005d37fb28/lib-unicode-ident"):
(mtime != on_disk_mtime. now = 2022-11-22 16:07:29.749279 UTC)
contents identical
2022-11-22 16:07:19.071247291 != 2022-11-22 16:07:10.648321518 for "target/debug/.fingerprint/unicode-ident-ff0b86005d37fb28/invoked.timestamp" ("/var/folders/0d/08wbx2j52nx5hjg16cshb8g80000gn/T/cargo-quickbuild-scratchpad/cargo-quickbuild-scratchpad/target/debug/.fingerprint/unicode-ident-ff0b86005d37fb28/invoked.timestamp"):
(mtime != on_disk_mtime. now = 2022-11-22 16:07:29.749490 UTC)
contents identical
2022-11-22 16:07:18.855890847 != 2022-11-22 16:07:10.210891806 for "target/debug/.fingerprint/proc-macro2-85c02889416fc25d/dep-build-script-build-script-build" ("/var/folders/0d/08wbx2j52nx5hjg16cshb8g80000gn/T/cargo-quickbuild-scratchpad/cargo-quickbuild-scratchpad/target/debug/.fingerprint/proc-macro2-85c02889416fc25d/dep-build-script-build-script-build"):
(mtime != on_disk_mtime. now = 2022-11-22 16:07:29.750216 UTC)
contents identical
2022-11-22 16:07:18.855890847 != 2022-11-22 16:07:10.210891806 for "target/debug/.fingerprint/proc-macro2-85c02889416fc25d/invoked.timestamp" ("/var/folders/0d/08wbx2j52nx5hjg16cshb8g80000gn/T/cargo-quickbuild-scratchpad/cargo-quickbuild-scratchpad/target/debug/.fingerprint/proc-macro2-85c02889416fc25d/invoked.timestamp"):
(mtime != on_disk_mtime. now = 2022-11-22 16:07:29.750434 UTC)
contents identical
2022-11-22 16:07:19.071038040 != 2022-11-22 16:07:10.441458904 for "target/debug/.fingerprint/proc-macro2-85c02889416fc25d/build-script-build-script-build.json" ("/var/folders/0d/08wbx2j52nx5hjg16cshb8g80000gn/T/cargo-quickbuild-scratchpad/cargo-quickbuild-scratchpad/target/debug/.fingerprint/proc-macro2-85c02889416fc25d/build-script-build-script-build.json"):
(mtime != on_disk_mtime. now = 2022-11-22 16:07:29.750673 UTC)
contents identical
2022-11-22 16:07:19.070955498 != 2022-11-22 16:07:10.441346487 for "target/debug/.fingerprint/proc-macro2-85c02889416fc25d/build-script-build-script-build" ("/var/folders/0d/08wbx2j52nx5hjg16cshb8g80000gn/T/cargo-quickbuild-scratchpad/cargo-quickbuild-scratchpad/target/debug/.fingerprint/proc-macro2-85c02889416fc25d/build-script-build-script-build"):
(mtime != on_disk_mtime. now = 2022-11-22 16:07:29.750842 UTC)
contents identical
2022-11-22 16:07:20.574875926 != 2022-11-22 16:07:12.316882366 for "target/debug/.fingerprint/quote-ed88a5954100c1b3/lib-quote" ("/var/folders/0d/08wbx2j52nx5hjg16cshb8g80000gn/T/cargo-quickbuild-scratchpad/cargo-quickbuild-scratchpad/target/debug/.fingerprint/quote-ed88a5954100c1b3/lib-quote"):
(mtime != on_disk_mtime. now = 2022-11-22 16:07:29.750998 UTC)
contents identical
2022-11-22 16:07:20.359085229 != 2022-11-22 16:07:12.084359718 for "target/debug/.fingerprint/quote-ed88a5954100c1b3/dep-lib-quote" ("/var/folders/0d/08wbx2j52nx5hjg16cshb8g80000gn/T/cargo-quickbuild-scratchpad/cargo-quickbuild-scratchpad/target/debug/.fingerprint/quote-ed88a5954100c1b3/dep-lib-quote"):
(mtime != on_disk_mtime. now = 2022-11-22 16:07:29.751187 UTC)
contents identical
2022-11-22 16:07:20.574936509 != 2022-11-22 16:07:12.316952491 for "target/debug/.fingerprint/quote-ed88a5954100c1b3/lib-quote.json" ("/var/folders/0d/08wbx2j52nx5hjg16cshb8g80000gn/T/cargo-quickbuild-scratchpad/cargo-quickbuild-scratchpad/target/debug/.fingerprint/quote-ed88a5954100c1b3/lib-quote.json"):
(mtime != on_disk_mtime. now = 2022-11-22 16:07:29.751356 UTC)
contents identical
2022-11-22 16:07:20.359085229 != 2022-11-22 16:07:12.084359718 for "target/debug/.fingerprint/quote-ed88a5954100c1b3/invoked.timestamp" ("/var/folders/0d/08wbx2j52nx5hjg16cshb8g80000gn/T/cargo-quickbuild-scratchpad/cargo-quickbuild-scratchpad/target/debug/.fingerprint/quote-ed88a5954100c1b3/invoked.timestamp"):
(mtime != on_disk_mtime. now = 2022-11-22 16:07:29.751531 UTC)
contents identical
2022-11-22 16:07:19.875445307 != 2022-11-22 16:07:11.581821709 for "target/debug/.fingerprint/proc-macro2-8d7bc903105fd413/dep-lib-proc-macro2" ("/var/folders/0d/08wbx2j52nx5hjg16cshb8g80000gn/T/cargo-quickbuild-scratchpad/cargo-quickbuild-scratchpad/target/debug/.fingerprint/proc-macro2-8d7bc903105fd413/dep-lib-proc-macro2"):
(mtime != on_disk_mtime. now = 2022-11-22 16:07:29.751692 UTC)
contents identical
2022-11-22 16:07:20.358789769 != 2022-11-22 16:07:12.084194592 for "target/debug/.fingerprint/proc-macro2-8d7bc903105fd413/lib-proc-macro2.json" ("/var/folders/0d/08wbx2j52nx5hjg16cshb8g80000gn/T/cargo-quickbuild-scratchpad/cargo-quickbuild-scratchpad/target/debug/.fingerprint/proc-macro2-8d7bc903105fd413/lib-proc-macro2.json"):
(mtime != on_disk_mtime. now = 2022-11-22 16:07:29.751844 UTC)
contents identical
2022-11-22 16:07:19.875445307 != 2022-11-22 16:07:11.581821709 for "target/debug/.fingerprint/proc-macro2-8d7bc903105fd413/invoked.timestamp" ("/var/folders/0d/08wbx2j52nx5hjg16cshb8g80000gn/T/cargo-quickbuild-scratchpad/cargo-quickbuild-scratchpad/target/debug/.fingerprint/proc-macro2-8d7bc903105fd413/invoked.timestamp"):
(mtime != on_disk_mtime. now = 2022-11-22 16:07:29.751988 UTC)
contents identical
2022-11-22 16:07:20.358698394 != 2022-11-22 16:07:12.084123883 for "target/debug/.fingerprint/proc-macro2-8d7bc903105fd413/lib-proc-macro2" ("/var/folders/0d/08wbx2j52nx5hjg16cshb8g80000gn/T/cargo-quickbuild-scratchpad/cargo-quickbuild-scratchpad/target/debug/.fingerprint/proc-macro2-8d7bc903105fd413/lib-proc-macro2"):
(mtime != on_disk_mtime. now = 2022-11-22 16:07:29.752126 UTC)
contents identical
2022-11-22 16:07:19.837388424 != 2022-11-22 16:07:11.489078159 for "target/debug/.fingerprint/syn-d64f7081428599e6/run-build-script-build-script-build.json" ("/var/folders/0d/08wbx2j52nx5hjg16cshb8g80000gn/T/cargo-quickbuild-scratchpad/cargo-quickbuild-scratchpad/target/debug/.fingerprint/syn-d64f7081428599e6/run-build-script-build-script-build.json"):
(mtime != on_disk_mtime. now = 2022-11-22 16:07:29.752443 UTC)
contents identical
2022-11-22 16:07:19.837324507 != 2022-11-22 16:07:11.488982492 for "target/debug/.fingerprint/syn-d64f7081428599e6/run-build-script-build-script-build" ("/var/folders/0d/08wbx2j52nx5hjg16cshb8g80000gn/T/cargo-quickbuild-scratchpad/cargo-quickbuild-scratchpad/target/debug/.fingerprint/syn-d64f7081428599e6/run-build-script-build-script-build"):
(mtime != on_disk_mtime. now = 2022-11-22 16:07:29.752624 UTC)
contents identical
2022-11-22 16:07:22.455635370 != 2022-11-22 16:07:14.151611849 for "target/debug/.fingerprint/syn-ae740c2e53da5dcc/lib-syn.json" ("/var/folders/0d/08wbx2j52nx5hjg16cshb8g80000gn/T/cargo-quickbuild-scratchpad/cargo-quickbuild-scratchpad/target/debug/.fingerprint/syn-ae740c2e53da5dcc/lib-syn.json"):
(mtime != on_disk_mtime. now = 2022-11-22 16:07:29.753326 UTC)
contents identical
2022-11-22 16:07:20.575175177 != 2022-11-22 16:07:12.317144492 for "target/debug/.fingerprint/syn-ae740c2e53da5dcc/dep-lib-syn" ("/var/folders/0d/08wbx2j52nx5hjg16cshb8g80000gn/T/cargo-quickbuild-scratchpad/cargo-quickbuild-scratchpad/target/debug/.fingerprint/syn-ae740c2e53da5dcc/dep-lib-syn"):
(mtime != on_disk_mtime. now = 2022-11-22 16:07:29.753489 UTC)
contents identical
2022-11-22 16:07:22.455568953 != 2022-11-22 16:07:14.151552891 for "target/debug/.fingerprint/syn-ae740c2e53da5dcc/lib-syn" ("/var/folders/0d/08wbx2j52nx5hjg16cshb8g80000gn/T/cargo-quickbuild-scratchpad/cargo-quickbuild-scratchpad/target/debug/.fingerprint/syn-ae740c2e53da5dcc/lib-syn"):
(mtime != on_disk_mtime. now = 2022-11-22 16:07:29.753630 UTC)
contents identical
2022-11-22 16:07:20.575175177 != 2022-11-22 16:07:12.317144492 for "target/debug/.fingerprint/syn-ae740c2e53da5dcc/invoked.timestamp" ("/var/folders/0d/08wbx2j52nx5hjg16cshb8g80000gn/T/cargo-quickbuild-scratchpad/cargo-quickbuild-scratchpad/target/debug/.fingerprint/syn-ae740c2e53da5dcc/invoked.timestamp"):
(mtime != on_disk_mtime. now = 2022-11-22 16:07:29.753769 UTC)
contents identical
2022-11-22 16:07:20.355352545 != 2022-11-22 16:07:12.080906160 for "target/debug/deps/libproc_macro2-8d7bc903105fd413.rlib" ("/var/folders/0d/08wbx2j52nx5hjg16cshb8g80000gn/T/cargo-quickbuild-scratchpad/cargo-quickbuild-scratchpad/target/debug/deps/libproc_macro2-8d7bc903105fd413.rlib"):
(mtime != on_disk_mtime. now = 2022-11-22 16:07:29.754403 UTC)
contents identical
2022-11-22 16:07:20.572029329 != 2022-11-22 16:07:12.314199728 for "target/debug/deps/libquote-ed88a5954100c1b3.rlib" ("/var/folders/0d/08wbx2j52nx5hjg16cshb8g80000gn/T/cargo-quickbuild-scratchpad/cargo-quickbuild-scratchpad/target/debug/deps/libquote-ed88a5954100c1b3.rlib"):
(mtime != on_disk_mtime. now = 2022-11-22 16:07:29.756104 UTC)
contents identical
2022-11-22 16:07:22.449953386 != 2022-11-22 16:07:14.146091616 for "target/debug/deps/libsyn-ae740c2e53da5dcc.rlib" ("/var/folders/0d/08wbx2j52nx5hjg16cshb8g80000gn/T/cargo-quickbuild-scratchpad/cargo-quickbuild-scratchpad/target/debug/deps/libsyn-ae740c2e53da5dcc.rlib"):
(mtime != on_disk_mtime. now = 2022-11-22 16:07:29.756722 UTC)
contents identical
2022-11-22 16:07:20.072106790 != 2022-11-22 16:07:11.789791994 for "target/debug/deps/libproc_macro2-8d7bc903105fd413.rmeta" ("/var/folders/0d/08wbx2j52nx5hjg16cshb8g80000gn/T/cargo-quickbuild-scratchpad/cargo-quickbuild-scratchpad/target/debug/deps/libproc_macro2-8d7bc903105fd413.rmeta"):
(mtime != on_disk_mtime. now = 2022-11-22 16:07:29.763547 UTC)
contents identical
2022-11-22 16:07:20.458271350 != 2022-11-22 16:07:12.186083850 for "target/debug/deps/libquote-ed88a5954100c1b3.rmeta" ("/var/folders/0d/08wbx2j52nx5hjg16cshb8g80000gn/T/cargo-quickbuild-scratchpad/cargo-quickbuild-scratchpad/target/debug/deps/libquote-ed88a5954100c1b3.rmeta"):
(mtime != on_disk_mtime. now = 2022-11-22 16:07:29.765281 UTC)
contents identical
2022-11-22 16:07:19.922359855 != 2022-11-22 16:07:11.631813688 for "target/debug/deps/proc_macro2-8d7bc903105fd413.d" ("/var/folders/0d/08wbx2j52nx5hjg16cshb8g80000gn/T/cargo-quickbuild-scratchpad/cargo-quickbuild-scratchpad/target/debug/deps/proc_macro2-8d7bc903105fd413.d"):
(mtime != on_disk_mtime. now = 2022-11-22 16:07:29.765558 UTC)
contents identical
2022-11-22 16:07:21.278104937 != 2022-11-22 16:07:13.008896409 for "target/debug/deps/libsyn-ae740c2e53da5dcc.rmeta" ("/var/folders/0d/08wbx2j52nx5hjg16cshb8g80000gn/T/cargo-quickbuild-scratchpad/cargo-quickbuild-scratchpad/target/debug/deps/libsyn-ae740c2e53da5dcc.rmeta"):
(mtime != on_disk_mtime. now = 2022-11-22 16:07:29.766375 UTC)
contents identical
2022-11-22 16:07:20.402788221 != 2022-11-22 16:07:12.127075746 for "target/debug/deps/quote-ed88a5954100c1b3.d" ("/var/folders/0d/08wbx2j52nx5hjg16cshb8g80000gn/T/cargo-quickbuild-scratchpad/cargo-quickbuild-scratchpad/target/debug/deps/quote-ed88a5954100c1b3.d"):
(mtime != on_disk_mtime. now = 2022-11-22 16:07:29.768394 UTC)
contents identical
2022-11-22 16:07:19.109444466 != 2022-11-22 16:07:10.688212826 for "target/debug/deps/unicode_ident-ff0b86005d37fb28.d" ("/var/folders/0d/08wbx2j52nx5hjg16cshb8g80000gn/T/cargo-quickbuild-scratchpad/cargo-quickbuild-scratchpad/target/debug/deps/unicode_ident-ff0b86005d37fb28.d"):
(mtime != on_disk_mtime. now = 2022-11-22 16:07:29.771801 UTC)
contents identical
2022-11-22 16:07:20.682502544 != 2022-11-22 16:07:12.425240612 for "target/debug/deps/syn-ae740c2e53da5dcc.d" ("/var/folders/0d/08wbx2j52nx5hjg16cshb8g80000gn/T/cargo-quickbuild-scratchpad/cargo-quickbuild-scratchpad/target/debug/deps/syn-ae740c2e53da5dcc.d"):
(mtime != on_disk_mtime. now = 2022-11-22 16:07:29.772107 UTC)
contents identical
2022-11-22 16:07:19.134860790 != 2022-11-22 16:07:10.714757531 for "target/debug/deps/libunicode_ident-ff0b86005d37fb28.rlib" ("/var/folders/0d/08wbx2j52nx5hjg16cshb8g80000gn/T/cargo-quickbuild-scratchpad/cargo-quickbuild-scratchpad/target/debug/deps/libunicode_ident-ff0b86005d37fb28.rlib"):
(mtime != on_disk_mtime. now = 2022-11-22 16:07:29.774742 UTC)
contents identical
2022-11-22 16:07:19.123196945 != 2022-11-22 16:07:10.702873934 for "target/debug/deps/libunicode_ident-ff0b86005d37fb28.rmeta" ("/var/folders/0d/08wbx2j52nx5hjg16cshb8g80000gn/T/cargo-quickbuild-scratchpad/cargo-quickbuild-scratchpad/target/debug/deps/libunicode_ident-ff0b86005d37fb28.rmeta"):
(mtime != on_disk_mtime. now = 2022-11-22 16:07:29.775177 UTC)
contents identical
2022-11-22 16:07:19.768048607 != 2022-11-22 16:07:11.399674791 for "target/debug/build/proc-macro2-d645067aeca53313/stderr" ("/var/folders/0d/08wbx2j52nx5hjg16cshb8g80000gn/T/cargo-quickbuild-scratchpad/cargo-quickbuild-scratchpad/target/debug/build/proc-macro2-d645067aeca53313/stderr"):
(mtime != on_disk_mtime. now = 2022-11-22 16:07:29.792355 UTC)
contents identical
2022-11-22 16:07:19.733497365 != 2022-11-22 16:07:11.355004003 for "target/debug/build/proc-macro2-d645067aeca53313/output" ("/var/folders/0d/08wbx2j52nx5hjg16cshb8g80000gn/T/cargo-quickbuild-scratchpad/cargo-quickbuild-scratchpad/target/debug/build/proc-macro2-d645067aeca53313/output"):
(mtime != on_disk_mtime. now = 2022-11-22 16:07:29.792573 UTC)
contents identical
2022-11-22 16:07:19.768103565 != 2022-11-22 16:07:11.399740250 for "target/debug/build/proc-macro2-d645067aeca53313/root-output" ("/var/folders/0d/08wbx2j52nx5hjg16cshb8g80000gn/T/cargo-quickbuild-scratchpad/cargo-quickbuild-scratchpad/target/debug/build/proc-macro2-d645067aeca53313/root-output"):
(mtime != on_disk_mtime. now = 2022-11-22 16:07:29.792802 UTC)
contents identical
2022-11-22 16:07:19.733497365 != 2022-11-22 16:07:11.355004003 for "target/debug/build/proc-macro2-d645067aeca53313/invoked.timestamp" ("/var/folders/0d/08wbx2j52nx5hjg16cshb8g80000gn/T/cargo-quickbuild-scratchpad/cargo-quickbuild-scratchpad/target/debug/build/proc-macro2-d645067aeca53313/invoked.timestamp"):
(mtime != on_disk_mtime. now = 2022-11-22 16:07:29.793049 UTC)
contents identical
2022-11-22 16:07:19.802884433 != 2022-11-22 16:07:11.445369917 for "target/debug/build/quote-6e81f9e3a90f4555/stderr" ("/var/folders/0d/08wbx2j52nx5hjg16cshb8g80000gn/T/cargo-quickbuild-scratchpad/cargo-quickbuild-scratchpad/target/debug/build/quote-6e81f9e3a90f4555/stderr"):
(mtime != on_disk_mtime. now = 2022-11-22 16:07:29.793397 UTC)
contents identical
2022-11-22 16:07:19.768476609 != 2022-11-22 16:07:11.400100460 for "target/debug/build/quote-6e81f9e3a90f4555/output" ("/var/folders/0d/08wbx2j52nx5hjg16cshb8g80000gn/T/cargo-quickbuild-scratchpad/cargo-quickbuild-scratchpad/target/debug/build/quote-6e81f9e3a90f4555/output"):
(mtime != on_disk_mtime. now = 2022-11-22 16:07:29.793560 UTC)
contents identical
2022-11-22 16:07:19.802947808 != 2022-11-22 16:07:11.445447251 for "target/debug/build/quote-6e81f9e3a90f4555/root-output" ("/var/folders/0d/08wbx2j52nx5hjg16cshb8g80000gn/T/cargo-quickbuild-scratchpad/cargo-quickbuild-scratchpad/target/debug/build/quote-6e81f9e3a90f4555/root-output"):
(mtime != on_disk_mtime. now = 2022-11-22 16:07:29.793823 UTC)
contents identical
2022-11-22 16:07:19.768476609 != 2022-11-22 16:07:11.400100460 for "target/debug/build/quote-6e81f9e3a90f4555/invoked.timestamp" ("/var/folders/0d/08wbx2j52nx5hjg16cshb8g80000gn/T/cargo-quickbuild-scratchpad/cargo-quickbuild-scratchpad/target/debug/build/quote-6e81f9e3a90f4555/invoked.timestamp"):
(mtime != on_disk_mtime. now = 2022-11-22 16:07:29.794070 UTC)
contents identical
2022-11-22 16:07:19.419998971 != 2022-11-22 16:07:10.808189834 for "target/debug/build/syn-34aa13faa83d52a2/build_script_build-34aa13faa83d52a2.build_script_build.08dff600-cgu.12.rcgu.o" ("/var/folders/0d/08wbx2j52nx5hjg16cshb8g80000gn/T/cargo-quickbuild-scratchpad/cargo-quickbuild-scratchpad/target/debug/build/syn-34aa13faa83d52a2/build_script_build-34aa13faa83d52a2.build_script_build.08dff600-cgu.12.rcgu.o"):
(mtime != on_disk_mtime. now = 2022-11-22 16:07:29.794322 UTC)
contents identical
2022-11-22 16:07:19.396090195 != 2022-11-22 16:07:10.783556762 for "target/debug/build/syn-34aa13faa83d52a2/build_script_build-34aa13faa83d52a2.build_script_build.08dff600-cgu.0.rcgu.o" ("/var/folders/0d/08wbx2j52nx5hjg16cshb8g80000gn/T/cargo-quickbuild-scratchpad/cargo-quickbuild-scratchpad/target/debug/build/syn-34aa13faa83d52a2/build_script_build-34aa13faa83d52a2.build_script_build.08dff600-cgu.0.rcgu.o"):
(mtime != on_disk_mtime. now = 2022-11-22 16:07:29.794617 UTC)
contents identical
2022-11-22 16:07:19.427244421 != 2022-11-22 16:07:10.816477538 for "target/debug/build/syn-34aa13faa83d52a2/build_script_build-34aa13faa83d52a2.build_script_build.08dff600-cgu.2.rcgu.o" ("/var/folders/0d/08wbx2j52nx5hjg16cshb8g80000gn/T/cargo-quickbuild-scratchpad/cargo-quickbuild-scratchpad/target/debug/build/syn-34aa13faa83d52a2/build_script_build-34aa13faa83d52a2.build_script_build.08dff600-cgu.2.rcgu.o"):
(mtime != on_disk_mtime. now = 2022-11-22 16:07:29.794920 UTC)
contents identical
2022-11-22 16:07:19.444288499 != 2022-11-22 16:07:10.834590288 for "target/debug/build/syn-34aa13faa83d52a2/build_script_build-34aa13faa83d52a2.build_script_build.08dff600-cgu.10.rcgu.o" ("/var/folders/0d/08wbx2j52nx5hjg16cshb8g80000gn/T/cargo-quickbuild-scratchpad/cargo-quickbuild-scratchpad/target/debug/build/syn-34aa13faa83d52a2/build_script_build-34aa13faa83d52a2.build_script_build.08dff600-cgu.10.rcgu.o"):
(mtime != on_disk_mtime. now = 2022-11-22 16:07:29.795154 UTC)
contents identical
2022-11-22 16:07:19.414698697 != 2022-11-22 16:07:10.802850142 for "target/debug/build/syn-34aa13faa83d52a2/build_script_build-34aa13faa83d52a2.build_script_build.08dff600-cgu.6.rcgu.o" ("/var/folders/0d/08wbx2j52nx5hjg16cshb8g80000gn/T/cargo-quickbuild-scratchpad/cargo-quickbuild-scratchpad/target/debug/build/syn-34aa13faa83d52a2/build_script_build-34aa13faa83d52a2.build_script_build.08dff600-cgu.6.rcgu.o"):
(mtime != on_disk_mtime. now = 2022-11-22 16:07:29.795331 UTC)
contents identical
2022-11-22 16:07:19.407897041 != 2022-11-22 16:07:10.795763735 for "target/debug/build/syn-34aa13faa83d52a2/build_script_build-34aa13faa83d52a2.build_script_build.08dff600-cgu.14.rcgu.o" ("/var/folders/0d/08wbx2j52nx5hjg16cshb8g80000gn/T/cargo-quickbuild-scratchpad/cargo-quickbuild-scratchpad/target/debug/build/syn-34aa13faa83d52a2/build_script_build-34aa13faa83d52a2.build_script_build.08dff600-cgu.14.rcgu.o"):
(mtime != on_disk_mtime. now = 2022-11-22 16:07:29.795505 UTC)
contents identical
2022-11-22 16:07:19.533261323 != 2022-11-22 16:07:10.926380041 for "target/debug/build/syn-34aa13faa83d52a2/build_script_build-34aa13faa83d52a2" ("/var/folders/0d/08wbx2j52nx5hjg16cshb8g80000gn/T/cargo-quickbuild-scratchpad/cargo-quickbuild-scratchpad/target/debug/build/syn-34aa13faa83d52a2/build_script_build-34aa13faa83d52a2"):
(mtime != on_disk_mtime. now = 2022-11-22 16:07:29.795670 UTC)
contents identical
2022-11-22 16:07:19.465367554 != 2022-11-22 16:07:10.856299845 for "target/debug/build/syn-34aa13faa83d52a2/build_script_build-34aa13faa83d52a2.build_script_build.08dff600-cgu.4.rcgu.o" ("/var/folders/0d/08wbx2j52nx5hjg16cshb8g80000gn/T/cargo-quickbuild-scratchpad/cargo-quickbuild-scratchpad/target/debug/build/syn-34aa13faa83d52a2/build_script_build-34aa13faa83d52a2.build_script_build.08dff600-cgu.4.rcgu.o"):
(mtime != on_disk_mtime. now = 2022-11-22 16:07:29.796096 UTC)
contents identical
2022-11-22 16:07:19.370486828 != 2022-11-22 16:07:10.754029794 for "target/debug/build/syn-34aa13faa83d52a2/build_script_build-34aa13faa83d52a2.d" ("/var/folders/0d/08wbx2j52nx5hjg16cshb8g80000gn/T/cargo-quickbuild-scratchpad/cargo-quickbuild-scratchpad/target/debug/build/syn-34aa13faa83d52a2/build_script_build-34aa13faa83d52a2.d"):
(mtime != on_disk_mtime. now = 2022-11-22 16:07:29.796266 UTC)
contents identical
2022-11-22 16:07:19.439597936 != 2022-11-22 16:07:10.829559015 for "target/debug/build/syn-34aa13faa83d52a2/build_script_build-34aa13faa83d52a2.build_script_build.08dff600-cgu.8.rcgu.o" ("/var/folders/0d/08wbx2j52nx5hjg16cshb8g80000gn/T/cargo-quickbuild-scratchpad/cargo-quickbuild-scratchpad/target/debug/build/syn-34aa13faa83d52a2/build_script_build-34aa13faa83d52a2.build_script_build.08dff600-cgu.8.rcgu.o"):
(mtime != on_disk_mtime. now = 2022-11-22 16:07:29.796423 UTC)
contents identical
2022-11-22 16:07:19.402216598 != 2022-11-22 16:07:10.789816833 for "target/debug/build/syn-34aa13faa83d52a2/build_script_build-34aa13faa83d52a2.build_script_build.08dff600-cgu.1.rcgu.o" ("/var/folders/0d/08wbx2j52nx5hjg16cshb8g80000gn/T/cargo-quickbuild-scratchpad/cargo-quickbuild-scratchpad/target/debug/build/syn-34aa13faa83d52a2/build_script_build-34aa13faa83d52a2.build_script_build.08dff600-cgu.1.rcgu.o"):
(mtime != on_disk_mtime. now = 2022-11-22 16:07:29.796608 UTC)
contents identical
2022-11-22 16:07:19.398773874 != 2022-11-22 16:07:10.786296858 for "target/debug/build/syn-34aa13faa83d52a2/build_script_build-34aa13faa83d52a2.build_script_build.08dff600-cgu.13.rcgu.o" ("/var/folders/0d/08wbx2j52nx5hjg16cshb8g80000gn/T/cargo-quickbuild-scratchpad/cargo-quickbuild-scratchpad/target/debug/build/syn-34aa13faa83d52a2/build_script_build-34aa13faa83d52a2.build_script_build.08dff600-cgu.13.rcgu.o"):
(mtime != on_disk_mtime. now = 2022-11-22 16:07:29.796806 UTC)
contents identical
2022-11-22 16:07:19.432834447 != 2022-11-22 16:07:10.822087939 for "target/debug/build/syn-34aa13faa83d52a2/build_script_build-34aa13faa83d52a2.build_script_build.08dff600-cgu.11.rcgu.o" ("/var/folders/0d/08wbx2j52nx5hjg16cshb8g80000gn/T/cargo-quickbuild-scratchpad/cargo-quickbuild-scratchpad/target/debug/build/syn-34aa13faa83d52a2/build_script_build-34aa13faa83d52a2.build_script_build.08dff600-cgu.11.rcgu.o"):
(mtime != on_disk_mtime. now = 2022-11-22 16:07:29.796984 UTC)
contents identical
2022-11-22 16:07:19.477738027 != 2022-11-22 16:07:10.870568161 for "target/debug/build/syn-34aa13faa83d52a2/build_script_build-34aa13faa83d52a2.build_script_build.08dff600-cgu.3.rcgu.o" ("/var/folders/0d/08wbx2j52nx5hjg16cshb8g80000gn/T/cargo-quickbuild-scratchpad/cargo-quickbuild-scratchpad/target/debug/build/syn-34aa13faa83d52a2/build_script_build-34aa13faa83d52a2.build_script_build.08dff600-cgu.3.rcgu.o"):
(mtime != on_disk_mtime. now = 2022-11-22 16:07:29.797347 UTC)
contents identical
2022-11-22 16:07:19.449973400 != 2022-11-22 16:07:10.840267189 for "target/debug/build/syn-34aa13faa83d52a2/build_script_build-34aa13faa83d52a2.build_script_build.08dff600-cgu.15.rcgu.o" ("/var/folders/0d/08wbx2j52nx5hjg16cshb8g80000gn/T/cargo-quickbuild-scratchpad/cargo-quickbuild-scratchpad/target/debug/build/syn-34aa13faa83d52a2/build_script_build-34aa13faa83d52a2.build_script_build.08dff600-cgu.15.rcgu.o"):
(mtime != on_disk_mtime. now = 2022-11-22 16:07:29.797579 UTC)
contents identical
2022-11-22 16:07:19.482439382 != 2022-11-22 16:07:10.875433183 for "target/debug/build/syn-34aa13faa83d52a2/build_script_build-34aa13faa83d52a2.build_script_build.08dff600-cgu.7.rcgu.o" ("/var/folders/0d/08wbx2j52nx5hjg16cshb8g80000gn/T/cargo-quickbuild-scratchpad/cargo-quickbuild-scratchpad/target/debug/build/syn-34aa13faa83d52a2/build_script_build-34aa13faa83d52a2.build_script_build.08dff600-cgu.7.rcgu.o"):
(mtime != on_disk_mtime. now = 2022-11-22 16:07:29.797806 UTC)
contents identical
2022-11-22 16:07:19.471595457 != 2022-11-22 16:07:10.863299544 for "target/debug/build/syn-34aa13faa83d52a2/build_script_build-34aa13faa83d52a2.build_script_build.08dff600-cgu.5.rcgu.o" ("/var/folders/0d/08wbx2j52nx5hjg16cshb8g80000gn/T/cargo-quickbuild-scratchpad/cargo-quickbuild-scratchpad/target/debug/build/syn-34aa13faa83d52a2/build_script_build-34aa13faa83d52a2.build_script_build.08dff600-cgu.5.rcgu.o"):
(mtime != on_disk_mtime. now = 2022-11-22 16:07:29.798076 UTC)
contents identical
2022-11-22 16:07:19.533261323 != 2022-11-22 16:07:10.926380041 for "target/debug/build/syn-34aa13faa83d52a2/build-script-build" ("/var/folders/0d/08wbx2j52nx5hjg16cshb8g80000gn/T/cargo-quickbuild-scratchpad/cargo-quickbuild-scratchpad/target/debug/build/syn-34aa13faa83d52a2/build-script-build"):
(mtime != on_disk_mtime. now = 2022-11-22 16:07:29.798271 UTC)
contents identical
2022-11-22 16:07:19.458494856 != 2022-11-22 16:07:10.849042687 for "target/debug/build/syn-34aa13faa83d52a2/build_script_build-34aa13faa83d52a2.build_script_build.08dff600-cgu.9.rcgu.o" ("/var/folders/0d/08wbx2j52nx5hjg16cshb8g80000gn/T/cargo-quickbuild-scratchpad/cargo-quickbuild-scratchpad/target/debug/build/syn-34aa13faa83d52a2/build_script_build-34aa13faa83d52a2.build_script_build.08dff600-cgu.9.rcgu.o"):
(mtime != on_disk_mtime. now = 2022-11-22 16:07:29.798716 UTC)
contents identical
2022-11-22 16:07:19.213430817 != 2022-11-22 16:07:10.517588086 for "target/debug/build/quote-09a3cb1cafefdca2/build_script_build-09a3cb1cafefdca2.build_script_build.79cbfc90-cgu.13.rcgu.o" ("/var/folders/0d/08wbx2j52nx5hjg16cshb8g80000gn/T/cargo-quickbuild-scratchpad/cargo-quickbuild-scratchpad/target/debug/build/quote-09a3cb1cafefdca2/build_script_build-09a3cb1cafefdca2.build_script_build.79cbfc90-cgu.13.rcgu.o"):
(mtime != on_disk_mtime. now = 2022-11-22 16:07:29.799567 UTC)
contents identical
2022-11-22 16:07:19.175091183 != 2022-11-22 16:07:10.478314239 for "target/debug/build/quote-09a3cb1cafefdca2/build_script_build-09a3cb1cafefdca2.d" ("/var/folders/0d/08wbx2j52nx5hjg16cshb8g80000gn/T/cargo-quickbuild-scratchpad/cargo-quickbuild-scratchpad/target/debug/build/quote-09a3cb1cafefdca2/build_script_build-09a3cb1cafefdca2.d"):
(mtime != on_disk_mtime. now = 2022-11-22 16:07:29.799765 UTC)
contents identical
2022-11-22 16:07:19.208942380 != 2022-11-22 16:07:10.513391858 for "target/debug/build/quote-09a3cb1cafefdca2/build_script_build-09a3cb1cafefdca2.build_script_build.79cbfc90-cgu.1.rcgu.o" ("/var/folders/0d/08wbx2j52nx5hjg16cshb8g80000gn/T/cargo-quickbuild-scratchpad/cargo-quickbuild-scratchpad/target/debug/build/quote-09a3cb1cafefdca2/build_script_build-09a3cb1cafefdca2.build_script_build.79cbfc90-cgu.1.rcgu.o"):
(mtime != on_disk_mtime. now = 2022-11-22 16:07:29.799933 UTC)
contents identical
2022-11-22 16:07:19.239452353 != 2022-11-22 16:07:10.548351060 for "target/debug/build/quote-09a3cb1cafefdca2/build_script_build-09a3cb1cafefdca2.build_script_build.79cbfc90-cgu.3.rcgu.o" ("/var/folders/0d/08wbx2j52nx5hjg16cshb8g80000gn/T/cargo-quickbuild-scratchpad/cargo-quickbuild-scratchpad/target/debug/build/quote-09a3cb1cafefdca2/build_script_build-09a3cb1cafefdca2.build_script_build.79cbfc90-cgu.3.rcgu.o"):
(mtime != on_disk_mtime. now = 2022-11-22 16:07:29.800224 UTC)
contents identical
2022-11-22 16:07:19.233678493 != 2022-11-22 16:07:10.543278370 for "target/debug/build/quote-09a3cb1cafefdca2/build_script_build-09a3cb1cafefdca2.build_script_build.79cbfc90-cgu.11.rcgu.o" ("/var/folders/0d/08wbx2j52nx5hjg16cshb8g80000gn/T/cargo-quickbuild-scratchpad/cargo-quickbuild-scratchpad/target/debug/build/quote-09a3cb1cafefdca2/build_script_build-09a3cb1cafefdca2.build_script_build.79cbfc90-cgu.11.rcgu.o"):
(mtime != on_disk_mtime. now = 2022-11-22 16:07:29.800440 UTC)
contents identical
2022-11-22 16:07:19.330964063 != 2022-11-22 16:07:10.638253430 for "target/debug/build/quote-09a3cb1cafefdca2/build_script_build-09a3cb1cafefdca2" ("/var/folders/0d/08wbx2j52nx5hjg16cshb8g80000gn/T/cargo-quickbuild-scratchpad/cargo-quickbuild-scratchpad/target/debug/build/quote-09a3cb1cafefdca2/build_script_build-09a3cb1cafefdca2"):
(mtime != on_disk_mtime. now = 2022-11-22 16:07:29.800653 UTC)
contents identical
2022-11-22 16:07:19.263031336 != 2022-11-22 16:07:10.570159327 for "target/debug/build/quote-09a3cb1cafefdca2/build_script_build-09a3cb1cafefdca2.build_script_build.79cbfc90-cgu.7.rcgu.o" ("/var/folders/0d/08wbx2j52nx5hjg16cshb8g80000gn/T/cargo-quickbuild-scratchpad/cargo-quickbuild-scratchpad/target/debug/build/quote-09a3cb1cafefdca2/build_script_build-09a3cb1cafefdca2.build_script_build.79cbfc90-cgu.7.rcgu.o"):
(mtime != on_disk_mtime. now = 2022-11-22 16:07:29.801116 UTC)
contents identical
2022-11-22 16:07:19.252146577 != 2022-11-22 16:07:10.560292615 for "target/debug/build/quote-09a3cb1cafefdca2/build_script_build-09a3cb1cafefdca2.build_script_build.79cbfc90-cgu.15.rcgu.o" ("/var/folders/0d/08wbx2j52nx5hjg16cshb8g80000gn/T/cargo-quickbuild-scratchpad/cargo-quickbuild-scratchpad/target/debug/build/quote-09a3cb1cafefdca2/build_script_build-09a3cb1cafefdca2.build_script_build.79cbfc90-cgu.15.rcgu.o"):
(mtime != on_disk_mtime. now = 2022-11-22 16:07:29.801312 UTC)
contents identical
2022-11-22 16:07:19.274828598 != 2022-11-22 16:07:10.581267211 for "target/debug/build/quote-09a3cb1cafefdca2/build_script_build-09a3cb1cafefdca2.build_script_build.79cbfc90-cgu.5.rcgu.o" ("/var/folders/0d/08wbx2j52nx5hjg16cshb8g80000gn/T/cargo-quickbuild-scratchpad/cargo-quickbuild-scratchpad/target/debug/build/quote-09a3cb1cafefdca2/build_script_build-09a3cb1cafefdca2.build_script_build.79cbfc90-cgu.5.rcgu.o"):
(mtime != on_disk_mtime. now = 2022-11-22 16:07:29.801493 UTC)
contents identical
2022-11-22 16:07:19.244874169 != 2022-11-22 16:07:10.553130124 for "target/debug/build/quote-09a3cb1cafefdca2/build_script_build-09a3cb1cafefdca2.build_script_build.79cbfc90-cgu.9.rcgu.o" ("/var/folders/0d/08wbx2j52nx5hjg16cshb8g80000gn/T/cargo-quickbuild-scratchpad/cargo-quickbuild-scratchpad/target/debug/build/quote-09a3cb1cafefdca2/build_script_build-09a3cb1cafefdca2.build_script_build.79cbfc90-cgu.9.rcgu.o"):
(mtime != on_disk_mtime. now = 2022-11-22 16:07:29.801672 UTC)
contents identical
2022-11-22 16:07:19.196179988 != 2022-11-22 16:07:10.501281470 for "target/debug/build/quote-09a3cb1cafefdca2/build_script_build-09a3cb1cafefdca2.build_script_build.79cbfc90-cgu.0.rcgu.o" ("/var/folders/0d/08wbx2j52nx5hjg16cshb8g80000gn/T/cargo-quickbuild-scratchpad/cargo-quickbuild-scratchpad/target/debug/build/quote-09a3cb1cafefdca2/build_script_build-09a3cb1cafefdca2.build_script_build.79cbfc90-cgu.0.rcgu.o"):
(mtime != on_disk_mtime. now = 2022-11-22 16:07:29.801869 UTC)
contents identical
2022-11-22 16:07:19.224246033 != 2022-11-22 16:07:10.529527766 for "target/debug/build/quote-09a3cb1cafefdca2/build_script_build-09a3cb1cafefdca2.build_script_build.79cbfc90-cgu.12.rcgu.o" ("/var/folders/0d/08wbx2j52nx5hjg16cshb8g80000gn/T/cargo-quickbuild-scratchpad/cargo-quickbuild-scratchpad/target/debug/build/quote-09a3cb1cafefdca2/build_script_build-09a3cb1cafefdca2.build_script_build.79cbfc90-cgu.12.rcgu.o"):
(mtime != on_disk_mtime. now = 2022-11-22 16:07:29.802039 UTC)
contents identical
2022-11-22 16:07:19.256304471 != 2022-11-22 16:07:10.564052840 for "target/debug/build/quote-09a3cb1cafefdca2/build_script_build-09a3cb1cafefdca2.build_script_build.79cbfc90-cgu.10.rcgu.o" ("/var/folders/0d/08wbx2j52nx5hjg16cshb8g80000gn/T/cargo-quickbuild-scratchpad/cargo-quickbuild-scratchpad/target/debug/build/quote-09a3cb1cafefdca2/build_script_build-09a3cb1cafefdca2.build_script_build.79cbfc90-cgu.10.rcgu.o"):
(mtime != on_disk_mtime. now = 2022-11-22 16:07:29.802213 UTC)
contents identical
2022-11-22 16:07:19.229630724 != 2022-11-22 16:07:10.538871267 for "target/debug/build/quote-09a3cb1cafefdca2/build_script_build-09a3cb1cafefdca2.build_script_build.79cbfc90-cgu.2.rcgu.o" ("/var/folders/0d/08wbx2j52nx5hjg16cshb8g80000gn/T/cargo-quickbuild-scratchpad/cargo-quickbuild-scratchpad/target/debug/build/quote-09a3cb1cafefdca2/build_script_build-09a3cb1cafefdca2.build_script_build.79cbfc90-cgu.2.rcgu.o"):
(mtime != on_disk_mtime. now = 2022-11-22 16:07:29.802389 UTC)
contents identical
2022-11-22 16:07:19.201070635 != 2022-11-22 16:07:10.505792615 for "target/debug/build/quote-09a3cb1cafefdca2/build_script_build-09a3cb1cafefdca2.build_script_build.79cbfc90-cgu.14.rcgu.o" ("/var/folders/0d/08wbx2j52nx5hjg16cshb8g80000gn/T/cargo-quickbuild-scratchpad/cargo-quickbuild-scratchpad/target/debug/build/quote-09a3cb1cafefdca2/build_script_build-09a3cb1cafefdca2.build_script_build.79cbfc90-cgu.14.rcgu.o"):
(mtime != on_disk_mtime. now = 2022-11-22 16:07:29.802568 UTC)
contents identical
2022-11-22 16:07:19.280472082 != 2022-11-22 16:07:10.586608694 for "target/debug/build/quote-09a3cb1cafefdca2/build_script_build-09a3cb1cafefdca2.build_script_build.79cbfc90-cgu.6.rcgu.o" ("/var/folders/0d/08wbx2j52nx5hjg16cshb8g80000gn/T/cargo-quickbuild-scratchpad/cargo-quickbuild-scratchpad/target/debug/build/quote-09a3cb1cafefdca2/build_script_build-09a3cb1cafefdca2.build_script_build.79cbfc90-cgu.6.rcgu.o"):
(mtime != on_disk_mtime. now = 2022-11-22 16:07:29.802767 UTC)
contents identical
2022-11-22 16:07:19.330964063 != 2022-11-22 16:07:10.638253430 for "target/debug/build/quote-09a3cb1cafefdca2/build-script-build" ("/var/folders/0d/08wbx2j52nx5hjg16cshb8g80000gn/T/cargo-quickbuild-scratchpad/cargo-quickbuild-scratchpad/target/debug/build/quote-09a3cb1cafefdca2/build-script-build"):
(mtime != on_disk_mtime. now = 2022-11-22 16:07:29.803001 UTC)
contents identical
2022-11-22 16:07:19.220890851 != 2022-11-22 16:07:10.525763165 for "target/debug/build/quote-09a3cb1cafefdca2/build_script_build-09a3cb1cafefdca2.build_script_build.79cbfc90-cgu.4.rcgu.o" ("/var/folders/0d/08wbx2j52nx5hjg16cshb8g80000gn/T/cargo-quickbuild-scratchpad/cargo-quickbuild-scratchpad/target/debug/build/quote-09a3cb1cafefdca2/build_script_build-09a3cb1cafefdca2.build_script_build.79cbfc90-cgu.4.rcgu.o"):
(mtime != on_disk_mtime. now = 2022-11-22 16:07:29.803319 UTC)
contents identical
2022-11-22 16:07:19.265581139 != 2022-11-22 16:07:10.572612421 for "target/debug/build/quote-09a3cb1cafefdca2/build_script_build-09a3cb1cafefdca2.build_script_build.79cbfc90-cgu.8.rcgu.o" ("/var/folders/0d/08wbx2j52nx5hjg16cshb8g80000gn/T/cargo-quickbuild-scratchpad/cargo-quickbuild-scratchpad/target/debug/build/quote-09a3cb1cafefdca2/build_script_build-09a3cb1cafefdca2.build_script_build.79cbfc90-cgu.8.rcgu.o"):
(mtime != on_disk_mtime. now = 2022-11-22 16:07:29.803505 UTC)
contents identical
2022-11-22 16:07:18.890529548 != 2022-11-22 16:07:10.247732558 for "target/debug/build/proc-macro2-85c02889416fc25d/build_script_build-85c02889416fc25d.d" ("/var/folders/0d/08wbx2j52nx5hjg16cshb8g80000gn/T/cargo-quickbuild-scratchpad/cargo-quickbuild-scratchpad/target/debug/build/proc-macro2-85c02889416fc25d/build_script_build-85c02889416fc25d.d"):
(mtime != on_disk_mtime. now = 2022-11-22 16:07:29.803703 UTC)
contents identical
2022-11-22 16:07:18.936046839 != 2022-11-22 16:07:10.294856899 for "target/debug/build/proc-macro2-85c02889416fc25d/build_script_build-85c02889416fc25d.build_script_build.96776985-cgu.14.rcgu.o" ("/var/folders/0d/08wbx2j52nx5hjg16cshb8g80000gn/T/cargo-quickbuild-scratchpad/cargo-quickbuild-scratchpad/target/debug/build/proc-macro2-85c02889416fc25d/build_script_build-85c02889416fc25d.build_script_build.96776985-cgu.14.rcgu.o"):
(mtime != on_disk_mtime. now = 2022-11-22 16:07:29.803992 UTC)
contents identical
2022-11-22 16:07:18.921236063 != 2022-11-22 16:07:10.279822247 for "target/debug/build/proc-macro2-85c02889416fc25d/build_script_build-85c02889416fc25d.build_script_build.96776985-cgu.0.rcgu.o" ("/var/folders/0d/08wbx2j52nx5hjg16cshb8g80000gn/T/cargo-quickbuild-scratchpad/cargo-quickbuild-scratchpad/target/debug/build/proc-macro2-85c02889416fc25d/build_script_build-85c02889416fc25d.build_script_build.96776985-cgu.0.rcgu.o"):
(mtime != on_disk_mtime. now = 2022-11-22 16:07:29.804239 UTC)
contents identical
2022-11-22 16:07:18.968774613 != 2022-11-22 16:07:10.329891893 for "target/debug/build/proc-macro2-85c02889416fc25d/build_script_build-85c02889416fc25d.build_script_build.96776985-cgu.2.rcgu.o" ("/var/folders/0d/08wbx2j52nx5hjg16cshb8g80000gn/T/cargo-quickbuild-scratchpad/cargo-quickbuild-scratchpad/target/debug/build/proc-macro2-85c02889416fc25d/build_script_build-85c02889416fc25d.build_script_build.96776985-cgu.2.rcgu.o"):
(mtime != on_disk_mtime. now = 2022-11-22 16:07:29.804420 UTC)
contents identical
2022-11-22 16:07:18.985475690 != 2022-11-22 16:07:10.346446386 for "target/debug/build/proc-macro2-85c02889416fc25d/build_script_build-85c02889416fc25d.build_script_build.96776985-cgu.6.rcgu.o" ("/var/folders/0d/08wbx2j52nx5hjg16cshb8g80000gn/T/cargo-quickbuild-scratchpad/cargo-quickbuild-scratchpad/target/debug/build/proc-macro2-85c02889416fc25d/build_script_build-85c02889416fc25d.build_script_build.96776985-cgu.6.rcgu.o"):
(mtime != on_disk_mtime. now = 2022-11-22 16:07:29.804597 UTC)
contents identical
2022-11-22 16:07:18.949489900 != 2022-11-22 16:07:10.309442549 for "target/debug/build/proc-macro2-85c02889416fc25d/build_script_build-85c02889416fc25d.build_script_build.96776985-cgu.12.rcgu.o" ("/var/folders/0d/08wbx2j52nx5hjg16cshb8g80000gn/T/cargo-quickbuild-scratchpad/cargo-quickbuild-scratchpad/target/debug/build/proc-macro2-85c02889416fc25d/build_script_build-85c02889416fc25d.build_script_build.96776985-cgu.12.rcgu.o"):
(mtime != on_disk_mtime. now = 2022-11-22 16:07:29.804822 UTC)
contents identical
2022-11-22 16:07:18.977788571 != 2022-11-22 16:07:10.338726017 for "target/debug/build/proc-macro2-85c02889416fc25d/build_script_build-85c02889416fc25d.build_script_build.96776985-cgu.10.rcgu.o" ("/var/folders/0d/08wbx2j52nx5hjg16cshb8g80000gn/T/cargo-quickbuild-scratchpad/cargo-quickbuild-scratchpad/target/debug/build/proc-macro2-85c02889416fc25d/build_script_build-85c02889416fc25d.build_script_build.96776985-cgu.10.rcgu.o"):
(mtime != on_disk_mtime. now = 2022-11-22 16:07:29.805021 UTC)
contents identical
2022-11-22 16:07:19.015986579 != 2022-11-22 16:07:10.381560755 for "target/debug/build/proc-macro2-85c02889416fc25d/build_script_build-85c02889416fc25d.build_script_build.96776985-cgu.4.rcgu.o" ("/var/folders/0d/08wbx2j52nx5hjg16cshb8g80000gn/T/cargo-quickbuild-scratchpad/cargo-quickbuild-scratchpad/target/debug/build/proc-macro2-85c02889416fc25d/build_script_build-85c02889416fc25d.build_script_build.96776985-cgu.4.rcgu.o"):
(mtime != on_disk_mtime. now = 2022-11-22 16:07:29.805198 UTC)
contents identical
2022-11-22 16:07:18.943865666 != 2022-11-22 16:07:10.302880019 for "target/debug/build/proc-macro2-85c02889416fc25d/build_script_build-85c02889416fc25d.build_script_build.96776985-cgu.8.rcgu.o" ("/var/folders/0d/08wbx2j52nx5hjg16cshb8g80000gn/T/cargo-quickbuild-scratchpad/cargo-quickbuild-scratchpad/target/debug/build/proc-macro2-85c02889416fc25d/build_script_build-85c02889416fc25d.build_script_build.96776985-cgu.8.rcgu.o"):
(mtime != on_disk_mtime. now = 2022-11-22 16:07:29.805365 UTC)
contents identical
2022-11-22 16:07:18.930882941 != 2022-11-22 16:07:10.289647125 for "target/debug/build/proc-macro2-85c02889416fc25d/build_script_build-85c02889416fc25d.build_script_build.96776985-cgu.1.rcgu.o" ("/var/folders/0d/08wbx2j52nx5hjg16cshb8g80000gn/T/cargo-quickbuild-scratchpad/cargo-quickbuild-scratchpad/target/debug/build/proc-macro2-85c02889416fc25d/build_script_build-85c02889416fc25d.build_script_build.96776985-cgu.1.rcgu.o"):
(mtime != on_disk_mtime. now = 2022-11-22 16:07:29.805547 UTC)
contents identical
2022-11-22 16:07:18.956013930 != 2022-11-22 16:07:10.316637457 for "target/debug/build/proc-macro2-85c02889416fc25d/build_script_build-85c02889416fc25d.build_script_build.96776985-cgu.15.rcgu.o" ("/var/folders/0d/08wbx2j52nx5hjg16cshb8g80000gn/T/cargo-quickbuild-scratchpad/cargo-quickbuild-scratchpad/target/debug/build/proc-macro2-85c02889416fc25d/build_script_build-85c02889416fc25d.build_script_build.96776985-cgu.15.rcgu.o"):
(mtime != on_disk_mtime. now = 2022-11-22 16:07:29.805733 UTC)
contents identical
2022-11-22 16:07:19.067616982 != 2022-11-22 16:07:10.436636132 for "target/debug/build/proc-macro2-85c02889416fc25d/build_script_build-85c02889416fc25d" ("/var/folders/0d/08wbx2j52nx5hjg16cshb8g80000gn/T/cargo-quickbuild-scratchpad/cargo-quickbuild-scratchpad/target/debug/build/proc-macro2-85c02889416fc25d/build_script_build-85c02889416fc25d"):
(mtime != on_disk_mtime. now = 2022-11-22 16:07:29.805911 UTC)
contents identical
2022-11-22 16:07:18.997768246 != 2022-11-22 16:07:10.361998082 for "target/debug/build/proc-macro2-85c02889416fc25d/build_script_build-85c02889416fc25d.build_script_build.96776985-cgu.3.rcgu.o" ("/var/folders/0d/08wbx2j52nx5hjg16cshb8g80000gn/T/cargo-quickbuild-scratchpad/cargo-quickbuild-scratchpad/target/debug/build/proc-macro2-85c02889416fc25d/build_script_build-85c02889416fc25d.build_script_build.96776985-cgu.3.rcgu.o"):
(mtime != on_disk_mtime. now = 2022-11-22 16:07:29.806278 UTC)
contents identical
2022-11-22 16:07:18.927242007 != 2022-11-22 16:07:10.285940567 for "target/debug/build/proc-macro2-85c02889416fc25d/build_script_build-85c02889416fc25d.build_script_build.96776985-cgu.13.rcgu.o" ("/var/folders/0d/08wbx2j52nx5hjg16cshb8g80000gn/T/cargo-quickbuild-scratchpad/cargo-quickbuild-scratchpad/target/debug/build/proc-macro2-85c02889416fc25d/build_script_build-85c02889416fc25d.build_script_build.96776985-cgu.13.rcgu.o"):
(mtime != on_disk_mtime. now = 2022-11-22 16:07:29.806479 UTC)
contents identical
2022-11-22 16:07:19.009437633 != 2022-11-22 16:07:10.374579889 for "target/debug/build/proc-macro2-85c02889416fc25d/build_script_build-85c02889416fc25d.build_script_build.96776985-cgu.7.rcgu.o" ("/var/folders/0d/08wbx2j52nx5hjg16cshb8g80000gn/T/cargo-quickbuild-scratchpad/cargo-quickbuild-scratchpad/target/debug/build/proc-macro2-85c02889416fc25d/build_script_build-85c02889416fc25d.build_script_build.96776985-cgu.7.rcgu.o"):
(mtime != on_disk_mtime. now = 2022-11-22 16:07:29.806669 UTC)
contents identical
2022-11-22 16:07:19.004103483 != 2022-11-22 16:07:10.368507112 for "target/debug/build/proc-macro2-85c02889416fc25d/build_script_build-85c02889416fc25d.build_script_build.96776985-cgu.5.rcgu.o" ("/var/folders/0d/08wbx2j52nx5hjg16cshb8g80000gn/T/cargo-quickbuild-scratchpad/cargo-quickbuild-scratchpad/target/debug/build/proc-macro2-85c02889416fc25d/build_script_build-85c02889416fc25d.build_script_build.96776985-cgu.5.rcgu.o"):
(mtime != on_disk_mtime. now = 2022-11-22 16:07:29.806841 UTC)
contents identical
2022-11-22 16:07:19.067616982 != 2022-11-22 16:07:10.436636132 for "target/debug/build/proc-macro2-85c02889416fc25d/build-script-build" ("/var/folders/0d/08wbx2j52nx5hjg16cshb8g80000gn/T/cargo-quickbuild-scratchpad/cargo-quickbuild-scratchpad/target/debug/build/proc-macro2-85c02889416fc25d/build-script-build"):
(mtime != on_disk_mtime. now = 2022-11-22 16:07:29.807008 UTC)
contents identical
2022-11-22 16:07:18.989979585 != 2022-11-22 16:07:10.351172199 for "target/debug/build/proc-macro2-85c02889416fc25d/build_script_build-85c02889416fc25d.build_script_build.96776985-cgu.9.rcgu.o" ("/var/folders/0d/08wbx2j52nx5hjg16cshb8g80000gn/T/cargo-quickbuild-scratchpad/cargo-quickbuild-scratchpad/target/debug/build/proc-macro2-85c02889416fc25d/build_script_build-85c02889416fc25d.build_script_build.96776985-cgu.9.rcgu.o"):
(mtime != on_disk_mtime. now = 2022-11-22 16:07:29.807328 UTC)
contents identical
2022-11-22 16:07:18.961734498 != 2022-11-22 16:07:10.322538068 for "target/debug/build/proc-macro2-85c02889416fc25d/build_script_build-85c02889416fc25d.build_script_build.96776985-cgu.11.rcgu.o" ("/var/folders/0d/08wbx2j52nx5hjg16cshb8g80000gn/T/cargo-quickbuild-scratchpad/cargo-quickbuild-scratchpad/target/debug/build/proc-macro2-85c02889416fc25d/build_script_build-85c02889416fc25d.build_script_build.96776985-cgu.11.rcgu.o"):
(mtime != on_disk_mtime. now = 2022-11-22 16:07:29.807501 UTC)
contents identical
2022-11-22 16:07:19.837143382 != 2022-11-22 16:07:11.488809200 for "target/debug/build/syn-d64f7081428599e6/stderr" ("/var/folders/0d/08wbx2j52nx5hjg16cshb8g80000gn/T/cargo-quickbuild-scratchpad/cargo-quickbuild-scratchpad/target/debug/build/syn-d64f7081428599e6/stderr"):
(mtime != on_disk_mtime. now = 2022-11-22 16:07:29.807681 UTC)
contents identical
2022-11-22 16:07:19.803383310 != 2022-11-22 16:07:11.445956086 for "target/debug/build/syn-d64f7081428599e6/output" ("/var/folders/0d/08wbx2j52nx5hjg16cshb8g80000gn/T/cargo-quickbuild-scratchpad/cargo-quickbuild-scratchpad/target/debug/build/syn-d64f7081428599e6/output"):
(mtime != on_disk_mtime. now = 2022-11-22 16:07:29.807809 UTC)
contents identical
2022-11-22 16:07:19.837206215 != 2022-11-22 16:07:11.488867033 for "target/debug/build/syn-d64f7081428599e6/root-output" ("/var/folders/0d/08wbx2j52nx5hjg16cshb8g80000gn/T/cargo-quickbuild-scratchpad/cargo-quickbuild-scratchpad/target/debug/build/syn-d64f7081428599e6/root-output"):
(mtime != on_disk_mtime. now = 2022-11-22 16:07:29.807958 UTC)
contents identical
2022-11-22 16:07:19.803383310 != 2022-11-22 16:07:11.445956086 for "target/debug/build/syn-d64f7081428599e6/invoked.timestamp" ("/var/folders/0d/08wbx2j52nx5hjg16cshb8g80000gn/T/cargo-quickbuild-scratchpad/cargo-quickbuild-scratchpad/target/debug/build/syn-d64f7081428599e6/invoked.timestamp"):
(mtime != on_disk_mtime. now = 2022-11-22 16:07:29.808119 UTC)
contents identical
Error: unpacking PackageDescription { package_id: PackageId { name: "thiserror", version: "1.0.37", source: "registry `crates-io`" }, pretty_digest: "thiserror-1.0.37-target-716ec1d7e167122f495a654ed0b9e6031518198105998fb2aaea9a0041205eb1" }

Caused by:
    2022-11-22 16:07:19.803383310 != 2022-11-22 16:07:11.445956086 for "target/debug/build/syn-d64f7081428599e6/invoked.timestamp" ("/var/folders/0d/08wbx2j52nx5hjg16cshb8g80000gn/T/cargo-quickbuild-scratchpad/cargo-quickbuild-scratchpad/target/debug/build/syn-d64f7081428599e6/invoked.timestamp"):
    (mtime != on_disk_mtime. now = 2022-11-22 16:07:29.808119 UTC)
    contents identical
