    Updating crates.io index
START OF LEVEL 0
[cargo-quickbuild/src/scheduler.rs:40] &current_level = {
    (
        PackageId {
            name: "anyhow",
            version: "1.0.66",
            source: "registry `crates-io`",
        },
        BuildFor(
            NormalOrDev,
        ),
    ),
    (
        PackageId {
            name: "autocfg",
            version: "1.1.0",
            source: "registry `crates-io`",
        },
        BuildFor(
            HostDep,
        ),
    ),
    (
        PackageId {
            name: "bitflags",
            version: "1.3.2",
            source: "registry `crates-io`",
        },
        BuildFor(
            NormalOrDev,
        ),
    ),
    (
        PackageId {
            name: "cfg-if",
            version: "1.0.0",
            source: "registry `crates-io`",
        },
        BuildFor(
            NormalOrDev,
        ),
    ),
    (
        PackageId {
            name: "convert_case",
            version: "0.5.0",
            source: "registry `crates-io`",
        },
        BuildFor(
            NormalOrDev,
        ),
    ),
    (
        PackageId {
            name: "either",
            version: "1.8.0",
            source: "registry `crates-io`",
        },
        BuildFor(
            NormalOrDev,
        ),
    ),
    (
        PackageId {
            name: "fastrand",
            version: "1.8.0",
            source: "registry `crates-io`",
        },
        BuildFor(
            NormalOrDev,
        ),
    ),
    (
        PackageId {
            name: "hashbrown",
            version: "0.12.3",
            source: "registry `crates-io`",
        },
        BuildFor(
            NormalOrDev,
        ),
    ),
    (
        PackageId {
            name: "heck",
            version: "0.4.0",
            source: "registry `crates-io`",
        },
        BuildFor(
            NormalOrDev,
        ),
    ),
    (
        PackageId {
            name: "heck",
            version: "0.4.0",
            source: "registry `crates-io`",
        },
        BuildFor(
            HostDep,
        ),
    ),
    (
        PackageId {
            name: "humantime",
            version: "2.1.0",
            source: "registry `crates-io`",
        },
        BuildFor(
            NormalOrDev,
        ),
    ),
    (
        PackageId {
            name: "itoa",
            version: "1.0.4",
            source: "registry `crates-io`",
        },
        BuildFor(
            NormalOrDev,
        ),
    ),
    (
        PackageId {
            name: "lazy_static",
            version: "1.4.0",
            source: "registry `crates-io`",
        },
        BuildFor(
            NormalOrDev,
        ),
    ),
    (
        PackageId {
            name: "libc",
            version: "0.2.137",
            source: "registry `crates-io`",
        },
        BuildFor(
            NormalOrDev,
        ),
    ),
    (
        PackageId {
            name: "linked-hash-map",
            version: "0.5.6",
            source: "registry `crates-io`",
        },
        BuildFor(
            NormalOrDev,
        ),
    ),
    (
        PackageId {
            name: "memchr",
            version: "2.5.0",
            source: "registry `crates-io`",
        },
        BuildFor(
            NormalOrDev,
        ),
    ),
    (
        PackageId {
            name: "once_cell",
            version: "1.16.0",
            source: "registry `crates-io`",
        },
        BuildFor(
            NormalOrDev,
        ),
    ),
    (
        PackageId {
            name: "once_cell",
            version: "1.16.0",
            source: "registry `crates-io`",
        },
        BuildFor(
            HostDep,
        ),
    ),
    (
        PackageId {
            name: "os_str_bytes",
            version: "6.4.1",
            source: "registry `crates-io`",
        },
        BuildFor(
            NormalOrDev,
        ),
    ),
    (
        PackageId {
            name: "pathdiff",
            version: "0.2.1",
            source: "registry `crates-io`",
        },
        BuildFor(
            NormalOrDev,
        ),
    ),
    (
        PackageId {
            name: "regex-syntax",
            version: "0.6.28",
            source: "registry `crates-io`",
        },
        BuildFor(
            NormalOrDev,
        ),
    ),
    (
        PackageId {
            name: "remove_dir_all",
            version: "0.5.3",
            source: "registry `crates-io`",
        },
        BuildFor(
            NormalOrDev,
        ),
    ),
    (
        PackageId {
            name: "ryu",
            version: "1.0.11",
            source: "registry `crates-io`",
        },
        BuildFor(
            NormalOrDev,
        ),
    ),
    (
        PackageId {
            name: "strsim",
            version: "0.10.0",
            source: "registry `crates-io`",
        },
        BuildFor(
            NormalOrDev,
        ),
    ),
    (
        PackageId {
            name: "termcolor",
            version: "1.1.3",
            source: "registry `crates-io`",
        },
        BuildFor(
            NormalOrDev,
        ),
    ),
    (
        PackageId {
            name: "textwrap",
            version: "0.16.0",
            source: "registry `crates-io`",
        },
        BuildFor(
            NormalOrDev,
        ),
    ),
    (
        PackageId {
            name: "unicode-ident",
            version: "1.0.5",
            source: "registry `crates-io`",
        },
        BuildFor(
            NormalOrDev,
        ),
    ),
    (
        PackageId {
            name: "unicode-ident",
            version: "1.0.5",
            source: "registry `crates-io`",
        },
        BuildFor(
            HostDep,
        ),
    ),
    (
        PackageId {
            name: "version_check",
            version: "0.9.4",
            source: "registry `crates-io`",
        },
        BuildFor(
            HostDep,
        ),
    ),
}
STARTING BUILD
"anyhow-1.0.66-target-146dc01bd8286ddbdc58c574022f4a50bff625465a4a042acbc3f6442ad02580"
     Created binary (application) package
    Updating crates.io index
   Compiling anyhow v1.0.66
   Compiling cargo-quickbuild-scratchpad v0.1.0 (/private/var/folders/0d/08wbx2j52nx5hjg16cshb8g80000gn/T/cargo-quickbuild-scratchpad/cargo-quickbuild-scratchpad)
    Finished dev [unoptimized + debuginfo] target(s) in 0.86s
wrote to "/Users/admin/tmp/quick/anyhow-1.0.66-target-146dc01bd8286ddbdc58c574022f4a50bff625465a4a042acbc3f6442ad02580.tar"
STARTING BUILD
"autocfg-1.1.0-host-bc2f12deedf1d54ddb3db675b15ed5516d1575023d510f65ea12f72d2666c1aa"
     Created binary (application) package
    Updating crates.io index
   Compiling cargo-quickbuild-scratchpad v0.1.0 (/private/var/folders/0d/08wbx2j52nx5hjg16cshb8g80000gn/T/cargo-quickbuild-scratchpad/cargo-quickbuild-scratchpad)
    Finished dev [unoptimized + debuginfo] target(s) in 0.31s
wrote to "/Users/admin/tmp/quick/autocfg-1.1.0-host-bc2f12deedf1d54ddb3db675b15ed5516d1575023d510f65ea12f72d2666c1aa.tar"
STARTING BUILD
"bitflags-1.3.2-target-4d50df0fe42d466ee36d114f8f74505fbef2a02133029fd72da104fbad79d9f2"
     Created binary (application) package
    Updating crates.io index
   Compiling bitflags v1.3.2
   Compiling cargo-quickbuild-scratchpad v0.1.0 (/private/var/folders/0d/08wbx2j52nx5hjg16cshb8g80000gn/T/cargo-quickbuild-scratchpad/cargo-quickbuild-scratchpad)
    Finished dev [unoptimized + debuginfo] target(s) in 0.36s
wrote to "/Users/admin/tmp/quick/bitflags-1.3.2-target-4d50df0fe42d466ee36d114f8f74505fbef2a02133029fd72da104fbad79d9f2.tar"
STARTING BUILD
"cfg-if-1.0.0-target-a60da104ed6b60b35dfd2d34642c07dc2e57a018ac1801f54564564b37b87917"
     Created binary (application) package
    Updating crates.io index
   Compiling cfg-if v1.0.0
   Compiling cargo-quickbuild-scratchpad v0.1.0 (/private/var/folders/0d/08wbx2j52nx5hjg16cshb8g80000gn/T/cargo-quickbuild-scratchpad/cargo-quickbuild-scratchpad)
    Finished dev [unoptimized + debuginfo] target(s) in 0.35s
wrote to "/Users/admin/tmp/quick/cfg-if-1.0.0-target-a60da104ed6b60b35dfd2d34642c07dc2e57a018ac1801f54564564b37b87917.tar"
STARTING BUILD
"convert_case-0.5.0-target-c05e9ca3b28d5540aa55715979ee98ecf6799183e261a784c5f14ffffc715faf"
     Created binary (application) package
    Updating crates.io index
   Compiling convert_case v0.5.0
   Compiling cargo-quickbuild-scratchpad v0.1.0 (/private/var/folders/0d/08wbx2j52nx5hjg16cshb8g80000gn/T/cargo-quickbuild-scratchpad/cargo-quickbuild-scratchpad)
    Finished dev [unoptimized + debuginfo] target(s) in 0.61s
wrote to "/Users/admin/tmp/quick/convert_case-0.5.0-target-c05e9ca3b28d5540aa55715979ee98ecf6799183e261a784c5f14ffffc715faf.tar"
STARTING BUILD
"either-1.8.0-target-95d2982bb419e61def6aa51b07a94b952b6132331257f0e4e23552f00c433fa2"
     Created binary (application) package
    Updating crates.io index
   Compiling either v1.8.0
   Compiling cargo-quickbuild-scratchpad v0.1.0 (/private/var/folders/0d/08wbx2j52nx5hjg16cshb8g80000gn/T/cargo-quickbuild-scratchpad/cargo-quickbuild-scratchpad)
    Finished dev [unoptimized + debuginfo] target(s) in 0.41s
wrote to "/Users/admin/tmp/quick/either-1.8.0-target-95d2982bb419e61def6aa51b07a94b952b6132331257f0e4e23552f00c433fa2.tar"
STARTING BUILD
"fastrand-1.8.0-target-a13087cc03b16d5e4f89ee51efc4fc42620e7a2a03f7d093204871644039bdd6"
     Created binary (application) package
    Updating crates.io index
   Compiling fastrand v1.8.0
   Compiling cargo-quickbuild-scratchpad v0.1.0 (/private/var/folders/0d/08wbx2j52nx5hjg16cshb8g80000gn/T/cargo-quickbuild-scratchpad/cargo-quickbuild-scratchpad)
    Finished dev [unoptimized + debuginfo] target(s) in 0.48s
wrote to "/Users/admin/tmp/quick/fastrand-1.8.0-target-a13087cc03b16d5e4f89ee51efc4fc42620e7a2a03f7d093204871644039bdd6.tar"
STARTING BUILD
"hashbrown-0.12.3-target-3ddcb75dcd42e160af9abddb8177940b98d442b113b9812d7fe95f67be8eb0a7"
     Created binary (application) package
    Updating crates.io index
   Compiling hashbrown v0.12.3
   Compiling cargo-quickbuild-scratchpad v0.1.0 (/private/var/folders/0d/08wbx2j52nx5hjg16cshb8g80000gn/T/cargo-quickbuild-scratchpad/cargo-quickbuild-scratchpad)
    Finished dev [unoptimized + debuginfo] target(s) in 0.61s
wrote to "/Users/admin/tmp/quick/hashbrown-0.12.3-target-3ddcb75dcd42e160af9abddb8177940b98d442b113b9812d7fe95f67be8eb0a7.tar"
STARTING BUILD
"heck-0.4.0-target-c627f5b46bdb51b61deb82edc819fc7aa26c30f38735c2e3516b3f449f165d45"
     Created binary (application) package
    Updating crates.io index
   Compiling heck v0.4.0
   Compiling cargo-quickbuild-scratchpad v0.1.0 (/private/var/folders/0d/08wbx2j52nx5hjg16cshb8g80000gn/T/cargo-quickbuild-scratchpad/cargo-quickbuild-scratchpad)
    Finished dev [unoptimized + debuginfo] target(s) in 0.47s
wrote to "/Users/admin/tmp/quick/heck-0.4.0-target-c627f5b46bdb51b61deb82edc819fc7aa26c30f38735c2e3516b3f449f165d45.tar"
STARTING BUILD
"heck-0.4.0-host-3ad5d4405270e07a7625bc1d3b1f6f14e55dfe65159bcf2f3d301325f70c43f8"
     Created binary (application) package
    Updating crates.io index
   Compiling cargo-quickbuild-scratchpad v0.1.0 (/private/var/folders/0d/08wbx2j52nx5hjg16cshb8g80000gn/T/cargo-quickbuild-scratchpad/cargo-quickbuild-scratchpad)
    Finished dev [unoptimized + debuginfo] target(s) in 0.29s
wrote to "/Users/admin/tmp/quick/heck-0.4.0-host-3ad5d4405270e07a7625bc1d3b1f6f14e55dfe65159bcf2f3d301325f70c43f8.tar"
STARTING BUILD
"humantime-2.1.0-target-8a6f692c7232ff917e493b9e3511a105b6822588d5add28a9e77b01371a2daea"
     Created binary (application) package
    Updating crates.io index
   Compiling humantime v2.1.0
   Compiling cargo-quickbuild-scratchpad v0.1.0 (/private/var/folders/0d/08wbx2j52nx5hjg16cshb8g80000gn/T/cargo-quickbuild-scratchpad/cargo-quickbuild-scratchpad)
    Finished dev [unoptimized + debuginfo] target(s) in 0.48s
wrote to "/Users/admin/tmp/quick/humantime-2.1.0-target-8a6f692c7232ff917e493b9e3511a105b6822588d5add28a9e77b01371a2daea.tar"
STARTING BUILD
"itoa-1.0.4-target-3fae787a0d8739d0ee3ff09e088538d143d4c7c683268f6cb268f3ef85f743d4"
     Created binary (application) package
    Updating crates.io index
   Compiling itoa v1.0.4
   Compiling cargo-quickbuild-scratchpad v0.1.0 (/private/var/folders/0d/08wbx2j52nx5hjg16cshb8g80000gn/T/cargo-quickbuild-scratchpad/cargo-quickbuild-scratchpad)
    Finished dev [unoptimized + debuginfo] target(s) in 0.36s
wrote to "/Users/admin/tmp/quick/itoa-1.0.4-target-3fae787a0d8739d0ee3ff09e088538d143d4c7c683268f6cb268f3ef85f743d4.tar"
STARTING BUILD
"lazy_static-1.4.0-target-c6936eb061825422d4bbb722294b2e05d518a783ab0e4502a5e59597e4485aea"
     Created binary (application) package
    Updating crates.io index
   Compiling lazy_static v1.4.0
   Compiling cargo-quickbuild-scratchpad v0.1.0 (/private/var/folders/0d/08wbx2j52nx5hjg16cshb8g80000gn/T/cargo-quickbuild-scratchpad/cargo-quickbuild-scratchpad)
    Finished dev [unoptimized + debuginfo] target(s) in 0.35s
wrote to "/Users/admin/tmp/quick/lazy_static-1.4.0-target-c6936eb061825422d4bbb722294b2e05d518a783ab0e4502a5e59597e4485aea.tar"
STARTING BUILD
"libc-0.2.137-target-81cf611ea3efaffb0f9ff0ed9fbf4d1552693ba6c668f4a749237c5048e17274"
     Created binary (application) package
    Updating crates.io index
   Compiling libc v0.2.137
   Compiling cargo-quickbuild-scratchpad v0.1.0 (/private/var/folders/0d/08wbx2j52nx5hjg16cshb8g80000gn/T/cargo-quickbuild-scratchpad/cargo-quickbuild-scratchpad)
    Finished dev [unoptimized + debuginfo] target(s) in 0.77s
wrote to "/Users/admin/tmp/quick/libc-0.2.137-target-81cf611ea3efaffb0f9ff0ed9fbf4d1552693ba6c668f4a749237c5048e17274.tar"
STARTING BUILD
"linked-hash-map-0.5.6-target-7aa26c8004634c76699702fae41bfd96c100d8bd03d63125bcee2251054a544b"
     Created binary (application) package
    Updating crates.io index
   Compiling linked-hash-map v0.5.6
   Compiling cargo-quickbuild-scratchpad v0.1.0 (/private/var/folders/0d/08wbx2j52nx5hjg16cshb8g80000gn/T/cargo-quickbuild-scratchpad/cargo-quickbuild-scratchpad)
    Finished dev [unoptimized + debuginfo] target(s) in 1.03s
wrote to "/Users/admin/tmp/quick/linked-hash-map-0.5.6-target-7aa26c8004634c76699702fae41bfd96c100d8bd03d63125bcee2251054a544b.tar"
STARTING BUILD
"memchr-2.5.0-target-430ba27906f43251ca89b052622105e4d5c5c2120f160dd16368e0a13ecc7f40"
     Created binary (application) package
    Updating crates.io index
   Compiling memchr v2.5.0
   Compiling cargo-quickbuild-scratchpad v0.1.0 (/private/var/folders/0d/08wbx2j52nx5hjg16cshb8g80000gn/T/cargo-quickbuild-scratchpad/cargo-quickbuild-scratchpad)
    Finished dev [unoptimized + debuginfo] target(s) in 1.07s
wrote to "/Users/admin/tmp/quick/memchr-2.5.0-target-430ba27906f43251ca89b052622105e4d5c5c2120f160dd16368e0a13ecc7f40.tar"
STARTING BUILD
"once_cell-1.16.0-target-16b9ed9d66092578211afca64bb4d2b7d990b273f708fb9b5250ba1d5bc88beb"
     Created binary (application) package
    Updating crates.io index
   Compiling once_cell v1.16.0
   Compiling cargo-quickbuild-scratchpad v0.1.0 (/private/var/folders/0d/08wbx2j52nx5hjg16cshb8g80000gn/T/cargo-quickbuild-scratchpad/cargo-quickbuild-scratchpad)
    Finished dev [unoptimized + debuginfo] target(s) in 0.44s
wrote to "/Users/admin/tmp/quick/once_cell-1.16.0-target-16b9ed9d66092578211afca64bb4d2b7d990b273f708fb9b5250ba1d5bc88beb.tar"
STARTING BUILD
"once_cell-1.16.0-host-e50d930951099a6f155a7a9a878807633a66f3a8f946fbb19009d8dcb3826e7b"
     Created binary (application) package
    Updating crates.io index
   Compiling cargo-quickbuild-scratchpad v0.1.0 (/private/var/folders/0d/08wbx2j52nx5hjg16cshb8g80000gn/T/cargo-quickbuild-scratchpad/cargo-quickbuild-scratchpad)
    Finished dev [unoptimized + debuginfo] target(s) in 0.31s
wrote to "/Users/admin/tmp/quick/once_cell-1.16.0-host-e50d930951099a6f155a7a9a878807633a66f3a8f946fbb19009d8dcb3826e7b.tar"
STARTING BUILD
"os_str_bytes-6.4.1-target-92cf39e14bac2a6e5f15dfbe94e4336ae50e7bb9818505644e234f05a79c40f3"
     Created binary (application) package
    Updating crates.io index
   Compiling os_str_bytes v6.4.1
   Compiling cargo-quickbuild-scratchpad v0.1.0 (/private/var/folders/0d/08wbx2j52nx5hjg16cshb8g80000gn/T/cargo-quickbuild-scratchpad/cargo-quickbuild-scratchpad)
    Finished dev [unoptimized + debuginfo] target(s) in 0.47s
wrote to "/Users/admin/tmp/quick/os_str_bytes-6.4.1-target-92cf39e14bac2a6e5f15dfbe94e4336ae50e7bb9818505644e234f05a79c40f3.tar"
STARTING BUILD
"pathdiff-0.2.1-target-9ba1277ebe7b82d7fa27cf60e1be028e9db1a35fcb0f11c893a92aa2b4c338be"
     Created binary (application) package
    Updating crates.io index
   Compiling pathdiff v0.2.1
   Compiling cargo-quickbuild-scratchpad v0.1.0 (/private/var/folders/0d/08wbx2j52nx5hjg16cshb8g80000gn/T/cargo-quickbuild-scratchpad/cargo-quickbuild-scratchpad)
    Finished dev [unoptimized + debuginfo] target(s) in 0.37s
wrote to "/Users/admin/tmp/quick/pathdiff-0.2.1-target-9ba1277ebe7b82d7fa27cf60e1be028e9db1a35fcb0f11c893a92aa2b4c338be.tar"
STARTING BUILD
"regex-syntax-0.6.28-target-27bf9f8b1baf0cd5ff8e3e374ff3458b5570241906284dbf80140555fdd60a27"
     Created binary (application) package
    Updating crates.io index
   Compiling regex-syntax v0.6.28
   Compiling cargo-quickbuild-scratchpad v0.1.0 (/private/var/folders/0d/08wbx2j52nx5hjg16cshb8g80000gn/T/cargo-quickbuild-scratchpad/cargo-quickbuild-scratchpad)
    Finished dev [unoptimized + debuginfo] target(s) in 2.31s
wrote to "/Users/admin/tmp/quick/regex-syntax-0.6.28-target-27bf9f8b1baf0cd5ff8e3e374ff3458b5570241906284dbf80140555fdd60a27.tar"
STARTING BUILD
"remove_dir_all-0.5.3-target-6dca201c2aa50fc5e3a77f607bbaeb7c49cf3e2b7cfe77a99ce4a9484a980ca0"
     Created binary (application) package
    Updating crates.io index
   Compiling remove_dir_all v0.5.3
   Compiling cargo-quickbuild-scratchpad v0.1.0 (/private/var/folders/0d/08wbx2j52nx5hjg16cshb8g80000gn/T/cargo-quickbuild-scratchpad/cargo-quickbuild-scratchpad)
    Finished dev [unoptimized + debuginfo] target(s) in 0.36s
wrote to "/Users/admin/tmp/quick/remove_dir_all-0.5.3-target-6dca201c2aa50fc5e3a77f607bbaeb7c49cf3e2b7cfe77a99ce4a9484a980ca0.tar"
STARTING BUILD
"ryu-1.0.11-target-1b386d8bc3be374a8587ea259a644c06e74cc5eed59f31ae0e7a8f8c6054409e"
     Created binary (application) package
    Updating crates.io index
   Compiling ryu v1.0.11
   Compiling cargo-quickbuild-scratchpad v0.1.0 (/private/var/folders/0d/08wbx2j52nx5hjg16cshb8g80000gn/T/cargo-quickbuild-scratchpad/cargo-quickbuild-scratchpad)
    Finished dev [unoptimized + debuginfo] target(s) in 0.44s
wrote to "/Users/admin/tmp/quick/ryu-1.0.11-target-1b386d8bc3be374a8587ea259a644c06e74cc5eed59f31ae0e7a8f8c6054409e.tar"
STARTING BUILD
"strsim-0.10.0-target-773b438576b15d362f78284e2a6ff40a0e5d4be8a4c4db1fed7ce5dbfdbccdd1"
     Created binary (application) package
    Updating crates.io index
   Compiling strsim v0.10.0
   Compiling cargo-quickbuild-scratchpad v0.1.0 (/private/var/folders/0d/08wbx2j52nx5hjg16cshb8g80000gn/T/cargo-quickbuild-scratchpad/cargo-quickbuild-scratchpad)
    Finished dev [unoptimized + debuginfo] target(s) in 0.58s
wrote to "/Users/admin/tmp/quick/strsim-0.10.0-target-773b438576b15d362f78284e2a6ff40a0e5d4be8a4c4db1fed7ce5dbfdbccdd1.tar"
STARTING BUILD
"termcolor-1.1.3-target-198f7e01707d8700b622bdaba112edd508a1f88fed5e9b1d3fd064a92d572b4e"
     Created binary (application) package
    Updating crates.io index
   Compiling termcolor v1.1.3
   Compiling cargo-quickbuild-scratchpad v0.1.0 (/private/var/folders/0d/08wbx2j52nx5hjg16cshb8g80000gn/T/cargo-quickbuild-scratchpad/cargo-quickbuild-scratchpad)
    Finished dev [unoptimized + debuginfo] target(s) in 0.56s
wrote to "/Users/admin/tmp/quick/termcolor-1.1.3-target-198f7e01707d8700b622bdaba112edd508a1f88fed5e9b1d3fd064a92d572b4e.tar"
STARTING BUILD
"textwrap-0.16.0-target-2f7fbe75880d037d869312b9f0fcd786739875ee4c15736dddfb2ad7b98a28cf"
     Created binary (application) package
    Updating crates.io index
   Compiling textwrap v0.16.0
   Compiling cargo-quickbuild-scratchpad v0.1.0 (/private/var/folders/0d/08wbx2j52nx5hjg16cshb8g80000gn/T/cargo-quickbuild-scratchpad/cargo-quickbuild-scratchpad)
    Finished dev [unoptimized + debuginfo] target(s) in 0.65s
wrote to "/Users/admin/tmp/quick/textwrap-0.16.0-target-2f7fbe75880d037d869312b9f0fcd786739875ee4c15736dddfb2ad7b98a28cf.tar"
STARTING BUILD
"unicode-ident-1.0.5-target-0a1b84539726a11860a13ba390c98c2d766d09828033a5821b4f3b6df7122fc9"
     Created binary (application) package
    Updating crates.io index
   Compiling unicode-ident v1.0.5
   Compiling cargo-quickbuild-scratchpad v0.1.0 (/private/var/folders/0d/08wbx2j52nx5hjg16cshb8g80000gn/T/cargo-quickbuild-scratchpad/cargo-quickbuild-scratchpad)
    Finished dev [unoptimized + debuginfo] target(s) in 0.36s
wrote to "/Users/admin/tmp/quick/unicode-ident-1.0.5-target-0a1b84539726a11860a13ba390c98c2d766d09828033a5821b4f3b6df7122fc9.tar"
STARTING BUILD
"unicode-ident-1.0.5-host-d70963ae4d473db9d5e30abd057d94218d79f82c569180f1fc4be084e8f6f0e4"
     Created binary (application) package
    Updating crates.io index
   Compiling cargo-quickbuild-scratchpad v0.1.0 (/private/var/folders/0d/08wbx2j52nx5hjg16cshb8g80000gn/T/cargo-quickbuild-scratchpad/cargo-quickbuild-scratchpad)
    Finished dev [unoptimized + debuginfo] target(s) in 0.31s
wrote to "/Users/admin/tmp/quick/unicode-ident-1.0.5-host-d70963ae4d473db9d5e30abd057d94218d79f82c569180f1fc4be084e8f6f0e4.tar"
STARTING BUILD
"version_check-0.9.4-host-6e2e8fa1c81a8393f8caeeb18d1c7f4ec9867d3fdb4351e906bea3762b305d18"
     Created binary (application) package
    Updating crates.io index
   Compiling cargo-quickbuild-scratchpad v0.1.0 (/private/var/folders/0d/08wbx2j52nx5hjg16cshb8g80000gn/T/cargo-quickbuild-scratchpad/cargo-quickbuild-scratchpad)
    Finished dev [unoptimized + debuginfo] target(s) in 0.30s
wrote to "/Users/admin/tmp/quick/version_check-0.9.4-host-6e2e8fa1c81a8393f8caeeb18d1c7f4ec9867d3fdb4351e906bea3762b305d18.tar"
START OF LEVEL 1
[cargo-quickbuild/src/scheduler.rs:40] &current_level = {
    (
        PackageId {
            name: "aho-corasick",
            version: "0.7.20",
            source: "registry `crates-io`",
        },
        BuildFor(
            NormalOrDev,
        ),
    ),
    (
        PackageId {
            name: "atty",
            version: "0.2.14",
            source: "registry `crates-io`",
        },
        BuildFor(
            NormalOrDev,
        ),
    ),
    (
        PackageId {
            name: "clap_lex",
            version: "0.2.4",
            source: "registry `crates-io`",
        },
        BuildFor(
            NormalOrDev,
        ),
    ),
    (
        PackageId {
            name: "indexmap",
            version: "1.9.2",
            source: "registry `crates-io`",
        },
        BuildFor(
            NormalOrDev,
        ),
    ),
    (
        PackageId {
            name: "itertools",
            version: "0.10.5",
            source: "registry `crates-io`",
        },
        BuildFor(
            NormalOrDev,
        ),
    ),
    (
        PackageId {
            name: "log",
            version: "0.4.17",
            source: "registry `crates-io`",
        },
        BuildFor(
            NormalOrDev,
        ),
    ),
    (
        PackageId {
            name: "proc-macro2",
            version: "1.0.47",
            source: "registry `crates-io`",
        },
        BuildFor(
            NormalOrDev,
        ),
    ),
    (
        PackageId {
            name: "proc-macro2",
            version: "1.0.47",
            source: "registry `crates-io`",
        },
        BuildFor(
            HostDep,
        ),
    ),
    (
        PackageId {
            name: "tempfile",
            version: "3.3.0",
            source: "registry `crates-io`",
        },
        BuildFor(
            NormalOrDev,
        ),
    ),
    (
        PackageId {
            name: "yaml-rust",
            version: "0.4.5",
            source: "registry `crates-io`",
        },
        BuildFor(
            NormalOrDev,
        ),
    ),
}
STARTING BUILD
"aho-corasick-0.7.20-target-54ffb6fb683e87889da80722b76b92daf03b7110e291e10f7ea50b10d91fbd1e"
     Created binary (application) package
    Updating crates.io index
   Compiling aho-corasick v0.7.20
   Compiling cargo-quickbuild-scratchpad v0.1.0 (/private/var/folders/0d/08wbx2j52nx5hjg16cshb8g80000gn/T/cargo-quickbuild-scratchpad/cargo-quickbuild-scratchpad)
    Finished dev [unoptimized + debuginfo] target(s) in 0.79s
wrote to "/Users/admin/tmp/quick/aho-corasick-0.7.20-target-54ffb6fb683e87889da80722b76b92daf03b7110e291e10f7ea50b10d91fbd1e.tar"
STARTING BUILD
"atty-0.2.14-target-2cdbdae44b53f4a8a03820b54bcdcb4eaa86d1910726dd4207f337ee43f52845"
     Created binary (application) package
    Updating crates.io index
   Compiling atty v0.2.14
   Compiling cargo-quickbuild-scratchpad v0.1.0 (/private/var/folders/0d/08wbx2j52nx5hjg16cshb8g80000gn/T/cargo-quickbuild-scratchpad/cargo-quickbuild-scratchpad)
    Finished dev [unoptimized + debuginfo] target(s) in 0.35s
wrote to "/Users/admin/tmp/quick/atty-0.2.14-target-2cdbdae44b53f4a8a03820b54bcdcb4eaa86d1910726dd4207f337ee43f52845.tar"
STARTING BUILD
"clap_lex-0.2.4-target-00511ab29cd8ef82a25fdc52883dbfbc5c76b59bddfa22e884506b352436e0b2"
     Created binary (application) package
    Updating crates.io index
   Compiling clap_lex v0.2.4
   Compiling cargo-quickbuild-scratchpad v0.1.0 (/private/var/folders/0d/08wbx2j52nx5hjg16cshb8g80000gn/T/cargo-quickbuild-scratchpad/cargo-quickbuild-scratchpad)
    Finished dev [unoptimized + debuginfo] target(s) in 0.70s
wrote to "/Users/admin/tmp/quick/clap_lex-0.2.4-target-00511ab29cd8ef82a25fdc52883dbfbc5c76b59bddfa22e884506b352436e0b2.tar"
STARTING BUILD
"indexmap-1.9.2-target-a59f5bf489743d7bdf2ea505ccc61a11d6b1be55206f22482b6ed6bdebaf272f"
     Created binary (application) package
    Updating crates.io index
   Compiling autocfg v1.1.0
   Compiling indexmap v1.9.2
   Compiling cargo-quickbuild-scratchpad v0.1.0 (/private/var/folders/0d/08wbx2j52nx5hjg16cshb8g80000gn/T/cargo-quickbuild-scratchpad/cargo-quickbuild-scratchpad)
    Finished dev [unoptimized + debuginfo] target(s) in 0.96s
wrote to "/Users/admin/tmp/quick/indexmap-1.9.2-target-a59f5bf489743d7bdf2ea505ccc61a11d6b1be55206f22482b6ed6bdebaf272f.tar"
STARTING BUILD
"itertools-0.10.5-target-8c773bc2c69ff20e3625e2c39b2953918e7dd7230df3aaf0d7df464e01e6ea6c"
     Created binary (application) package
    Updating crates.io index
   Compiling itertools v0.10.5
   Compiling cargo-quickbuild-scratchpad v0.1.0 (/private/var/folders/0d/08wbx2j52nx5hjg16cshb8g80000gn/T/cargo-quickbuild-scratchpad/cargo-quickbuild-scratchpad)
    Finished dev [unoptimized + debuginfo] target(s) in 1.01s
wrote to "/Users/admin/tmp/quick/itertools-0.10.5-target-8c773bc2c69ff20e3625e2c39b2953918e7dd7230df3aaf0d7df464e01e6ea6c.tar"
STARTING BUILD
"log-0.4.17-target-f7c7211266f8ef52c56a2c29d4ff0bf79dd9247296ea15ed42d503d69a37cc1f"
     Created binary (application) package
    Updating crates.io index
   Compiling log v0.4.17
   Compiling cargo-quickbuild-scratchpad v0.1.0 (/private/var/folders/0d/08wbx2j52nx5hjg16cshb8g80000gn/T/cargo-quickbuild-scratchpad/cargo-quickbuild-scratchpad)
    Finished dev [unoptimized + debuginfo] target(s) in 1.02s
wrote to "/Users/admin/tmp/quick/log-0.4.17-target-f7c7211266f8ef52c56a2c29d4ff0bf79dd9247296ea15ed42d503d69a37cc1f.tar"
STARTING BUILD
"proc-macro2-1.0.47-target-2a99a6d04c5b26410aea4f10307370bbcfdd14af148fa42e2cf196dfbadee22a"
     Created binary (application) package
    Updating crates.io index
   Compiling proc-macro2 v1.0.47
   Compiling cargo-quickbuild-scratchpad v0.1.0 (/private/var/folders/0d/08wbx2j52nx5hjg16cshb8g80000gn/T/cargo-quickbuild-scratchpad/cargo-quickbuild-scratchpad)
    Finished dev [unoptimized + debuginfo] target(s) in 1.08s
wrote to "/Users/admin/tmp/quick/proc-macro2-1.0.47-target-2a99a6d04c5b26410aea4f10307370bbcfdd14af148fa42e2cf196dfbadee22a.tar"
STARTING BUILD
"proc-macro2-1.0.47-host-9e21c50c526b041e94f107b248210dbda6929ec0356a62de660c0b3c6ce96a7e"
     Created binary (application) package
    Updating crates.io index
   Compiling cargo-quickbuild-scratchpad v0.1.0 (/private/var/folders/0d/08wbx2j52nx5hjg16cshb8g80000gn/T/cargo-quickbuild-scratchpad/cargo-quickbuild-scratchpad)
    Finished dev [unoptimized + debuginfo] target(s) in 0.31s
wrote to "/Users/admin/tmp/quick/proc-macro2-1.0.47-host-9e21c50c526b041e94f107b248210dbda6929ec0356a62de660c0b3c6ce96a7e.tar"
STARTING BUILD
"tempfile-3.3.0-target-d7d9ba3909547fe7539bfeafa0c6d68cee18a27be21f9d3bf5339130d9252447"
     Created binary (application) package
    Updating crates.io index
   Compiling tempfile v3.3.0
   Compiling cargo-quickbuild-scratchpad v0.1.0 (/private/var/folders/0d/08wbx2j52nx5hjg16cshb8g80000gn/T/cargo-quickbuild-scratchpad/cargo-quickbuild-scratchpad)
    Finished dev [unoptimized + debuginfo] target(s) in 0.57s
wrote to "/Users/admin/tmp/quick/tempfile-3.3.0-target-d7d9ba3909547fe7539bfeafa0c6d68cee18a27be21f9d3bf5339130d9252447.tar"
STARTING BUILD
"yaml-rust-0.4.5-target-8b4028c492deb49f40104307539092d509e0f0cfb36d1279a67dcd0b4e8a985b"
     Created binary (application) package
    Updating crates.io index
   Compiling yaml-rust v0.4.5
   Compiling cargo-quickbuild-scratchpad v0.1.0 (/private/var/folders/0d/08wbx2j52nx5hjg16cshb8g80000gn/T/cargo-quickbuild-scratchpad/cargo-quickbuild-scratchpad)
    Finished dev [unoptimized + debuginfo] target(s) in 0.93s
wrote to "/Users/admin/tmp/quick/yaml-rust-0.4.5-target-8b4028c492deb49f40104307539092d509e0f0cfb36d1279a67dcd0b4e8a985b.tar"
START OF LEVEL 2
[cargo-quickbuild/src/scheduler.rs:40] &current_level = {
    (
        PackageId {
            name: "quote",
            version: "1.0.21",
            source: "registry `crates-io`",
        },
        BuildFor(
            NormalOrDev,
        ),
    ),
    (
        PackageId {
            name: "quote",
            version: "1.0.21",
            source: "registry `crates-io`",
        },
        BuildFor(
            HostDep,
        ),
    ),
    (
        PackageId {
            name: "regex",
            version: "1.7.0",
            source: "registry `crates-io`",
        },
        BuildFor(
            NormalOrDev,
        ),
    ),
}
STARTING BUILD
"quote-1.0.21-target-4ca1770457796d529a8869fff08d8fb3ced0c1a4797258b0c69d3b29034916c7"
     Created binary (application) package
    Updating crates.io index
   Compiling quote v1.0.21
   Compiling cargo-quickbuild-scratchpad v0.1.0 (/private/var/folders/0d/08wbx2j52nx5hjg16cshb8g80000gn/T/cargo-quickbuild-scratchpad/cargo-quickbuild-scratchpad)
    Finished dev [unoptimized + debuginfo] target(s) in 0.78s
wrote to "/Users/admin/tmp/quick/quote-1.0.21-target-4ca1770457796d529a8869fff08d8fb3ced0c1a4797258b0c69d3b29034916c7.tar"
STARTING BUILD
"quote-1.0.21-host-52ebd68fd3a53e63e7f9aba6454dadcb8afdcb319cab8569a5fcc8019ca208aa"
     Created binary (application) package
    Updating crates.io index
   Compiling cargo-quickbuild-scratchpad v0.1.0 (/private/var/folders/0d/08wbx2j52nx5hjg16cshb8g80000gn/T/cargo-quickbuild-scratchpad/cargo-quickbuild-scratchpad)
    Finished dev [unoptimized + debuginfo] target(s) in 0.30s
wrote to "/Users/admin/tmp/quick/quote-1.0.21-host-52ebd68fd3a53e63e7f9aba6454dadcb8afdcb319cab8569a5fcc8019ca208aa.tar"
STARTING BUILD
"regex-1.7.0-target-0d27cb09bd5cc066ac8494fdc331a86217b9dfbb2a796f0984a495465e46bb96"
     Created binary (application) package
    Updating crates.io index
   Compiling regex v1.7.0
   Compiling cargo-quickbuild-scratchpad v0.1.0 (/private/var/folders/0d/08wbx2j52nx5hjg16cshb8g80000gn/T/cargo-quickbuild-scratchpad/cargo-quickbuild-scratchpad)
    Finished dev [unoptimized + debuginfo] target(s) in 2.14s
wrote to "/Users/admin/tmp/quick/regex-1.7.0-target-0d27cb09bd5cc066ac8494fdc331a86217b9dfbb2a796f0984a495465e46bb96.tar"
START OF LEVEL 3
[cargo-quickbuild/src/scheduler.rs:40] &current_level = {
    (
        PackageId {
            name: "env_logger",
            version: "0.9.3",
            source: "registry `crates-io`",
        },
        BuildFor(
            NormalOrDev,
        ),
    ),
    (
        PackageId {
            name: "proc-macro-error-attr",
            version: "1.0.4",
            source: "registry `crates-io`",
        },
        BuildFor(
            HostDep,
        ),
    ),
    (
        PackageId {
            name: "syn",
            version: "1.0.103",
            source: "registry `crates-io`",
        },
        BuildFor(
            NormalOrDev,
        ),
    ),
    (
        PackageId {
            name: "syn",
            version: "1.0.103",
            source: "registry `crates-io`",
        },
        BuildFor(
            HostDep,
        ),
    ),
}
STARTING BUILD
"env_logger-0.9.3-target-5e05f9b6ad10f111d4b1facfc3538e00a6d23da9eef7d6422d1b7679b44d4c30"
     Created binary (application) package
    Updating crates.io index
   Compiling env_logger v0.9.3
   Compiling cargo-quickbuild-scratchpad v0.1.0 (/private/var/folders/0d/08wbx2j52nx5hjg16cshb8g80000gn/T/cargo-quickbuild-scratchpad/cargo-quickbuild-scratchpad)
    Finished dev [unoptimized + debuginfo] target(s) in 0.69s
wrote to "/Users/admin/tmp/quick/env_logger-0.9.3-target-5e05f9b6ad10f111d4b1facfc3538e00a6d23da9eef7d6422d1b7679b44d4c30.tar"
STARTING BUILD
"proc-macro-error-attr-1.0.4-host-d467171f4f14e68ae84a29cba2d9d3a7926cfcc45fddc2eee335ffecded68ba9"
     Created binary (application) package
    Updating crates.io index
   Compiling cargo-quickbuild-scratchpad v0.1.0 (/private/var/folders/0d/08wbx2j52nx5hjg16cshb8g80000gn/T/cargo-quickbuild-scratchpad/cargo-quickbuild-scratchpad)
    Finished dev [unoptimized + debuginfo] target(s) in 0.30s
wrote to "/Users/admin/tmp/quick/proc-macro-error-attr-1.0.4-host-d467171f4f14e68ae84a29cba2d9d3a7926cfcc45fddc2eee335ffecded68ba9.tar"
STARTING BUILD
"syn-1.0.103-target-389654a39109794ab93adbcc8c924ed8118220efd40061adad86868f1f38ca64"
     Created binary (application) package
    Updating crates.io index
   Compiling syn v1.0.103
   Compiling cargo-quickbuild-scratchpad v0.1.0 (/private/var/folders/0d/08wbx2j52nx5hjg16cshb8g80000gn/T/cargo-quickbuild-scratchpad/cargo-quickbuild-scratchpad)
    Finished dev [unoptimized + debuginfo] target(s) in 4.37s
wrote to "/Users/admin/tmp/quick/syn-1.0.103-target-389654a39109794ab93adbcc8c924ed8118220efd40061adad86868f1f38ca64.tar"
STARTING BUILD
"syn-1.0.103-host-a39582b4dbeefccad09a12332d8877403341b87cc07c31a9b65174d9a6abf693"
     Created binary (application) package
    Updating crates.io index
   Compiling cargo-quickbuild-scratchpad v0.1.0 (/private/var/folders/0d/08wbx2j52nx5hjg16cshb8g80000gn/T/cargo-quickbuild-scratchpad/cargo-quickbuild-scratchpad)
    Finished dev [unoptimized + debuginfo] target(s) in 0.30s
wrote to "/Users/admin/tmp/quick/syn-1.0.103-host-a39582b4dbeefccad09a12332d8877403341b87cc07c31a9b65174d9a6abf693.tar"
START OF LEVEL 4
[cargo-quickbuild/src/scheduler.rs:40] &current_level = {
    (
        PackageId {
            name: "enum_dispatch",
            version: "0.3.8",
            source: "registry `crates-io`",
        },
        BuildFor(
            HostDep,
        ),
    ),
    (
        PackageId {
            name: "proc-macro-error",
            version: "1.0.4",
            source: "registry `crates-io`",
        },
        BuildFor(
            HostDep,
        ),
    ),
    (
        PackageId {
            name: "serde_derive",
            version: "1.0.147",
            source: "registry `crates-io`",
        },
        BuildFor(
            HostDep,
        ),
    ),
    (
        PackageId {
            name: "thiserror-impl",
            version: "1.0.37",
            source: "registry `crates-io`",
        },
        BuildFor(
            HostDep,
        ),
    ),
}
STARTING BUILD
"enum_dispatch-0.3.8-host-b16c011a1195b497b67673c83e8e0478f11c51e9605c18df7ce23ea780c1a771"
     Created binary (application) package
    Updating crates.io index
   Compiling cargo-quickbuild-scratchpad v0.1.0 (/private/var/folders/0d/08wbx2j52nx5hjg16cshb8g80000gn/T/cargo-quickbuild-scratchpad/cargo-quickbuild-scratchpad)
    Finished dev [unoptimized + debuginfo] target(s) in 0.30s
wrote to "/Users/admin/tmp/quick/enum_dispatch-0.3.8-host-b16c011a1195b497b67673c83e8e0478f11c51e9605c18df7ce23ea780c1a771.tar"
STARTING BUILD
"proc-macro-error-1.0.4-host-b86c2e022ae6f3b3c4fb2f34a63e4fc775e60431b940c3a6a7834f799b3ecfab"
     Created binary (application) package
    Updating crates.io index
   Compiling cargo-quickbuild-scratchpad v0.1.0 (/private/var/folders/0d/08wbx2j52nx5hjg16cshb8g80000gn/T/cargo-quickbuild-scratchpad/cargo-quickbuild-scratchpad)
    Finished dev [unoptimized + debuginfo] target(s) in 0.30s
wrote to "/Users/admin/tmp/quick/proc-macro-error-1.0.4-host-b86c2e022ae6f3b3c4fb2f34a63e4fc775e60431b940c3a6a7834f799b3ecfab.tar"
STARTING BUILD
"serde_derive-1.0.147-host-01dacd3ef8617db3d419290b1ecd9c808a02c571f4e1c26abfe629acf27212a3"
     Created binary (application) package
    Updating crates.io index
   Compiling cargo-quickbuild-scratchpad v0.1.0 (/private/var/folders/0d/08wbx2j52nx5hjg16cshb8g80000gn/T/cargo-quickbuild-scratchpad/cargo-quickbuild-scratchpad)
    Finished dev [unoptimized + debuginfo] target(s) in 0.46s
wrote to "/Users/admin/tmp/quick/serde_derive-1.0.147-host-01dacd3ef8617db3d419290b1ecd9c808a02c571f4e1c26abfe629acf27212a3.tar"
STARTING BUILD
"thiserror-impl-1.0.37-host-e923727602065ce916c7c604ba1130c6e92798eb32da9de47f5c100673a319ac"
     Created binary (application) package
    Updating crates.io index
   Compiling cargo-quickbuild-scratchpad v0.1.0 (/private/var/folders/0d/08wbx2j52nx5hjg16cshb8g80000gn/T/cargo-quickbuild-scratchpad/cargo-quickbuild-scratchpad)
    Finished dev [unoptimized + debuginfo] target(s) in 0.30s
wrote to "/Users/admin/tmp/quick/thiserror-impl-1.0.37-host-e923727602065ce916c7c604ba1130c6e92798eb32da9de47f5c100673a319ac.tar"
START OF LEVEL 5
[cargo-quickbuild/src/scheduler.rs:40] &current_level = {
    (
        PackageId {
            name: "clap_derive",
            version: "3.2.18",
            source: "registry `crates-io`",
        },
        BuildFor(
            HostDep,
        ),
    ),
    (
        PackageId {
            name: "extend",
            version: "1.1.2",
            source: "registry `crates-io`",
        },
        BuildFor(
            HostDep,
        ),
    ),
    (
        PackageId {
            name: "serde",
            version: "1.0.147",
            source: "registry `crates-io`",
        },
        BuildFor(
            NormalOrDev,
        ),
    ),
    (
        PackageId {
            name: "thiserror",
            version: "1.0.37",
            source: "registry `crates-io`",
        },
        BuildFor(
            NormalOrDev,
        ),
    ),
}
STARTING BUILD
"clap_derive-3.2.18-host-d870e4593367e77890535e18c7813bd510baaf90c1a13f980090a23b7b79bcac"
     Created binary (application) package
    Updating crates.io index
   Compiling cargo-quickbuild-scratchpad v0.1.0 (/private/var/folders/0d/08wbx2j52nx5hjg16cshb8g80000gn/T/cargo-quickbuild-scratchpad/cargo-quickbuild-scratchpad)
    Finished dev [unoptimized + debuginfo] target(s) in 0.30s
wrote to "/Users/admin/tmp/quick/clap_derive-3.2.18-host-d870e4593367e77890535e18c7813bd510baaf90c1a13f980090a23b7b79bcac.tar"
STARTING BUILD
"extend-1.1.2-host-376745cec5f6f290074190e9a72fb66204944684f4540164e6b026456aca26cb"
     Created binary (application) package
    Updating crates.io index
   Compiling cargo-quickbuild-scratchpad v0.1.0 (/private/var/folders/0d/08wbx2j52nx5hjg16cshb8g80000gn/T/cargo-quickbuild-scratchpad/cargo-quickbuild-scratchpad)
    Finished dev [unoptimized + debuginfo] target(s) in 0.30s
wrote to "/Users/admin/tmp/quick/extend-1.1.2-host-376745cec5f6f290074190e9a72fb66204944684f4540164e6b026456aca26cb.tar"
STARTING BUILD
"serde-1.0.147-target-0cf07a5a90f3d7fc68b6842707019a07d445c4a747335739d7cf2e761df32050"
     Created binary (application) package
    Updating crates.io index
   Compiling proc-macro2 v1.0.47
   Compiling unicode-ident v1.0.5
   Compiling quote v1.0.21
   Compiling syn v1.0.103
   Compiling serde_derive v1.0.147
   Compiling serde v1.0.147
   Compiling cargo-quickbuild-scratchpad v0.1.0 (/private/var/folders/0d/08wbx2j52nx5hjg16cshb8g80000gn/T/cargo-quickbuild-scratchpad/cargo-quickbuild-scratchpad)
    Finished dev [unoptimized + debuginfo] target(s) in 10.16s
wrote to "/Users/admin/tmp/quick/serde-1.0.147-target-0cf07a5a90f3d7fc68b6842707019a07d445c4a747335739d7cf2e761df32050.tar"
STARTING BUILD
"thiserror-1.0.37-target-9940b5a5c0b30df4ac7cf1a78dbf9e37063949152b789c111c5918c3fb3dead4"
     Created binary (application) package
    Updating crates.io index
   Compiling proc-macro2 v1.0.47
   Compiling quote v1.0.21
   Compiling unicode-ident v1.0.5
   Compiling syn v1.0.103
   Compiling thiserror v1.0.37
   Compiling thiserror-impl v1.0.37
   Compiling cargo-quickbuild-scratchpad v0.1.0 (/private/var/folders/0d/08wbx2j52nx5hjg16cshb8g80000gn/T/cargo-quickbuild-scratchpad/cargo-quickbuild-scratchpad)
    Finished dev [unoptimized + debuginfo] target(s) in 7.48s
wrote to "/Users/admin/tmp/quick/thiserror-1.0.37-target-9940b5a5c0b30df4ac7cf1a78dbf9e37063949152b789c111c5918c3fb3dead4.tar"
START OF LEVEL 6
[cargo-quickbuild/src/scheduler.rs:40] &current_level = {
    (
        PackageId {
            name: "camino",
            version: "1.1.1",
            source: "registry `crates-io`",
        },
        BuildFor(
            NormalOrDev,
        ),
    ),
    (
        PackageId {
            name: "cargo-platform",
            version: "0.1.2",
            source: "registry `crates-io`",
        },
        BuildFor(
            NormalOrDev,
        ),
    ),
    (
        PackageId {
            name: "clap",
            version: "3.2.23",
            source: "registry `crates-io`",
        },
        BuildFor(
            NormalOrDev,
        ),
    ),
    (
        PackageId {
            name: "semver",
            version: "1.0.14",
            source: "registry `crates-io`",
        },
        BuildFor(
            NormalOrDev,
        ),
    ),
    (
        PackageId {
            name: "serde_json",
            version: "1.0.89",
            source: "registry `crates-io`",
        },
        BuildFor(
            NormalOrDev,
        ),
    ),
    (
        PackageId {
            name: "serde_yaml",
            version: "0.8.26",
            source: "registry `crates-io`",
        },
        BuildFor(
            NormalOrDev,
        ),
    ),
    (
        PackageId {
            name: "toml",
            version: "0.5.9",
            source: "registry `crates-io`",
        },
        BuildFor(
            NormalOrDev,
        ),
    ),
}
STARTING BUILD
"camino-1.1.1-target-cfd0b1c084d798260a59f7b1669602ef62842a59951c016634282b2aac8d88bb"
     Created binary (application) package
    Updating crates.io index
   Compiling camino v1.1.1
   Compiling cargo-quickbuild-scratchpad v0.1.0 (/private/var/folders/0d/08wbx2j52nx5hjg16cshb8g80000gn/T/cargo-quickbuild-scratchpad/cargo-quickbuild-scratchpad)
    Finished dev [unoptimized + debuginfo] target(s) in 0.89s
wrote to "/Users/admin/tmp/quick/camino-1.1.1-target-cfd0b1c084d798260a59f7b1669602ef62842a59951c016634282b2aac8d88bb.tar"
STARTING BUILD
"cargo-platform-0.1.2-target-3f64e09242f7c8077b903ddddc01b1fb09ca915d7459c14d79955a4a3084842d"
     Created binary (application) package
    Updating crates.io index
   Compiling cargo-platform v0.1.2
   Compiling cargo-quickbuild-scratchpad v0.1.0 (/private/var/folders/0d/08wbx2j52nx5hjg16cshb8g80000gn/T/cargo-quickbuild-scratchpad/cargo-quickbuild-scratchpad)
    Finished dev [unoptimized + debuginfo] target(s) in 0.52s
wrote to "/Users/admin/tmp/quick/cargo-platform-0.1.2-target-3f64e09242f7c8077b903ddddc01b1fb09ca915d7459c14d79955a4a3084842d.tar"
STARTING BUILD
"clap-3.2.23-target-edcf98b246d5e21e4cac4ad049769322733cc8cfd3d96d42e4fc37293156e5ec"
     Created binary (application) package
    Updating crates.io index
   Compiling proc-macro2 v1.0.47
   Compiling version_check v0.9.4
   Compiling unicode-ident v1.0.5
   Compiling quote v1.0.21
   Compiling syn v1.0.103
   Compiling heck v0.4.0
   Compiling proc-macro-error-attr v1.0.4
   Compiling proc-macro-error v1.0.4
   Compiling clap_derive v3.2.18
   Compiling clap v3.2.23
   Compiling cargo-quickbuild-scratchpad v0.1.0 (/private/var/folders/0d/08wbx2j52nx5hjg16cshb8g80000gn/T/cargo-quickbuild-scratchpad/cargo-quickbuild-scratchpad)
    Finished dev [unoptimized + debuginfo] target(s) in 11.52s
wrote to "/Users/admin/tmp/quick/clap-3.2.23-target-edcf98b246d5e21e4cac4ad049769322733cc8cfd3d96d42e4fc37293156e5ec.tar"
STARTING BUILD
"semver-1.0.14-target-70c5e0de0eb7a8edbc9b655a0859cae45d7089ae4e5f5ff23dfd883d4de9d46c"
     Created binary (application) package
    Updating crates.io index
   Compiling semver v1.0.14
   Compiling cargo-quickbuild-scratchpad v0.1.0 (/private/var/folders/0d/08wbx2j52nx5hjg16cshb8g80000gn/T/cargo-quickbuild-scratchpad/cargo-quickbuild-scratchpad)
    Finished dev [unoptimized + debuginfo] target(s) in 0.77s
wrote to "/Users/admin/tmp/quick/semver-1.0.14-target-70c5e0de0eb7a8edbc9b655a0859cae45d7089ae4e5f5ff23dfd883d4de9d46c.tar"
STARTING BUILD
"serde_json-1.0.89-target-b7c5dec66ba3de2a8011befac2ee02bb8390bf0d4314660d69825b56c6e6c569"
     Created binary (application) package
    Updating crates.io index
   Compiling serde_json v1.0.89
   Compiling cargo-quickbuild-scratchpad v0.1.0 (/private/var/folders/0d/08wbx2j52nx5hjg16cshb8g80000gn/T/cargo-quickbuild-scratchpad/cargo-quickbuild-scratchpad)
    Finished dev [unoptimized + debuginfo] target(s) in 1.50s
wrote to "/Users/admin/tmp/quick/serde_json-1.0.89-target-b7c5dec66ba3de2a8011befac2ee02bb8390bf0d4314660d69825b56c6e6c569.tar"
STARTING BUILD
"serde_yaml-0.8.26-target-19494c67648adedaba34c8eebc7782b478b493c6a7d251759f3f6c1cafd5e9a0"
     Created binary (application) package
    Updating crates.io index
   Compiling serde_yaml v0.8.26
   Compiling cargo-quickbuild-scratchpad v0.1.0 (/private/var/folders/0d/08wbx2j52nx5hjg16cshb8g80000gn/T/cargo-quickbuild-scratchpad/cargo-quickbuild-scratchpad)
    Finished dev [unoptimized + debuginfo] target(s) in 1.13s
wrote to "/Users/admin/tmp/quick/serde_yaml-0.8.26-target-19494c67648adedaba34c8eebc7782b478b493c6a7d251759f3f6c1cafd5e9a0.tar"
STARTING BUILD
"toml-0.5.9-target-687461f2db6359269949e4420307b30a24baa80050696aa111fbc99a3d8e6924"
     Created binary (application) package
    Updating crates.io index
   Compiling toml v0.5.9
   Compiling cargo-quickbuild-scratchpad v0.1.0 (/private/var/folders/0d/08wbx2j52nx5hjg16cshb8g80000gn/T/cargo-quickbuild-scratchpad/cargo-quickbuild-scratchpad)
    Finished dev [unoptimized + debuginfo] target(s) in 1.50s
wrote to "/Users/admin/tmp/quick/toml-0.5.9-target-687461f2db6359269949e4420307b30a24baa80050696aa111fbc99a3d8e6924.tar"
START OF LEVEL 7
[cargo-quickbuild/src/scheduler.rs:40] &current_level = {
    (
        PackageId {
            name: "cargo_metadata",
            version: "0.14.2",
            source: "registry `crates-io`",
        },
        BuildFor(
            NormalOrDev,
        ),
    ),
    (
        PackageId {
            name: "cbindgen",
            version: "0.24.3",
            source: "registry `crates-io`",
        },
        BuildFor(
            NormalOrDev,
        ),
    ),
}
STARTING BUILD
"cargo_metadata-0.14.2-target-1e75a9937000879b1f709fcec6fa52f82727b4ae4ca589b3bc13339e8ab53bb7"
     Created binary (application) package
    Updating crates.io index
   Compiling cargo_metadata v0.14.2
   Compiling cargo-quickbuild-scratchpad v0.1.0 (/private/var/folders/0d/08wbx2j52nx5hjg16cshb8g80000gn/T/cargo-quickbuild-scratchpad/cargo-quickbuild-scratchpad)
    Finished dev [unoptimized + debuginfo] target(s) in 1.38s
wrote to "/Users/admin/tmp/quick/cargo_metadata-0.14.2-target-1e75a9937000879b1f709fcec6fa52f82727b4ae4ca589b3bc13339e8ab53bb7.tar"
STARTING BUILD
"cbindgen-0.24.3-target-5b177312055e6f3acf5a79d81d94eab01dd7f45c62283cf7fa7d8e65cee34532"
     Created binary (application) package
2022-11-22 15:35:42.022818570 != 2022-11-22 15:36:47.193835946 for "target/debug/.fingerprint/heck-86855baf91ddc106/lib-heck" ("/var/folders/0d/08wbx2j52nx5hjg16cshb8g80000gn/T/cargo-quickbuild-scratchpad/cargo-quickbuild-scratchpad/target/debug/.fingerprint/heck-86855baf91ddc106/lib-heck"):
(mtime != on_disk_mtime. now = 2022-11-22 15:37:08.134748 UTC)
contents identical
2022-11-22 15:35:41.869774695 != 2022-11-22 15:36:47.036678904 for "target/debug/.fingerprint/heck-86855baf91ddc106/dep-lib-heck" ("/var/folders/0d/08wbx2j52nx5hjg16cshb8g80000gn/T/cargo-quickbuild-scratchpad/cargo-quickbuild-scratchpad/target/debug/.fingerprint/heck-86855baf91ddc106/dep-lib-heck"):
(mtime != on_disk_mtime. now = 2022-11-22 15:37:08.134934 UTC)
contents identical
2022-11-22 15:35:42.022875862 != 2022-11-22 15:36:47.193894737 for "target/debug/.fingerprint/heck-86855baf91ddc106/lib-heck.json" ("/var/folders/0d/08wbx2j52nx5hjg16cshb8g80000gn/T/cargo-quickbuild-scratchpad/cargo-quickbuild-scratchpad/target/debug/.fingerprint/heck-86855baf91ddc106/lib-heck.json"):
(mtime != on_disk_mtime. now = 2022-11-22 15:37:08.135175 UTC)
contents identical
2022-11-22 15:35:41.869774695 != 2022-11-22 15:36:47.036678904 for "target/debug/.fingerprint/heck-86855baf91ddc106/invoked.timestamp" ("/var/folders/0d/08wbx2j52nx5hjg16cshb8g80000gn/T/cargo-quickbuild-scratchpad/cargo-quickbuild-scratchpad/target/debug/.fingerprint/heck-86855baf91ddc106/invoked.timestamp"):
(mtime != on_disk_mtime. now = 2022-11-22 15:37:08.135408 UTC)
contents identical
2022-11-22 15:35:42.020170862 != 2022-11-22 15:36:47.191072987 for "target/debug/deps/libheck-86855baf91ddc106.rlib" ("/var/folders/0d/08wbx2j52nx5hjg16cshb8g80000gn/T/cargo-quickbuild-scratchpad/cargo-quickbuild-scratchpad/target/debug/deps/libheck-86855baf91ddc106.rlib"):
(mtime != on_disk_mtime. now = 2022-11-22 15:37:08.135777 UTC)
contents identical
2022-11-22 15:35:41.935622987 != 2022-11-22 15:36:47.104215904 for "target/debug/deps/libheck-86855baf91ddc106.rmeta" ("/var/folders/0d/08wbx2j52nx5hjg16cshb8g80000gn/T/cargo-quickbuild-scratchpad/cargo-quickbuild-scratchpad/target/debug/deps/libheck-86855baf91ddc106.rmeta"):
(mtime != on_disk_mtime. now = 2022-11-22 15:37:08.136289 UTC)
contents identical
2022-11-22 15:35:41.906695070 != 2022-11-22 15:36:47.074089404 for "target/debug/deps/heck-86855baf91ddc106.d" ("/var/folders/0d/08wbx2j52nx5hjg16cshb8g80000gn/T/cargo-quickbuild-scratchpad/cargo-quickbuild-scratchpad/target/debug/deps/heck-86855baf91ddc106.d"):
(mtime != on_disk_mtime. now = 2022-11-22 15:37:08.136597 UTC)
contents identical
Error: unpacking PackageDescription { package_id: PackageId { name: "heck", version: "0.4.0", source: "registry `crates-io`" }, pretty_digest: "heck-0.4.0-target-c627f5b46bdb51b61deb82edc819fc7aa26c30f38735c2e3516b3f449f165d45" }

Caused by:
    2022-11-22 15:35:41.906695070 != 2022-11-22 15:36:47.074089404 for "target/debug/deps/heck-86855baf91ddc106.d" ("/var/folders/0d/08wbx2j52nx5hjg16cshb8g80000gn/T/cargo-quickbuild-scratchpad/cargo-quickbuild-scratchpad/target/debug/deps/heck-86855baf91ddc106.d"):
    (mtime != on_disk_mtime. now = 2022-11-22 15:37:08.136597 UTC)
    contents identical
