    Updating crates.io index
 Downloading crates ...
  Downloaded const_format_proc_macros v0.2.29
  Downloaded const_format v0.2.30
START OF LEVEL 0
[cargo-quickbuild/src/scheduler.rs:40] &current_level = {
    (
        PackageId {
            name: "ansi_term",
            version: "0.12.1",
            source: "registry `crates-io`",
        },
        BuildFor(
            NormalOrDev,
        ),
    ),
    (
        PackageId {
            name: "anyhow",
            version: "1.0.66",
            source: "registry `crates-io`",
        },
        BuildFor(
            NormalOrDev,
        ),
    ),
    (
        PackageId {
            name: "autocfg",
            version: "1.1.0",
            source: "registry `crates-io`",
        },
        BuildFor(
            HostDep,
        ),
    ),
    (
        PackageId {
            name: "bitflags",
            version: "1.3.2",
            source: "registry `crates-io`",
        },
        BuildFor(
            NormalOrDev,
        ),
    ),
    (
        PackageId {
            name: "hashbrown",
            version: "0.12.3",
            source: "registry `crates-io`",
        },
        BuildFor(
            NormalOrDev,
        ),
    ),
    (
        PackageId {
            name: "io-lifetimes",
            version: "0.7.5",
            source: "registry `crates-io`",
        },
        BuildFor(
            NormalOrDev,
        ),
    ),
    (
        PackageId {
            name: "libc",
            version: "0.2.137",
            source: "registry `crates-io`",
        },
        BuildFor(
            NormalOrDev,
        ),
    ),
    (
        PackageId {
            name: "once_cell",
            version: "1.16.0",
            source: "registry `crates-io`",
        },
        BuildFor(
            NormalOrDev,
        ),
    ),
    (
        PackageId {
            name: "os_str_bytes",
            version: "6.4.1",
            source: "registry `crates-io`",
        },
        BuildFor(
            NormalOrDev,
        ),
    ),
    (
        PackageId {
            name: "strsim",
            version: "0.10.0",
            source: "registry `crates-io`",
        },
        BuildFor(
            NormalOrDev,
        ),
    ),
    (
        PackageId {
            name: "termcolor",
            version: "1.1.3",
            source: "registry `crates-io`",
        },
        BuildFor(
            NormalOrDev,
        ),
    ),
    (
        PackageId {
            name: "unicode-ident",
            version: "1.0.5",
            source: "registry `crates-io`",
        },
        BuildFor(
            HostDep,
        ),
    ),
    (
        PackageId {
            name: "unicode-xid",
            version: "0.2.4",
            source: "registry `crates-io`",
        },
        BuildFor(
            HostDep,
        ),
    ),
}
STARTING BUILD
"ansi_term-0.12.1-target-7a0d99e472244a2e347918dea94bb17f912247f99cdbefa08127e7e0c2f4619d"
     Created binary (application) package
    Updating crates.io index
   Compiling ansi_term v0.12.1
   Compiling cargo-quickbuild-scratchpad v0.1.0 (/private/var/folders/0d/08wbx2j52nx5hjg16cshb8g80000gn/T/cargo-quickbuild-scratchpad/cargo-quickbuild-scratchpad)
    Finished dev [unoptimized + debuginfo] target(s) in 0.78s
wrote to "/Users/admin/tmp/quick/ansi_term-0.12.1-target-7a0d99e472244a2e347918dea94bb17f912247f99cdbefa08127e7e0c2f4619d.tar"
STARTING BUILD
"anyhow-1.0.66-target-146dc01bd8286ddbdc58c574022f4a50bff625465a4a042acbc3f6442ad02580"
     Created binary (application) package
    Updating crates.io index
   Compiling anyhow v1.0.66
   Compiling cargo-quickbuild-scratchpad v0.1.0 (/private/var/folders/0d/08wbx2j52nx5hjg16cshb8g80000gn/T/cargo-quickbuild-scratchpad/cargo-quickbuild-scratchpad)
    Finished dev [unoptimized + debuginfo] target(s) in 1.31s
wrote to "/Users/admin/tmp/quick/anyhow-1.0.66-target-146dc01bd8286ddbdc58c574022f4a50bff625465a4a042acbc3f6442ad02580.tar"
STARTING BUILD
"autocfg-1.1.0-host-bc2f12deedf1d54ddb3db675b15ed5516d1575023d510f65ea12f72d2666c1aa"
     Created binary (application) package
    Updating crates.io index
   Compiling cargo-quickbuild-scratchpad v0.1.0 (/private/var/folders/0d/08wbx2j52nx5hjg16cshb8g80000gn/T/cargo-quickbuild-scratchpad/cargo-quickbuild-scratchpad)
    Finished dev [unoptimized + debuginfo] target(s) in 0.58s
wrote to "/Users/admin/tmp/quick/autocfg-1.1.0-host-bc2f12deedf1d54ddb3db675b15ed5516d1575023d510f65ea12f72d2666c1aa.tar"
STARTING BUILD
"bitflags-1.3.2-target-4d50df0fe42d466ee36d114f8f74505fbef2a02133029fd72da104fbad79d9f2"
     Created binary (application) package
    Updating crates.io index
   Compiling bitflags v1.3.2
   Compiling cargo-quickbuild-scratchpad v0.1.0 (/private/var/folders/0d/08wbx2j52nx5hjg16cshb8g80000gn/T/cargo-quickbuild-scratchpad/cargo-quickbuild-scratchpad)
    Finished dev [unoptimized + debuginfo] target(s) in 0.64s
wrote to "/Users/admin/tmp/quick/bitflags-1.3.2-target-4d50df0fe42d466ee36d114f8f74505fbef2a02133029fd72da104fbad79d9f2.tar"
STARTING BUILD
"hashbrown-0.12.3-target-3ddcb75dcd42e160af9abddb8177940b98d442b113b9812d7fe95f67be8eb0a7"
     Created binary (application) package
    Updating crates.io index
   Compiling hashbrown v0.12.3
   Compiling cargo-quickbuild-scratchpad v0.1.0 (/private/var/folders/0d/08wbx2j52nx5hjg16cshb8g80000gn/T/cargo-quickbuild-scratchpad/cargo-quickbuild-scratchpad)
    Finished dev [unoptimized + debuginfo] target(s) in 0.87s
wrote to "/Users/admin/tmp/quick/hashbrown-0.12.3-target-3ddcb75dcd42e160af9abddb8177940b98d442b113b9812d7fe95f67be8eb0a7.tar"
STARTING BUILD
"io-lifetimes-0.7.5-target-181b8e299cd93212891c0152c556a4b8dcab2c8ff3dd87bc8f78e15a20c8369c"
     Created binary (application) package
    Updating crates.io index
   Compiling io-lifetimes v0.7.5
   Compiling cargo-quickbuild-scratchpad v0.1.0 (/private/var/folders/0d/08wbx2j52nx5hjg16cshb8g80000gn/T/cargo-quickbuild-scratchpad/cargo-quickbuild-scratchpad)
    Finished dev [unoptimized + debuginfo] target(s) in 1.00s
wrote to "/Users/admin/tmp/quick/io-lifetimes-0.7.5-target-181b8e299cd93212891c0152c556a4b8dcab2c8ff3dd87bc8f78e15a20c8369c.tar"
STARTING BUILD
"libc-0.2.137-target-5002c2b8292378bd7a3debb834e7a3ce4a04406bcd66a4a433a3ef6caeb046cb"
     Created binary (application) package
    Updating crates.io index
   Compiling libc v0.2.137
   Compiling cargo-quickbuild-scratchpad v0.1.0 (/private/var/folders/0d/08wbx2j52nx5hjg16cshb8g80000gn/T/cargo-quickbuild-scratchpad/cargo-quickbuild-scratchpad)
    Finished dev [unoptimized + debuginfo] target(s) in 1.48s
wrote to "/Users/admin/tmp/quick/libc-0.2.137-target-5002c2b8292378bd7a3debb834e7a3ce4a04406bcd66a4a433a3ef6caeb046cb.tar"
STARTING BUILD
"once_cell-1.16.0-target-16b9ed9d66092578211afca64bb4d2b7d990b273f708fb9b5250ba1d5bc88beb"
     Created binary (application) package
    Updating crates.io index
   Compiling once_cell v1.16.0
   Compiling cargo-quickbuild-scratchpad v0.1.0 (/private/var/folders/0d/08wbx2j52nx5hjg16cshb8g80000gn/T/cargo-quickbuild-scratchpad/cargo-quickbuild-scratchpad)
    Finished dev [unoptimized + debuginfo] target(s) in 0.45s
wrote to "/Users/admin/tmp/quick/once_cell-1.16.0-target-16b9ed9d66092578211afca64bb4d2b7d990b273f708fb9b5250ba1d5bc88beb.tar"
STARTING BUILD
"os_str_bytes-6.4.1-target-92cf39e14bac2a6e5f15dfbe94e4336ae50e7bb9818505644e234f05a79c40f3"
     Created binary (application) package
    Updating crates.io index
   Compiling os_str_bytes v6.4.1
   Compiling cargo-quickbuild-scratchpad v0.1.0 (/private/var/folders/0d/08wbx2j52nx5hjg16cshb8g80000gn/T/cargo-quickbuild-scratchpad/cargo-quickbuild-scratchpad)
    Finished dev [unoptimized + debuginfo] target(s) in 0.54s
wrote to "/Users/admin/tmp/quick/os_str_bytes-6.4.1-target-92cf39e14bac2a6e5f15dfbe94e4336ae50e7bb9818505644e234f05a79c40f3.tar"
STARTING BUILD
"strsim-0.10.0-target-773b438576b15d362f78284e2a6ff40a0e5d4be8a4c4db1fed7ce5dbfdbccdd1"
     Created binary (application) package
    Updating crates.io index
   Compiling strsim v0.10.0
   Compiling cargo-quickbuild-scratchpad v0.1.0 (/private/var/folders/0d/08wbx2j52nx5hjg16cshb8g80000gn/T/cargo-quickbuild-scratchpad/cargo-quickbuild-scratchpad)
    Finished dev [unoptimized + debuginfo] target(s) in 0.56s
wrote to "/Users/admin/tmp/quick/strsim-0.10.0-target-773b438576b15d362f78284e2a6ff40a0e5d4be8a4c4db1fed7ce5dbfdbccdd1.tar"
STARTING BUILD
"termcolor-1.1.3-target-198f7e01707d8700b622bdaba112edd508a1f88fed5e9b1d3fd064a92d572b4e"
     Created binary (application) package
    Updating crates.io index
   Compiling termcolor v1.1.3
   Compiling cargo-quickbuild-scratchpad v0.1.0 (/private/var/folders/0d/08wbx2j52nx5hjg16cshb8g80000gn/T/cargo-quickbuild-scratchpad/cargo-quickbuild-scratchpad)
    Finished dev [unoptimized + debuginfo] target(s) in 0.56s
wrote to "/Users/admin/tmp/quick/termcolor-1.1.3-target-198f7e01707d8700b622bdaba112edd508a1f88fed5e9b1d3fd064a92d572b4e.tar"
STARTING BUILD
"unicode-ident-1.0.5-host-d70963ae4d473db9d5e30abd057d94218d79f82c569180f1fc4be084e8f6f0e4"
     Created binary (application) package
    Updating crates.io index
   Compiling cargo-quickbuild-scratchpad v0.1.0 (/private/var/folders/0d/08wbx2j52nx5hjg16cshb8g80000gn/T/cargo-quickbuild-scratchpad/cargo-quickbuild-scratchpad)
    Finished dev [unoptimized + debuginfo] target(s) in 0.31s
wrote to "/Users/admin/tmp/quick/unicode-ident-1.0.5-host-d70963ae4d473db9d5e30abd057d94218d79f82c569180f1fc4be084e8f6f0e4.tar"
STARTING BUILD
"unicode-xid-0.2.4-host-36c7cbfb5fc2df2418dfa2f6fb47ef8e7b7fece723926b59224fd6647559e4b6"
     Created binary (application) package
    Updating crates.io index
   Compiling cargo-quickbuild-scratchpad v0.1.0 (/private/var/folders/0d/08wbx2j52nx5hjg16cshb8g80000gn/T/cargo-quickbuild-scratchpad/cargo-quickbuild-scratchpad)
    Finished dev [unoptimized + debuginfo] target(s) in 0.31s
wrote to "/Users/admin/tmp/quick/unicode-xid-0.2.4-host-36c7cbfb5fc2df2418dfa2f6fb47ef8e7b7fece723926b59224fd6647559e4b6.tar"
START OF LEVEL 1
[cargo-quickbuild/src/scheduler.rs:40] &current_level = {
    (
        PackageId {
            name: "atty",
            version: "0.2.14",
            source: "registry `crates-io`",
        },
        BuildFor(
            NormalOrDev,
        ),
    ),
    (
        PackageId {
            name: "clap_lex",
            version: "0.2.4",
            source: "registry `crates-io`",
        },
        BuildFor(
            NormalOrDev,
        ),
    ),
    (
        PackageId {
            name: "errno",
            version: "0.2.8",
            source: "registry `crates-io`",
        },
        BuildFor(
            NormalOrDev,
        ),
    ),
    (
        PackageId {
            name: "indexmap",
            version: "1.9.2",
            source: "registry `crates-io`",
        },
        BuildFor(
            NormalOrDev,
        ),
    ),
    (
        PackageId {
            name: "proc-macro2",
            version: "1.0.47",
            source: "registry `crates-io`",
        },
        BuildFor(
            HostDep,
        ),
    ),
}
STARTING BUILD
"atty-0.2.14-target-fad19f1a00cf86a46493675846fef93c5daa4c20d5aef0cc77eebac61ca3a653"
     Created binary (application) package
    Updating crates.io index
   Compiling atty v0.2.14
   Compiling cargo-quickbuild-scratchpad v0.1.0 (/private/var/folders/0d/08wbx2j52nx5hjg16cshb8g80000gn/T/cargo-quickbuild-scratchpad/cargo-quickbuild-scratchpad)
    Finished dev [unoptimized + debuginfo] target(s) in 0.35s
wrote to "/Users/admin/tmp/quick/atty-0.2.14-target-fad19f1a00cf86a46493675846fef93c5daa4c20d5aef0cc77eebac61ca3a653.tar"
STARTING BUILD
"clap_lex-0.2.4-target-00511ab29cd8ef82a25fdc52883dbfbc5c76b59bddfa22e884506b352436e0b2"
     Created binary (application) package
    Updating crates.io index
   Compiling clap_lex v0.2.4
   Compiling cargo-quickbuild-scratchpad v0.1.0 (/private/var/folders/0d/08wbx2j52nx5hjg16cshb8g80000gn/T/cargo-quickbuild-scratchpad/cargo-quickbuild-scratchpad)
    Finished dev [unoptimized + debuginfo] target(s) in 0.51s
wrote to "/Users/admin/tmp/quick/clap_lex-0.2.4-target-00511ab29cd8ef82a25fdc52883dbfbc5c76b59bddfa22e884506b352436e0b2.tar"
STARTING BUILD
"errno-0.2.8-target-1bdea7e1d86ca98958664113430f66121b8ceffac416c1de13d657ea55029bbf"
     Created binary (application) package
    Updating crates.io index
   Compiling errno v0.2.8
   Compiling cargo-quickbuild-scratchpad v0.1.0 (/private/var/folders/0d/08wbx2j52nx5hjg16cshb8g80000gn/T/cargo-quickbuild-scratchpad/cargo-quickbuild-scratchpad)
    Finished dev [unoptimized + debuginfo] target(s) in 0.36s
wrote to "/Users/admin/tmp/quick/errno-0.2.8-target-1bdea7e1d86ca98958664113430f66121b8ceffac416c1de13d657ea55029bbf.tar"
STARTING BUILD
"indexmap-1.9.2-target-a59f5bf489743d7bdf2ea505ccc61a11d6b1be55206f22482b6ed6bdebaf272f"
     Created binary (application) package
    Updating crates.io index
   Compiling autocfg v1.1.0
   Compiling indexmap v1.9.2
   Compiling cargo-quickbuild-scratchpad v0.1.0 (/private/var/folders/0d/08wbx2j52nx5hjg16cshb8g80000gn/T/cargo-quickbuild-scratchpad/cargo-quickbuild-scratchpad)
    Finished dev [unoptimized + debuginfo] target(s) in 0.97s
wrote to "/Users/admin/tmp/quick/indexmap-1.9.2-target-a59f5bf489743d7bdf2ea505ccc61a11d6b1be55206f22482b6ed6bdebaf272f.tar"
STARTING BUILD
"proc-macro2-1.0.47-host-9e21c50c526b041e94f107b248210dbda6929ec0356a62de660c0b3c6ce96a7e"
     Created binary (application) package
    Updating crates.io index
   Compiling cargo-quickbuild-scratchpad v0.1.0 (/private/var/folders/0d/08wbx2j52nx5hjg16cshb8g80000gn/T/cargo-quickbuild-scratchpad/cargo-quickbuild-scratchpad)
    Finished dev [unoptimized + debuginfo] target(s) in 0.30s
wrote to "/Users/admin/tmp/quick/proc-macro2-1.0.47-host-9e21c50c526b041e94f107b248210dbda6929ec0356a62de660c0b3c6ce96a7e.tar"
START OF LEVEL 2
[cargo-quickbuild/src/scheduler.rs:40] &current_level = {
    (
        PackageId {
            name: "quote",
            version: "1.0.21",
            source: "registry `crates-io`",
        },
        BuildFor(
            HostDep,
        ),
    ),
    (
        PackageId {
            name: "rustix",
            version: "0.35.13",
            source: "registry `crates-io`",
        },
        BuildFor(
            NormalOrDev,
        ),
    ),
}
STARTING BUILD
"quote-1.0.21-host-52ebd68fd3a53e63e7f9aba6454dadcb8afdcb319cab8569a5fcc8019ca208aa"
     Created binary (application) package
    Updating crates.io index
   Compiling cargo-quickbuild-scratchpad v0.1.0 (/private/var/folders/0d/08wbx2j52nx5hjg16cshb8g80000gn/T/cargo-quickbuild-scratchpad/cargo-quickbuild-scratchpad)
    Finished dev [unoptimized + debuginfo] target(s) in 0.31s
wrote to "/Users/admin/tmp/quick/quote-1.0.21-host-52ebd68fd3a53e63e7f9aba6454dadcb8afdcb319cab8569a5fcc8019ca208aa.tar"
STARTING BUILD
"rustix-0.35.13-target-add61b8db550989d8ae9509b636f9c5c8a403a81cae28cf334331582a482a8ed"
     Created binary (application) package
    Updating crates.io index
   Compiling rustix v0.35.13
   Compiling cargo-quickbuild-scratchpad v0.1.0 (/private/var/folders/0d/08wbx2j52nx5hjg16cshb8g80000gn/T/cargo-quickbuild-scratchpad/cargo-quickbuild-scratchpad)
    Finished dev [unoptimized + debuginfo] target(s) in 1.06s
wrote to "/Users/admin/tmp/quick/rustix-0.35.13-target-add61b8db550989d8ae9509b636f9c5c8a403a81cae28cf334331582a482a8ed.tar"
START OF LEVEL 3
[cargo-quickbuild/src/scheduler.rs:40] &current_level = {
    (
        PackageId {
            name: "const_format_proc_macros",
            version: "0.2.29",
            source: "registry `crates-io`",
        },
        BuildFor(
            HostDep,
        ),
    ),
    (
        PackageId {
            name: "syn",
            version: "1.0.103",
            source: "registry `crates-io`",
        },
        BuildFor(
            HostDep,
        ),
    ),
    (
        PackageId {
            name: "terminal_size",
            version: "0.2.2",
            source: "registry `crates-io`",
        },
        BuildFor(
            NormalOrDev,
        ),
    ),
}
STARTING BUILD
"const_format_proc_macros-0.2.29-host-0be5d692df9839668c313ff8383fa6fd4a6556f538d5b01f8bfa16ffb6c9856d"
     Created binary (application) package
    Updating crates.io index
   Compiling cargo-quickbuild-scratchpad v0.1.0 (/private/var/folders/0d/08wbx2j52nx5hjg16cshb8g80000gn/T/cargo-quickbuild-scratchpad/cargo-quickbuild-scratchpad)
    Finished dev [unoptimized + debuginfo] target(s) in 0.29s
wrote to "/Users/admin/tmp/quick/const_format_proc_macros-0.2.29-host-0be5d692df9839668c313ff8383fa6fd4a6556f538d5b01f8bfa16ffb6c9856d.tar"
STARTING BUILD
"syn-1.0.103-host-7b244c1aa1de6c97539b84c852452f38719f19f0e8ea0be5d24f01a8abf41d6a"
     Created binary (application) package
    Updating crates.io index
   Compiling cargo-quickbuild-scratchpad v0.1.0 (/private/var/folders/0d/08wbx2j52nx5hjg16cshb8g80000gn/T/cargo-quickbuild-scratchpad/cargo-quickbuild-scratchpad)
    Finished dev [unoptimized + debuginfo] target(s) in 0.30s
wrote to "/Users/admin/tmp/quick/syn-1.0.103-host-7b244c1aa1de6c97539b84c852452f38719f19f0e8ea0be5d24f01a8abf41d6a.tar"
STARTING BUILD
"terminal_size-0.2.2-target-ddfec549bf32fd3f9f7c0c169289af92e61097c76f5e103090d335af4595481d"
     Created binary (application) package
    Updating crates.io index
   Compiling terminal_size v0.2.2
   Compiling cargo-quickbuild-scratchpad v0.1.0 (/private/var/folders/0d/08wbx2j52nx5hjg16cshb8g80000gn/T/cargo-quickbuild-scratchpad/cargo-quickbuild-scratchpad)
    Finished dev [unoptimized + debuginfo] target(s) in 0.37s
wrote to "/Users/admin/tmp/quick/terminal_size-0.2.2-target-ddfec549bf32fd3f9f7c0c169289af92e61097c76f5e103090d335af4595481d.tar"
START OF LEVEL 4
[cargo-quickbuild/src/scheduler.rs:40] &current_level = {
    (
        PackageId {
            name: "const_format",
            version: "0.2.30",
            source: "registry `crates-io`",
        },
        BuildFor(
            NormalOrDev,
        ),
    ),
    (
        PackageId {
            name: "textwrap",
            version: "0.16.0",
            source: "registry `crates-io`",
        },
        BuildFor(
            NormalOrDev,
        ),
    ),
    (
        PackageId {
            name: "thiserror-impl",
            version: "1.0.37",
            source: "registry `crates-io`",
        },
        BuildFor(
            HostDep,
        ),
    ),
}
STARTING BUILD
"const_format-0.2.30-target-f639faa47d0c3681b7a8b3b0f703c5d3a3c2dda190760613ed85aa039cfa80b5"
     Created binary (application) package
    Updating crates.io index
   Compiling proc-macro2 v1.0.47
   Compiling unicode-ident v1.0.5
   Compiling quote v1.0.21
   Compiling unicode-xid v0.2.4
   Compiling const_format_proc_macros v0.2.29
   Compiling const_format v0.2.30
   Compiling cargo-quickbuild-scratchpad v0.1.0 (/private/var/folders/0d/08wbx2j52nx5hjg16cshb8g80000gn/T/cargo-quickbuild-scratchpad/cargo-quickbuild-scratchpad)
    Finished dev [unoptimized + debuginfo] target(s) in 2.50s
wrote to "/Users/admin/tmp/quick/const_format-0.2.30-target-f639faa47d0c3681b7a8b3b0f703c5d3a3c2dda190760613ed85aa039cfa80b5.tar"
STARTING BUILD
"textwrap-0.16.0-target-e6409df6ce5070652ae66e85c457f6af9259652befafd30ec54ae42447e443a9"
     Created binary (application) package
    Updating crates.io index
   Compiling textwrap v0.16.0
   Compiling cargo-quickbuild-scratchpad v0.1.0 (/private/var/folders/0d/08wbx2j52nx5hjg16cshb8g80000gn/T/cargo-quickbuild-scratchpad/cargo-quickbuild-scratchpad)
    Finished dev [unoptimized + debuginfo] target(s) in 0.65s
wrote to "/Users/admin/tmp/quick/textwrap-0.16.0-target-e6409df6ce5070652ae66e85c457f6af9259652befafd30ec54ae42447e443a9.tar"
STARTING BUILD
"thiserror-impl-1.0.37-host-d3720cfcf808967cc383c49fc2c604eb133ecc02352fbdac2e9b83c6c5679ebb"
     Created binary (application) package
    Updating crates.io index
   Compiling cargo-quickbuild-scratchpad v0.1.0 (/private/var/folders/0d/08wbx2j52nx5hjg16cshb8g80000gn/T/cargo-quickbuild-scratchpad/cargo-quickbuild-scratchpad)
    Finished dev [unoptimized + debuginfo] target(s) in 0.30s
wrote to "/Users/admin/tmp/quick/thiserror-impl-1.0.37-host-d3720cfcf808967cc383c49fc2c604eb133ecc02352fbdac2e9b83c6c5679ebb.tar"
START OF LEVEL 5
[cargo-quickbuild/src/scheduler.rs:40] &current_level = {
    (
        PackageId {
            name: "clap",
            version: "3.2.23",
            source: "registry `crates-io`",
        },
        BuildFor(
            NormalOrDev,
        ),
    ),
    (
        PackageId {
            name: "thiserror",
            version: "1.0.37",
            source: "registry `crates-io`",
        },
        BuildFor(
            NormalOrDev,
        ),
    ),
}
STARTING BUILD
"clap-3.2.23-target-abe0000940e6feaee3e6db61cc9b74b0c3a0a31833fded58423592ac03098059"
     Created binary (application) package
    Updating crates.io index
   Compiling clap v3.2.23
   Compiling cargo-quickbuild-scratchpad v0.1.0 (/private/var/folders/0d/08wbx2j52nx5hjg16cshb8g80000gn/T/cargo-quickbuild-scratchpad/cargo-quickbuild-scratchpad)
    Finished dev [unoptimized + debuginfo] target(s) in 3.93s
wrote to "/Users/admin/tmp/quick/clap-3.2.23-target-abe0000940e6feaee3e6db61cc9b74b0c3a0a31833fded58423592ac03098059.tar"
STARTING BUILD
"thiserror-1.0.37-target-716ec1d7e167122f495a654ed0b9e6031518198105998fb2aaea9a0041205eb1"
     Created binary (application) package
    Updating crates.io index
   Compiling proc-macro2 v1.0.47
   Compiling quote v1.0.21
   Compiling unicode-ident v1.0.5
   Compiling syn v1.0.103
   Compiling thiserror v1.0.37
   Compiling thiserror-impl v1.0.37
   Compiling cargo-quickbuild-scratchpad v0.1.0 (/private/var/folders/0d/08wbx2j52nx5hjg16cshb8g80000gn/T/cargo-quickbuild-scratchpad/cargo-quickbuild-scratchpad)
    Finished dev [unoptimized + debuginfo] target(s) in 5.23s
wrote to "/Users/admin/tmp/quick/thiserror-1.0.37-target-716ec1d7e167122f495a654ed0b9e6031518198105998fb2aaea9a0041205eb1.tar"
START OF LEVEL 6
[cargo-quickbuild/src/scheduler.rs:40] &current_level = {
    (
        PackageId {
            name: "hexyl",
            version: "0.10.0",
            source: "registry `crates-io`",
        },
        BuildFor(
            NormalOrDev,
        ),
    ),
}
🎉 We're done here 🎉
2022-11-22 15:37:40.352724029 != 2022-11-22 15:37:31.023653154 for "target/debug/.fingerprint/proc-macro2-d645067aeca53313/run-build-script-build-script-build.json" ("/var/folders/0d/08wbx2j52nx5hjg16cshb8g80000gn/T/cargo-quickbuild-install-scratchpad/target/debug/.fingerprint/proc-macro2-d645067aeca53313/run-build-script-build-script-build.json"):
(mtime != on_disk_mtime. now = 2022-11-22 15:37:44.934092 UTC)
contents identical
2022-11-22 15:37:40.349390029 != 2022-11-22 15:37:31.023577904 for "target/debug/.fingerprint/proc-macro2-d645067aeca53313/run-build-script-build-script-build" ("/var/folders/0d/08wbx2j52nx5hjg16cshb8g80000gn/T/cargo-quickbuild-install-scratchpad/target/debug/.fingerprint/proc-macro2-d645067aeca53313/run-build-script-build-script-build"):
(mtime != on_disk_mtime. now = 2022-11-22 15:37:44.934272 UTC)
contents identical
2022-11-22 15:37:40.391934779 != 2022-11-22 15:37:31.058414696 for "target/debug/.fingerprint/quote-6e81f9e3a90f4555/run-build-script-build-script-build.json" ("/var/folders/0d/08wbx2j52nx5hjg16cshb8g80000gn/T/cargo-quickbuild-install-scratchpad/target/debug/.fingerprint/quote-6e81f9e3a90f4555/run-build-script-build-script-build.json"):
(mtime != on_disk_mtime. now = 2022-11-22 15:37:44.934444 UTC)
contents identical
2022-11-22 15:37:40.391876154 != 2022-11-22 15:37:31.058332237 for "target/debug/.fingerprint/quote-6e81f9e3a90f4555/run-build-script-build-script-build" ("/var/folders/0d/08wbx2j52nx5hjg16cshb8g80000gn/T/cargo-quickbuild-install-scratchpad/target/debug/.fingerprint/quote-6e81f9e3a90f4555/run-build-script-build-script-build"):
(mtime != on_disk_mtime. now = 2022-11-22 15:37:44.934642 UTC)
contents identical
2022-11-22 15:37:39.586245571 != 2022-11-22 15:37:30.721280696 for "target/debug/.fingerprint/quote-09a3cb1cafefdca2/dep-build-script-build-script-build" ("/var/folders/0d/08wbx2j52nx5hjg16cshb8g80000gn/T/cargo-quickbuild-install-scratchpad/target/debug/.fingerprint/quote-09a3cb1cafefdca2/dep-build-script-build-script-build"):
(mtime != on_disk_mtime. now = 2022-11-22 15:37:44.935832 UTC)
contents identical
2022-11-22 15:37:39.586245571 != 2022-11-22 15:37:30.721280696 for "target/debug/.fingerprint/quote-09a3cb1cafefdca2/invoked.timestamp" ("/var/folders/0d/08wbx2j52nx5hjg16cshb8g80000gn/T/cargo-quickbuild-install-scratchpad/target/debug/.fingerprint/quote-09a3cb1cafefdca2/invoked.timestamp"):
(mtime != on_disk_mtime. now = 2022-11-22 15:37:44.935989 UTC)
contents identical
2022-11-22 15:37:39.801335487 != 2022-11-22 15:37:30.917581404 for "target/debug/.fingerprint/quote-09a3cb1cafefdca2/build-script-build-script-build.json" ("/var/folders/0d/08wbx2j52nx5hjg16cshb8g80000gn/T/cargo-quickbuild-install-scratchpad/target/debug/.fingerprint/quote-09a3cb1cafefdca2/build-script-build-script-build.json"):
(mtime != on_disk_mtime. now = 2022-11-22 15:37:44.936230 UTC)
contents identical
2022-11-22 15:37:39.801251445 != 2022-11-22 15:37:30.917515112 for "target/debug/.fingerprint/quote-09a3cb1cafefdca2/build-script-build-script-build" ("/var/folders/0d/08wbx2j52nx5hjg16cshb8g80000gn/T/cargo-quickbuild-install-scratchpad/target/debug/.fingerprint/quote-09a3cb1cafefdca2/build-script-build-script-build"):
(mtime != on_disk_mtime. now = 2022-11-22 15:37:44.936388 UTC)
contents identical
2022-11-22 15:37:39.801565195 != 2022-11-22 15:37:30.652869487 for "target/debug/.fingerprint/unicode-ident-ff0b86005d37fb28/dep-lib-unicode-ident" ("/var/folders/0d/08wbx2j52nx5hjg16cshb8g80000gn/T/cargo-quickbuild-install-scratchpad/target/debug/.fingerprint/unicode-ident-ff0b86005d37fb28/dep-lib-unicode-ident"):
(mtime != on_disk_mtime. now = 2022-11-22 15:37:44.936551 UTC)
contents identical
2022-11-22 15:37:39.877367445 != 2022-11-22 15:37:30.721084112 for "target/debug/.fingerprint/unicode-ident-ff0b86005d37fb28/lib-unicode-ident.json" ("/var/folders/0d/08wbx2j52nx5hjg16cshb8g80000gn/T/cargo-quickbuild-install-scratchpad/target/debug/.fingerprint/unicode-ident-ff0b86005d37fb28/lib-unicode-ident.json"):
(mtime != on_disk_mtime. now = 2022-11-22 15:37:44.936694 UTC)
contents identical
2022-11-22 15:37:39.877289487 != 2022-11-22 15:37:30.720999987 for "target/debug/.fingerprint/unicode-ident-ff0b86005d37fb28/lib-unicode-ident" ("/var/folders/0d/08wbx2j52nx5hjg16cshb8g80000gn/T/cargo-quickbuild-install-scratchpad/target/debug/.fingerprint/unicode-ident-ff0b86005d37fb28/lib-unicode-ident"):
(mtime != on_disk_mtime. now = 2022-11-22 15:37:44.936911 UTC)
contents identical
2022-11-22 15:37:39.801565195 != 2022-11-22 15:37:30.652869487 for "target/debug/.fingerprint/unicode-ident-ff0b86005d37fb28/invoked.timestamp" ("/var/folders/0d/08wbx2j52nx5hjg16cshb8g80000gn/T/cargo-quickbuild-install-scratchpad/target/debug/.fingerprint/unicode-ident-ff0b86005d37fb28/invoked.timestamp"):
(mtime != on_disk_mtime. now = 2022-11-22 15:37:44.937071 UTC)
contents identical
2022-11-22 15:37:39.353026654 != 2022-11-22 15:37:30.430406446 for "target/debug/.fingerprint/proc-macro2-85c02889416fc25d/dep-build-script-build-script-build" ("/var/folders/0d/08wbx2j52nx5hjg16cshb8g80000gn/T/cargo-quickbuild-install-scratchpad/target/debug/.fingerprint/proc-macro2-85c02889416fc25d/dep-build-script-build-script-build"):
(mtime != on_disk_mtime. now = 2022-11-22 15:37:44.937801 UTC)
contents identical
2022-11-22 15:37:39.353026654 != 2022-11-22 15:37:30.430406446 for "target/debug/.fingerprint/proc-macro2-85c02889416fc25d/invoked.timestamp" ("/var/folders/0d/08wbx2j52nx5hjg16cshb8g80000gn/T/cargo-quickbuild-install-scratchpad/target/debug/.fingerprint/proc-macro2-85c02889416fc25d/invoked.timestamp"):
(mtime != on_disk_mtime. now = 2022-11-22 15:37:44.937947 UTC)
contents identical
2022-11-22 15:37:39.585964946 != 2022-11-22 15:37:30.652576487 for "target/debug/.fingerprint/proc-macro2-85c02889416fc25d/build-script-build-script-build.json" ("/var/folders/0d/08wbx2j52nx5hjg16cshb8g80000gn/T/cargo-quickbuild-install-scratchpad/target/debug/.fingerprint/proc-macro2-85c02889416fc25d/build-script-build-script-build.json"):
(mtime != on_disk_mtime. now = 2022-11-22 15:37:44.938089 UTC)
contents identical
2022-11-22 15:37:39.585895529 != 2022-11-22 15:37:30.652505904 for "target/debug/.fingerprint/proc-macro2-85c02889416fc25d/build-script-build-script-build" ("/var/folders/0d/08wbx2j52nx5hjg16cshb8g80000gn/T/cargo-quickbuild-install-scratchpad/target/debug/.fingerprint/proc-macro2-85c02889416fc25d/build-script-build-script-build"):
(mtime != on_disk_mtime. now = 2022-11-22 15:37:44.938238 UTC)
contents identical
2022-11-22 15:37:41.248835945 != 2022-11-22 15:37:31.774072112 for "target/debug/.fingerprint/quote-ed88a5954100c1b3/lib-quote" ("/var/folders/0d/08wbx2j52nx5hjg16cshb8g80000gn/T/cargo-quickbuild-install-scratchpad/target/debug/.fingerprint/quote-ed88a5954100c1b3/lib-quote"):
(mtime != on_disk_mtime. now = 2022-11-22 15:37:44.938416 UTC)
contents identical
2022-11-22 15:37:40.995646987 != 2022-11-22 15:37:31.554165195 for "target/debug/.fingerprint/quote-ed88a5954100c1b3/dep-lib-quote" ("/var/folders/0d/08wbx2j52nx5hjg16cshb8g80000gn/T/cargo-quickbuild-install-scratchpad/target/debug/.fingerprint/quote-ed88a5954100c1b3/dep-lib-quote"):
(mtime != on_disk_mtime. now = 2022-11-22 15:37:44.938563 UTC)
contents identical
2022-11-22 15:37:41.248896695 != 2022-11-22 15:37:31.774137779 for "target/debug/.fingerprint/quote-ed88a5954100c1b3/lib-quote.json" ("/var/folders/0d/08wbx2j52nx5hjg16cshb8g80000gn/T/cargo-quickbuild-install-scratchpad/target/debug/.fingerprint/quote-ed88a5954100c1b3/lib-quote.json"):
(mtime != on_disk_mtime. now = 2022-11-22 15:37:44.938710 UTC)
contents identical
2022-11-22 15:37:40.995646987 != 2022-11-22 15:37:31.554165195 for "target/debug/.fingerprint/quote-ed88a5954100c1b3/invoked.timestamp" ("/var/folders/0d/08wbx2j52nx5hjg16cshb8g80000gn/T/cargo-quickbuild-install-scratchpad/target/debug/.fingerprint/quote-ed88a5954100c1b3/invoked.timestamp"):
(mtime != on_disk_mtime. now = 2022-11-22 15:37:44.938853 UTC)
contents identical
2022-11-22 15:37:40.483814737 != 2022-11-22 15:37:31.058604945 for "target/debug/.fingerprint/proc-macro2-8d7bc903105fd413/dep-lib-proc-macro2" ("/var/folders/0d/08wbx2j52nx5hjg16cshb8g80000gn/T/cargo-quickbuild-install-scratchpad/target/debug/.fingerprint/proc-macro2-8d7bc903105fd413/dep-lib-proc-macro2"):
(mtime != on_disk_mtime. now = 2022-11-22 15:37:44.939008 UTC)
contents identical
2022-11-22 15:37:40.995440945 != 2022-11-22 15:37:31.553955404 for "target/debug/.fingerprint/proc-macro2-8d7bc903105fd413/lib-proc-macro2.json" ("/var/folders/0d/08wbx2j52nx5hjg16cshb8g80000gn/T/cargo-quickbuild-install-scratchpad/target/debug/.fingerprint/proc-macro2-8d7bc903105fd413/lib-proc-macro2.json"):
(mtime != on_disk_mtime. now = 2022-11-22 15:37:44.939333 UTC)
contents identical
2022-11-22 15:37:40.483814737 != 2022-11-22 15:37:31.058604945 for "target/debug/.fingerprint/proc-macro2-8d7bc903105fd413/invoked.timestamp" ("/var/folders/0d/08wbx2j52nx5hjg16cshb8g80000gn/T/cargo-quickbuild-install-scratchpad/target/debug/.fingerprint/proc-macro2-8d7bc903105fd413/invoked.timestamp"):
(mtime != on_disk_mtime. now = 2022-11-22 15:37:44.939507 UTC)
contents identical
2022-11-22 15:37:40.995374279 != 2022-11-22 15:37:31.553894987 for "target/debug/.fingerprint/proc-macro2-8d7bc903105fd413/lib-proc-macro2" ("/var/folders/0d/08wbx2j52nx5hjg16cshb8g80000gn/T/cargo-quickbuild-install-scratchpad/target/debug/.fingerprint/proc-macro2-8d7bc903105fd413/lib-proc-macro2"):
(mtime != on_disk_mtime. now = 2022-11-22 15:37:44.939644 UTC)
contents identical
2022-11-22 15:37:40.991966279 != 2022-11-22 15:37:31.550449154 for "target/debug/deps/libproc_macro2-8d7bc903105fd413.rlib" ("/var/folders/0d/08wbx2j52nx5hjg16cshb8g80000gn/T/cargo-quickbuild-install-scratchpad/target/debug/deps/libproc_macro2-8d7bc903105fd413.rlib"):
(mtime != on_disk_mtime. now = 2022-11-22 15:37:44.941906 UTC)
contents identical
2022-11-22 15:37:41.246026112 != 2022-11-22 15:37:31.771308945 for "target/debug/deps/libquote-ed88a5954100c1b3.rlib" ("/var/folders/0d/08wbx2j52nx5hjg16cshb8g80000gn/T/cargo-quickbuild-install-scratchpad/target/debug/deps/libquote-ed88a5954100c1b3.rlib"):
(mtime != on_disk_mtime. now = 2022-11-22 15:37:44.943215 UTC)
contents identical
2022-11-22 15:37:40.687669862 != 2022-11-22 15:37:31.256910071 for "target/debug/deps/libproc_macro2-8d7bc903105fd413.rmeta" ("/var/folders/0d/08wbx2j52nx5hjg16cshb8g80000gn/T/cargo-quickbuild-install-scratchpad/target/debug/deps/libproc_macro2-8d7bc903105fd413.rmeta"):
(mtime != on_disk_mtime. now = 2022-11-22 15:37:44.973677 UTC)
contents identical
2022-11-22 15:37:41.098158904 != 2022-11-22 15:37:31.655604820 for "target/debug/deps/libquote-ed88a5954100c1b3.rmeta" ("/var/folders/0d/08wbx2j52nx5hjg16cshb8g80000gn/T/cargo-quickbuild-install-scratchpad/target/debug/deps/libquote-ed88a5954100c1b3.rmeta"):
(mtime != on_disk_mtime. now = 2022-11-22 15:37:44.975712 UTC)
contents identical
2022-11-22 15:37:40.535449029 != 2022-11-22 15:37:31.106659654 for "target/debug/deps/proc_macro2-8d7bc903105fd413.d" ("/var/folders/0d/08wbx2j52nx5hjg16cshb8g80000gn/T/cargo-quickbuild-install-scratchpad/target/debug/deps/proc_macro2-8d7bc903105fd413.d"):
(mtime != on_disk_mtime. now = 2022-11-22 15:37:44.976045 UTC)
contents identical
2022-11-22 15:37:41.039152737 != 2022-11-22 15:37:31.597517029 for "target/debug/deps/quote-ed88a5954100c1b3.d" ("/var/folders/0d/08wbx2j52nx5hjg16cshb8g80000gn/T/cargo-quickbuild-install-scratchpad/target/debug/deps/quote-ed88a5954100c1b3.d"):
(mtime != on_disk_mtime. now = 2022-11-22 15:37:44.984591 UTC)
contents identical
2022-11-22 15:37:39.847303987 != 2022-11-22 15:37:30.692078070 for "target/debug/deps/unicode_ident-ff0b86005d37fb28.d" ("/var/folders/0d/08wbx2j52nx5hjg16cshb8g80000gn/T/cargo-quickbuild-install-scratchpad/target/debug/deps/unicode_ident-ff0b86005d37fb28.d"):
(mtime != on_disk_mtime. now = 2022-11-22 15:37:44.988577 UTC)
contents identical
2022-11-22 15:37:39.875431196 != 2022-11-22 15:37:30.719172487 for "target/debug/deps/libunicode_ident-ff0b86005d37fb28.rlib" ("/var/folders/0d/08wbx2j52nx5hjg16cshb8g80000gn/T/cargo-quickbuild-install-scratchpad/target/debug/deps/libunicode_ident-ff0b86005d37fb28.rlib"):
(mtime != on_disk_mtime. now = 2022-11-22 15:37:44.992060 UTC)
contents identical
2022-11-22 15:37:39.863657154 != 2022-11-22 15:37:30.706578695 for "target/debug/deps/libunicode_ident-ff0b86005d37fb28.rmeta" ("/var/folders/0d/08wbx2j52nx5hjg16cshb8g80000gn/T/cargo-quickbuild-install-scratchpad/target/debug/deps/libunicode_ident-ff0b86005d37fb28.rmeta"):
(mtime != on_disk_mtime. now = 2022-11-22 15:37:44.992680 UTC)
contents identical
2022-11-22 15:37:40.349221029 != 2022-11-22 15:37:31.023331071 for "target/debug/build/proc-macro2-d645067aeca53313/stderr" ("/var/folders/0d/08wbx2j52nx5hjg16cshb8g80000gn/T/cargo-quickbuild-install-scratchpad/target/debug/build/proc-macro2-d645067aeca53313/stderr"):
(mtime != on_disk_mtime. now = 2022-11-22 15:37:45.005422 UTC)
contents identical
2022-11-22 15:37:40.304290779 != 2022-11-22 15:37:30.984541779 for "target/debug/build/proc-macro2-d645067aeca53313/output" ("/var/folders/0d/08wbx2j52nx5hjg16cshb8g80000gn/T/cargo-quickbuild-install-scratchpad/target/debug/build/proc-macro2-d645067aeca53313/output"):
(mtime != on_disk_mtime. now = 2022-11-22 15:37:45.005666 UTC)
contents identical
2022-11-22 15:37:40.349279904 != 2022-11-22 15:37:31.023387695 for "target/debug/build/proc-macro2-d645067aeca53313/root-output" ("/var/folders/0d/08wbx2j52nx5hjg16cshb8g80000gn/T/cargo-quickbuild-install-scratchpad/target/debug/build/proc-macro2-d645067aeca53313/root-output"):
(mtime != on_disk_mtime. now = 2022-11-22 15:37:45.005907 UTC)
contents identical
2022-11-22 15:37:40.304290779 != 2022-11-22 15:37:30.984541779 for "target/debug/build/proc-macro2-d645067aeca53313/invoked.timestamp" ("/var/folders/0d/08wbx2j52nx5hjg16cshb8g80000gn/T/cargo-quickbuild-install-scratchpad/target/debug/build/proc-macro2-d645067aeca53313/invoked.timestamp"):
(mtime != on_disk_mtime. now = 2022-11-22 15:37:45.006104 UTC)
contents identical
2022-11-22 15:37:40.391708404 != 2022-11-22 15:37:31.058119195 for "target/debug/build/quote-6e81f9e3a90f4555/stderr" ("/var/folders/0d/08wbx2j52nx5hjg16cshb8g80000gn/T/cargo-quickbuild-install-scratchpad/target/debug/build/quote-6e81f9e3a90f4555/stderr"):
(mtime != on_disk_mtime. now = 2022-11-22 15:37:45.006276 UTC)
contents identical
2022-11-22 15:37:40.352962987 != 2022-11-22 15:37:31.023915112 for "target/debug/build/quote-6e81f9e3a90f4555/output" ("/var/folders/0d/08wbx2j52nx5hjg16cshb8g80000gn/T/cargo-quickbuild-install-scratchpad/target/debug/build/quote-6e81f9e3a90f4555/output"):
(mtime != on_disk_mtime. now = 2022-11-22 15:37:45.006431 UTC)
contents identical
2022-11-22 15:37:40.391771320 != 2022-11-22 15:37:31.058185029 for "target/debug/build/quote-6e81f9e3a90f4555/root-output" ("/var/folders/0d/08wbx2j52nx5hjg16cshb8g80000gn/T/cargo-quickbuild-install-scratchpad/target/debug/build/quote-6e81f9e3a90f4555/root-output"):
(mtime != on_disk_mtime. now = 2022-11-22 15:37:45.006604 UTC)
contents identical
2022-11-22 15:37:40.352962987 != 2022-11-22 15:37:31.023915112 for "target/debug/build/quote-6e81f9e3a90f4555/invoked.timestamp" ("/var/folders/0d/08wbx2j52nx5hjg16cshb8g80000gn/T/cargo-quickbuild-install-scratchpad/target/debug/build/quote-6e81f9e3a90f4555/invoked.timestamp"):
(mtime != on_disk_mtime. now = 2022-11-22 15:37:45.006798 UTC)
contents identical
2022-11-22 15:37:39.665774779 != 2022-11-22 15:37:30.798441071 for "target/debug/build/quote-09a3cb1cafefdca2/build_script_build-09a3cb1cafefdca2.build_script_build.79cbfc90-cgu.13.rcgu.o" ("/var/folders/0d/08wbx2j52nx5hjg16cshb8g80000gn/T/cargo-quickbuild-install-scratchpad/target/debug/build/quote-09a3cb1cafefdca2/build_script_build-09a3cb1cafefdca2.build_script_build.79cbfc90-cgu.13.rcgu.o"):
(mtime != on_disk_mtime. now = 2022-11-22 15:37:45.014547 UTC)
contents identical
2022-11-22 15:37:39.623530779 != 2022-11-22 15:37:30.758010904 for "target/debug/build/quote-09a3cb1cafefdca2/build_script_build-09a3cb1cafefdca2.d" ("/var/folders/0d/08wbx2j52nx5hjg16cshb8g80000gn/T/cargo-quickbuild-install-scratchpad/target/debug/build/quote-09a3cb1cafefdca2/build_script_build-09a3cb1cafefdca2.d"):
(mtime != on_disk_mtime. now = 2022-11-22 15:37:45.014762 UTC)
contents identical
2022-11-22 15:37:39.661002737 != 2022-11-22 15:37:30.793835487 for "target/debug/build/quote-09a3cb1cafefdca2/build_script_build-09a3cb1cafefdca2.build_script_build.79cbfc90-cgu.1.rcgu.o" ("/var/folders/0d/08wbx2j52nx5hjg16cshb8g80000gn/T/cargo-quickbuild-install-scratchpad/target/debug/build/quote-09a3cb1cafefdca2/build_script_build-09a3cb1cafefdca2.build_script_build.79cbfc90-cgu.1.rcgu.o"):
(mtime != on_disk_mtime. now = 2022-11-22 15:37:45.014973 UTC)
contents identical
2022-11-22 15:37:39.695455737 != 2022-11-22 15:37:30.823958571 for "target/debug/build/quote-09a3cb1cafefdca2/build_script_build-09a3cb1cafefdca2.build_script_build.79cbfc90-cgu.3.rcgu.o" ("/var/folders/0d/08wbx2j52nx5hjg16cshb8g80000gn/T/cargo-quickbuild-install-scratchpad/target/debug/build/quote-09a3cb1cafefdca2/build_script_build-09a3cb1cafefdca2.build_script_build.79cbfc90-cgu.3.rcgu.o"):
(mtime != on_disk_mtime. now = 2022-11-22 15:37:45.015186 UTC)
contents identical
2022-11-22 15:37:39.689741862 != 2022-11-22 15:37:30.818691612 for "target/debug/build/quote-09a3cb1cafefdca2/build_script_build-09a3cb1cafefdca2.build_script_build.79cbfc90-cgu.11.rcgu.o" ("/var/folders/0d/08wbx2j52nx5hjg16cshb8g80000gn/T/cargo-quickbuild-install-scratchpad/target/debug/build/quote-09a3cb1cafefdca2/build_script_build-09a3cb1cafefdca2.build_script_build.79cbfc90-cgu.11.rcgu.o"):
(mtime != on_disk_mtime. now = 2022-11-22 15:37:45.015385 UTC)
contents identical
2022-11-22 15:37:39.791068529 != 2022-11-22 15:37:30.914171654 for "target/debug/build/quote-09a3cb1cafefdca2/build_script_build-09a3cb1cafefdca2" ("/var/folders/0d/08wbx2j52nx5hjg16cshb8g80000gn/T/cargo-quickbuild-install-scratchpad/target/debug/build/quote-09a3cb1cafefdca2/build_script_build-09a3cb1cafefdca2"):
(mtime != on_disk_mtime. now = 2022-11-22 15:37:45.015686 UTC)
contents identical
2022-11-22 15:37:39.717764945 != 2022-11-22 15:37:30.846429612 for "target/debug/build/quote-09a3cb1cafefdca2/build_script_build-09a3cb1cafefdca2.build_script_build.79cbfc90-cgu.7.rcgu.o" ("/var/folders/0d/08wbx2j52nx5hjg16cshb8g80000gn/T/cargo-quickbuild-install-scratchpad/target/debug/build/quote-09a3cb1cafefdca2/build_script_build-09a3cb1cafefdca2.build_script_build.79cbfc90-cgu.7.rcgu.o"):
(mtime != on_disk_mtime. now = 2022-11-22 15:37:45.016344 UTC)
contents identical
2022-11-22 15:37:39.707748695 != 2022-11-22 15:37:30.836026946 for "target/debug/build/quote-09a3cb1cafefdca2/build_script_build-09a3cb1cafefdca2.build_script_build.79cbfc90-cgu.15.rcgu.o" ("/var/folders/0d/08wbx2j52nx5hjg16cshb8g80000gn/T/cargo-quickbuild-install-scratchpad/target/debug/build/quote-09a3cb1cafefdca2/build_script_build-09a3cb1cafefdca2.build_script_build.79cbfc90-cgu.15.rcgu.o"):
(mtime != on_disk_mtime. now = 2022-11-22 15:37:45.016612 UTC)
contents identical
2022-11-22 15:37:39.729703487 != 2022-11-22 15:37:30.857727654 for "target/debug/build/quote-09a3cb1cafefdca2/build_script_build-09a3cb1cafefdca2.build_script_build.79cbfc90-cgu.5.rcgu.o" ("/var/folders/0d/08wbx2j52nx5hjg16cshb8g80000gn/T/cargo-quickbuild-install-scratchpad/target/debug/build/quote-09a3cb1cafefdca2/build_script_build-09a3cb1cafefdca2.build_script_build.79cbfc90-cgu.5.rcgu.o"):
(mtime != on_disk_mtime. now = 2022-11-22 15:37:45.016811 UTC)
contents identical
2022-11-22 15:37:39.700552737 != 2022-11-22 15:37:30.829070737 for "target/debug/build/quote-09a3cb1cafefdca2/build_script_build-09a3cb1cafefdca2.build_script_build.79cbfc90-cgu.9.rcgu.o" ("/var/folders/0d/08wbx2j52nx5hjg16cshb8g80000gn/T/cargo-quickbuild-install-scratchpad/target/debug/build/quote-09a3cb1cafefdca2/build_script_build-09a3cb1cafefdca2.build_script_build.79cbfc90-cgu.9.rcgu.o"):
(mtime != on_disk_mtime. now = 2022-11-22 15:37:45.017043 UTC)
contents identical
2022-11-22 15:37:39.649033154 != 2022-11-22 15:37:30.780753404 for "target/debug/build/quote-09a3cb1cafefdca2/build_script_build-09a3cb1cafefdca2.build_script_build.79cbfc90-cgu.0.rcgu.o" ("/var/folders/0d/08wbx2j52nx5hjg16cshb8g80000gn/T/cargo-quickbuild-install-scratchpad/target/debug/build/quote-09a3cb1cafefdca2/build_script_build-09a3cb1cafefdca2.build_script_build.79cbfc90-cgu.0.rcgu.o"):
(mtime != on_disk_mtime. now = 2022-11-22 15:37:45.017338 UTC)
contents identical
2022-11-22 15:37:39.677368404 != 2022-11-22 15:37:30.809522904 for "target/debug/build/quote-09a3cb1cafefdca2/build_script_build-09a3cb1cafefdca2.build_script_build.79cbfc90-cgu.12.rcgu.o" ("/var/folders/0d/08wbx2j52nx5hjg16cshb8g80000gn/T/cargo-quickbuild-install-scratchpad/target/debug/build/quote-09a3cb1cafefdca2/build_script_build-09a3cb1cafefdca2.build_script_build.79cbfc90-cgu.12.rcgu.o"):
(mtime != on_disk_mtime. now = 2022-11-22 15:37:45.017553 UTC)
contents identical
2022-11-22 15:37:39.711557237 != 2022-11-22 15:37:30.839983654 for "target/debug/build/quote-09a3cb1cafefdca2/build_script_build-09a3cb1cafefdca2.build_script_build.79cbfc90-cgu.10.rcgu.o" ("/var/folders/0d/08wbx2j52nx5hjg16cshb8g80000gn/T/cargo-quickbuild-install-scratchpad/target/debug/build/quote-09a3cb1cafefdca2/build_script_build-09a3cb1cafefdca2.build_script_build.79cbfc90-cgu.10.rcgu.o"):
(mtime != on_disk_mtime. now = 2022-11-22 15:37:45.017755 UTC)
contents identical
2022-11-22 15:37:39.684929029 != 2022-11-22 15:37:30.814300820 for "target/debug/build/quote-09a3cb1cafefdca2/build_script_build-09a3cb1cafefdca2.build_script_build.79cbfc90-cgu.2.rcgu.o" ("/var/folders/0d/08wbx2j52nx5hjg16cshb8g80000gn/T/cargo-quickbuild-install-scratchpad/target/debug/build/quote-09a3cb1cafefdca2/build_script_build-09a3cb1cafefdca2.build_script_build.79cbfc90-cgu.2.rcgu.o"):
(mtime != on_disk_mtime. now = 2022-11-22 15:37:45.017996 UTC)
contents identical
2022-11-22 15:37:39.653605737 != 2022-11-22 15:37:30.785458987 for "target/debug/build/quote-09a3cb1cafefdca2/build_script_build-09a3cb1cafefdca2.build_script_build.79cbfc90-cgu.14.rcgu.o" ("/var/folders/0d/08wbx2j52nx5hjg16cshb8g80000gn/T/cargo-quickbuild-install-scratchpad/target/debug/build/quote-09a3cb1cafefdca2/build_script_build-09a3cb1cafefdca2.build_script_build.79cbfc90-cgu.14.rcgu.o"):
(mtime != on_disk_mtime. now = 2022-11-22 15:37:45.018231 UTC)
contents identical
2022-11-22 15:37:39.735255987 != 2022-11-22 15:37:30.863062571 for "target/debug/build/quote-09a3cb1cafefdca2/build_script_build-09a3cb1cafefdca2.build_script_build.79cbfc90-cgu.6.rcgu.o" ("/var/folders/0d/08wbx2j52nx5hjg16cshb8g80000gn/T/cargo-quickbuild-install-scratchpad/target/debug/build/quote-09a3cb1cafefdca2/build_script_build-09a3cb1cafefdca2.build_script_build.79cbfc90-cgu.6.rcgu.o"):
(mtime != on_disk_mtime. now = 2022-11-22 15:37:45.018471 UTC)
contents identical
2022-11-22 15:37:39.791068529 != 2022-11-22 15:37:30.914171654 for "target/debug/build/quote-09a3cb1cafefdca2/build-script-build" ("/var/folders/0d/08wbx2j52nx5hjg16cshb8g80000gn/T/cargo-quickbuild-install-scratchpad/target/debug/build/quote-09a3cb1cafefdca2/build-script-build"):
(mtime != on_disk_mtime. now = 2022-11-22 15:37:45.018697 UTC)
contents identical
2022-11-22 15:37:39.673645820 != 2022-11-22 15:37:30.806120654 for "target/debug/build/quote-09a3cb1cafefdca2/build_script_build-09a3cb1cafefdca2.build_script_build.79cbfc90-cgu.4.rcgu.o" ("/var/folders/0d/08wbx2j52nx5hjg16cshb8g80000gn/T/cargo-quickbuild-install-scratchpad/target/debug/build/quote-09a3cb1cafefdca2/build_script_build-09a3cb1cafefdca2.build_script_build.79cbfc90-cgu.4.rcgu.o"):
(mtime != on_disk_mtime. now = 2022-11-22 15:37:45.019291 UTC)
contents identical
2022-11-22 15:37:39.720199904 != 2022-11-22 15:37:30.848912987 for "target/debug/build/quote-09a3cb1cafefdca2/build_script_build-09a3cb1cafefdca2.build_script_build.79cbfc90-cgu.8.rcgu.o" ("/var/folders/0d/08wbx2j52nx5hjg16cshb8g80000gn/T/cargo-quickbuild-install-scratchpad/target/debug/build/quote-09a3cb1cafefdca2/build_script_build-09a3cb1cafefdca2.build_script_build.79cbfc90-cgu.8.rcgu.o"):
(mtime != on_disk_mtime. now = 2022-11-22 15:37:45.019655 UTC)
contents identical
2022-11-22 15:37:39.391454196 != 2022-11-22 15:37:30.466826904 for "target/debug/build/proc-macro2-85c02889416fc25d/build_script_build-85c02889416fc25d.d" ("/var/folders/0d/08wbx2j52nx5hjg16cshb8g80000gn/T/cargo-quickbuild-install-scratchpad/target/debug/build/proc-macro2-85c02889416fc25d/build_script_build-85c02889416fc25d.d"):
(mtime != on_disk_mtime. now = 2022-11-22 15:37:45.019851 UTC)
contents identical
2022-11-22 15:37:39.442167404 != 2022-11-22 15:37:30.515858112 for "target/debug/build/proc-macro2-85c02889416fc25d/build_script_build-85c02889416fc25d.build_script_build.96776985-cgu.14.rcgu.o" ("/var/folders/0d/08wbx2j52nx5hjg16cshb8g80000gn/T/cargo-quickbuild-install-scratchpad/target/debug/build/proc-macro2-85c02889416fc25d/build_script_build-85c02889416fc25d.build_script_build.96776985-cgu.14.rcgu.o"):
(mtime != on_disk_mtime. now = 2022-11-22 15:37:45.020104 UTC)
contents identical
2022-11-22 15:37:39.426294571 != 2022-11-22 15:37:30.499418112 for "target/debug/build/proc-macro2-85c02889416fc25d/build_script_build-85c02889416fc25d.build_script_build.96776985-cgu.0.rcgu.o" ("/var/folders/0d/08wbx2j52nx5hjg16cshb8g80000gn/T/cargo-quickbuild-install-scratchpad/target/debug/build/proc-macro2-85c02889416fc25d/build_script_build-85c02889416fc25d.build_script_build.96776985-cgu.0.rcgu.o"):
(mtime != on_disk_mtime. now = 2022-11-22 15:37:45.020409 UTC)
contents identical
2022-11-22 15:37:39.480342654 != 2022-11-22 15:37:30.550804946 for "target/debug/build/proc-macro2-85c02889416fc25d/build_script_build-85c02889416fc25d.build_script_build.96776985-cgu.2.rcgu.o" ("/var/folders/0d/08wbx2j52nx5hjg16cshb8g80000gn/T/cargo-quickbuild-install-scratchpad/target/debug/build/proc-macro2-85c02889416fc25d/build_script_build-85c02889416fc25d.build_script_build.96776985-cgu.2.rcgu.o"):
(mtime != on_disk_mtime. now = 2022-11-22 15:37:45.020615 UTC)
contents identical
2022-11-22 15:37:39.499066696 != 2022-11-22 15:37:30.567610487 for "target/debug/build/proc-macro2-85c02889416fc25d/build_script_build-85c02889416fc25d.build_script_build.96776985-cgu.6.rcgu.o" ("/var/folders/0d/08wbx2j52nx5hjg16cshb8g80000gn/T/cargo-quickbuild-install-scratchpad/target/debug/build/proc-macro2-85c02889416fc25d/build_script_build-85c02889416fc25d.build_script_build.96776985-cgu.6.rcgu.o"):
(mtime != on_disk_mtime. now = 2022-11-22 15:37:45.020884 UTC)
contents identical
2022-11-22 15:37:39.459446945 != 2022-11-22 15:37:30.530301029 for "target/debug/build/proc-macro2-85c02889416fc25d/build_script_build-85c02889416fc25d.build_script_build.96776985-cgu.12.rcgu.o" ("/var/folders/0d/08wbx2j52nx5hjg16cshb8g80000gn/T/cargo-quickbuild-install-scratchpad/target/debug/build/proc-macro2-85c02889416fc25d/build_script_build-85c02889416fc25d.build_script_build.96776985-cgu.12.rcgu.o"):
(mtime != on_disk_mtime. now = 2022-11-22 15:37:45.021150 UTC)
contents identical
2022-11-22 15:37:39.489407529 != 2022-11-22 15:37:30.560104571 for "target/debug/build/proc-macro2-85c02889416fc25d/build_script_build-85c02889416fc25d.build_script_build.96776985-cgu.10.rcgu.o" ("/var/folders/0d/08wbx2j52nx5hjg16cshb8g80000gn/T/cargo-quickbuild-install-scratchpad/target/debug/build/proc-macro2-85c02889416fc25d/build_script_build-85c02889416fc25d.build_script_build.96776985-cgu.10.rcgu.o"):
(mtime != on_disk_mtime. now = 2022-11-22 15:37:45.021405 UTC)
contents identical
2022-11-22 15:37:39.530922445 != 2022-11-22 15:37:30.597949362 for "target/debug/build/proc-macro2-85c02889416fc25d/build_script_build-85c02889416fc25d.build_script_build.96776985-cgu.4.rcgu.o" ("/var/folders/0d/08wbx2j52nx5hjg16cshb8g80000gn/T/cargo-quickbuild-install-scratchpad/target/debug/build/proc-macro2-85c02889416fc25d/build_script_build-85c02889416fc25d.build_script_build.96776985-cgu.4.rcgu.o"):
(mtime != on_disk_mtime. now = 2022-11-22 15:37:45.021608 UTC)
contents identical
2022-11-22 15:37:39.451277070 != 2022-11-22 15:37:30.524252112 for "target/debug/build/proc-macro2-85c02889416fc25d/build_script_build-85c02889416fc25d.build_script_build.96776985-cgu.8.rcgu.o" ("/var/folders/0d/08wbx2j52nx5hjg16cshb8g80000gn/T/cargo-quickbuild-install-scratchpad/target/debug/build/proc-macro2-85c02889416fc25d/build_script_build-85c02889416fc25d.build_script_build.96776985-cgu.8.rcgu.o"):
(mtime != on_disk_mtime. now = 2022-11-22 15:37:45.021793 UTC)
contents identical
2022-11-22 15:37:39.436681612 != 2022-11-22 15:37:30.510036695 for "target/debug/build/proc-macro2-85c02889416fc25d/build_script_build-85c02889416fc25d.build_script_build.96776985-cgu.1.rcgu.o" ("/var/folders/0d/08wbx2j52nx5hjg16cshb8g80000gn/T/cargo-quickbuild-install-scratchpad/target/debug/build/proc-macro2-85c02889416fc25d/build_script_build-85c02889416fc25d.build_script_build.96776985-cgu.1.rcgu.o"):
(mtime != on_disk_mtime. now = 2022-11-22 15:37:45.021978 UTC)
contents identical
2022-11-22 15:37:39.466480487 != 2022-11-22 15:37:30.537215362 for "target/debug/build/proc-macro2-85c02889416fc25d/build_script_build-85c02889416fc25d.build_script_build.96776985-cgu.15.rcgu.o" ("/var/folders/0d/08wbx2j52nx5hjg16cshb8g80000gn/T/cargo-quickbuild-install-scratchpad/target/debug/build/proc-macro2-85c02889416fc25d/build_script_build-85c02889416fc25d.build_script_build.96776985-cgu.15.rcgu.o"):
(mtime != on_disk_mtime. now = 2022-11-22 15:37:45.022155 UTC)
contents identical
2022-11-22 15:37:39.582786195 != 2022-11-22 15:37:30.649179446 for "target/debug/build/proc-macro2-85c02889416fc25d/build_script_build-85c02889416fc25d" ("/var/folders/0d/08wbx2j52nx5hjg16cshb8g80000gn/T/cargo-quickbuild-install-scratchpad/target/debug/build/proc-macro2-85c02889416fc25d/build_script_build-85c02889416fc25d"):
(mtime != on_disk_mtime. now = 2022-11-22 15:37:45.022336 UTC)
contents identical
2022-11-22 15:37:39.512490029 != 2022-11-22 15:37:30.579726696 for "target/debug/build/proc-macro2-85c02889416fc25d/build_script_build-85c02889416fc25d.build_script_build.96776985-cgu.3.rcgu.o" ("/var/folders/0d/08wbx2j52nx5hjg16cshb8g80000gn/T/cargo-quickbuild-install-scratchpad/target/debug/build/proc-macro2-85c02889416fc25d/build_script_build-85c02889416fc25d.build_script_build.96776985-cgu.3.rcgu.o"):
(mtime != on_disk_mtime. now = 2022-11-22 15:37:45.022777 UTC)
contents identical
2022-11-22 15:37:39.432696737 != 2022-11-22 15:37:30.506006987 for "target/debug/build/proc-macro2-85c02889416fc25d/build_script_build-85c02889416fc25d.build_script_build.96776985-cgu.13.rcgu.o" ("/var/folders/0d/08wbx2j52nx5hjg16cshb8g80000gn/T/cargo-quickbuild-install-scratchpad/target/debug/build/proc-macro2-85c02889416fc25d/build_script_build-85c02889416fc25d.build_script_build.96776985-cgu.13.rcgu.o"):
(mtime != on_disk_mtime. now = 2022-11-22 15:37:45.023011 UTC)
contents identical
2022-11-22 15:37:39.524471029 != 2022-11-22 15:37:30.591546737 for "target/debug/build/proc-macro2-85c02889416fc25d/build_script_build-85c02889416fc25d.build_script_build.96776985-cgu.7.rcgu.o" ("/var/folders/0d/08wbx2j52nx5hjg16cshb8g80000gn/T/cargo-quickbuild-install-scratchpad/target/debug/build/proc-macro2-85c02889416fc25d/build_script_build-85c02889416fc25d.build_script_build.96776985-cgu.7.rcgu.o"):
(mtime != on_disk_mtime. now = 2022-11-22 15:37:45.023189 UTC)
contents identical
2022-11-22 15:37:39.519201362 != 2022-11-22 15:37:30.586020821 for "target/debug/build/proc-macro2-85c02889416fc25d/build_script_build-85c02889416fc25d.build_script_build.96776985-cgu.5.rcgu.o" ("/var/folders/0d/08wbx2j52nx5hjg16cshb8g80000gn/T/cargo-quickbuild-install-scratchpad/target/debug/build/proc-macro2-85c02889416fc25d/build_script_build-85c02889416fc25d.build_script_build.96776985-cgu.5.rcgu.o"):
(mtime != on_disk_mtime. now = 2022-11-22 15:37:45.023370 UTC)
contents identical
2022-11-22 15:37:39.582786195 != 2022-11-22 15:37:30.649179446 for "target/debug/build/proc-macro2-85c02889416fc25d/build-script-build" ("/var/folders/0d/08wbx2j52nx5hjg16cshb8g80000gn/T/cargo-quickbuild-install-scratchpad/target/debug/build/proc-macro2-85c02889416fc25d/build-script-build"):
(mtime != on_disk_mtime. now = 2022-11-22 15:37:45.023536 UTC)
contents identical
2022-11-22 15:37:39.504356112 != 2022-11-22 15:37:30.572062112 for "target/debug/build/proc-macro2-85c02889416fc25d/build_script_build-85c02889416fc25d.build_script_build.96776985-cgu.9.rcgu.o" ("/var/folders/0d/08wbx2j52nx5hjg16cshb8g80000gn/T/cargo-quickbuild-install-scratchpad/target/debug/build/proc-macro2-85c02889416fc25d/build_script_build-85c02889416fc25d.build_script_build.96776985-cgu.9.rcgu.o"):
(mtime != on_disk_mtime. now = 2022-11-22 15:37:45.023927 UTC)
contents identical
2022-11-22 15:37:39.472677696 != 2022-11-22 15:37:30.543124612 for "target/debug/build/proc-macro2-85c02889416fc25d/build_script_build-85c02889416fc25d.build_script_build.96776985-cgu.11.rcgu.o" ("/var/folders/0d/08wbx2j52nx5hjg16cshb8g80000gn/T/cargo-quickbuild-install-scratchpad/target/debug/build/proc-macro2-85c02889416fc25d/build_script_build-85c02889416fc25d.build_script_build.96776985-cgu.11.rcgu.o"):
(mtime != on_disk_mtime. now = 2022-11-22 15:37:45.024112 UTC)
contents identical
Error: unpacking PackageDescription { package_id: PackageId { name: "thiserror", version: "1.0.37", source: "registry `crates-io`" }, pretty_digest: "thiserror-1.0.37-target-716ec1d7e167122f495a654ed0b9e6031518198105998fb2aaea9a0041205eb1" }

Caused by:
    2022-11-22 15:37:39.472677696 != 2022-11-22 15:37:30.543124612 for "target/debug/build/proc-macro2-85c02889416fc25d/build_script_build-85c02889416fc25d.build_script_build.96776985-cgu.11.rcgu.o" ("/var/folders/0d/08wbx2j52nx5hjg16cshb8g80000gn/T/cargo-quickbuild-install-scratchpad/target/debug/build/proc-macro2-85c02889416fc25d/build_script_build-85c02889416fc25d.build_script_build.96776985-cgu.11.rcgu.o"):
    (mtime != on_disk_mtime. now = 2022-11-22 15:37:45.024112 UTC)
    contents identical
