    Updating crates.io index
START OF LEVEL 0
[cargo-quickbuild/src/scheduler.rs:34] &current_level = {
    PackageId {
        name: "anyhow",
        version: "1.0.64",
        source: "registry `crates-io`",
    },
    PackageId {
        name: "autocfg",
        version: "1.1.0",
        source: "registry `crates-io`",
    },
    PackageId {
        name: "base64",
        version: "0.13.0",
        source: "registry `crates-io`",
    },
    PackageId {
        name: "bitfield",
        version: "0.14.0",
        source: "registry `crates-io`",
    },
    PackageId {
        name: "bitflags",
        version: "1.3.2",
        source: "registry `crates-io`",
    },
    PackageId {
        name: "byteorder",
        version: "1.4.3",
        source: "registry `crates-io`",
    },
    PackageId {
        name: "cc",
        version: "1.0.73",
        source: "registry `crates-io`",
    },
    PackageId {
        name: "cfg-if",
        version: "1.0.0",
        source: "registry `crates-io`",
    },
    PackageId {
        name: "core-foundation-sys",
        version: "0.8.3",
        source: "registry `crates-io`",
    },
    PackageId {
        name: "defmt-parser",
        version: "0.3.1",
        source: "registry `crates-io`",
    },
    PackageId {
        name: "difference",
        version: "2.0.0",
        source: "registry `crates-io`",
    },
    PackageId {
        name: "dunce",
        version: "1.0.2",
        source: "registry `crates-io`",
    },
    PackageId {
        name: "either",
        version: "1.8.0",
        source: "registry `crates-io`",
    },
    PackageId {
        name: "endian-type",
        version: "0.1.2",
        source: "registry `crates-io`",
    },
    PackageId {
        name: "fallible-iterator",
        version: "0.2.0",
        source: "registry `crates-io`",
    },
    PackageId {
        name: "funty",
        version: "2.0.0",
        source: "registry `crates-io`",
    },
    PackageId {
        name: "hashbrown",
        version: "0.12.3",
        source: "registry `crates-io`",
    },
    PackageId {
        name: "heck",
        version: "0.4.0",
        source: "registry `crates-io`",
    },
    PackageId {
        name: "humantime",
        version: "2.1.0",
        source: "registry `crates-io`",
    },
    PackageId {
        name: "ihex",
        version: "3.0.0",
        source: "registry `crates-io`",
    },
    PackageId {
        name: "io-lifetimes",
        version: "0.7.3",
        source: "registry `crates-io`",
    },
    PackageId {
        name: "itoa",
        version: "1.0.3",
        source: "registry `crates-io`",
    },
    PackageId {
        name: "lazy_static",
        version: "1.4.0",
        source: "registry `crates-io`",
    },
    PackageId {
        name: "libc",
        version: "0.2.132",
        source: "registry `crates-io`",
    },
    PackageId {
        name: "linked-hash-map",
        version: "0.5.6",
        source: "registry `crates-io`",
    },
    PackageId {
        name: "managed",
        version: "0.8.0",
        source: "registry `crates-io`",
    },
    PackageId {
        name: "memchr",
        version: "2.5.0",
        source: "registry `crates-io`",
    },
    PackageId {
        name: "number_prefix",
        version: "0.4.0",
        source: "registry `crates-io`",
    },
    PackageId {
        name: "once_cell",
        version: "1.14.0",
        source: "registry `crates-io`",
    },
    PackageId {
        name: "os_str_bytes",
        version: "6.3.0",
        source: "registry `crates-io`",
    },
    PackageId {
        name: "paste",
        version: "1.0.9",
        source: "registry `crates-io`",
    },
    PackageId {
        name: "pkg-config",
        version: "0.3.25",
        source: "registry `crates-io`",
    },
    PackageId {
        name: "plain",
        version: "0.2.3",
        source: "registry `crates-io`",
    },
    PackageId {
        name: "quick-error",
        version: "1.2.3",
        source: "registry `crates-io`",
    },
    PackageId {
        name: "radium",
        version: "0.7.0",
        source: "registry `crates-io`",
    },
    PackageId {
        name: "regex-syntax",
        version: "0.6.27",
        source: "registry `crates-io`",
    },
    PackageId {
        name: "ryu",
        version: "1.0.11",
        source: "registry `crates-io`",
    },
    PackageId {
        name: "scroll",
        version: "0.10.2",
        source: "registry `crates-io`",
    },
    PackageId {
        name: "smallvec",
        version: "1.9.0",
        source: "registry `crates-io`",
    },
    PackageId {
        name: "stable_deref_trait",
        version: "1.2.0",
        source: "registry `crates-io`",
    },
    PackageId {
        name: "static_assertions",
        version: "1.1.0",
        source: "registry `crates-io`",
    },
    PackageId {
        name: "strsim",
        version: "0.10.0",
        source: "registry `crates-io`",
    },
    PackageId {
        name: "svg",
        version: "0.10.0",
        source: "registry `crates-io`",
    },
    PackageId {
        name: "tap",
        version: "1.0.1",
        source: "registry `crates-io`",
    },
    PackageId {
        name: "termcolor",
        version: "1.1.3",
        source: "registry `crates-io`",
    },
    PackageId {
        name: "textwrap",
        version: "0.15.0",
        source: "registry `crates-io`",
    },
    PackageId {
        name: "time-macros",
        version: "0.2.4",
        source: "registry `crates-io`",
    },
    PackageId {
        name: "unicode-ident",
        version: "1.0.3",
        source: "registry `crates-io`",
    },
    PackageId {
        name: "unicode-segmentation",
        version: "1.9.0",
        source: "registry `crates-io`",
    },
    PackageId {
        name: "unicode-width",
        version: "0.1.9",
        source: "registry `crates-io`",
    },
    PackageId {
        name: "utf8-width",
        version: "0.1.6",
        source: "registry `crates-io`",
    },
    PackageId {
        name: "utf8parse",
        version: "0.2.0",
        source: "registry `crates-io`",
    },
    PackageId {
        name: "version_check",
        version: "0.9.4",
        source: "registry `crates-io`",
    },
}
STARTING BUILD
"anyhow-1.0.64-ff879600632ed9e1cbdd246eef60fb468d39a0969dc346c8ff0fee9c36a71779"
     Created binary (application) package
    Updating crates.io index
   Compiling anyhow v1.0.64
   Compiling cargo-quickbuild-scratchpad v0.1.0 (/private/var/folders/0d/08wbx2j52nx5hjg16cshb8g80000gn/T/cargo-quickbuild-scratchpad.HivZpMTteInl/cargo-quickbuild-scratchpad)
    Finished dev [unoptimized + debuginfo] target(s) in 1.04s
wrote to "/Users/admin/tmp/quick/anyhow-1.0.64-ff879600632ed9e1cbdd246eef60fb468d39a0969dc346c8ff0fee9c36a71779.tar"
STARTING BUILD
"autocfg-1.1.0-a2a3cd9f808e9399d00cfb1c7bf6eebb60abff61d1c15b0b0b9805224d67e65f"
     Created binary (application) package
    Updating crates.io index
   Compiling autocfg v1.1.0
   Compiling cargo-quickbuild-scratchpad v0.1.0 (/private/var/folders/0d/08wbx2j52nx5hjg16cshb8g80000gn/T/cargo-quickbuild-scratchpad.BH2qgXWifgKR/cargo-quickbuild-scratchpad)
    Finished dev [unoptimized + debuginfo] target(s) in 0.64s
wrote to "/Users/admin/tmp/quick/autocfg-1.1.0-a2a3cd9f808e9399d00cfb1c7bf6eebb60abff61d1c15b0b0b9805224d67e65f.tar"
STARTING BUILD
"base64-0.13.0-965492bfb8a919399c140065e4af5be5d835d8439a09959813d3620f51f190cb"
     Created binary (application) package
    Updating crates.io index
   Compiling base64 v0.13.0
   Compiling cargo-quickbuild-scratchpad v0.1.0 (/private/var/folders/0d/08wbx2j52nx5hjg16cshb8g80000gn/T/cargo-quickbuild-scratchpad.AfKmzr9vUGeo/cargo-quickbuild-scratchpad)
    Finished dev [unoptimized + debuginfo] target(s) in 0.66s
wrote to "/Users/admin/tmp/quick/base64-0.13.0-965492bfb8a919399c140065e4af5be5d835d8439a09959813d3620f51f190cb.tar"
STARTING BUILD
"bitfield-0.14.0-223eef1318677cdd55635968bd53fd72587835bad20858d1c02547042c79bd14"
     Created binary (application) package
    Updating crates.io index
   Compiling bitfield v0.14.0
   Compiling cargo-quickbuild-scratchpad v0.1.0 (/private/var/folders/0d/08wbx2j52nx5hjg16cshb8g80000gn/T/cargo-quickbuild-scratchpad.bLE2lsh26uCW/cargo-quickbuild-scratchpad)
    Finished dev [unoptimized + debuginfo] target(s) in 0.79s
wrote to "/Users/admin/tmp/quick/bitfield-0.14.0-223eef1318677cdd55635968bd53fd72587835bad20858d1c02547042c79bd14.tar"
STARTING BUILD
"bitflags-1.3.2-f9131a0a2e3402a9185e19603221d22ea8ef1985256926f6acdd833068dee051"
     Created binary (application) package
    Updating crates.io index
   Compiling bitflags v1.3.2
   Compiling cargo-quickbuild-scratchpad v0.1.0 (/private/var/folders/0d/08wbx2j52nx5hjg16cshb8g80000gn/T/cargo-quickbuild-scratchpad.G7RKnUPs77HO/cargo-quickbuild-scratchpad)
    Finished dev [unoptimized + debuginfo] target(s) in 0.63s
wrote to "/Users/admin/tmp/quick/bitflags-1.3.2-f9131a0a2e3402a9185e19603221d22ea8ef1985256926f6acdd833068dee051.tar"
STARTING BUILD
"byteorder-1.4.3-c4cb4384111d68a9547fa199c478ec844e05889882133d98c1296dbd52064505"
     Created binary (application) package
    Updating crates.io index
   Compiling byteorder v1.4.3
   Compiling cargo-quickbuild-scratchpad v0.1.0 (/private/var/folders/0d/08wbx2j52nx5hjg16cshb8g80000gn/T/cargo-quickbuild-scratchpad.YMfzmbFS9aPs/cargo-quickbuild-scratchpad)
    Finished dev [unoptimized + debuginfo] target(s) in 0.53s
wrote to "/Users/admin/tmp/quick/byteorder-1.4.3-c4cb4384111d68a9547fa199c478ec844e05889882133d98c1296dbd52064505.tar"
STARTING BUILD
"cc-1.0.73-b7d91554ef8ede63f6f97e85186ce1241284f501f47f112753fd9b8b9ec427d7"
     Created binary (application) package
    Updating crates.io index
   Compiling cc v1.0.73
   Compiling cargo-quickbuild-scratchpad v0.1.0 (/private/var/folders/0d/08wbx2j52nx5hjg16cshb8g80000gn/T/cargo-quickbuild-scratchpad.vfE1XI8N47ZV/cargo-quickbuild-scratchpad)
    Finished dev [unoptimized + debuginfo] target(s) in 1.15s
wrote to "/Users/admin/tmp/quick/cc-1.0.73-b7d91554ef8ede63f6f97e85186ce1241284f501f47f112753fd9b8b9ec427d7.tar"
STARTING BUILD
"cfg-if-1.0.0-1c5c0556da306059c2ff0e0ec4cfb9a11c31bbf0fc81e44ac39ecc5ad6c1ce48"
     Created binary (application) package
    Updating crates.io index
   Compiling cfg-if v1.0.0
   Compiling cargo-quickbuild-scratchpad v0.1.0 (/private/var/folders/0d/08wbx2j52nx5hjg16cshb8g80000gn/T/cargo-quickbuild-scratchpad.Kwh85mxKa5FB/cargo-quickbuild-scratchpad)
    Finished dev [unoptimized + debuginfo] target(s) in 0.57s
wrote to "/Users/admin/tmp/quick/cfg-if-1.0.0-1c5c0556da306059c2ff0e0ec4cfb9a11c31bbf0fc81e44ac39ecc5ad6c1ce48.tar"
STARTING BUILD
"core-foundation-sys-0.8.3-b9f6ba59bb13463873f6e1b5d382c9f718db2f693e1d4f56ff7bcff8cd306cf9"
     Created binary (application) package
    Updating crates.io index
   Compiling core-foundation-sys v0.8.3
   Compiling cargo-quickbuild-scratchpad v0.1.0 (/private/var/folders/0d/08wbx2j52nx5hjg16cshb8g80000gn/T/cargo-quickbuild-scratchpad.VwyGTwef0fNt/cargo-quickbuild-scratchpad)
    Finished dev [unoptimized + debuginfo] target(s) in 0.60s
wrote to "/Users/admin/tmp/quick/core-foundation-sys-0.8.3-b9f6ba59bb13463873f6e1b5d382c9f718db2f693e1d4f56ff7bcff8cd306cf9.tar"
STARTING BUILD
"defmt-parser-0.3.1-77c8ea3c9c60b88423e32a0508be41cad7e38da5b988a75ac9c22a77808b5f6a"
     Created binary (application) package
    Updating crates.io index
   Compiling defmt-parser v0.3.1
   Compiling cargo-quickbuild-scratchpad v0.1.0 (/private/var/folders/0d/08wbx2j52nx5hjg16cshb8g80000gn/T/cargo-quickbuild-scratchpad.wdsBCwYmWUUg/cargo-quickbuild-scratchpad)
    Finished dev [unoptimized + debuginfo] target(s) in 0.62s
wrote to "/Users/admin/tmp/quick/defmt-parser-0.3.1-77c8ea3c9c60b88423e32a0508be41cad7e38da5b988a75ac9c22a77808b5f6a.tar"
STARTING BUILD
"difference-2.0.0-5dc56d5160bca1c9c53e2c0afd6e86c6700b07769a9238e5fd52cbb4d266d289"
     Created binary (application) package
    Updating crates.io index
   Compiling difference v2.0.0
   Compiling cargo-quickbuild-scratchpad v0.1.0 (/private/var/folders/0d/08wbx2j52nx5hjg16cshb8g80000gn/T/cargo-quickbuild-scratchpad.JzvWss0xF4gG/cargo-quickbuild-scratchpad)
    Finished dev [unoptimized + debuginfo] target(s) in 0.68s
wrote to "/Users/admin/tmp/quick/difference-2.0.0-5dc56d5160bca1c9c53e2c0afd6e86c6700b07769a9238e5fd52cbb4d266d289.tar"
STARTING BUILD
"dunce-1.0.2-a9a449f8e8a22a8f3ce43874a085cf3c50ebe927754c03c1e519a028a7e6132b"
     Created binary (application) package
    Updating crates.io index
   Compiling dunce v1.0.2
   Compiling cargo-quickbuild-scratchpad v0.1.0 (/private/var/folders/0d/08wbx2j52nx5hjg16cshb8g80000gn/T/cargo-quickbuild-scratchpad.fpqTQ0K8lpzJ/cargo-quickbuild-scratchpad)
    Finished dev [unoptimized + debuginfo] target(s) in 0.41s
wrote to "/Users/admin/tmp/quick/dunce-1.0.2-a9a449f8e8a22a8f3ce43874a085cf3c50ebe927754c03c1e519a028a7e6132b.tar"
STARTING BUILD
"either-1.8.0-7fad49102b8541bdd46615d1fe1bf5ed1c47b6c624ff697a624825a1248c2df8"
     Created binary (application) package
    Updating crates.io index
   Compiling either v1.8.0
   Compiling cargo-quickbuild-scratchpad v0.1.0 (/private/var/folders/0d/08wbx2j52nx5hjg16cshb8g80000gn/T/cargo-quickbuild-scratchpad.n8T6LprSYMJC/cargo-quickbuild-scratchpad)
    Finished dev [unoptimized + debuginfo] target(s) in 0.60s
wrote to "/Users/admin/tmp/quick/either-1.8.0-7fad49102b8541bdd46615d1fe1bf5ed1c47b6c624ff697a624825a1248c2df8.tar"
STARTING BUILD
"endian-type-0.1.2-50d4f42ffa046ae9b34b33f59d37b5aa2c5229c9280d666a7640f5077a7dd8de"
     Created binary (application) package
    Updating crates.io index
   Compiling endian-type v0.1.2
   Compiling cargo-quickbuild-scratchpad v0.1.0 (/private/var/folders/0d/08wbx2j52nx5hjg16cshb8g80000gn/T/cargo-quickbuild-scratchpad.nSbGSjfqOYRu/cargo-quickbuild-scratchpad)
    Finished dev [unoptimized + debuginfo] target(s) in 0.45s
wrote to "/Users/admin/tmp/quick/endian-type-0.1.2-50d4f42ffa046ae9b34b33f59d37b5aa2c5229c9280d666a7640f5077a7dd8de.tar"
STARTING BUILD
"fallible-iterator-0.2.0-b9e82426a89ee05c6d705b490d691e1f7593578ad7acfa43b6ea716149451e83"
     Created binary (application) package
    Updating crates.io index
   Compiling fallible-iterator v0.2.0
   Compiling cargo-quickbuild-scratchpad v0.1.0 (/private/var/folders/0d/08wbx2j52nx5hjg16cshb8g80000gn/T/cargo-quickbuild-scratchpad.kfcOFT7lgxG5/cargo-quickbuild-scratchpad)
    Finished dev [unoptimized + debuginfo] target(s) in 0.66s
wrote to "/Users/admin/tmp/quick/fallible-iterator-0.2.0-b9e82426a89ee05c6d705b490d691e1f7593578ad7acfa43b6ea716149451e83.tar"
STARTING BUILD
"funty-2.0.0-90fa84b3e480cc680c1dce1d7709770ae6dae35379addfbcea9f324afc6a9d5a"
     Created binary (application) package
    Updating crates.io index
   Compiling funty v2.0.0
   Compiling cargo-quickbuild-scratchpad v0.1.0 (/private/var/folders/0d/08wbx2j52nx5hjg16cshb8g80000gn/T/cargo-quickbuild-scratchpad.VPQ56oOQunjP/cargo-quickbuild-scratchpad)
    Finished dev [unoptimized + debuginfo] target(s) in 0.88s
wrote to "/Users/admin/tmp/quick/funty-2.0.0-90fa84b3e480cc680c1dce1d7709770ae6dae35379addfbcea9f324afc6a9d5a.tar"
STARTING BUILD
"hashbrown-0.12.3-d619e673b119638eadb3dda077a2cc940c23b3f1ddcc2d3e686d9d0962b87ab4"
     Created binary (application) package
    Updating crates.io index
   Compiling hashbrown v0.12.3
   Compiling cargo-quickbuild-scratchpad v0.1.0 (/private/var/folders/0d/08wbx2j52nx5hjg16cshb8g80000gn/T/cargo-quickbuild-scratchpad.i7UGsNlxs1wE/cargo-quickbuild-scratchpad)
    Finished dev [unoptimized + debuginfo] target(s) in 0.73s
wrote to "/Users/admin/tmp/quick/hashbrown-0.12.3-d619e673b119638eadb3dda077a2cc940c23b3f1ddcc2d3e686d9d0962b87ab4.tar"
STARTING BUILD
"heck-0.4.0-12921529bb3c38ec58c29b55882e50ad0933cf74d09a9c899c05ffe21a79c74b"
     Created binary (application) package
    Updating crates.io index
   Compiling heck v0.4.0
   Compiling cargo-quickbuild-scratchpad v0.1.0 (/private/var/folders/0d/08wbx2j52nx5hjg16cshb8g80000gn/T/cargo-quickbuild-scratchpad.GXy53IcNWhLw/cargo-quickbuild-scratchpad)
    Finished dev [unoptimized + debuginfo] target(s) in 0.52s
wrote to "/Users/admin/tmp/quick/heck-0.4.0-12921529bb3c38ec58c29b55882e50ad0933cf74d09a9c899c05ffe21a79c74b.tar"
STARTING BUILD
"humantime-2.1.0-8e5dfee5fb52221484919de63f2c1412092a34b20d51d0ec381214e62a6d9c40"
     Created binary (application) package
    Updating crates.io index
   Compiling humantime v2.1.0
   Compiling cargo-quickbuild-scratchpad v0.1.0 (/private/var/folders/0d/08wbx2j52nx5hjg16cshb8g80000gn/T/cargo-quickbuild-scratchpad.FbJebOfokVuH/cargo-quickbuild-scratchpad)
    Finished dev [unoptimized + debuginfo] target(s) in 0.72s
wrote to "/Users/admin/tmp/quick/humantime-2.1.0-8e5dfee5fb52221484919de63f2c1412092a34b20d51d0ec381214e62a6d9c40.tar"
STARTING BUILD
"ihex-3.0.0-5c540ef08cf44d44d045deb828e28b346cce869dc63c7cd790f1e346fccb7861"
     Created binary (application) package
    Updating crates.io index
   Compiling ihex v3.0.0
   Compiling cargo-quickbuild-scratchpad v0.1.0 (/private/var/folders/0d/08wbx2j52nx5hjg16cshb8g80000gn/T/cargo-quickbuild-scratchpad.YSSDTRdnmfpK/cargo-quickbuild-scratchpad)
    Finished dev [unoptimized + debuginfo] target(s) in 0.78s
wrote to "/Users/admin/tmp/quick/ihex-3.0.0-5c540ef08cf44d44d045deb828e28b346cce869dc63c7cd790f1e346fccb7861.tar"
STARTING BUILD
"io-lifetimes-0.7.3-4d74733074082babaa13efb91d944f248f49e8492ae9d95fde9dce0a8d8b7618"
     Created binary (application) package
    Updating crates.io index
   Compiling io-lifetimes v0.7.3
   Compiling cargo-quickbuild-scratchpad v0.1.0 (/private/var/folders/0d/08wbx2j52nx5hjg16cshb8g80000gn/T/cargo-quickbuild-scratchpad.8MYIiWtuanOl/cargo-quickbuild-scratchpad)
    Finished dev [unoptimized + debuginfo] target(s) in 0.95s
wrote to "/Users/admin/tmp/quick/io-lifetimes-0.7.3-4d74733074082babaa13efb91d944f248f49e8492ae9d95fde9dce0a8d8b7618.tar"
STARTING BUILD
"itoa-1.0.3-faabd9308f05feb99c2a4d11e9f5debd8a5a82ec5f44db5e477076b5530caa23"
     Created binary (application) package
    Updating crates.io index
   Compiling itoa v1.0.3
   Compiling cargo-quickbuild-scratchpad v0.1.0 (/private/var/folders/0d/08wbx2j52nx5hjg16cshb8g80000gn/T/cargo-quickbuild-scratchpad.dWqPV1avE1uz/cargo-quickbuild-scratchpad)
    Finished dev [unoptimized + debuginfo] target(s) in 0.49s
wrote to "/Users/admin/tmp/quick/itoa-1.0.3-faabd9308f05feb99c2a4d11e9f5debd8a5a82ec5f44db5e477076b5530caa23.tar"
STARTING BUILD
"lazy_static-1.4.0-10d4523649d2ce71fe87ca1ba906a02faed845dc54bd23444b07c338d1cd2543"
     Created binary (application) package
    Updating crates.io index
   Compiling lazy_static v1.4.0
   Compiling cargo-quickbuild-scratchpad v0.1.0 (/private/var/folders/0d/08wbx2j52nx5hjg16cshb8g80000gn/T/cargo-quickbuild-scratchpad.RpByoBCsC57C/cargo-quickbuild-scratchpad)
    Finished dev [unoptimized + debuginfo] target(s) in 0.41s
wrote to "/Users/admin/tmp/quick/lazy_static-1.4.0-10d4523649d2ce71fe87ca1ba906a02faed845dc54bd23444b07c338d1cd2543.tar"
STARTING BUILD
"libc-0.2.132-1c1ec185f394948f7436d6f802db240626d9c2231c3e7996c66de70de862a116"
     Created binary (application) package
    Updating crates.io index
   Compiling libc v0.2.132
   Compiling cargo-quickbuild-scratchpad v0.1.0 (/private/var/folders/0d/08wbx2j52nx5hjg16cshb8g80000gn/T/cargo-quickbuild-scratchpad.8QFZt08CtGvQ/cargo-quickbuild-scratchpad)
    Finished dev [unoptimized + debuginfo] target(s) in 1.37s
wrote to "/Users/admin/tmp/quick/libc-0.2.132-1c1ec185f394948f7436d6f802db240626d9c2231c3e7996c66de70de862a116.tar"
STARTING BUILD
"linked-hash-map-0.5.6-d475ca537bde7ba0d9e0f4943d3670fd4dca5a7f73147433cd6a0dcf45251fdb"
     Created binary (application) package
    Updating crates.io index
   Compiling linked-hash-map v0.5.6
   Compiling cargo-quickbuild-scratchpad v0.1.0 (/private/var/folders/0d/08wbx2j52nx5hjg16cshb8g80000gn/T/cargo-quickbuild-scratchpad.0vuckkhOflfe/cargo-quickbuild-scratchpad)
    Finished dev [unoptimized + debuginfo] target(s) in 0.61s
wrote to "/Users/admin/tmp/quick/linked-hash-map-0.5.6-d475ca537bde7ba0d9e0f4943d3670fd4dca5a7f73147433cd6a0dcf45251fdb.tar"
STARTING BUILD
"managed-0.8.0-b805db0b21e5b349d1ec8797b6f5f2205720dcbc262e4bae95ab8ce7a10b566e"
     Created binary (application) package
    Updating crates.io index
   Compiling managed v0.8.0
   Compiling cargo-quickbuild-scratchpad v0.1.0 (/private/var/folders/0d/08wbx2j52nx5hjg16cshb8g80000gn/T/cargo-quickbuild-scratchpad.WHMQJU48uKHx/cargo-quickbuild-scratchpad)
    Finished dev [unoptimized + debuginfo] target(s) in 0.47s
wrote to "/Users/admin/tmp/quick/managed-0.8.0-b805db0b21e5b349d1ec8797b6f5f2205720dcbc262e4bae95ab8ce7a10b566e.tar"
STARTING BUILD
"memchr-2.5.0-c85929c43a36ec4df13d6ab16628d5f2d1b4a35e193f2f56ab1841a594ef2e66"
     Created binary (application) package
    Updating crates.io index
   Compiling memchr v2.5.0
   Compiling cargo-quickbuild-scratchpad v0.1.0 (/private/var/folders/0d/08wbx2j52nx5hjg16cshb8g80000gn/T/cargo-quickbuild-scratchpad.wxaJspwOOWFD/cargo-quickbuild-scratchpad)
    Finished dev [unoptimized + debuginfo] target(s) in 0.81s
wrote to "/Users/admin/tmp/quick/memchr-2.5.0-c85929c43a36ec4df13d6ab16628d5f2d1b4a35e193f2f56ab1841a594ef2e66.tar"
STARTING BUILD
"number_prefix-0.4.0-9df965878f75ffcb04631912bc7f68b222ab3650462aed6389e34ce610e2a29c"
     Created binary (application) package
    Updating crates.io index
   Compiling number_prefix v0.4.0
   Compiling cargo-quickbuild-scratchpad v0.1.0 (/private/var/folders/0d/08wbx2j52nx5hjg16cshb8g80000gn/T/cargo-quickbuild-scratchpad.83g1RSsMcpJg/cargo-quickbuild-scratchpad)
    Finished dev [unoptimized + debuginfo] target(s) in 0.47s
wrote to "/Users/admin/tmp/quick/number_prefix-0.4.0-9df965878f75ffcb04631912bc7f68b222ab3650462aed6389e34ce610e2a29c.tar"
STARTING BUILD
"once_cell-1.14.0-463f4400f3c22af3ce53cc47c12537c97fb6278ddd7d2c0f85f7b1ab629e2dcc"
     Created binary (application) package
    Updating crates.io index
   Compiling once_cell v1.14.0
   Compiling cargo-quickbuild-scratchpad v0.1.0 (/private/var/folders/0d/08wbx2j52nx5hjg16cshb8g80000gn/T/cargo-quickbuild-scratchpad.VIRwqHF41o3S/cargo-quickbuild-scratchpad)
    Finished dev [unoptimized + debuginfo] target(s) in 0.55s
wrote to "/Users/admin/tmp/quick/once_cell-1.14.0-463f4400f3c22af3ce53cc47c12537c97fb6278ddd7d2c0f85f7b1ab629e2dcc.tar"
STARTING BUILD
"os_str_bytes-6.3.0-3fc6b3bb7fa68c105e810091c8413d7284ab0e340d2280635ae5e03e7574420d"
     Created binary (application) package
    Updating crates.io index
   Compiling os_str_bytes v6.3.0
   Compiling cargo-quickbuild-scratchpad v0.1.0 (/private/var/folders/0d/08wbx2j52nx5hjg16cshb8g80000gn/T/cargo-quickbuild-scratchpad.AAdaZIkatNfn/cargo-quickbuild-scratchpad)
    Finished dev [unoptimized + debuginfo] target(s) in 0.71s
wrote to "/Users/admin/tmp/quick/os_str_bytes-6.3.0-3fc6b3bb7fa68c105e810091c8413d7284ab0e340d2280635ae5e03e7574420d.tar"
STARTING BUILD
"paste-1.0.9-9dbc037a0cce7ab48735d8f307e4add090b7ba3e7afac15bcfb596b9570ccf04"
     Created binary (application) package
    Updating crates.io index
   Compiling paste v1.0.9
   Compiling cargo-quickbuild-scratchpad v0.1.0 (/private/var/folders/0d/08wbx2j52nx5hjg16cshb8g80000gn/T/cargo-quickbuild-scratchpad.PExiwRAHH95U/cargo-quickbuild-scratchpad)
    Finished dev [unoptimized + debuginfo] target(s) in 0.94s
wrote to "/Users/admin/tmp/quick/paste-1.0.9-9dbc037a0cce7ab48735d8f307e4add090b7ba3e7afac15bcfb596b9570ccf04.tar"
STARTING BUILD
"pkg-config-0.3.25-e86eabf3f60abbed74491a33fedd195768d1a8d97e0c476dcdcb79066eaefad2"
     Created binary (application) package
    Updating crates.io index
   Compiling pkg-config v0.3.25
   Compiling cargo-quickbuild-scratchpad v0.1.0 (/private/var/folders/0d/08wbx2j52nx5hjg16cshb8g80000gn/T/cargo-quickbuild-scratchpad.jKnyTzpiVPNu/cargo-quickbuild-scratchpad)
    Finished dev [unoptimized + debuginfo] target(s) in 0.82s
wrote to "/Users/admin/tmp/quick/pkg-config-0.3.25-e86eabf3f60abbed74491a33fedd195768d1a8d97e0c476dcdcb79066eaefad2.tar"
STARTING BUILD
"plain-0.2.3-1265b644d58196cf143477001c602232de04e568555dbbe56b4957832ed857bc"
     Created binary (application) package
    Updating crates.io index
   Compiling plain v0.2.3
   Compiling cargo-quickbuild-scratchpad v0.1.0 (/private/var/folders/0d/08wbx2j52nx5hjg16cshb8g80000gn/T/cargo-quickbuild-scratchpad.Yxz6qN9CjniU/cargo-quickbuild-scratchpad)
    Finished dev [unoptimized + debuginfo] target(s) in 0.42s
wrote to "/Users/admin/tmp/quick/plain-0.2.3-1265b644d58196cf143477001c602232de04e568555dbbe56b4957832ed857bc.tar"
STARTING BUILD
"quick-error-1.2.3-e14feaad191d9da921aee65dc3413d20f61151d49398b439eb48ce8153f02ed6"
     Created binary (application) package
    Updating crates.io index
   Compiling quick-error v1.2.3
   Compiling cargo-quickbuild-scratchpad v0.1.0 (/private/var/folders/0d/08wbx2j52nx5hjg16cshb8g80000gn/T/cargo-quickbuild-scratchpad.BJrK4bsSpSCt/cargo-quickbuild-scratchpad)
    Finished dev [unoptimized + debuginfo] target(s) in 0.42s
wrote to "/Users/admin/tmp/quick/quick-error-1.2.3-e14feaad191d9da921aee65dc3413d20f61151d49398b439eb48ce8153f02ed6.tar"
STARTING BUILD
"radium-0.7.0-ddb3705c0eca376775f233c3925ba91ced09e0197982b2b677e83515c0b28a65"
     Created binary (application) package
    Updating crates.io index
   Compiling radium v0.7.0
   Compiling cargo-quickbuild-scratchpad v0.1.0 (/private/var/folders/0d/08wbx2j52nx5hjg16cshb8g80000gn/T/cargo-quickbuild-scratchpad.VkQbCxFsg9yn/cargo-quickbuild-scratchpad)
    Finished dev [unoptimized + debuginfo] target(s) in 0.73s
wrote to "/Users/admin/tmp/quick/radium-0.7.0-ddb3705c0eca376775f233c3925ba91ced09e0197982b2b677e83515c0b28a65.tar"
STARTING BUILD
"regex-syntax-0.6.27-4c80a373d064cab99dd9f26c096d459c1108afbb67876a88bb76cb6ef0bd3f79"
     Created binary (application) package
    Updating crates.io index
   Compiling regex-syntax v0.6.27
   Compiling cargo-quickbuild-scratchpad v0.1.0 (/private/var/folders/0d/08wbx2j52nx5hjg16cshb8g80000gn/T/cargo-quickbuild-scratchpad.R2KM9I2l5V37/cargo-quickbuild-scratchpad)
    Finished dev [unoptimized + debuginfo] target(s) in 2.26s
wrote to "/Users/admin/tmp/quick/regex-syntax-0.6.27-4c80a373d064cab99dd9f26c096d459c1108afbb67876a88bb76cb6ef0bd3f79.tar"
STARTING BUILD
"ryu-1.0.11-7967d9cd2b286adc2e6c6c231a87c2e72121bbb3cd4842eba444b2b5439df603"
     Created binary (application) package
    Updating crates.io index
   Compiling ryu v1.0.11
   Compiling cargo-quickbuild-scratchpad v0.1.0 (/private/var/folders/0d/08wbx2j52nx5hjg16cshb8g80000gn/T/cargo-quickbuild-scratchpad.RfWwwRVVUAh5/cargo-quickbuild-scratchpad)
    Finished dev [unoptimized + debuginfo] target(s) in 0.49s
wrote to "/Users/admin/tmp/quick/ryu-1.0.11-7967d9cd2b286adc2e6c6c231a87c2e72121bbb3cd4842eba444b2b5439df603.tar"
STARTING BUILD
"scroll-0.10.2-62da1295b5b3b5b25a1a54654b2be05ec8cb19bc9d69851f480f58fbcca46a3d"
     Created binary (application) package
    Updating crates.io index
   Compiling scroll v0.10.2
   Compiling cargo-quickbuild-scratchpad v0.1.0 (/private/var/folders/0d/08wbx2j52nx5hjg16cshb8g80000gn/T/cargo-quickbuild-scratchpad.NSjt8Hh2ecig/cargo-quickbuild-scratchpad)
    Finished dev [unoptimized + debuginfo] target(s) in 0.56s
wrote to "/Users/admin/tmp/quick/scroll-0.10.2-62da1295b5b3b5b25a1a54654b2be05ec8cb19bc9d69851f480f58fbcca46a3d.tar"
STARTING BUILD
"smallvec-1.9.0-d6a6d6f209b2126a72cb71a3fca9842faba73ee26297bd0244c8f0a716706813"
     Created binary (application) package
    Updating crates.io index
   Compiling smallvec v1.9.0
   Compiling cargo-quickbuild-scratchpad v0.1.0 (/private/var/folders/0d/08wbx2j52nx5hjg16cshb8g80000gn/T/cargo-quickbuild-scratchpad.5A711PyOpHyh/cargo-quickbuild-scratchpad)
    Finished dev [unoptimized + debuginfo] target(s) in 0.47s
wrote to "/Users/admin/tmp/quick/smallvec-1.9.0-d6a6d6f209b2126a72cb71a3fca9842faba73ee26297bd0244c8f0a716706813.tar"
STARTING BUILD
"stable_deref_trait-1.2.0-18d60836791b715df4fe9bb9217ffd2b884d54ae9e01812e94a579c1c69510fc"
     Created binary (application) package
    Updating crates.io index
   Compiling stable_deref_trait v1.2.0
   Compiling cargo-quickbuild-scratchpad v0.1.0 (/private/var/folders/0d/08wbx2j52nx5hjg16cshb8g80000gn/T/cargo-quickbuild-scratchpad.VLugV7ubB6lO/cargo-quickbuild-scratchpad)
    Finished dev [unoptimized + debuginfo] target(s) in 0.58s
wrote to "/Users/admin/tmp/quick/stable_deref_trait-1.2.0-18d60836791b715df4fe9bb9217ffd2b884d54ae9e01812e94a579c1c69510fc.tar"
STARTING BUILD
"static_assertions-1.1.0-1014fa15c3ad8a7a239a0d072516c527111191c5a601d5f9f7ae2168c44c1171"
     Created binary (application) package
    Updating crates.io index
   Compiling static_assertions v1.1.0
   Compiling cargo-quickbuild-scratchpad v0.1.0 (/private/var/folders/0d/08wbx2j52nx5hjg16cshb8g80000gn/T/cargo-quickbuild-scratchpad.Aj3DKEs97Mes/cargo-quickbuild-scratchpad)
    Finished dev [unoptimized + debuginfo] target(s) in 0.41s
wrote to "/Users/admin/tmp/quick/static_assertions-1.1.0-1014fa15c3ad8a7a239a0d072516c527111191c5a601d5f9f7ae2168c44c1171.tar"
STARTING BUILD
"strsim-0.10.0-5d285b7a94a3f2cc381ce2434a53aba13bfe024587f831f823842b3af91dee77"
     Created binary (application) package
    Updating crates.io index
   Compiling strsim v0.10.0
   Compiling cargo-quickbuild-scratchpad v0.1.0 (/private/var/folders/0d/08wbx2j52nx5hjg16cshb8g80000gn/T/cargo-quickbuild-scratchpad.kxsaV1mtbcKe/cargo-quickbuild-scratchpad)
    Finished dev [unoptimized + debuginfo] target(s) in 0.76s
wrote to "/Users/admin/tmp/quick/strsim-0.10.0-5d285b7a94a3f2cc381ce2434a53aba13bfe024587f831f823842b3af91dee77.tar"
STARTING BUILD
"svg-0.10.0-fa6bbf2e5dee48b14f122cb4c4987362816c59e96aa443a57c8210717e3dbb2e"
     Created binary (application) package
    Updating crates.io index
   Compiling svg v0.10.0
   Compiling cargo-quickbuild-scratchpad v0.1.0 (/private/var/folders/0d/08wbx2j52nx5hjg16cshb8g80000gn/T/cargo-quickbuild-scratchpad.CV5oqJVWl6cl/cargo-quickbuild-scratchpad)
    Finished dev [unoptimized + debuginfo] target(s) in 0.98s
wrote to "/Users/admin/tmp/quick/svg-0.10.0-fa6bbf2e5dee48b14f122cb4c4987362816c59e96aa443a57c8210717e3dbb2e.tar"
STARTING BUILD
"tap-1.0.1-df22706e7fc33aa05a9c0dc6ff8a21c658e2b483b31264cbd429a5b16f625f78"
     Created binary (application) package
    Updating crates.io index
   Compiling tap v1.0.1
   Compiling cargo-quickbuild-scratchpad v0.1.0 (/private/var/folders/0d/08wbx2j52nx5hjg16cshb8g80000gn/T/cargo-quickbuild-scratchpad.n2VVWJQ3iieC/cargo-quickbuild-scratchpad)
    Finished dev [unoptimized + debuginfo] target(s) in 0.41s
wrote to "/Users/admin/tmp/quick/tap-1.0.1-df22706e7fc33aa05a9c0dc6ff8a21c658e2b483b31264cbd429a5b16f625f78.tar"
STARTING BUILD
"termcolor-1.1.3-2f8e271c6ddd3de37e57388a2ec84d7dc8f459e34a2a522d88e0cf5b89598ae2"
     Created binary (application) package
    Updating crates.io index
   Compiling termcolor v1.1.3
   Compiling cargo-quickbuild-scratchpad v0.1.0 (/private/var/folders/0d/08wbx2j52nx5hjg16cshb8g80000gn/T/cargo-quickbuild-scratchpad.tKmlyxg9q5Lf/cargo-quickbuild-scratchpad)
    Finished dev [unoptimized + debuginfo] target(s) in 0.62s
wrote to "/Users/admin/tmp/quick/termcolor-1.1.3-2f8e271c6ddd3de37e57388a2ec84d7dc8f459e34a2a522d88e0cf5b89598ae2.tar"
STARTING BUILD
"textwrap-0.15.0-e7f3f377163dc15de0007b903f660c324d7f1b8a03dd6c7131365579c7caef71"
     Created binary (application) package
    Updating crates.io index
   Compiling textwrap v0.15.0
   Compiling cargo-quickbuild-scratchpad v0.1.0 (/private/var/folders/0d/08wbx2j52nx5hjg16cshb8g80000gn/T/cargo-quickbuild-scratchpad.gH0ik7fX58Le/cargo-quickbuild-scratchpad)
    Finished dev [unoptimized + debuginfo] target(s) in 0.78s
wrote to "/Users/admin/tmp/quick/textwrap-0.15.0-e7f3f377163dc15de0007b903f660c324d7f1b8a03dd6c7131365579c7caef71.tar"
STARTING BUILD
"time-macros-0.2.4-f4f45161ca371a72640e30833a90ca98f227ed83a8d3c8e1f18afee0450b195e"
     Created binary (application) package
    Updating crates.io index
   Compiling time-macros v0.2.4
   Compiling cargo-quickbuild-scratchpad v0.1.0 (/private/var/folders/0d/08wbx2j52nx5hjg16cshb8g80000gn/T/cargo-quickbuild-scratchpad.mcvjA9Ar3qHY/cargo-quickbuild-scratchpad)
    Finished dev [unoptimized + debuginfo] target(s) in 1.46s
wrote to "/Users/admin/tmp/quick/time-macros-0.2.4-f4f45161ca371a72640e30833a90ca98f227ed83a8d3c8e1f18afee0450b195e.tar"
STARTING BUILD
"unicode-ident-1.0.3-9f60cc334e747e6fc20093024fbfa696cbb61a764cc26d92213788f74e8a830e"
     Created binary (application) package
    Updating crates.io index
   Compiling unicode-ident v1.0.3
   Compiling cargo-quickbuild-scratchpad v0.1.0 (/private/var/folders/0d/08wbx2j52nx5hjg16cshb8g80000gn/T/cargo-quickbuild-scratchpad.Pn26CZn2UTnh/cargo-quickbuild-scratchpad)
    Finished dev [unoptimized + debuginfo] target(s) in 0.43s
wrote to "/Users/admin/tmp/quick/unicode-ident-1.0.3-9f60cc334e747e6fc20093024fbfa696cbb61a764cc26d92213788f74e8a830e.tar"
STARTING BUILD
"unicode-segmentation-1.9.0-9052f7e971a448e8451994abff7b9cccfbd63ac7af8fe101287891fad5c3b69d"
     Created binary (application) package
    Updating crates.io index
   Compiling unicode-segmentation v1.9.0
   Compiling cargo-quickbuild-scratchpad v0.1.0 (/private/var/folders/0d/08wbx2j52nx5hjg16cshb8g80000gn/T/cargo-quickbuild-scratchpad.mfNuArRvdcXq/cargo-quickbuild-scratchpad)
    Finished dev [unoptimized + debuginfo] target(s) in 0.61s
wrote to "/Users/admin/tmp/quick/unicode-segmentation-1.9.0-9052f7e971a448e8451994abff7b9cccfbd63ac7af8fe101287891fad5c3b69d.tar"
STARTING BUILD
"unicode-width-0.1.9-0ae65d7cf1fd7a3bfcc2bd26de9afd811c62e69c47533181d083487ac84c28af"
     Created binary (application) package
    Updating crates.io index
   Compiling unicode-width v0.1.9
   Compiling cargo-quickbuild-scratchpad v0.1.0 (/private/var/folders/0d/08wbx2j52nx5hjg16cshb8g80000gn/T/cargo-quickbuild-scratchpad.5Kzpjh4PnHG7/cargo-quickbuild-scratchpad)
    Finished dev [unoptimized + debuginfo] target(s) in 0.41s
wrote to "/Users/admin/tmp/quick/unicode-width-0.1.9-0ae65d7cf1fd7a3bfcc2bd26de9afd811c62e69c47533181d083487ac84c28af.tar"
STARTING BUILD
"utf8-width-0.1.6-e1b9bceeb1869e86a414d2baa6de70aeac224053b4fca96ddbcc439f7478af8f"
     Created binary (application) package
    Updating crates.io index
   Compiling utf8-width v0.1.6
   Compiling cargo-quickbuild-scratchpad v0.1.0 (/private/var/folders/0d/08wbx2j52nx5hjg16cshb8g80000gn/T/cargo-quickbuild-scratchpad.JE54qWxQGhEX/cargo-quickbuild-scratchpad)
    Finished dev [unoptimized + debuginfo] target(s) in 0.40s
wrote to "/Users/admin/tmp/quick/utf8-width-0.1.6-e1b9bceeb1869e86a414d2baa6de70aeac224053b4fca96ddbcc439f7478af8f.tar"
STARTING BUILD
"utf8parse-0.2.0-15bb91f729b71c2cdec000e1684065b2c11da65ef1a52121b90ff7b1486cb831"
     Created binary (application) package
    Updating crates.io index
   Compiling utf8parse v0.2.0
   Compiling cargo-quickbuild-scratchpad v0.1.0 (/private/var/folders/0d/08wbx2j52nx5hjg16cshb8g80000gn/T/cargo-quickbuild-scratchpad.Q1APYEZq6zCo/cargo-quickbuild-scratchpad)
    Finished dev [unoptimized + debuginfo] target(s) in 0.55s
wrote to "/Users/admin/tmp/quick/utf8parse-0.2.0-15bb91f729b71c2cdec000e1684065b2c11da65ef1a52121b90ff7b1486cb831.tar"
STARTING BUILD
"version_check-0.9.4-18c97ce4fe41195cd1993371e72adc3a2af741ed0074a7bbd8eefe74fc20cb6a"
     Created binary (application) package
    Updating crates.io index
   Compiling version_check v0.9.4
   Compiling cargo-quickbuild-scratchpad v0.1.0 (/private/var/folders/0d/08wbx2j52nx5hjg16cshb8g80000gn/T/cargo-quickbuild-scratchpad.KxzTA8gMhR2L/cargo-quickbuild-scratchpad)
    Finished dev [unoptimized + debuginfo] target(s) in 0.63s
wrote to "/Users/admin/tmp/quick/version_check-0.9.4-18c97ce4fe41195cd1993371e72adc3a2af741ed0074a7bbd8eefe74fc20cb6a.tar"
START OF LEVEL 1
[cargo-quickbuild/src/scheduler.rs:34] &current_level = {
    PackageId {
        name: "aho-corasick",
        version: "0.7.19",
        source: "registry `crates-io`",
    },
    PackageId {
        name: "atty",
        version: "0.2.14",
        source: "registry `crates-io`",
    },
    PackageId {
        name: "byte-unit",
        version: "4.0.14",
        source: "registry `crates-io`",
    },
    PackageId {
        name: "capstone-sys",
        version: "0.15.0",
        source: "registry `crates-io`",
    },
    PackageId {
        name: "clap_lex",
        version: "0.2.4",
        source: "registry `crates-io`",
    },
    PackageId {
        name: "dirs-sys-next",
        version: "0.1.2",
        source: "registry `crates-io`",
    },
    PackageId {
        name: "errno",
        version: "0.2.8",
        source: "registry `crates-io`",
    },
    PackageId {
        name: "gimli",
        version: "0.26.2",
        source: "registry `crates-io`",
    },
    PackageId {
        name: "hidapi",
        version: "1.4.2",
        source: "registry `crates-io`",
    },
    PackageId {
        name: "humantime",
        version: "1.3.0",
        source: "registry `crates-io`",
    },
    PackageId {
        name: "iana-time-zone",
        version: "0.1.47",
        source: "registry `crates-io`",
    },
    PackageId {
        name: "indexmap",
        version: "1.9.1",
        source: "registry `crates-io`",
    },
    PackageId {
        name: "itertools",
        version: "0.10.3",
        source: "registry `crates-io`",
    },
    PackageId {
        name: "libusb1-sys",
        version: "0.6.4",
        source: "registry `crates-io`",
    },
    PackageId {
        name: "memoffset",
        version: "0.6.5",
        source: "registry `crates-io`",
    },
    PackageId {
        name: "nibble_vec",
        version: "0.1.0",
        source: "registry `crates-io`",
    },
    PackageId {
        name: "num-traits",
        version: "0.2.15",
        source: "registry `crates-io`",
    },
    PackageId {
        name: "num_threads",
        version: "0.1.6",
        source: "registry `crates-io`",
    },
    PackageId {
        name: "object",
        version: "0.29.0",
        source: "registry `crates-io`",
    },
    PackageId {
        name: "proc-macro2",
        version: "1.0.43",
        source: "registry `crates-io`",
    },
    PackageId {
        name: "terminal_size",
        version: "0.1.17",
        source: "registry `crates-io`",
    },
    PackageId {
        name: "time",
        version: "0.1.44",
        source: "registry `crates-io`",
    },
    PackageId {
        name: "wyz",
        version: "0.5.0",
        source: "registry `crates-io`",
    },
    PackageId {
        name: "yaml-rust",
        version: "0.4.5",
        source: "registry `crates-io`",
    },
}
STARTING BUILD
"aho-corasick-0.7.19-1e6f363f67312d813314dbc338030fcc8a608b52f6b7bca11996341a4a4504f4"
     Created binary (application) package
    Updating crates.io index
   Compiling aho-corasick v0.7.19
   Compiling cargo-quickbuild-scratchpad v0.1.0 (/private/var/folders/0d/08wbx2j52nx5hjg16cshb8g80000gn/T/cargo-quickbuild-scratchpad.5jPtZlRBg1jK/cargo-quickbuild-scratchpad)
    Finished dev [unoptimized + debuginfo] target(s) in 1.02s
wrote to "/Users/admin/tmp/quick/aho-corasick-0.7.19-1e6f363f67312d813314dbc338030fcc8a608b52f6b7bca11996341a4a4504f4.tar"
STARTING BUILD
"atty-0.2.14-415847cfb948d4993d05ae8741d2a4b0735c2c3a454615b5df0e2f4353df3d11"
     Created binary (application) package
    Updating crates.io index
   Compiling atty v0.2.14
   Compiling cargo-quickbuild-scratchpad v0.1.0 (/private/var/folders/0d/08wbx2j52nx5hjg16cshb8g80000gn/T/cargo-quickbuild-scratchpad.pw2bjM1OScLB/cargo-quickbuild-scratchpad)
    Finished dev [unoptimized + debuginfo] target(s) in 0.41s
wrote to "/Users/admin/tmp/quick/atty-0.2.14-415847cfb948d4993d05ae8741d2a4b0735c2c3a454615b5df0e2f4353df3d11.tar"
STARTING BUILD
"byte-unit-4.0.14-594de81b1b984b987ad09f00443d31aa4659b81d00848d57253a9cd200edd73c"
     Created binary (application) package
    Updating crates.io index
   Compiling byte-unit v4.0.14
   Compiling cargo-quickbuild-scratchpad v0.1.0 (/private/var/folders/0d/08wbx2j52nx5hjg16cshb8g80000gn/T/cargo-quickbuild-scratchpad.ded4HcmEsg7o/cargo-quickbuild-scratchpad)
    Finished dev [unoptimized + debuginfo] target(s) in 0.72s
wrote to "/Users/admin/tmp/quick/byte-unit-4.0.14-594de81b1b984b987ad09f00443d31aa4659b81d00848d57253a9cd200edd73c.tar"
STARTING BUILD
"capstone-sys-0.15.0-48b30dda9d90c5bd2f29c2c26c935a611336606a63f766037a189bdb7338dc34"
     Created binary (application) package
    Updating crates.io index
   Compiling capstone-sys v0.15.0
   Compiling cargo-quickbuild-scratchpad v0.1.0 (/private/var/folders/0d/08wbx2j52nx5hjg16cshb8g80000gn/T/cargo-quickbuild-scratchpad.Lm9xHUFScpII/cargo-quickbuild-scratchpad)
    Finished dev [unoptimized + debuginfo] target(s) in 9.38s
wrote to "/Users/admin/tmp/quick/capstone-sys-0.15.0-48b30dda9d90c5bd2f29c2c26c935a611336606a63f766037a189bdb7338dc34.tar"
STARTING BUILD
"clap_lex-0.2.4-b92dea8340e31f0f73cb61632380525b3bf3e4ddd09da3ac5bb2196d28be4c84"
     Created binary (application) package
    Updating crates.io index
   Compiling clap_lex v0.2.4
   Compiling cargo-quickbuild-scratchpad v0.1.0 (/private/var/folders/0d/08wbx2j52nx5hjg16cshb8g80000gn/T/cargo-quickbuild-scratchpad.R3kcl4BZeg3K/cargo-quickbuild-scratchpad)
    Finished dev [unoptimized + debuginfo] target(s) in 0.58s
wrote to "/Users/admin/tmp/quick/clap_lex-0.2.4-b92dea8340e31f0f73cb61632380525b3bf3e4ddd09da3ac5bb2196d28be4c84.tar"
STARTING BUILD
"dirs-sys-next-0.1.2-484c21d9110f5f8d1b3de6ec85d57387c1aa307aba608cabfc78e0252cb46062"
     Created binary (application) package
    Updating crates.io index
   Compiling dirs-sys-next v0.1.2
   Compiling cargo-quickbuild-scratchpad v0.1.0 (/private/var/folders/0d/08wbx2j52nx5hjg16cshb8g80000gn/T/cargo-quickbuild-scratchpad.x7WuhgLVIwAC/cargo-quickbuild-scratchpad)
    Finished dev [unoptimized + debuginfo] target(s) in 0.46s
wrote to "/Users/admin/tmp/quick/dirs-sys-next-0.1.2-484c21d9110f5f8d1b3de6ec85d57387c1aa307aba608cabfc78e0252cb46062.tar"
STARTING BUILD
"errno-0.2.8-a85bdc85504ddf788113809c6671d370033350ecb41f1edf6f83684b02574694"
     Created binary (application) package
    Updating crates.io index
   Compiling errno v0.2.8
   Compiling cargo-quickbuild-scratchpad v0.1.0 (/private/var/folders/0d/08wbx2j52nx5hjg16cshb8g80000gn/T/cargo-quickbuild-scratchpad.MVNGsRWS12WT/cargo-quickbuild-scratchpad)
    Finished dev [unoptimized + debuginfo] target(s) in 0.43s
wrote to "/Users/admin/tmp/quick/errno-0.2.8-a85bdc85504ddf788113809c6671d370033350ecb41f1edf6f83684b02574694.tar"
STARTING BUILD
"gimli-0.26.2-325da75d05caa374e47f2ce842eeeace314f8bd3afc14e709ee916dbde4c8bbf"
     Created binary (application) package
    Updating crates.io index
   Compiling gimli v0.26.2
   Compiling cargo-quickbuild-scratchpad v0.1.0 (/private/var/folders/0d/08wbx2j52nx5hjg16cshb8g80000gn/T/cargo-quickbuild-scratchpad.rUdH649s2gsY/cargo-quickbuild-scratchpad)
    Finished dev [unoptimized + debuginfo] target(s) in 1.83s
wrote to "/Users/admin/tmp/quick/gimli-0.26.2-325da75d05caa374e47f2ce842eeeace314f8bd3afc14e709ee916dbde4c8bbf.tar"
STARTING BUILD
"hidapi-1.4.2-73a939fe5a74e3e9ae62c367f7ebaaa63cbe7fb6e2a5d5d19de622178c2ab9ae"
     Created binary (application) package
    Updating crates.io index
   Compiling hidapi v1.4.2
   Compiling cargo-quickbuild-scratchpad v0.1.0 (/private/var/folders/0d/08wbx2j52nx5hjg16cshb8g80000gn/T/cargo-quickbuild-scratchpad.7aRObv6uWxp7/cargo-quickbuild-scratchpad)
    Finished dev [unoptimized + debuginfo] target(s) in 0.92s
wrote to "/Users/admin/tmp/quick/hidapi-1.4.2-73a939fe5a74e3e9ae62c367f7ebaaa63cbe7fb6e2a5d5d19de622178c2ab9ae.tar"
STARTING BUILD
"humantime-1.3.0-3d55f54a147d135cdd32e862721d9f041dabe30ef1a1d471a59fdc8837a08622"
     Created binary (application) package
    Updating crates.io index
   Compiling humantime v1.3.0
   Compiling cargo-quickbuild-scratchpad v0.1.0 (/private/var/folders/0d/08wbx2j52nx5hjg16cshb8g80000gn/T/cargo-quickbuild-scratchpad.pAWk6U6cJDst/cargo-quickbuild-scratchpad)
    Finished dev [unoptimized + debuginfo] target(s) in 0.57s
wrote to "/Users/admin/tmp/quick/humantime-1.3.0-3d55f54a147d135cdd32e862721d9f041dabe30ef1a1d471a59fdc8837a08622.tar"
STARTING BUILD
"iana-time-zone-0.1.47-9d381c6174c6b234d7bf60f7c1165af8c78fd0c3924f3cc43575050775fbcbd5"
     Created binary (application) package
    Updating crates.io index
   Compiling iana-time-zone v0.1.47
   Compiling cargo-quickbuild-scratchpad v0.1.0 (/private/var/folders/0d/08wbx2j52nx5hjg16cshb8g80000gn/T/cargo-quickbuild-scratchpad.7pwTkP8Srr3i/cargo-quickbuild-scratchpad)
    Finished dev [unoptimized + debuginfo] target(s) in 0.47s
wrote to "/Users/admin/tmp/quick/iana-time-zone-0.1.47-9d381c6174c6b234d7bf60f7c1165af8c78fd0c3924f3cc43575050775fbcbd5.tar"
STARTING BUILD
"indexmap-1.9.1-c51a932e33a40d09b27a60a4968f0190bb1498ef9b3d8769feefcf1dd8c9aeae"
     Created binary (application) package
    Updating crates.io index
   Compiling indexmap v1.9.1
   Compiling cargo-quickbuild-scratchpad v0.1.0 (/private/var/folders/0d/08wbx2j52nx5hjg16cshb8g80000gn/T/cargo-quickbuild-scratchpad.LbIA1SZkyV0P/cargo-quickbuild-scratchpad)
    Finished dev [unoptimized + debuginfo] target(s) in 0.70s
wrote to "/Users/admin/tmp/quick/indexmap-1.9.1-c51a932e33a40d09b27a60a4968f0190bb1498ef9b3d8769feefcf1dd8c9aeae.tar"
STARTING BUILD
"itertools-0.10.3-d0b8b286f4d5e931e86c44da3f088af6bfc045cfe4d0eb9c203220a1138a88ea"
     Created binary (application) package
    Updating crates.io index
   Compiling itertools v0.10.3
   Compiling cargo-quickbuild-scratchpad v0.1.0 (/private/var/folders/0d/08wbx2j52nx5hjg16cshb8g80000gn/T/cargo-quickbuild-scratchpad.otvmCYYMAETS/cargo-quickbuild-scratchpad)
    Finished dev [unoptimized + debuginfo] target(s) in 1.09s
wrote to "/Users/admin/tmp/quick/itertools-0.10.3-d0b8b286f4d5e931e86c44da3f088af6bfc045cfe4d0eb9c203220a1138a88ea.tar"
STARTING BUILD
"libusb1-sys-0.6.4-e2b29a397890e2379a65478bcd9bf60d2794d1ed79e8060146be331584bf9d4e"
     Created binary (application) package
    Updating crates.io index
   Compiling libusb1-sys v0.6.4
   Compiling cargo-quickbuild-scratchpad v0.1.0 (/private/var/folders/0d/08wbx2j52nx5hjg16cshb8g80000gn/T/cargo-quickbuild-scratchpad.w9CqsOwmplXn/cargo-quickbuild-scratchpad)
    Finished dev [unoptimized + debuginfo] target(s) in 1.16s
wrote to "/Users/admin/tmp/quick/libusb1-sys-0.6.4-e2b29a397890e2379a65478bcd9bf60d2794d1ed79e8060146be331584bf9d4e.tar"
STARTING BUILD
"memoffset-0.6.5-cac15e01b9269357c4df5d59a5468c80fefdcf9360760d90a080d85792864bc2"
     Created binary (application) package
    Updating crates.io index
   Compiling memoffset v0.6.5
   Compiling cargo-quickbuild-scratchpad v0.1.0 (/private/var/folders/0d/08wbx2j52nx5hjg16cshb8g80000gn/T/cargo-quickbuild-scratchpad.1Oj7JIIk87yp/cargo-quickbuild-scratchpad)
    Finished dev [unoptimized + debuginfo] target(s) in 0.86s
wrote to "/Users/admin/tmp/quick/memoffset-0.6.5-cac15e01b9269357c4df5d59a5468c80fefdcf9360760d90a080d85792864bc2.tar"
STARTING BUILD
"nibble_vec-0.1.0-ba665af75da545d55b83cb910762f74bd816ba784d8a2cb50aa8e9d94c2a2d27"
     Created binary (application) package
    Updating crates.io index
   Compiling nibble_vec v0.1.0
   Compiling cargo-quickbuild-scratchpad v0.1.0 (/private/var/folders/0d/08wbx2j52nx5hjg16cshb8g80000gn/T/cargo-quickbuild-scratchpad.d5yirhbjCXfS/cargo-quickbuild-scratchpad)
    Finished dev [unoptimized + debuginfo] target(s) in 0.66s
wrote to "/Users/admin/tmp/quick/nibble_vec-0.1.0-ba665af75da545d55b83cb910762f74bd816ba784d8a2cb50aa8e9d94c2a2d27.tar"
STARTING BUILD
"num-traits-0.2.15-5d094e323a156ccd4f3f7900525f6dea1272e0f5b76e96ce9b87eb01c36f77c7"
     Created binary (application) package
    Updating crates.io index
   Compiling num-traits v0.2.15
   Compiling cargo-quickbuild-scratchpad v0.1.0 (/private/var/folders/0d/08wbx2j52nx5hjg16cshb8g80000gn/T/cargo-quickbuild-scratchpad.Q9MtUbKm1QNs/cargo-quickbuild-scratchpad)
    Finished dev [unoptimized + debuginfo] target(s) in 1.23s
wrote to "/Users/admin/tmp/quick/num-traits-0.2.15-5d094e323a156ccd4f3f7900525f6dea1272e0f5b76e96ce9b87eb01c36f77c7.tar"
STARTING BUILD
"num_threads-0.1.6-e3c99eacad0e88f3f65a6337b47b347a7ac2831055012835ad3ab883cf6e416e"
     Created binary (application) package
    Updating crates.io index
   Compiling num_threads v0.1.6
   Compiling cargo-quickbuild-scratchpad v0.1.0 (/private/var/folders/0d/08wbx2j52nx5hjg16cshb8g80000gn/T/cargo-quickbuild-scratchpad.ejZuvlJUD5z1/cargo-quickbuild-scratchpad)
    Finished dev [unoptimized + debuginfo] target(s) in 0.42s
wrote to "/Users/admin/tmp/quick/num_threads-0.1.6-e3c99eacad0e88f3f65a6337b47b347a7ac2831055012835ad3ab883cf6e416e.tar"
STARTING BUILD
"object-0.29.0-38b995ebd92209240a8d2fcd5235bdae651321d678c6c61562b5fe0a226a3023"
     Created binary (application) package
    Updating crates.io index
   Compiling object v0.29.0
   Compiling cargo-quickbuild-scratchpad v0.1.0 (/private/var/folders/0d/08wbx2j52nx5hjg16cshb8g80000gn/T/cargo-quickbuild-scratchpad.WpEAwqlmEIQR/cargo-quickbuild-scratchpad)
    Finished dev [unoptimized + debuginfo] target(s) in 1.36s
wrote to "/Users/admin/tmp/quick/object-0.29.0-38b995ebd92209240a8d2fcd5235bdae651321d678c6c61562b5fe0a226a3023.tar"
STARTING BUILD
"proc-macro2-1.0.43-3857f6afc4c4fe2df06776a26a0ddadcbe1e1cea6cce489900b7846b2803caa2"
     Created binary (application) package
    Updating crates.io index
   Compiling proc-macro2 v1.0.43
   Compiling cargo-quickbuild-scratchpad v0.1.0 (/private/var/folders/0d/08wbx2j52nx5hjg16cshb8g80000gn/T/cargo-quickbuild-scratchpad.yfFXF7r7zc0I/cargo-quickbuild-scratchpad)
    Finished dev [unoptimized + debuginfo] target(s) in 1.09s
wrote to "/Users/admin/tmp/quick/proc-macro2-1.0.43-3857f6afc4c4fe2df06776a26a0ddadcbe1e1cea6cce489900b7846b2803caa2.tar"
STARTING BUILD
"terminal_size-0.1.17-0dfbb0a5659cb596dc4a43b5576fab00aed30f4c37e225c12b6dd30b003a8eb4"
     Created binary (application) package
    Updating crates.io index
   Compiling terminal_size v0.1.17
   Compiling cargo-quickbuild-scratchpad v0.1.0 (/private/var/folders/0d/08wbx2j52nx5hjg16cshb8g80000gn/T/cargo-quickbuild-scratchpad.JJdEz3q0wCQa/cargo-quickbuild-scratchpad)
    Finished dev [unoptimized + debuginfo] target(s) in 0.45s
wrote to "/Users/admin/tmp/quick/terminal_size-0.1.17-0dfbb0a5659cb596dc4a43b5576fab00aed30f4c37e225c12b6dd30b003a8eb4.tar"
STARTING BUILD
"time-0.1.44-ab6e4833a62435a545c4c78aaf16cb310658211b2b5fed8623d03a1968a78da2"
     Created binary (application) package
    Updating crates.io index
   Compiling time v0.1.44
   Compiling cargo-quickbuild-scratchpad v0.1.0 (/private/var/folders/0d/08wbx2j52nx5hjg16cshb8g80000gn/T/cargo-quickbuild-scratchpad.HBiBh0qhOO8O/cargo-quickbuild-scratchpad)
    Finished dev [unoptimized + debuginfo] target(s) in 0.65s
wrote to "/Users/admin/tmp/quick/time-0.1.44-ab6e4833a62435a545c4c78aaf16cb310658211b2b5fed8623d03a1968a78da2.tar"
STARTING BUILD
"wyz-0.5.0-ff200f6797efbcde6b3bc0e29a272edf0fe41f7abd7d4a5f501d744d466377fe"
     Created binary (application) package
    Updating crates.io index
   Compiling wyz v0.5.0
   Compiling cargo-quickbuild-scratchpad v0.1.0 (/private/var/folders/0d/08wbx2j52nx5hjg16cshb8g80000gn/T/cargo-quickbuild-scratchpad.2FaKU7oXbLk3/cargo-quickbuild-scratchpad)
    Finished dev [unoptimized + debuginfo] target(s) in 0.59s
wrote to "/Users/admin/tmp/quick/wyz-0.5.0-ff200f6797efbcde6b3bc0e29a272edf0fe41f7abd7d4a5f501d744d466377fe.tar"
STARTING BUILD
"yaml-rust-0.4.5-f0b243c267caf871cb93615bba0afb02fcac6605a86c87380b050b408d01e2e1"
     Created binary (application) package
    Updating crates.io index
   Compiling yaml-rust v0.4.5
   Compiling cargo-quickbuild-scratchpad v0.1.0 (/private/var/folders/0d/08wbx2j52nx5hjg16cshb8g80000gn/T/cargo-quickbuild-scratchpad.glr3K4seX2yK/cargo-quickbuild-scratchpad)
    Finished dev [unoptimized + debuginfo] target(s) in 1.00s
wrote to "/Users/admin/tmp/quick/yaml-rust-0.4.5-f0b243c267caf871cb93615bba0afb02fcac6605a86c87380b050b408d01e2e1.tar"
START OF LEVEL 2
[cargo-quickbuild/src/scheduler.rs:34] &current_level = {
    PackageId {
        name: "bitvec",
        version: "1.0.1",
        source: "registry `crates-io`",
    },
    PackageId {
        name: "capstone",
        version: "0.11.0",
        source: "registry `crates-io`",
    },
    PackageId {
        name: "colored",
        version: "2.0.0",
        source: "registry `crates-io`",
    },
    PackageId {
        name: "console",
        version: "0.15.1",
        source: "registry `crates-io`",
    },
    PackageId {
        name: "dirs-next",
        version: "2.0.0",
        source: "registry `crates-io`",
    },
    PackageId {
        name: "nix",
        version: "0.23.1",
        source: "registry `crates-io`",
    },
    PackageId {
        name: "num-integer",
        version: "0.1.45",
        source: "registry `crates-io`",
    },
    PackageId {
        name: "parse_int",
        version: "0.6.0",
        source: "registry `crates-io`",
    },
    PackageId {
        name: "quote",
        version: "1.0.21",
        source: "registry `crates-io`",
    },
    PackageId {
        name: "radix_trie",
        version: "0.2.1",
        source: "registry `crates-io`",
    },
    PackageId {
        name: "regex",
        version: "1.6.0",
        source: "registry `crates-io`",
    },
    PackageId {
        name: "rusb",
        version: "0.9.1",
        source: "registry `crates-io`",
    },
    PackageId {
        name: "rustix",
        version: "0.35.9",
        source: "registry `crates-io`",
    },
    PackageId {
        name: "time",
        version: "0.3.14",
        source: "registry `crates-io`",
    },
}
STARTING BUILD
"bitvec-1.0.1-23c31e41a3a97e6b7ddc23c81e7f72c3b0477c0248d82f63dbd7f4d6a6149a1a"
     Created binary (application) package
    Updating crates.io index
   Compiling bitvec v1.0.1
   Compiling cargo-quickbuild-scratchpad v0.1.0 (/private/var/folders/0d/08wbx2j52nx5hjg16cshb8g80000gn/T/cargo-quickbuild-scratchpad.y6ApN7WxBTAK/cargo-quickbuild-scratchpad)
    Finished dev [unoptimized + debuginfo] target(s) in 1.63s
wrote to "/Users/admin/tmp/quick/bitvec-1.0.1-23c31e41a3a97e6b7ddc23c81e7f72c3b0477c0248d82f63dbd7f4d6a6149a1a.tar"
STARTING BUILD
"capstone-0.11.0-849bb494006bafdda061fc94ba1470130da1671389df53844fc1c4c4d5214aa9"
     Created binary (application) package
    Updating crates.io index
   Compiling capstone v0.11.0
   Compiling cargo-quickbuild-scratchpad v0.1.0 (/private/var/folders/0d/08wbx2j52nx5hjg16cshb8g80000gn/T/cargo-quickbuild-scratchpad.v6h8h5HGbYey/cargo-quickbuild-scratchpad)
    Finished dev [unoptimized + debuginfo] target(s) in 1.17s
wrote to "/Users/admin/tmp/quick/capstone-0.11.0-849bb494006bafdda061fc94ba1470130da1671389df53844fc1c4c4d5214aa9.tar"
STARTING BUILD
"colored-2.0.0-3ac8e55e5274113d8d454d61fd7f9f76045fbd942c0ca66ee6a86278a3fd4f75"
     Created binary (application) package
    Updating crates.io index
   Compiling colored v2.0.0
   Compiling cargo-quickbuild-scratchpad v0.1.0 (/private/var/folders/0d/08wbx2j52nx5hjg16cshb8g80000gn/T/cargo-quickbuild-scratchpad.ySbWBOfVlnFq/cargo-quickbuild-scratchpad)
    Finished dev [unoptimized + debuginfo] target(s) in 0.80s
wrote to "/Users/admin/tmp/quick/colored-2.0.0-3ac8e55e5274113d8d454d61fd7f9f76045fbd942c0ca66ee6a86278a3fd4f75.tar"
STARTING BUILD
"console-0.15.1-4f5a5561b02fda9ac68772f4ad03932535f8bd2edac8d1139d2bea86b7d7a329"
     Created binary (application) package
    Updating crates.io index
   Compiling console v0.15.1
   Compiling cargo-quickbuild-scratchpad v0.1.0 (/private/var/folders/0d/08wbx2j52nx5hjg16cshb8g80000gn/T/cargo-quickbuild-scratchpad.G3wmgdBeqA0i/cargo-quickbuild-scratchpad)
    Finished dev [unoptimized + debuginfo] target(s) in 1.00s
wrote to "/Users/admin/tmp/quick/console-0.15.1-4f5a5561b02fda9ac68772f4ad03932535f8bd2edac8d1139d2bea86b7d7a329.tar"
STARTING BUILD
"dirs-next-2.0.0-47412ae942147d289e8c12978b6559f0354f5398bcfc71fe8dbf606c29f3818b"
     Created binary (application) package
    Updating crates.io index
   Compiling dirs-next v2.0.0
   Compiling cargo-quickbuild-scratchpad v0.1.0 (/private/var/folders/0d/08wbx2j52nx5hjg16cshb8g80000gn/T/cargo-quickbuild-scratchpad.MKdRLjtPM11o/cargo-quickbuild-scratchpad)
    Finished dev [unoptimized + debuginfo] target(s) in 0.43s
wrote to "/Users/admin/tmp/quick/dirs-next-2.0.0-47412ae942147d289e8c12978b6559f0354f5398bcfc71fe8dbf606c29f3818b.tar"
STARTING BUILD
"nix-0.23.1-21ba2526a228fa3f6eacc98be2cb0c1b25a642b866f67cfd849c7cf3da63b7c5"
     Created binary (application) package
    Updating crates.io index
   Compiling nix v0.23.1
   Compiling cargo-quickbuild-scratchpad v0.1.0 (/private/var/folders/0d/08wbx2j52nx5hjg16cshb8g80000gn/T/cargo-quickbuild-scratchpad.oLXhxd2PbmnU/cargo-quickbuild-scratchpad)
    Finished dev [unoptimized + debuginfo] target(s) in 2.06s
wrote to "/Users/admin/tmp/quick/nix-0.23.1-21ba2526a228fa3f6eacc98be2cb0c1b25a642b866f67cfd849c7cf3da63b7c5.tar"
STARTING BUILD
"num-integer-0.1.45-a7ff05b60f40657ae4c73ee6513f7df3bb5504114cb0f804a312a48abe48382e"
     Created binary (application) package
    Updating crates.io index
   Compiling num-integer v0.1.45
   Compiling cargo-quickbuild-scratchpad v0.1.0 (/private/var/folders/0d/08wbx2j52nx5hjg16cshb8g80000gn/T/cargo-quickbuild-scratchpad.13yr4YBTVJwQ/cargo-quickbuild-scratchpad)
    Finished dev [unoptimized + debuginfo] target(s) in 0.81s
wrote to "/Users/admin/tmp/quick/num-integer-0.1.45-a7ff05b60f40657ae4c73ee6513f7df3bb5504114cb0f804a312a48abe48382e.tar"
STARTING BUILD
"parse_int-0.6.0-f1595cbedadadae0ebb4783794e7e859a26c936dacf0a553f4a923395e149c81"
     Created binary (application) package
    Updating crates.io index
   Compiling parse_int v0.6.0
   Compiling cargo-quickbuild-scratchpad v0.1.0 (/private/var/folders/0d/08wbx2j52nx5hjg16cshb8g80000gn/T/cargo-quickbuild-scratchpad.fbtSL14d2YIf/cargo-quickbuild-scratchpad)
    Finished dev [unoptimized + debuginfo] target(s) in 0.40s
wrote to "/Users/admin/tmp/quick/parse_int-0.6.0-f1595cbedadadae0ebb4783794e7e859a26c936dacf0a553f4a923395e149c81.tar"
STARTING BUILD
"quote-1.0.21-d41951438fde5441b61a9ebc949d7265ef8cdef1642a2593445e7482be499f3f"
     Created binary (application) package
    Updating crates.io index
   Compiling quote v1.0.21
   Compiling cargo-quickbuild-scratchpad v0.1.0 (/private/var/folders/0d/08wbx2j52nx5hjg16cshb8g80000gn/T/cargo-quickbuild-scratchpad.eSwPzJHfsnbD/cargo-quickbuild-scratchpad)
    Finished dev [unoptimized + debuginfo] target(s) in 0.99s
wrote to "/Users/admin/tmp/quick/quote-1.0.21-d41951438fde5441b61a9ebc949d7265ef8cdef1642a2593445e7482be499f3f.tar"
STARTING BUILD
"radix_trie-0.2.1-090a10292eff72507a9b5c1ded8f3f6583e36f1b7ba2cc95586b43eea6156ad7"
     Created binary (application) package
    Updating crates.io index
   Compiling radix_trie v0.2.1
   Compiling cargo-quickbuild-scratchpad v0.1.0 (/private/var/folders/0d/08wbx2j52nx5hjg16cshb8g80000gn/T/cargo-quickbuild-scratchpad.gkqJlqxX5Txu/cargo-quickbuild-scratchpad)
    Finished dev [unoptimized + debuginfo] target(s) in 0.61s
wrote to "/Users/admin/tmp/quick/radix_trie-0.2.1-090a10292eff72507a9b5c1ded8f3f6583e36f1b7ba2cc95586b43eea6156ad7.tar"
STARTING BUILD
"regex-1.6.0-50b43fea0e76e4d854cc7a769f84809d0154829c4f5fedc2f214c1fc5487b02f"
     Created binary (application) package
    Updating crates.io index
   Compiling regex v1.6.0
   Compiling cargo-quickbuild-scratchpad v0.1.0 (/private/var/folders/0d/08wbx2j52nx5hjg16cshb8g80000gn/T/cargo-quickbuild-scratchpad.51tQ07TjTC1X/cargo-quickbuild-scratchpad)
    Finished dev [unoptimized + debuginfo] target(s) in 2.31s
wrote to "/Users/admin/tmp/quick/regex-1.6.0-50b43fea0e76e4d854cc7a769f84809d0154829c4f5fedc2f214c1fc5487b02f.tar"
STARTING BUILD
"rusb-0.9.1-bafa501e761c0dc7b1c18bf9b2cbca96f93b7666cc295e711f895f6ba5b8a6f5"
     Created binary (application) package
    Updating crates.io index
   Compiling rusb v0.9.1
   Compiling cargo-quickbuild-scratchpad v0.1.0 (/private/var/folders/0d/08wbx2j52nx5hjg16cshb8g80000gn/T/cargo-quickbuild-scratchpad.D1Y2YnKivNIp/cargo-quickbuild-scratchpad)
    Finished dev [unoptimized + debuginfo] target(s) in 0.83s
wrote to "/Users/admin/tmp/quick/rusb-0.9.1-bafa501e761c0dc7b1c18bf9b2cbca96f93b7666cc295e711f895f6ba5b8a6f5.tar"
STARTING BUILD
"rustix-0.35.9-53b7d701a9379567715e2c3256351b3afacbaa7f1a7c02750825983ed45408f8"
     Created binary (application) package
    Updating crates.io index
   Compiling rustix v0.35.9
   Compiling cargo-quickbuild-scratchpad v0.1.0 (/private/var/folders/0d/08wbx2j52nx5hjg16cshb8g80000gn/T/cargo-quickbuild-scratchpad.zdkfIc0ZE830/cargo-quickbuild-scratchpad)
    Finished dev [unoptimized + debuginfo] target(s) in 1.22s
wrote to "/Users/admin/tmp/quick/rustix-0.35.9-53b7d701a9379567715e2c3256351b3afacbaa7f1a7c02750825983ed45408f8.tar"
STARTING BUILD
"time-0.3.14-3fd988381430296088d868f1cb409058f2bbb2f8b9798eee4e091659e300479b"
     Created binary (application) package
    Updating crates.io index
   Compiling time v0.3.14
   Compiling cargo-quickbuild-scratchpad v0.1.0 (/private/var/folders/0d/08wbx2j52nx5hjg16cshb8g80000gn/T/cargo-quickbuild-scratchpad.VwCHLG0gTZe2/cargo-quickbuild-scratchpad)
    Finished dev [unoptimized + debuginfo] target(s) in 1.04s
wrote to "/Users/admin/tmp/quick/time-0.3.14-3fd988381430296088d868f1cb409058f2bbb2f8b9798eee4e091659e300479b.tar"
START OF LEVEL 3
[cargo-quickbuild/src/scheduler.rs:34] &current_level = {
    PackageId {
        name: "fd-lock",
        version: "3.0.6",
        source: "registry `crates-io`",
    },
    PackageId {
        name: "indicatif",
        version: "0.16.2",
        source: "registry `crates-io`",
    },
    PackageId {
        name: "proc-macro-error-attr",
        version: "1.0.4",
        source: "registry `crates-io`",
    },
    PackageId {
        name: "syn",
        version: "1.0.99",
        source: "registry `crates-io`",
    },
    PackageId {
        name: "terminal_size",
        version: "0.2.1",
        source: "registry `crates-io`",
    },
}
STARTING BUILD
"fd-lock-3.0.6-3e36e88d5c22d690a0c8456f3f20414faec018ada7e7f589dd89eac620a67f14"
     Created binary (application) package
    Updating crates.io index
   Compiling fd-lock v3.0.6
   Compiling cargo-quickbuild-scratchpad v0.1.0 (/private/var/folders/0d/08wbx2j52nx5hjg16cshb8g80000gn/T/cargo-quickbuild-scratchpad.mM3RyIYwhWJI/cargo-quickbuild-scratchpad)
    Finished dev [unoptimized + debuginfo] target(s) in 0.48s
wrote to "/Users/admin/tmp/quick/fd-lock-3.0.6-3e36e88d5c22d690a0c8456f3f20414faec018ada7e7f589dd89eac620a67f14.tar"
STARTING BUILD
"indicatif-0.16.2-a7e608445824167e4c93317abe0d52cb056c99b14cd2b994280636c62aaa0e3d"
     Created binary (application) package
    Updating crates.io index
   Compiling indicatif v0.16.2
   Compiling cargo-quickbuild-scratchpad v0.1.0 (/private/var/folders/0d/08wbx2j52nx5hjg16cshb8g80000gn/T/cargo-quickbuild-scratchpad.41dzOEmyUcG0/cargo-quickbuild-scratchpad)
    Finished dev [unoptimized + debuginfo] target(s) in 0.97s
wrote to "/Users/admin/tmp/quick/indicatif-0.16.2-a7e608445824167e4c93317abe0d52cb056c99b14cd2b994280636c62aaa0e3d.tar"
STARTING BUILD
"proc-macro-error-attr-1.0.4-a20c6daf4aca195dbef1876407906fed60aebc1e95343f6d1cdade8738fe4346"
     Created binary (application) package
    Updating crates.io index
   Compiling proc-macro-error-attr v1.0.4
   Compiling cargo-quickbuild-scratchpad v0.1.0 (/private/var/folders/0d/08wbx2j52nx5hjg16cshb8g80000gn/T/cargo-quickbuild-scratchpad.acwHB1V19Srg/cargo-quickbuild-scratchpad)
    Finished dev [unoptimized + debuginfo] target(s) in 0.81s
wrote to "/Users/admin/tmp/quick/proc-macro-error-attr-1.0.4-a20c6daf4aca195dbef1876407906fed60aebc1e95343f6d1cdade8738fe4346.tar"
STARTING BUILD
"syn-1.0.99-d0e4f662c70b1b5b4f05d6fdd574b9d5e21674c7988cc15f34ddf1c18f0df143"
     Created binary (application) package
    Updating crates.io index
   Compiling syn v1.0.99
   Compiling cargo-quickbuild-scratchpad v0.1.0 (/private/var/folders/0d/08wbx2j52nx5hjg16cshb8g80000gn/T/cargo-quickbuild-scratchpad.hhKmPxY0m9qG/cargo-quickbuild-scratchpad)
    Finished dev [unoptimized + debuginfo] target(s) in 3.62s
wrote to "/Users/admin/tmp/quick/syn-1.0.99-d0e4f662c70b1b5b4f05d6fdd574b9d5e21674c7988cc15f34ddf1c18f0df143.tar"
STARTING BUILD
"terminal_size-0.2.1-04283b1541f65c70fdef9c8819affa33f34cc3b1284d5874dac33785ff371f23"
     Created binary (application) package
    Updating crates.io index
   Compiling terminal_size v0.2.1
   Compiling cargo-quickbuild-scratchpad v0.1.0 (/private/var/folders/0d/08wbx2j52nx5hjg16cshb8g80000gn/T/cargo-quickbuild-scratchpad.xCNGW3mg7Xtn/cargo-quickbuild-scratchpad)
    Finished dev [unoptimized + debuginfo] target(s) in 0.44s
wrote to "/Users/admin/tmp/quick/terminal_size-0.2.1-04283b1541f65c70fdef9c8819affa33f34cc3b1284d5874dac33785ff371f23.tar"
START OF LEVEL 4
[cargo-quickbuild/src/scheduler.rs:34] &current_level = {
    PackageId {
        name: "enum-primitive-derive",
        version: "0.2.2",
        source: "registry `crates-io`",
    },
    PackageId {
        name: "proc-macro-error",
        version: "1.0.4",
        source: "registry `crates-io`",
    },
    PackageId {
        name: "scroll_derive",
        version: "0.11.0",
        source: "registry `crates-io`",
    },
    PackageId {
        name: "serde_derive",
        version: "1.0.144",
        source: "registry `crates-io`",
    },
    PackageId {
        name: "thiserror-impl",
        version: "1.0.34",
        source: "registry `crates-io`",
    },
}
STARTING BUILD
"enum-primitive-derive-0.2.2-2450819eedbbae4729aa4fc4c6051c9fbceb9cb40f08e94297b61043327001db"
     Created binary (application) package
    Updating crates.io index
   Compiling proc-macro2 v1.0.43
   Compiling syn v1.0.99
   Compiling num-traits v0.2.15
   Compiling quote v1.0.21
   Compiling enum-primitive-derive v0.2.2
   Compiling cargo-quickbuild-scratchpad v0.1.0 (/private/var/folders/0d/08wbx2j52nx5hjg16cshb8g80000gn/T/cargo-quickbuild-scratchpad.VgP2st6X7Wca/cargo-quickbuild-scratchpad)
    Finished dev [unoptimized + debuginfo] target(s) in 4.68s
wrote to "/Users/admin/tmp/quick/enum-primitive-derive-0.2.2-2450819eedbbae4729aa4fc4c6051c9fbceb9cb40f08e94297b61043327001db.tar"
STARTING BUILD
"proc-macro-error-1.0.4-e11477edba1c3c8496bf0ad9f642dc531b84454b5f71170addc33041df282c61"
     Created binary (application) package
    Updating crates.io index
   Compiling proc-macro-error v1.0.4
   Compiling cargo-quickbuild-scratchpad v0.1.0 (/private/var/folders/0d/08wbx2j52nx5hjg16cshb8g80000gn/T/cargo-quickbuild-scratchpad.pnD14JBYrY3F/cargo-quickbuild-scratchpad)
    Finished dev [unoptimized + debuginfo] target(s) in 0.84s
wrote to "/Users/admin/tmp/quick/proc-macro-error-1.0.4-e11477edba1c3c8496bf0ad9f642dc531b84454b5f71170addc33041df282c61.tar"
STARTING BUILD
"scroll_derive-0.11.0-a5d52ecb1966819dec60c2839af0531bac2faf79dce11de168caa26972c16199"
     Created binary (application) package
    Updating crates.io index
   Compiling syn v1.0.99
   Compiling scroll_derive v0.11.0
   Compiling cargo-quickbuild-scratchpad v0.1.0 (/private/var/folders/0d/08wbx2j52nx5hjg16cshb8g80000gn/T/cargo-quickbuild-scratchpad.QX5cS1dLDNEf/cargo-quickbuild-scratchpad)
    Finished dev [unoptimized + debuginfo] target(s) in 3.08s
wrote to "/Users/admin/tmp/quick/scroll_derive-0.11.0-a5d52ecb1966819dec60c2839af0531bac2faf79dce11de168caa26972c16199.tar"
STARTING BUILD
"serde_derive-1.0.144-fa12366455eed59c0c3a6890c96d9a4f20420ee4fb4f47396c04e1cbfca44a48"
     Created binary (application) package
    Updating crates.io index
   Compiling syn v1.0.99
   Compiling serde_derive v1.0.144
   Compiling cargo-quickbuild-scratchpad v0.1.0 (/private/var/folders/0d/08wbx2j52nx5hjg16cshb8g80000gn/T/cargo-quickbuild-scratchpad.zTFu4sERS3Rp/cargo-quickbuild-scratchpad)
    Finished dev [unoptimized + debuginfo] target(s) in 5.55s
wrote to "/Users/admin/tmp/quick/serde_derive-1.0.144-fa12366455eed59c0c3a6890c96d9a4f20420ee4fb4f47396c04e1cbfca44a48.tar"
STARTING BUILD
"thiserror-impl-1.0.34-1a7dfa3822b7c665e58b2f28ff8635c507f4f94a50dc75e8c1611143400786ef"
     Created binary (application) package
    Updating crates.io index
   Compiling syn v1.0.99
   Compiling thiserror-impl v1.0.34
   Compiling cargo-quickbuild-scratchpad v0.1.0 (/private/var/folders/0d/08wbx2j52nx5hjg16cshb8g80000gn/T/cargo-quickbuild-scratchpad.QzuWZ53yXCvx/cargo-quickbuild-scratchpad)
    Finished dev [unoptimized + debuginfo] target(s) in 3.48s
wrote to "/Users/admin/tmp/quick/thiserror-impl-1.0.34-1a7dfa3822b7c665e58b2f28ff8635c507f4f94a50dc75e8c1611143400786ef.tar"
START OF LEVEL 5
[cargo-quickbuild/src/scheduler.rs:34] &current_level = {
    PackageId {
        name: "clap_derive",
        version: "3.2.18",
        source: "registry `crates-io`",
    },
    PackageId {
        name: "scroll",
        version: "0.11.0",
        source: "registry `crates-io`",
    },
    PackageId {
        name: "serde",
        version: "1.0.144",
        source: "registry `crates-io`",
    },
    PackageId {
        name: "thiserror",
        version: "1.0.34",
        source: "registry `crates-io`",
    },
}
STARTING BUILD
"clap_derive-3.2.18-cff9ecc99d7b103d46e94f01039d239a9c5e1c8f3c8e3f2e8409bea17edd6a9e"
     Created binary (application) package
    Updating crates.io index
   Compiling syn v1.0.99
   Compiling proc-macro-error v1.0.4
   Compiling clap_derive v3.2.18
   Compiling cargo-quickbuild-scratchpad v0.1.0 (/private/var/folders/0d/08wbx2j52nx5hjg16cshb8g80000gn/T/cargo-quickbuild-scratchpad.uxizZAh2BoSu/cargo-quickbuild-scratchpad)
    Finished dev [unoptimized + debuginfo] target(s) in 5.10s
wrote to "/Users/admin/tmp/quick/clap_derive-3.2.18-cff9ecc99d7b103d46e94f01039d239a9c5e1c8f3c8e3f2e8409bea17edd6a9e.tar"
STARTING BUILD
"scroll-0.11.0-689c117463617db348441981da65ed2e5af9dca850b10915ff1ef4189ddf8b5b"
     Created binary (application) package
    Updating crates.io index
   Compiling scroll v0.11.0
   Compiling cargo-quickbuild-scratchpad v0.1.0 (/private/var/folders/0d/08wbx2j52nx5hjg16cshb8g80000gn/T/cargo-quickbuild-scratchpad.n4vM10gtUWyN/cargo-quickbuild-scratchpad)
    Finished dev [unoptimized + debuginfo] target(s) in 0.73s
wrote to "/Users/admin/tmp/quick/scroll-0.11.0-689c117463617db348441981da65ed2e5af9dca850b10915ff1ef4189ddf8b5b.tar"
STARTING BUILD
"serde-1.0.144-038eddfee13fe4d96782679c640fb1a8b84798a5b2bc88140fdf2ffe092ab53b"
     Created binary (application) package
    Updating crates.io index
   Compiling serde v1.0.144
   Compiling cargo-quickbuild-scratchpad v0.1.0 (/private/var/folders/0d/08wbx2j52nx5hjg16cshb8g80000gn/T/cargo-quickbuild-scratchpad.F1NkoiGZSlDZ/cargo-quickbuild-scratchpad)
    Finished dev [unoptimized + debuginfo] target(s) in 2.23s
wrote to "/Users/admin/tmp/quick/serde-1.0.144-038eddfee13fe4d96782679c640fb1a8b84798a5b2bc88140fdf2ffe092ab53b.tar"
STARTING BUILD
"thiserror-1.0.34-59b4900b8be763593acc19fc7a95e792e72299c9351e7690260f7f01a78befbf"
     Created binary (application) package
    Updating crates.io index
   Compiling thiserror v1.0.34
   Compiling cargo-quickbuild-scratchpad v0.1.0 (/private/var/folders/0d/08wbx2j52nx5hjg16cshb8g80000gn/T/cargo-quickbuild-scratchpad.sPCkqYCJSHK9/cargo-quickbuild-scratchpad)
    Finished dev [unoptimized + debuginfo] target(s) in 0.46s
wrote to "/Users/admin/tmp/quick/thiserror-1.0.34-59b4900b8be763593acc19fc7a95e792e72299c9351e7690260f7f01a78befbf.tar"
START OF LEVEL 6
[cargo-quickbuild/src/scheduler.rs:34] &current_level = {
    PackageId {
        name: "bincode",
        version: "1.3.3",
        source: "registry `crates-io`",
    },
    PackageId {
        name: "camino",
        version: "1.1.1",
        source: "registry `crates-io`",
    },
    PackageId {
        name: "cargo-platform",
        version: "0.1.2",
        source: "registry `crates-io`",
    },
    PackageId {
        name: "chrono",
        version: "0.4.22",
        source: "registry `crates-io`",
    },
    PackageId {
        name: "clap",
        version: "3.2.20",
        source: "registry `crates-io`",
    },
    PackageId {
        name: "jep106",
        version: "0.2.8",
        source: "registry `crates-io`",
    },
    PackageId {
        name: "log",
        version: "0.4.17",
        source: "registry `crates-io`",
    },
    PackageId {
        name: "ron",
        version: "0.7.1",
        source: "registry `crates-io`",
    },
    PackageId {
        name: "semver",
        version: "1.0.13",
        source: "registry `crates-io`",
    },
    PackageId {
        name: "serde_json",
        version: "1.0.85",
        source: "registry `crates-io`",
    },
    PackageId {
        name: "serde_yaml",
        version: "0.8.26",
        source: "registry `crates-io`",
    },
    PackageId {
        name: "toml",
        version: "0.5.9",
        source: "registry `crates-io`",
    },
}
STARTING BUILD
"bincode-1.3.3-1d029e58b84adb6eede3d862e2970ecc83098f7714e336a3abb7c9d2365e2a66"
     Created binary (application) package
    Updating crates.io index
   Compiling bincode v1.3.3
   Compiling cargo-quickbuild-scratchpad v0.1.0 (/private/var/folders/0d/08wbx2j52nx5hjg16cshb8g80000gn/T/cargo-quickbuild-scratchpad.zjAoCsCM8gaF/cargo-quickbuild-scratchpad)
    Finished dev [unoptimized + debuginfo] target(s) in 0.64s
wrote to "/Users/admin/tmp/quick/bincode-1.3.3-1d029e58b84adb6eede3d862e2970ecc83098f7714e336a3abb7c9d2365e2a66.tar"
STARTING BUILD
"camino-1.1.1-81da4d9f22668f051ffe7ec49b323494e153c66a9366e84ed11a0bbd06530936"
     Created binary (application) package
    Updating crates.io index
   Compiling camino v1.1.1
   Compiling cargo-quickbuild-scratchpad v0.1.0 (/private/var/folders/0d/08wbx2j52nx5hjg16cshb8g80000gn/T/cargo-quickbuild-scratchpad.Pt71zuf9YpoZ/cargo-quickbuild-scratchpad)
    Finished dev [unoptimized + debuginfo] target(s) in 0.90s
wrote to "/Users/admin/tmp/quick/camino-1.1.1-81da4d9f22668f051ffe7ec49b323494e153c66a9366e84ed11a0bbd06530936.tar"
STARTING BUILD
"cargo-platform-0.1.2-7d4fd20343bcbb181b6309eaa8feac54775f12b860d350032f17ade964e2415f"
     Created binary (application) package
    Updating crates.io index
   Compiling cargo-platform v0.1.2
   Compiling cargo-quickbuild-scratchpad v0.1.0 (/private/var/folders/0d/08wbx2j52nx5hjg16cshb8g80000gn/T/cargo-quickbuild-scratchpad.qYt8elamxInh/cargo-quickbuild-scratchpad)
    Finished dev [unoptimized + debuginfo] target(s) in 0.58s
wrote to "/Users/admin/tmp/quick/cargo-platform-0.1.2-7d4fd20343bcbb181b6309eaa8feac54775f12b860d350032f17ade964e2415f.tar"
STARTING BUILD
"chrono-0.4.22-6742b440105d60e32baaada0d59e3dfbecfb4f872da57008d46b108983f40bb8"
     Created binary (application) package
    Updating crates.io index
   Compiling chrono v0.4.22
   Compiling cargo-quickbuild-scratchpad v0.1.0 (/private/var/folders/0d/08wbx2j52nx5hjg16cshb8g80000gn/T/cargo-quickbuild-scratchpad.CHCZPTy6WXO2/cargo-quickbuild-scratchpad)
    Finished dev [unoptimized + debuginfo] target(s) in 1.43s
wrote to "/Users/admin/tmp/quick/chrono-0.4.22-6742b440105d60e32baaada0d59e3dfbecfb4f872da57008d46b108983f40bb8.tar"
STARTING BUILD
"clap-3.2.20-f1a53dde70586b9cd90fdeba1cf383af1676aa484d7e1577cbd0b3e606b2ab50"
     Created binary (application) package
    Updating crates.io index
   Compiling clap v3.2.20
   Compiling cargo-quickbuild-scratchpad v0.1.0 (/private/var/folders/0d/08wbx2j52nx5hjg16cshb8g80000gn/T/cargo-quickbuild-scratchpad.JYk3NH3al0kQ/cargo-quickbuild-scratchpad)
    Finished dev [unoptimized + debuginfo] target(s) in 3.39s
wrote to "/Users/admin/tmp/quick/clap-3.2.20-f1a53dde70586b9cd90fdeba1cf383af1676aa484d7e1577cbd0b3e606b2ab50.tar"
STARTING BUILD
"jep106-0.2.8-30ee231a3b9e9717c8b9d8000c070bef5ec9916b8ffe499bbff22fdffcd1b17a"
     Created binary (application) package
    Updating crates.io index
   Compiling jep106 v0.2.8
   Compiling cargo-quickbuild-scratchpad v0.1.0 (/private/var/folders/0d/08wbx2j52nx5hjg16cshb8g80000gn/T/cargo-quickbuild-scratchpad.rPyRchthfMJb/cargo-quickbuild-scratchpad)
    Finished dev [unoptimized + debuginfo] target(s) in 0.55s
wrote to "/Users/admin/tmp/quick/jep106-0.2.8-30ee231a3b9e9717c8b9d8000c070bef5ec9916b8ffe499bbff22fdffcd1b17a.tar"
STARTING BUILD
"log-0.4.17-02ccfc90a22103dedc26e2a73cea0751a069dd285b9a34e030f08e3ecdd989ae"
     Created binary (application) package
    Updating crates.io index
   Compiling log v0.4.17
   Compiling cargo-quickbuild-scratchpad v0.1.0 (/private/var/folders/0d/08wbx2j52nx5hjg16cshb8g80000gn/T/cargo-quickbuild-scratchpad.dwKWUrzTanYb/cargo-quickbuild-scratchpad)
    Finished dev [unoptimized + debuginfo] target(s) in 0.65s
wrote to "/Users/admin/tmp/quick/log-0.4.17-02ccfc90a22103dedc26e2a73cea0751a069dd285b9a34e030f08e3ecdd989ae.tar"
STARTING BUILD
"ron-0.7.1-3eb7aeca3df2632ab1093df8990c5fa05301ab7397b0ba38e0b4b537efac0600"
     Created binary (application) package
    Updating crates.io index
   Compiling ron v0.7.1
   Compiling cargo-quickbuild-scratchpad v0.1.0 (/private/var/folders/0d/08wbx2j52nx5hjg16cshb8g80000gn/T/cargo-quickbuild-scratchpad.qWLV8pNxsDuB/cargo-quickbuild-scratchpad)
    Finished dev [unoptimized + debuginfo] target(s) in 1.19s
wrote to "/Users/admin/tmp/quick/ron-0.7.1-3eb7aeca3df2632ab1093df8990c5fa05301ab7397b0ba38e0b4b537efac0600.tar"
STARTING BUILD
"semver-1.0.13-d3d24355631c24d03b36253a2ba072ebc93c60e1ce85993630fff63e75ef113e"
     Created binary (application) package
    Updating crates.io index
   Compiling semver v1.0.13
   Compiling cargo-quickbuild-scratchpad v0.1.0 (/private/var/folders/0d/08wbx2j52nx5hjg16cshb8g80000gn/T/cargo-quickbuild-scratchpad.XPR7w5SlYIfn/cargo-quickbuild-scratchpad)
    Finished dev [unoptimized + debuginfo] target(s) in 0.88s
wrote to "/Users/admin/tmp/quick/semver-1.0.13-d3d24355631c24d03b36253a2ba072ebc93c60e1ce85993630fff63e75ef113e.tar"
STARTING BUILD
"serde_json-1.0.85-761757101ae5bc49a879b1261a419783ce5394bd8b4616ea463e78dc2c1ea5c0"
     Created binary (application) package
    Updating crates.io index
   Compiling serde_json v1.0.85
   Compiling cargo-quickbuild-scratchpad v0.1.0 (/private/var/folders/0d/08wbx2j52nx5hjg16cshb8g80000gn/T/cargo-quickbuild-scratchpad.5VVyiTyZ6nuw/cargo-quickbuild-scratchpad)
    Finished dev [unoptimized + debuginfo] target(s) in 1.49s
wrote to "/Users/admin/tmp/quick/serde_json-1.0.85-761757101ae5bc49a879b1261a419783ce5394bd8b4616ea463e78dc2c1ea5c0.tar"
STARTING BUILD
"serde_yaml-0.8.26-8ece23997858b6d826ad4768d39737d8acc41e2d9b4312e7b39daeeffa19c67e"
     Created binary (application) package
    Updating crates.io index
   Compiling serde_yaml v0.8.26
   Compiling cargo-quickbuild-scratchpad v0.1.0 (/private/var/folders/0d/08wbx2j52nx5hjg16cshb8g80000gn/T/cargo-quickbuild-scratchpad.AqESJDzjC1aQ/cargo-quickbuild-scratchpad)
    Finished dev [unoptimized + debuginfo] target(s) in 2.11s
wrote to "/Users/admin/tmp/quick/serde_yaml-0.8.26-8ece23997858b6d826ad4768d39737d8acc41e2d9b4312e7b39daeeffa19c67e.tar"
STARTING BUILD
"toml-0.5.9-2ff347cba679ee4295a1c311c4a7d0e6a7b2450eb4933b8dfeb46cdede314cb4"
     Created binary (application) package
    Updating crates.io index
   Compiling toml v0.5.9
   Compiling cargo-quickbuild-scratchpad v0.1.0 (/private/var/folders/0d/08wbx2j52nx5hjg16cshb8g80000gn/T/cargo-quickbuild-scratchpad.OnLqAbKSXCTS/cargo-quickbuild-scratchpad)
    Finished dev [unoptimized + debuginfo] target(s) in 2.59s
wrote to "/Users/admin/tmp/quick/toml-0.5.9-2ff347cba679ee4295a1c311c4a7d0e6a7b2450eb4933b8dfeb46cdede314cb4.tar"
START OF LEVEL 7
[cargo-quickbuild/src/scheduler.rs:34] &current_level = {
    PackageId {
        name: "cargo_metadata",
        version: "0.15.0",
        source: "registry `crates-io`",
    },
    PackageId {
        name: "cargo_toml",
        version: "0.11.6",
        source: "registry `crates-io`",
    },
    PackageId {
        name: "defmt-json-schema",
        version: "0.1.0",
        source: "registry `crates-io`",
    },
    PackageId {
        name: "env_logger",
        version: "0.7.1",
        source: "registry `crates-io`",
    },
    PackageId {
        name: "env_logger",
        version: "0.9.0",
        source: "registry `crates-io`",
    },
    PackageId {
        name: "gdbstub",
        version: "0.6.3",
        source: "registry `crates-io`",
    },
    PackageId {
        name: "goblin",
        version: "0.5.4",
        source: "registry `crates-io`",
    },
    PackageId {
        name: "jaylink",
        version: "0.3.0",
        source: "registry `crates-io`",
    },
    PackageId {
        name: "probe-rs-target",
        version: "0.13.0",
        source: "registry `crates-io`",
    },
    PackageId {
        name: "rustyline",
        version: "9.1.2",
        source: "registry `crates-io`",
    },
    PackageId {
        name: "simplelog",
        version: "0.12.0",
        source: "registry `crates-io`",
    },
}
STARTING BUILD
"cargo_metadata-0.15.0-15e5bc2bc1709729d31366572fd3907070205b28e0fa552fd624f8b52912ef07"
     Created binary (application) package
    Updating crates.io index
   Compiling cargo_metadata v0.15.0
   Compiling cargo-quickbuild-scratchpad v0.1.0 (/private/var/folders/0d/08wbx2j52nx5hjg16cshb8g80000gn/T/cargo-quickbuild-scratchpad.2xlevpaXmhRh/cargo-quickbuild-scratchpad)
    Finished dev [unoptimized + debuginfo] target(s) in 1.54s
wrote to "/Users/admin/tmp/quick/cargo_metadata-0.15.0-15e5bc2bc1709729d31366572fd3907070205b28e0fa552fd624f8b52912ef07.tar"
STARTING BUILD
"cargo_toml-0.11.6-b15a864e70bb0848907c0bf991aab2c76473e7f1c88f63c47fe354cab08e5036"
     Created binary (application) package
    Updating crates.io index
   Compiling cargo_toml v0.11.6
   Compiling cargo-quickbuild-scratchpad v0.1.0 (/private/var/folders/0d/08wbx2j52nx5hjg16cshb8g80000gn/T/cargo-quickbuild-scratchpad.TFL9BcQmYDDa/cargo-quickbuild-scratchpad)
    Finished dev [unoptimized + debuginfo] target(s) in 1.06s
wrote to "/Users/admin/tmp/quick/cargo_toml-0.11.6-b15a864e70bb0848907c0bf991aab2c76473e7f1c88f63c47fe354cab08e5036.tar"
STARTING BUILD
"defmt-json-schema-0.1.0-b5f879644c74955e4211f330eae542ea963cafffdcba8d433d7f922db3b6b17d"
     Created binary (application) package
    Updating crates.io index
   Compiling defmt-json-schema v0.1.0
   Compiling cargo-quickbuild-scratchpad v0.1.0 (/private/var/folders/0d/08wbx2j52nx5hjg16cshb8g80000gn/T/cargo-quickbuild-scratchpad.MQVa4OQf9Skv/cargo-quickbuild-scratchpad)
    Finished dev [unoptimized + debuginfo] target(s) in 1.15s
wrote to "/Users/admin/tmp/quick/defmt-json-schema-0.1.0-b5f879644c74955e4211f330eae542ea963cafffdcba8d433d7f922db3b6b17d.tar"
STARTING BUILD
"env_logger-0.7.1-ea8ac83394a4c832a6378e4817dee8e12d144f15a3d11676049ead3b6866a185"
     Created binary (application) package
    Updating crates.io index
   Compiling env_logger v0.7.1
   Compiling cargo-quickbuild-scratchpad v0.1.0 (/private/var/folders/0d/08wbx2j52nx5hjg16cshb8g80000gn/T/cargo-quickbuild-scratchpad.f8NcgldcDiLQ/cargo-quickbuild-scratchpad)
    Finished dev [unoptimized + debuginfo] target(s) in 0.72s
wrote to "/Users/admin/tmp/quick/env_logger-0.7.1-ea8ac83394a4c832a6378e4817dee8e12d144f15a3d11676049ead3b6866a185.tar"
STARTING BUILD
"env_logger-0.9.0-d7d283ee3a5cd3e843200ed6f3f54bb48375cb8d5c5cae7e0ad04e8080a1ea23"
     Created binary (application) package
    Updating crates.io index
   Compiling env_logger v0.9.0
   Compiling cargo-quickbuild-scratchpad v0.1.0 (/private/var/folders/0d/08wbx2j52nx5hjg16cshb8g80000gn/T/cargo-quickbuild-scratchpad.ouAGeCLEoz5c/cargo-quickbuild-scratchpad)
    Finished dev [unoptimized + debuginfo] target(s) in 0.88s
wrote to "/Users/admin/tmp/quick/env_logger-0.9.0-d7d283ee3a5cd3e843200ed6f3f54bb48375cb8d5c5cae7e0ad04e8080a1ea23.tar"
STARTING BUILD
"gdbstub-0.6.3-57ad53863956bf30efc480029f2223e89c340ab0dc77bbd0842075e2e2b0c51d"
     Created binary (application) package
    Updating crates.io index
   Compiling gdbstub v0.6.3
   Compiling cargo-quickbuild-scratchpad v0.1.0 (/private/var/folders/0d/08wbx2j52nx5hjg16cshb8g80000gn/T/cargo-quickbuild-scratchpad.1l0DXbXXMg5e/cargo-quickbuild-scratchpad)
    Finished dev [unoptimized + debuginfo] target(s) in 1.28s
wrote to "/Users/admin/tmp/quick/gdbstub-0.6.3-57ad53863956bf30efc480029f2223e89c340ab0dc77bbd0842075e2e2b0c51d.tar"
STARTING BUILD
"goblin-0.5.4-da05b6a65c08623c345247016f2fef483b48a26e091a2a243438a6d112b86d1d"
     Created binary (application) package
Error: unpacking PackageDescription { package_id: PackageId { name: "serde_derive", version: "1.0.144", source: "registry `crates-io`" }, pretty_digest: "serde_derive-1.0.144-fa12366455eed59c0c3a6890c96d9a4f20420ee4fb4f47396c04e1cbfca44a48" }

Caused by:
    timestamps differ for "target/debug/.fingerprint/syn-887612185027ddcc/run-build-script-build-script-build.json" ("/var/folders/0d/08wbx2j52nx5hjg16cshb8g80000gn/T/cargo-quickbuild-scratchpad.CNI3cSApMP8W/cargo-quickbuild-scratchpad/target/debug/.fingerprint/syn-887612185027ddcc/run-build-script-build-script-build.json"):
    mtime != on_disk_mtime.
    2022-09-08 13:30:41.741367691 != 2022-09-08 13:30:37.857218905.
    (now = 2022-09-08 13:31:35.421569 UTC)
    on disk:
    {"rustc":4276420980407004710,"features":"","target":0,"profile":0,"path":0,"deps":[[4114176108478934945,"build_script_build",false,2673500432605319851]],"local":[{"Precalculated":"1.0.99"}],"rustflags":[],"metadata":0,"config":0,"compile_kind":0}
    from tarball:
    {"rustc":4276420980407004710,"features":"","target":0,"profile":0,"path":0,"deps":[[4114176108478934945,"build_script_build",false,2673500432605319851]],"local":[{"Precalculated":"1.0.99"}],"rustflags":[],"metadata":0,"config":0,"compile_kind":0}
