    Updating crates.io index
START OF LEVEL 0
[cargo-quickbuild/src/scheduler.rs:34] &current_level = {
    PackageId {
        name: "anyhow",
        version: "1.0.64",
        source: "registry `crates-io`",
    },
    PackageId {
        name: "autocfg",
        version: "1.1.0",
        source: "registry `crates-io`",
    },
    PackageId {
        name: "bitflags",
        version: "1.3.2",
        source: "registry `crates-io`",
    },
    PackageId {
        name: "bytes",
        version: "1.2.1",
        source: "registry `crates-io`",
    },
    PackageId {
        name: "cfg-if",
        version: "1.0.0",
        source: "registry `crates-io`",
    },
    PackageId {
        name: "either",
        version: "1.8.0",
        source: "registry `crates-io`",
    },
    PackageId {
        name: "hashbrown",
        version: "0.12.3",
        source: "registry `crates-io`",
    },
    PackageId {
        name: "itoa",
        version: "1.0.3",
        source: "registry `crates-io`",
    },
    PackageId {
        name: "lexopt",
        version: "0.2.1",
        source: "registry `crates-io`",
    },
    PackageId {
        name: "libc",
        version: "0.2.132",
        source: "registry `crates-io`",
    },
    PackageId {
        name: "memchr",
        version: "2.5.0",
        source: "registry `crates-io`",
    },
    PackageId {
        name: "ryu",
        version: "1.0.11",
        source: "registry `crates-io`",
    },
    PackageId {
        name: "serde",
        version: "1.0.144",
        source: "registry `crates-io`",
    },
    PackageId {
        name: "termcolor",
        version: "1.1.3",
        source: "registry `crates-io`",
    },
}
STARTING BUILD
"anyhow-1.0.64-ff879600632ed9e1cbdd246eef60fb468d39a0969dc346c8ff0fee9c36a71779"
     Created binary (application) package
    Updating crates.io index
   Compiling anyhow v1.0.64
   Compiling cargo-quickbuild-scratchpad v0.1.0 (/private/var/folders/0d/08wbx2j52nx5hjg16cshb8g80000gn/T/cargo-quickbuild-scratchpad.UPxUIIABtk7a/cargo-quickbuild-scratchpad)
    Finished dev [unoptimized + debuginfo] target(s) in 0.90s
wrote to "/Users/admin/tmp/quick/anyhow-1.0.64-ff879600632ed9e1cbdd246eef60fb468d39a0969dc346c8ff0fee9c36a71779.tar"
STARTING BUILD
"autocfg-1.1.0-a2a3cd9f808e9399d00cfb1c7bf6eebb60abff61d1c15b0b0b9805224d67e65f"
     Created binary (application) package
    Updating crates.io index
   Compiling autocfg v1.1.0
   Compiling cargo-quickbuild-scratchpad v0.1.0 (/private/var/folders/0d/08wbx2j52nx5hjg16cshb8g80000gn/T/cargo-quickbuild-scratchpad.eqUDSUQzuE5w/cargo-quickbuild-scratchpad)
    Finished dev [unoptimized + debuginfo] target(s) in 0.89s
wrote to "/Users/admin/tmp/quick/autocfg-1.1.0-a2a3cd9f808e9399d00cfb1c7bf6eebb60abff61d1c15b0b0b9805224d67e65f.tar"
STARTING BUILD
"bitflags-1.3.2-f9131a0a2e3402a9185e19603221d22ea8ef1985256926f6acdd833068dee051"
     Created binary (application) package
    Updating crates.io index
   Compiling bitflags v1.3.2
   Compiling cargo-quickbuild-scratchpad v0.1.0 (/private/var/folders/0d/08wbx2j52nx5hjg16cshb8g80000gn/T/cargo-quickbuild-scratchpad.UIPah7lIpWiT/cargo-quickbuild-scratchpad)
    Finished dev [unoptimized + debuginfo] target(s) in 0.59s
wrote to "/Users/admin/tmp/quick/bitflags-1.3.2-f9131a0a2e3402a9185e19603221d22ea8ef1985256926f6acdd833068dee051.tar"
STARTING BUILD
"bytes-1.2.1-a1f8068e32ddbfff41857d0d9fd1fc968773a2fe8d6df8cbad17da584cbf0997"
     Created binary (application) package
    Updating crates.io index
   Compiling bytes v1.2.1
   Compiling cargo-quickbuild-scratchpad v0.1.0 (/private/var/folders/0d/08wbx2j52nx5hjg16cshb8g80000gn/T/cargo-quickbuild-scratchpad.KE8fmCbdNmR5/cargo-quickbuild-scratchpad)
    Finished dev [unoptimized + debuginfo] target(s) in 0.75s
wrote to "/Users/admin/tmp/quick/bytes-1.2.1-a1f8068e32ddbfff41857d0d9fd1fc968773a2fe8d6df8cbad17da584cbf0997.tar"
STARTING BUILD
"cfg-if-1.0.0-1c5c0556da306059c2ff0e0ec4cfb9a11c31bbf0fc81e44ac39ecc5ad6c1ce48"
     Created binary (application) package
    Updating crates.io index
   Compiling cfg-if v1.0.0
   Compiling cargo-quickbuild-scratchpad v0.1.0 (/private/var/folders/0d/08wbx2j52nx5hjg16cshb8g80000gn/T/cargo-quickbuild-scratchpad.WOGcMjZPn2Fr/cargo-quickbuild-scratchpad)
    Finished dev [unoptimized + debuginfo] target(s) in 0.40s
wrote to "/Users/admin/tmp/quick/cfg-if-1.0.0-1c5c0556da306059c2ff0e0ec4cfb9a11c31bbf0fc81e44ac39ecc5ad6c1ce48.tar"
STARTING BUILD
"either-1.8.0-7fad49102b8541bdd46615d1fe1bf5ed1c47b6c624ff697a624825a1248c2df8"
     Created binary (application) package
    Updating crates.io index
   Compiling either v1.8.0
   Compiling cargo-quickbuild-scratchpad v0.1.0 (/private/var/folders/0d/08wbx2j52nx5hjg16cshb8g80000gn/T/cargo-quickbuild-scratchpad.kUWRkL3AC2PR/cargo-quickbuild-scratchpad)
    Finished dev [unoptimized + debuginfo] target(s) in 0.58s
wrote to "/Users/admin/tmp/quick/either-1.8.0-7fad49102b8541bdd46615d1fe1bf5ed1c47b6c624ff697a624825a1248c2df8.tar"
STARTING BUILD
"hashbrown-0.12.3-d619e673b119638eadb3dda077a2cc940c23b3f1ddcc2d3e686d9d0962b87ab4"
     Created binary (application) package
    Updating crates.io index
   Compiling hashbrown v0.12.3
   Compiling cargo-quickbuild-scratchpad v0.1.0 (/private/var/folders/0d/08wbx2j52nx5hjg16cshb8g80000gn/T/cargo-quickbuild-scratchpad.9zEuYYcZWFHy/cargo-quickbuild-scratchpad)
    Finished dev [unoptimized + debuginfo] target(s) in 0.68s
wrote to "/Users/admin/tmp/quick/hashbrown-0.12.3-d619e673b119638eadb3dda077a2cc940c23b3f1ddcc2d3e686d9d0962b87ab4.tar"
STARTING BUILD
"itoa-1.0.3-faabd9308f05feb99c2a4d11e9f5debd8a5a82ec5f44db5e477076b5530caa23"
     Created binary (application) package
    Updating crates.io index
   Compiling itoa v1.0.3
   Compiling cargo-quickbuild-scratchpad v0.1.0 (/private/var/folders/0d/08wbx2j52nx5hjg16cshb8g80000gn/T/cargo-quickbuild-scratchpad.WJOTU8w6h4mu/cargo-quickbuild-scratchpad)
    Finished dev [unoptimized + debuginfo] target(s) in 0.49s
wrote to "/Users/admin/tmp/quick/itoa-1.0.3-faabd9308f05feb99c2a4d11e9f5debd8a5a82ec5f44db5e477076b5530caa23.tar"
STARTING BUILD
"lexopt-0.2.1-23cd7959181dfd421792b86a81f33eb11a09931cc8350f4deff78878ae340697"
     Created binary (application) package
    Updating crates.io index
   Compiling lexopt v0.2.1
   Compiling cargo-quickbuild-scratchpad v0.1.0 (/private/var/folders/0d/08wbx2j52nx5hjg16cshb8g80000gn/T/cargo-quickbuild-scratchpad.OWn4Cg6fDhPb/cargo-quickbuild-scratchpad)
    Finished dev [unoptimized + debuginfo] target(s) in 0.60s
wrote to "/Users/admin/tmp/quick/lexopt-0.2.1-23cd7959181dfd421792b86a81f33eb11a09931cc8350f4deff78878ae340697.tar"
STARTING BUILD
"libc-0.2.132-1c1ec185f394948f7436d6f802db240626d9c2231c3e7996c66de70de862a116"
     Created binary (application) package
    Updating crates.io index
   Compiling libc v0.2.132
   Compiling cargo-quickbuild-scratchpad v0.1.0 (/private/var/folders/0d/08wbx2j52nx5hjg16cshb8g80000gn/T/cargo-quickbuild-scratchpad.hiR0n7BOpwFu/cargo-quickbuild-scratchpad)
    Finished dev [unoptimized + debuginfo] target(s) in 1.39s
wrote to "/Users/admin/tmp/quick/libc-0.2.132-1c1ec185f394948f7436d6f802db240626d9c2231c3e7996c66de70de862a116.tar"
STARTING BUILD
"memchr-2.5.0-0397d2d44920949190fdbfae781e47ed4ee2ddfdf00f994a6f7f9b5f80c2a720"
     Created binary (application) package
    Updating crates.io index
   Compiling memchr v2.5.0
   Compiling cargo-quickbuild-scratchpad v0.1.0 (/private/var/folders/0d/08wbx2j52nx5hjg16cshb8g80000gn/T/cargo-quickbuild-scratchpad.tlGaFeSuj02Y/cargo-quickbuild-scratchpad)
    Finished dev [unoptimized + debuginfo] target(s) in 0.97s
wrote to "/Users/admin/tmp/quick/memchr-2.5.0-0397d2d44920949190fdbfae781e47ed4ee2ddfdf00f994a6f7f9b5f80c2a720.tar"
STARTING BUILD
"ryu-1.0.11-7967d9cd2b286adc2e6c6c231a87c2e72121bbb3cd4842eba444b2b5439df603"
     Created binary (application) package
    Updating crates.io index
   Compiling ryu v1.0.11
   Compiling cargo-quickbuild-scratchpad v0.1.0 (/private/var/folders/0d/08wbx2j52nx5hjg16cshb8g80000gn/T/cargo-quickbuild-scratchpad.5HOG65I3BrDg/cargo-quickbuild-scratchpad)
    Finished dev [unoptimized + debuginfo] target(s) in 0.60s
wrote to "/Users/admin/tmp/quick/ryu-1.0.11-7967d9cd2b286adc2e6c6c231a87c2e72121bbb3cd4842eba444b2b5439df603.tar"
STARTING BUILD
"serde-1.0.144-5c0ec19c51c94a6c8cb8c7b8b990e49d88e39624f2443cd009cdadcd7332a0ea"
     Created binary (application) package
    Updating crates.io index
   Compiling serde v1.0.144
   Compiling cargo-quickbuild-scratchpad v0.1.0 (/private/var/folders/0d/08wbx2j52nx5hjg16cshb8g80000gn/T/cargo-quickbuild-scratchpad.OynQrCLw2SvS/cargo-quickbuild-scratchpad)
    Finished dev [unoptimized + debuginfo] target(s) in 2.16s
wrote to "/Users/admin/tmp/quick/serde-1.0.144-5c0ec19c51c94a6c8cb8c7b8b990e49d88e39624f2443cd009cdadcd7332a0ea.tar"
STARTING BUILD
"termcolor-1.1.3-2f8e271c6ddd3de37e57388a2ec84d7dc8f459e34a2a522d88e0cf5b89598ae2"
     Created binary (application) package
    Updating crates.io index
   Compiling termcolor v1.1.3
   Compiling cargo-quickbuild-scratchpad v0.1.0 (/private/var/folders/0d/08wbx2j52nx5hjg16cshb8g80000gn/T/cargo-quickbuild-scratchpad.JiJ497zwcBgz/cargo-quickbuild-scratchpad)
    Finished dev [unoptimized + debuginfo] target(s) in 0.60s
wrote to "/Users/admin/tmp/quick/termcolor-1.1.3-2f8e271c6ddd3de37e57388a2ec84d7dc8f459e34a2a522d88e0cf5b89598ae2.tar"
START OF LEVEL 1
[cargo-quickbuild/src/scheduler.rs:34] &current_level = {
    PackageId {
        name: "atty",
        version: "0.2.14",
        source: "registry `crates-io`",
    },
    PackageId {
        name: "combine",
        version: "4.6.6",
        source: "registry `crates-io`",
    },
    PackageId {
        name: "indexmap",
        version: "1.9.1",
        source: "registry `crates-io`",
    },
    PackageId {
        name: "itertools",
        version: "0.10.3",
        source: "registry `crates-io`",
    },
    PackageId {
        name: "nix",
        version: "0.25.0",
        source: "registry `crates-io`",
    },
    PackageId {
        name: "serde_json",
        version: "1.0.85",
        source: "registry `crates-io`",
    },
}
STARTING BUILD
"atty-0.2.14-415847cfb948d4993d05ae8741d2a4b0735c2c3a454615b5df0e2f4353df3d11"
     Created binary (application) package
    Updating crates.io index
   Compiling atty v0.2.14
   Compiling cargo-quickbuild-scratchpad v0.1.0 (/private/var/folders/0d/08wbx2j52nx5hjg16cshb8g80000gn/T/cargo-quickbuild-scratchpad.jSzmKkyPxJwx/cargo-quickbuild-scratchpad)
    Finished dev [unoptimized + debuginfo] target(s) in 0.50s
wrote to "/Users/admin/tmp/quick/atty-0.2.14-415847cfb948d4993d05ae8741d2a4b0735c2c3a454615b5df0e2f4353df3d11.tar"
STARTING BUILD
"combine-4.6.6-c19d07b9edcf3b5d51b7c0775455a3509eeb10356ff96697f1cfb51c4049204a"
     Created binary (application) package
    Updating crates.io index
   Compiling combine v4.6.6
   Compiling cargo-quickbuild-scratchpad v0.1.0 (/private/var/folders/0d/08wbx2j52nx5hjg16cshb8g80000gn/T/cargo-quickbuild-scratchpad.1DwSdDEJBkX0/cargo-quickbuild-scratchpad)
    Finished dev [unoptimized + debuginfo] target(s) in 3.12s
wrote to "/Users/admin/tmp/quick/combine-4.6.6-c19d07b9edcf3b5d51b7c0775455a3509eeb10356ff96697f1cfb51c4049204a.tar"
STARTING BUILD
"indexmap-1.9.1-7bd6e9c7e74a2c51da92aefa213faa38474936ebe8fee80002871b8c422ad3dc"
     Created binary (application) package
    Updating crates.io index
   Compiling indexmap v1.9.1
   Compiling cargo-quickbuild-scratchpad v0.1.0 (/private/var/folders/0d/08wbx2j52nx5hjg16cshb8g80000gn/T/cargo-quickbuild-scratchpad.Z4lK6I2EXwKL/cargo-quickbuild-scratchpad)
    Finished dev [unoptimized + debuginfo] target(s) in 0.87s
wrote to "/Users/admin/tmp/quick/indexmap-1.9.1-7bd6e9c7e74a2c51da92aefa213faa38474936ebe8fee80002871b8c422ad3dc.tar"
STARTING BUILD
"itertools-0.10.3-d0b8b286f4d5e931e86c44da3f088af6bfc045cfe4d0eb9c203220a1138a88ea"
     Created binary (application) package
    Updating crates.io index
   Compiling itertools v0.10.3
   Compiling cargo-quickbuild-scratchpad v0.1.0 (/private/var/folders/0d/08wbx2j52nx5hjg16cshb8g80000gn/T/cargo-quickbuild-scratchpad.u3j7l2JKEDr3/cargo-quickbuild-scratchpad)
    Finished dev [unoptimized + debuginfo] target(s) in 1.14s
wrote to "/Users/admin/tmp/quick/itertools-0.10.3-d0b8b286f4d5e931e86c44da3f088af6bfc045cfe4d0eb9c203220a1138a88ea.tar"
STARTING BUILD
"nix-0.25.0-628e7a5aa674d7846266bb50d3eb321bab600fbe01c399352e2de413050d4163"
     Created binary (application) package
    Updating crates.io index
   Compiling nix v0.25.0
   Compiling cargo-quickbuild-scratchpad v0.1.0 (/private/var/folders/0d/08wbx2j52nx5hjg16cshb8g80000gn/T/cargo-quickbuild-scratchpad.Y5sCF8hjVXHm/cargo-quickbuild-scratchpad)
    Finished dev [unoptimized + debuginfo] target(s) in 1.12s
wrote to "/Users/admin/tmp/quick/nix-0.25.0-628e7a5aa674d7846266bb50d3eb321bab600fbe01c399352e2de413050d4163.tar"
STARTING BUILD
"serde_json-1.0.85-3e085d09b09b12c9ff8c3c2eea63f6d23b50697beb8bf4576c7307785eaa3922"
     Created binary (application) package
    Updating crates.io index
   Compiling serde_json v1.0.85
   Compiling cargo-quickbuild-scratchpad v0.1.0 (/private/var/folders/0d/08wbx2j52nx5hjg16cshb8g80000gn/T/cargo-quickbuild-scratchpad.pdZ0uFuJW5Zu/cargo-quickbuild-scratchpad)
    Finished dev [unoptimized + debuginfo] target(s) in 1.44s
wrote to "/Users/admin/tmp/quick/serde_json-1.0.85-3e085d09b09b12c9ff8c3c2eea63f6d23b50697beb8bf4576c7307785eaa3922.tar"
START OF LEVEL 2
[cargo-quickbuild/src/scheduler.rs:34] &current_level = {
    PackageId {
        name: "ctrlc",
        version: "3.2.3",
        source: "registry `crates-io`",
    },
    PackageId {
        name: "toml_edit",
        version: "0.14.4",
        source: "registry `crates-io`",
    },
}
STARTING BUILD
"ctrlc-3.2.3-4858616d97bc0c2669164038a56da0671cadbcd1eaeab09ca169ddcd0833edc0"
     Created binary (application) package
    Updating crates.io index
   Compiling ctrlc v3.2.3
   Compiling cargo-quickbuild-scratchpad v0.1.0 (/private/var/folders/0d/08wbx2j52nx5hjg16cshb8g80000gn/T/cargo-quickbuild-scratchpad.YWWwj08VQcl8/cargo-quickbuild-scratchpad)
    Finished dev [unoptimized + debuginfo] target(s) in 0.65s
wrote to "/Users/admin/tmp/quick/ctrlc-3.2.3-4858616d97bc0c2669164038a56da0671cadbcd1eaeab09ca169ddcd0833edc0.tar"
STARTING BUILD
"toml_edit-0.14.4-b0730da80aea902a4fdca550a82beed9342954c715f95406401e1556f3d1c4b7"
     Created binary (application) package
    Updating crates.io index
   Compiling toml_edit v0.14.4
   Compiling cargo-quickbuild-scratchpad v0.1.0 (/private/var/folders/0d/08wbx2j52nx5hjg16cshb8g80000gn/T/cargo-quickbuild-scratchpad.qRMokVjPEnRs/cargo-quickbuild-scratchpad)
    Finished dev [unoptimized + debuginfo] target(s) in 10.87s
wrote to "/Users/admin/tmp/quick/toml_edit-0.14.4-b0730da80aea902a4fdca550a82beed9342954c715f95406401e1556f3d1c4b7.tar"
START OF LEVEL 3
[cargo-quickbuild/src/scheduler.rs:34] &current_level = {
    PackageId {
        name: "cargo-hack",
        version: "0.5.18",
        source: "registry `crates-io`",
    },
}
🎉 We're done here 🎉
  Installing cargo-hack v0.5.18
   Compiling cargo-hack v0.5.18
    Finished dev [unoptimized + debuginfo] target(s) in 1.28s
   Replacing /Users/admin/.cargo/bin/cargo-hack
    Replaced package `cargo-hack v0.5.18` with `cargo-hack v0.5.18` (executable `cargo-hack`)
