    Updating crates.io index
 Downloading crates ...
  Downloaded target-lexicon v0.12.5
  Downloaded target-spec v1.2.2
  Downloaded fs-err v2.9.0
  Downloaded cfg-expr v0.12.0
START OF LEVEL 0
[cargo-quickbuild/src/scheduler.rs:40] &current_level = {
    (
        PackageId {
            name: "anyhow",
            version: "1.0.66",
            source: "registry `crates-io`",
        },
        BuildFor(
            NormalOrDev,
        ),
    ),
    (
        PackageId {
            name: "cfg-if",
            version: "1.0.0",
            source: "registry `crates-io`",
        },
        BuildFor(
            NormalOrDev,
        ),
    ),
    (
        PackageId {
            name: "fastrand",
            version: "1.8.0",
            source: "registry `crates-io`",
        },
        BuildFor(
            NormalOrDev,
        ),
    ),
    (
        PackageId {
            name: "fs-err",
            version: "2.9.0",
            source: "registry `crates-io`",
        },
        BuildFor(
            NormalOrDev,
        ),
    ),
    (
        PackageId {
            name: "glob",
            version: "0.3.0",
            source: "registry `crates-io`",
        },
        BuildFor(
            NormalOrDev,
        ),
    ),
    (
        PackageId {
            name: "guppy-workspace-hack",
            version: "0.1.0",
            source: "registry `crates-io`",
        },
        BuildFor(
            NormalOrDev,
        ),
    ),
    (
        PackageId {
            name: "home",
            version: "0.5.4",
            source: "registry `crates-io`",
        },
        BuildFor(
            NormalOrDev,
        ),
    ),
    (
        PackageId {
            name: "is_executable",
            version: "1.0.1",
            source: "registry `crates-io`",
        },
        BuildFor(
            NormalOrDev,
        ),
    ),
    (
        PackageId {
            name: "itoa",
            version: "1.0.4",
            source: "registry `crates-io`",
        },
        BuildFor(
            NormalOrDev,
        ),
    ),
    (
        PackageId {
            name: "lexopt",
            version: "0.2.1",
            source: "registry `crates-io`",
        },
        BuildFor(
            NormalOrDev,
        ),
    ),
    (
        PackageId {
            name: "libc",
            version: "0.2.137",
            source: "registry `crates-io`",
        },
        BuildFor(
            NormalOrDev,
        ),
    ),
    (
        PackageId {
            name: "memchr",
            version: "2.5.0",
            source: "registry `crates-io`",
        },
        BuildFor(
            NormalOrDev,
        ),
    ),
    (
        PackageId {
            name: "once_cell",
            version: "1.16.0",
            source: "registry `crates-io`",
        },
        BuildFor(
            NormalOrDev,
        ),
    ),
    (
        PackageId {
            name: "opener",
            version: "0.5.0",
            source: "registry `crates-io`",
        },
        BuildFor(
            NormalOrDev,
        ),
    ),
    (
        PackageId {
            name: "regex-syntax",
            version: "0.6.28",
            source: "registry `crates-io`",
        },
        BuildFor(
            NormalOrDev,
        ),
    ),
    (
        PackageId {
            name: "remove_dir_all",
            version: "0.5.3",
            source: "registry `crates-io`",
        },
        BuildFor(
            NormalOrDev,
        ),
    ),
    (
        PackageId {
            name: "rustc-demangle",
            version: "0.1.21",
            source: "registry `crates-io`",
        },
        BuildFor(
            NormalOrDev,
        ),
    ),
    (
        PackageId {
            name: "ryu",
            version: "1.0.11",
            source: "registry `crates-io`",
        },
        BuildFor(
            NormalOrDev,
        ),
    ),
    (
        PackageId {
            name: "same-file",
            version: "1.0.6",
            source: "registry `crates-io`",
        },
        BuildFor(
            NormalOrDev,
        ),
    ),
    (
        PackageId {
            name: "shell-escape",
            version: "0.1.5",
            source: "registry `crates-io`",
        },
        BuildFor(
            NormalOrDev,
        ),
    ),
    (
        PackageId {
            name: "smallvec",
            version: "1.10.0",
            source: "registry `crates-io`",
        },
        BuildFor(
            NormalOrDev,
        ),
    ),
    (
        PackageId {
            name: "target-lexicon",
            version: "0.12.5",
            source: "registry `crates-io`",
        },
        BuildFor(
            NormalOrDev,
        ),
    ),
    (
        PackageId {
            name: "termcolor",
            version: "1.1.3",
            source: "registry `crates-io`",
        },
        BuildFor(
            NormalOrDev,
        ),
    ),
    (
        PackageId {
            name: "unicode-ident",
            version: "1.0.5",
            source: "registry `crates-io`",
        },
        BuildFor(
            HostDep,
        ),
    ),
}
STARTING BUILD
"anyhow-1.0.66-target-146dc01bd8286ddbdc58c574022f4a50bff625465a4a042acbc3f6442ad02580"
     Created binary (application) package
    Updating crates.io index
   Compiling anyhow v1.0.66
   Compiling cargo-quickbuild-scratchpad v0.1.0 (/private/var/folders/0d/08wbx2j52nx5hjg16cshb8g80000gn/T/cargo-quickbuild-scratchpad/cargo-quickbuild-scratchpad)
    Finished dev [unoptimized + debuginfo] target(s) in 0.81s
wrote to "/Users/admin/tmp/quick/anyhow-1.0.66-target-146dc01bd8286ddbdc58c574022f4a50bff625465a4a042acbc3f6442ad02580.tar"
STARTING BUILD
"cfg-if-1.0.0-target-a60da104ed6b60b35dfd2d34642c07dc2e57a018ac1801f54564564b37b87917"
     Created binary (application) package
    Updating crates.io index
   Compiling cfg-if v1.0.0
   Compiling cargo-quickbuild-scratchpad v0.1.0 (/private/var/folders/0d/08wbx2j52nx5hjg16cshb8g80000gn/T/cargo-quickbuild-scratchpad/cargo-quickbuild-scratchpad)
    Finished dev [unoptimized + debuginfo] target(s) in 0.36s
wrote to "/Users/admin/tmp/quick/cfg-if-1.0.0-target-a60da104ed6b60b35dfd2d34642c07dc2e57a018ac1801f54564564b37b87917.tar"
STARTING BUILD
"fastrand-1.8.0-target-a13087cc03b16d5e4f89ee51efc4fc42620e7a2a03f7d093204871644039bdd6"
     Created binary (application) package
    Updating crates.io index
   Compiling fastrand v1.8.0
   Compiling cargo-quickbuild-scratchpad v0.1.0 (/private/var/folders/0d/08wbx2j52nx5hjg16cshb8g80000gn/T/cargo-quickbuild-scratchpad/cargo-quickbuild-scratchpad)
    Finished dev [unoptimized + debuginfo] target(s) in 0.45s
wrote to "/Users/admin/tmp/quick/fastrand-1.8.0-target-a13087cc03b16d5e4f89ee51efc4fc42620e7a2a03f7d093204871644039bdd6.tar"
STARTING BUILD
"fs-err-2.9.0-target-91e50dfcf2c00a8bcfbcbbd87baaf5cad6594676c6eda7f5c3a0bb8d9e2968c8"
     Created binary (application) package
    Updating crates.io index
   Compiling fs-err v2.9.0
   Compiling cargo-quickbuild-scratchpad v0.1.0 (/private/var/folders/0d/08wbx2j52nx5hjg16cshb8g80000gn/T/cargo-quickbuild-scratchpad/cargo-quickbuild-scratchpad)
    Finished dev [unoptimized + debuginfo] target(s) in 0.77s
wrote to "/Users/admin/tmp/quick/fs-err-2.9.0-target-91e50dfcf2c00a8bcfbcbbd87baaf5cad6594676c6eda7f5c3a0bb8d9e2968c8.tar"
STARTING BUILD
"glob-0.3.0-target-576b52f480968b05f9f12a19c3d05b1576b3dbc976848b7e672eaf4b5a2438e6"
     Created binary (application) package
    Updating crates.io index
   Compiling glob v0.3.0
   Compiling cargo-quickbuild-scratchpad v0.1.0 (/private/var/folders/0d/08wbx2j52nx5hjg16cshb8g80000gn/T/cargo-quickbuild-scratchpad/cargo-quickbuild-scratchpad)
    Finished dev [unoptimized + debuginfo] target(s) in 0.63s
wrote to "/Users/admin/tmp/quick/glob-0.3.0-target-576b52f480968b05f9f12a19c3d05b1576b3dbc976848b7e672eaf4b5a2438e6.tar"
STARTING BUILD
"guppy-workspace-hack-0.1.0-target-f6480ae47e2498f1ffc0fe8fd7c0368ab76de30143fc94659e92e81843b47ebb"
     Created binary (application) package
    Updating crates.io index
   Compiling guppy-workspace-hack v0.1.0
   Compiling cargo-quickbuild-scratchpad v0.1.0 (/private/var/folders/0d/08wbx2j52nx5hjg16cshb8g80000gn/T/cargo-quickbuild-scratchpad/cargo-quickbuild-scratchpad)
    Finished dev [unoptimized + debuginfo] target(s) in 0.45s
wrote to "/Users/admin/tmp/quick/guppy-workspace-hack-0.1.0-target-f6480ae47e2498f1ffc0fe8fd7c0368ab76de30143fc94659e92e81843b47ebb.tar"
STARTING BUILD
"home-0.5.4-target-21e4a00bbdcfc13c80d2cf5eaf802097ffefbadcdb7f63e9c287c5704b9d975f"
     Created binary (application) package
    Updating crates.io index
   Compiling home v0.5.4
   Compiling cargo-quickbuild-scratchpad v0.1.0 (/private/var/folders/0d/08wbx2j52nx5hjg16cshb8g80000gn/T/cargo-quickbuild-scratchpad/cargo-quickbuild-scratchpad)
    Finished dev [unoptimized + debuginfo] target(s) in 0.41s
wrote to "/Users/admin/tmp/quick/home-0.5.4-target-21e4a00bbdcfc13c80d2cf5eaf802097ffefbadcdb7f63e9c287c5704b9d975f.tar"
STARTING BUILD
"is_executable-1.0.1-target-6aa9bf2edd59021b424331c8bc93555732a7e9e9ba2afb0f900cd244172521d8"
     Created binary (application) package
    Updating crates.io index
   Compiling is_executable v1.0.1
   Compiling cargo-quickbuild-scratchpad v0.1.0 (/private/var/folders/0d/08wbx2j52nx5hjg16cshb8g80000gn/T/cargo-quickbuild-scratchpad/cargo-quickbuild-scratchpad)
    Finished dev [unoptimized + debuginfo] target(s) in 0.39s
wrote to "/Users/admin/tmp/quick/is_executable-1.0.1-target-6aa9bf2edd59021b424331c8bc93555732a7e9e9ba2afb0f900cd244172521d8.tar"
STARTING BUILD
"itoa-1.0.4-target-3fae787a0d8739d0ee3ff09e088538d143d4c7c683268f6cb268f3ef85f743d4"
     Created binary (application) package
    Updating crates.io index
   Compiling itoa v1.0.4
   Compiling cargo-quickbuild-scratchpad v0.1.0 (/private/var/folders/0d/08wbx2j52nx5hjg16cshb8g80000gn/T/cargo-quickbuild-scratchpad/cargo-quickbuild-scratchpad)
    Finished dev [unoptimized + debuginfo] target(s) in 0.38s
wrote to "/Users/admin/tmp/quick/itoa-1.0.4-target-3fae787a0d8739d0ee3ff09e088538d143d4c7c683268f6cb268f3ef85f743d4.tar"
STARTING BUILD
"lexopt-0.2.1-target-9255bc7efbf1f526b054f48b0b03433995c96a64dafdc512c2f16c3d7df111c3"
     Created binary (application) package
    Updating crates.io index
   Compiling lexopt v0.2.1
   Compiling cargo-quickbuild-scratchpad v0.1.0 (/private/var/folders/0d/08wbx2j52nx5hjg16cshb8g80000gn/T/cargo-quickbuild-scratchpad/cargo-quickbuild-scratchpad)
    Finished dev [unoptimized + debuginfo] target(s) in 0.49s
wrote to "/Users/admin/tmp/quick/lexopt-0.2.1-target-9255bc7efbf1f526b054f48b0b03433995c96a64dafdc512c2f16c3d7df111c3.tar"
STARTING BUILD
"libc-0.2.137-target-81cf611ea3efaffb0f9ff0ed9fbf4d1552693ba6c668f4a749237c5048e17274"
     Created binary (application) package
    Updating crates.io index
   Compiling libc v0.2.137
   Compiling cargo-quickbuild-scratchpad v0.1.0 (/private/var/folders/0d/08wbx2j52nx5hjg16cshb8g80000gn/T/cargo-quickbuild-scratchpad/cargo-quickbuild-scratchpad)
    Finished dev [unoptimized + debuginfo] target(s) in 0.81s
wrote to "/Users/admin/tmp/quick/libc-0.2.137-target-81cf611ea3efaffb0f9ff0ed9fbf4d1552693ba6c668f4a749237c5048e17274.tar"
STARTING BUILD
"memchr-2.5.0-target-430ba27906f43251ca89b052622105e4d5c5c2120f160dd16368e0a13ecc7f40"
     Created binary (application) package
    Updating crates.io index
   Compiling memchr v2.5.0
   Compiling cargo-quickbuild-scratchpad v0.1.0 (/private/var/folders/0d/08wbx2j52nx5hjg16cshb8g80000gn/T/cargo-quickbuild-scratchpad/cargo-quickbuild-scratchpad)
    Finished dev [unoptimized + debuginfo] target(s) in 0.78s
wrote to "/Users/admin/tmp/quick/memchr-2.5.0-target-430ba27906f43251ca89b052622105e4d5c5c2120f160dd16368e0a13ecc7f40.tar"
STARTING BUILD
"once_cell-1.16.0-target-16b9ed9d66092578211afca64bb4d2b7d990b273f708fb9b5250ba1d5bc88beb"
     Created binary (application) package
    Updating crates.io index
   Compiling once_cell v1.16.0
   Compiling cargo-quickbuild-scratchpad v0.1.0 (/private/var/folders/0d/08wbx2j52nx5hjg16cshb8g80000gn/T/cargo-quickbuild-scratchpad/cargo-quickbuild-scratchpad)
    Finished dev [unoptimized + debuginfo] target(s) in 0.44s
wrote to "/Users/admin/tmp/quick/once_cell-1.16.0-target-16b9ed9d66092578211afca64bb4d2b7d990b273f708fb9b5250ba1d5bc88beb.tar"
STARTING BUILD
"opener-0.5.0-target-1cb9ba47961f2656791b8525b13770df9c7f972df56f92a885a6bb284338f703"
     Created binary (application) package
    Updating crates.io index
   Compiling opener v0.5.0
   Compiling cargo-quickbuild-scratchpad v0.1.0 (/private/var/folders/0d/08wbx2j52nx5hjg16cshb8g80000gn/T/cargo-quickbuild-scratchpad/cargo-quickbuild-scratchpad)
    Finished dev [unoptimized + debuginfo] target(s) in 1.17s
wrote to "/Users/admin/tmp/quick/opener-0.5.0-target-1cb9ba47961f2656791b8525b13770df9c7f972df56f92a885a6bb284338f703.tar"
STARTING BUILD
"regex-syntax-0.6.28-target-8807da27a81481a5d58a6a54b64d70b243c7e8109ac61c89d97e30d79aad8a61"
     Created binary (application) package
    Updating crates.io index
   Compiling regex-syntax v0.6.28
   Compiling cargo-quickbuild-scratchpad v0.1.0 (/private/var/folders/0d/08wbx2j52nx5hjg16cshb8g80000gn/T/cargo-quickbuild-scratchpad/cargo-quickbuild-scratchpad)
    Finished dev [unoptimized + debuginfo] target(s) in 1.63s
wrote to "/Users/admin/tmp/quick/regex-syntax-0.6.28-target-8807da27a81481a5d58a6a54b64d70b243c7e8109ac61c89d97e30d79aad8a61.tar"
STARTING BUILD
"remove_dir_all-0.5.3-target-6dca201c2aa50fc5e3a77f607bbaeb7c49cf3e2b7cfe77a99ce4a9484a980ca0"
     Created binary (application) package
    Updating crates.io index
   Compiling remove_dir_all v0.5.3
   Compiling cargo-quickbuild-scratchpad v0.1.0 (/private/var/folders/0d/08wbx2j52nx5hjg16cshb8g80000gn/T/cargo-quickbuild-scratchpad/cargo-quickbuild-scratchpad)
    Finished dev [unoptimized + debuginfo] target(s) in 0.33s
wrote to "/Users/admin/tmp/quick/remove_dir_all-0.5.3-target-6dca201c2aa50fc5e3a77f607bbaeb7c49cf3e2b7cfe77a99ce4a9484a980ca0.tar"
STARTING BUILD
"rustc-demangle-0.1.21-target-638a345d95d8bf42fa1c8a9d10aec71dfea064b424dd116f53456fb0397e022d"
     Created binary (application) package
    Updating crates.io index
   Compiling rustc-demangle v0.1.21
   Compiling cargo-quickbuild-scratchpad v0.1.0 (/private/var/folders/0d/08wbx2j52nx5hjg16cshb8g80000gn/T/cargo-quickbuild-scratchpad/cargo-quickbuild-scratchpad)
    Finished dev [unoptimized + debuginfo] target(s) in 0.62s
wrote to "/Users/admin/tmp/quick/rustc-demangle-0.1.21-target-638a345d95d8bf42fa1c8a9d10aec71dfea064b424dd116f53456fb0397e022d.tar"
STARTING BUILD
"ryu-1.0.11-target-1b386d8bc3be374a8587ea259a644c06e74cc5eed59f31ae0e7a8f8c6054409e"
     Created binary (application) package
    Updating crates.io index
   Compiling ryu v1.0.11
   Compiling cargo-quickbuild-scratchpad v0.1.0 (/private/var/folders/0d/08wbx2j52nx5hjg16cshb8g80000gn/T/cargo-quickbuild-scratchpad/cargo-quickbuild-scratchpad)
    Finished dev [unoptimized + debuginfo] target(s) in 0.44s
wrote to "/Users/admin/tmp/quick/ryu-1.0.11-target-1b386d8bc3be374a8587ea259a644c06e74cc5eed59f31ae0e7a8f8c6054409e.tar"
STARTING BUILD
"same-file-1.0.6-target-032b2caeb48d7fefd323dc10c53f05a70fbf0ed1781554865e8dce235eca8efb"
     Created binary (application) package
    Updating crates.io index
   Compiling same-file v1.0.6
   Compiling cargo-quickbuild-scratchpad v0.1.0 (/private/var/folders/0d/08wbx2j52nx5hjg16cshb8g80000gn/T/cargo-quickbuild-scratchpad/cargo-quickbuild-scratchpad)
    Finished dev [unoptimized + debuginfo] target(s) in 0.40s
wrote to "/Users/admin/tmp/quick/same-file-1.0.6-target-032b2caeb48d7fefd323dc10c53f05a70fbf0ed1781554865e8dce235eca8efb.tar"
STARTING BUILD
"shell-escape-0.1.5-target-9a311e3faab8557c27b9fc432edce01b81c2de8f2ebb93b763baeaf3e60ae604"
     Created binary (application) package
    Updating crates.io index
   Compiling shell-escape v0.1.5
   Compiling cargo-quickbuild-scratchpad v0.1.0 (/private/var/folders/0d/08wbx2j52nx5hjg16cshb8g80000gn/T/cargo-quickbuild-scratchpad/cargo-quickbuild-scratchpad)
    Finished dev [unoptimized + debuginfo] target(s) in 0.42s
wrote to "/Users/admin/tmp/quick/shell-escape-0.1.5-target-9a311e3faab8557c27b9fc432edce01b81c2de8f2ebb93b763baeaf3e60ae604.tar"
STARTING BUILD
"smallvec-1.10.0-target-58bbd1cccd431c9d616bd77023e642bd674f2bdcec4242c58fa30775fca9f801"
     Created binary (application) package
    Updating crates.io index
   Compiling smallvec v1.10.0
   Compiling cargo-quickbuild-scratchpad v0.1.0 (/private/var/folders/0d/08wbx2j52nx5hjg16cshb8g80000gn/T/cargo-quickbuild-scratchpad/cargo-quickbuild-scratchpad)
    Finished dev [unoptimized + debuginfo] target(s) in 0.41s
wrote to "/Users/admin/tmp/quick/smallvec-1.10.0-target-58bbd1cccd431c9d616bd77023e642bd674f2bdcec4242c58fa30775fca9f801.tar"
STARTING BUILD
"target-lexicon-0.12.5-target-73173778c7fde5c3287328d967eae359cff61b586f71cc10129893e9d406e389"
     Created binary (application) package
    Updating crates.io index
   Compiling target-lexicon v0.12.5
   Compiling cargo-quickbuild-scratchpad v0.1.0 (/private/var/folders/0d/08wbx2j52nx5hjg16cshb8g80000gn/T/cargo-quickbuild-scratchpad/cargo-quickbuild-scratchpad)
    Finished dev [unoptimized + debuginfo] target(s) in 0.89s
wrote to "/Users/admin/tmp/quick/target-lexicon-0.12.5-target-73173778c7fde5c3287328d967eae359cff61b586f71cc10129893e9d406e389.tar"
STARTING BUILD
"termcolor-1.1.3-target-198f7e01707d8700b622bdaba112edd508a1f88fed5e9b1d3fd064a92d572b4e"
     Created binary (application) package
    Updating crates.io index
   Compiling termcolor v1.1.3
   Compiling cargo-quickbuild-scratchpad v0.1.0 (/private/var/folders/0d/08wbx2j52nx5hjg16cshb8g80000gn/T/cargo-quickbuild-scratchpad/cargo-quickbuild-scratchpad)
    Finished dev [unoptimized + debuginfo] target(s) in 0.54s
wrote to "/Users/admin/tmp/quick/termcolor-1.1.3-target-198f7e01707d8700b622bdaba112edd508a1f88fed5e9b1d3fd064a92d572b4e.tar"
STARTING BUILD
"unicode-ident-1.0.5-host-d70963ae4d473db9d5e30abd057d94218d79f82c569180f1fc4be084e8f6f0e4"
     Created binary (application) package
    Updating crates.io index
   Compiling cargo-quickbuild-scratchpad v0.1.0 (/private/var/folders/0d/08wbx2j52nx5hjg16cshb8g80000gn/T/cargo-quickbuild-scratchpad/cargo-quickbuild-scratchpad)
    Finished dev [unoptimized + debuginfo] target(s) in 0.29s
wrote to "/Users/admin/tmp/quick/unicode-ident-1.0.5-host-d70963ae4d473db9d5e30abd057d94218d79f82c569180f1fc4be084e8f6f0e4.tar"
START OF LEVEL 1
[cargo-quickbuild/src/scheduler.rs:40] &current_level = {
    (
        PackageId {
            name: "aho-corasick",
            version: "0.7.20",
            source: "registry `crates-io`",
        },
        BuildFor(
            NormalOrDev,
        ),
    ),
    (
        PackageId {
            name: "atty",
            version: "0.2.14",
            source: "registry `crates-io`",
        },
        BuildFor(
            NormalOrDev,
        ),
    ),
    (
        PackageId {
            name: "cfg-expr",
            version: "0.12.0",
            source: "registry `crates-io`",
        },
        BuildFor(
            NormalOrDev,
        ),
    ),
    (
        PackageId {
            name: "os_pipe",
            version: "0.9.2",
            source: "registry `crates-io`",
        },
        BuildFor(
            NormalOrDev,
        ),
    ),
    (
        PackageId {
            name: "proc-macro2",
            version: "1.0.47",
            source: "registry `crates-io`",
        },
        BuildFor(
            HostDep,
        ),
    ),
    (
        PackageId {
            name: "shared_child",
            version: "0.3.5",
            source: "registry `crates-io`",
        },
        BuildFor(
            NormalOrDev,
        ),
    ),
    (
        PackageId {
            name: "tempfile",
            version: "3.3.0",
            source: "registry `crates-io`",
        },
        BuildFor(
            NormalOrDev,
        ),
    ),
    (
        PackageId {
            name: "walkdir",
            version: "2.3.2",
            source: "registry `crates-io`",
        },
        BuildFor(
            NormalOrDev,
        ),
    ),
}
STARTING BUILD
"aho-corasick-0.7.20-target-54ffb6fb683e87889da80722b76b92daf03b7110e291e10f7ea50b10d91fbd1e"
     Created binary (application) package
    Updating crates.io index
   Compiling aho-corasick v0.7.20
   Compiling cargo-quickbuild-scratchpad v0.1.0 (/private/var/folders/0d/08wbx2j52nx5hjg16cshb8g80000gn/T/cargo-quickbuild-scratchpad/cargo-quickbuild-scratchpad)
    Finished dev [unoptimized + debuginfo] target(s) in 0.77s
wrote to "/Users/admin/tmp/quick/aho-corasick-0.7.20-target-54ffb6fb683e87889da80722b76b92daf03b7110e291e10f7ea50b10d91fbd1e.tar"
STARTING BUILD
"atty-0.2.14-target-2cdbdae44b53f4a8a03820b54bcdcb4eaa86d1910726dd4207f337ee43f52845"
     Created binary (application) package
    Updating crates.io index
   Compiling atty v0.2.14
   Compiling cargo-quickbuild-scratchpad v0.1.0 (/private/var/folders/0d/08wbx2j52nx5hjg16cshb8g80000gn/T/cargo-quickbuild-scratchpad/cargo-quickbuild-scratchpad)
    Finished dev [unoptimized + debuginfo] target(s) in 0.35s
wrote to "/Users/admin/tmp/quick/atty-0.2.14-target-2cdbdae44b53f4a8a03820b54bcdcb4eaa86d1910726dd4207f337ee43f52845.tar"
STARTING BUILD
"cfg-expr-0.12.0-target-a13c62f401be529347bfd14afc6dfeb93f3a3813c2cf9d461f7bd33f7131b919"
     Created binary (application) package
    Updating crates.io index
   Compiling cfg-expr v0.12.0
   Compiling cargo-quickbuild-scratchpad v0.1.0 (/private/var/folders/0d/08wbx2j52nx5hjg16cshb8g80000gn/T/cargo-quickbuild-scratchpad/cargo-quickbuild-scratchpad)
    Finished dev [unoptimized + debuginfo] target(s) in 0.76s
wrote to "/Users/admin/tmp/quick/cfg-expr-0.12.0-target-a13c62f401be529347bfd14afc6dfeb93f3a3813c2cf9d461f7bd33f7131b919.tar"
STARTING BUILD
"os_pipe-0.9.2-target-d77fb7a6aaa76e79e1c67c7c380eb7ad4c86fca5a53e0a795a61feaf2b65941f"
     Created binary (application) package
    Updating crates.io index
   Compiling os_pipe v0.9.2
   Compiling cargo-quickbuild-scratchpad v0.1.0 (/private/var/folders/0d/08wbx2j52nx5hjg16cshb8g80000gn/T/cargo-quickbuild-scratchpad/cargo-quickbuild-scratchpad)
    Finished dev [unoptimized + debuginfo] target(s) in 0.40s
wrote to "/Users/admin/tmp/quick/os_pipe-0.9.2-target-d77fb7a6aaa76e79e1c67c7c380eb7ad4c86fca5a53e0a795a61feaf2b65941f.tar"
STARTING BUILD
"proc-macro2-1.0.47-host-9e21c50c526b041e94f107b248210dbda6929ec0356a62de660c0b3c6ce96a7e"
     Created binary (application) package
    Updating crates.io index
   Compiling cargo-quickbuild-scratchpad v0.1.0 (/private/var/folders/0d/08wbx2j52nx5hjg16cshb8g80000gn/T/cargo-quickbuild-scratchpad/cargo-quickbuild-scratchpad)
    Finished dev [unoptimized + debuginfo] target(s) in 0.31s
wrote to "/Users/admin/tmp/quick/proc-macro2-1.0.47-host-9e21c50c526b041e94f107b248210dbda6929ec0356a62de660c0b3c6ce96a7e.tar"
STARTING BUILD
"shared_child-0.3.5-target-1d7e297d1b2d2eb1f70a6f0c3d16be54bf76b46c0f395c7d85dff338bfdd08a8"
     Created binary (application) package
    Updating crates.io index
   Compiling shared_child v0.3.5
   Compiling cargo-quickbuild-scratchpad v0.1.0 (/private/var/folders/0d/08wbx2j52nx5hjg16cshb8g80000gn/T/cargo-quickbuild-scratchpad/cargo-quickbuild-scratchpad)
    Finished dev [unoptimized + debuginfo] target(s) in 0.53s
wrote to "/Users/admin/tmp/quick/shared_child-0.3.5-target-1d7e297d1b2d2eb1f70a6f0c3d16be54bf76b46c0f395c7d85dff338bfdd08a8.tar"
STARTING BUILD
"tempfile-3.3.0-target-d7d9ba3909547fe7539bfeafa0c6d68cee18a27be21f9d3bf5339130d9252447"
     Created binary (application) package
    Updating crates.io index
   Compiling tempfile v3.3.0
   Compiling cargo-quickbuild-scratchpad v0.1.0 (/private/var/folders/0d/08wbx2j52nx5hjg16cshb8g80000gn/T/cargo-quickbuild-scratchpad/cargo-quickbuild-scratchpad)
    Finished dev [unoptimized + debuginfo] target(s) in 0.55s
wrote to "/Users/admin/tmp/quick/tempfile-3.3.0-target-d7d9ba3909547fe7539bfeafa0c6d68cee18a27be21f9d3bf5339130d9252447.tar"
STARTING BUILD
"walkdir-2.3.2-target-e04f735e923b11ae375fb5cff0004e7564d96a8e9f2cf7cb1237eb3cbd0cce5c"
     Created binary (application) package
    Updating crates.io index
   Compiling walkdir v2.3.2
   Compiling cargo-quickbuild-scratchpad v0.1.0 (/private/var/folders/0d/08wbx2j52nx5hjg16cshb8g80000gn/T/cargo-quickbuild-scratchpad/cargo-quickbuild-scratchpad)
    Finished dev [unoptimized + debuginfo] target(s) in 0.57s
wrote to "/Users/admin/tmp/quick/walkdir-2.3.2-target-e04f735e923b11ae375fb5cff0004e7564d96a8e9f2cf7cb1237eb3cbd0cce5c.tar"
START OF LEVEL 2
[cargo-quickbuild/src/scheduler.rs:40] &current_level = {
    (
        PackageId {
            name: "duct",
            version: "0.13.5",
            source: "registry `crates-io`",
        },
        BuildFor(
            NormalOrDev,
        ),
    ),
    (
        PackageId {
            name: "quote",
            version: "1.0.21",
            source: "registry `crates-io`",
        },
        BuildFor(
            HostDep,
        ),
    ),
    (
        PackageId {
            name: "regex",
            version: "1.7.0",
            source: "registry `crates-io`",
        },
        BuildFor(
            NormalOrDev,
        ),
    ),
    (
        PackageId {
            name: "target-spec",
            version: "1.2.2",
            source: "registry `crates-io`",
        },
        BuildFor(
            NormalOrDev,
        ),
    ),
}
STARTING BUILD
"duct-0.13.5-target-90a57c3509c8a53c45adbf56a992cc9e59d58be4da584b1e3779d4712b772471"
     Created binary (application) package
    Updating crates.io index
   Compiling duct v0.13.5
   Compiling cargo-quickbuild-scratchpad v0.1.0 (/private/var/folders/0d/08wbx2j52nx5hjg16cshb8g80000gn/T/cargo-quickbuild-scratchpad/cargo-quickbuild-scratchpad)
    Finished dev [unoptimized + debuginfo] target(s) in 0.81s
wrote to "/Users/admin/tmp/quick/duct-0.13.5-target-90a57c3509c8a53c45adbf56a992cc9e59d58be4da584b1e3779d4712b772471.tar"
STARTING BUILD
"quote-1.0.21-host-52ebd68fd3a53e63e7f9aba6454dadcb8afdcb319cab8569a5fcc8019ca208aa"
     Created binary (application) package
    Updating crates.io index
   Compiling cargo-quickbuild-scratchpad v0.1.0 (/private/var/folders/0d/08wbx2j52nx5hjg16cshb8g80000gn/T/cargo-quickbuild-scratchpad/cargo-quickbuild-scratchpad)
    Finished dev [unoptimized + debuginfo] target(s) in 0.30s
wrote to "/Users/admin/tmp/quick/quote-1.0.21-host-52ebd68fd3a53e63e7f9aba6454dadcb8afdcb319cab8569a5fcc8019ca208aa.tar"
STARTING BUILD
"regex-1.7.0-target-5c534338d043b4bc9402ee854a8dc58d8666c27364dd58e732669b46528b626c"
     Created binary (application) package
    Updating crates.io index
   Compiling regex v1.7.0
   Compiling cargo-quickbuild-scratchpad v0.1.0 (/private/var/folders/0d/08wbx2j52nx5hjg16cshb8g80000gn/T/cargo-quickbuild-scratchpad/cargo-quickbuild-scratchpad)
    Finished dev [unoptimized + debuginfo] target(s) in 2.79s
wrote to "/Users/admin/tmp/quick/regex-1.7.0-target-5c534338d043b4bc9402ee854a8dc58d8666c27364dd58e732669b46528b626c.tar"
STARTING BUILD
"target-spec-1.2.2-target-629b4fc2688347a1667a679e4021270bcaac9ecc1b5d3dde68cdd76e4ae73f2a"
     Created binary (application) package
    Updating crates.io index
   Compiling target-spec v1.2.2
   Compiling cargo-quickbuild-scratchpad v0.1.0 (/private/var/folders/0d/08wbx2j52nx5hjg16cshb8g80000gn/T/cargo-quickbuild-scratchpad/cargo-quickbuild-scratchpad)
    Finished dev [unoptimized + debuginfo] target(s) in 0.99s
wrote to "/Users/admin/tmp/quick/target-spec-1.2.2-target-629b4fc2688347a1667a679e4021270bcaac9ecc1b5d3dde68cdd76e4ae73f2a.tar"
START OF LEVEL 3
[cargo-quickbuild/src/scheduler.rs:40] &current_level = {
    (
        PackageId {
            name: "syn",
            version: "1.0.103",
            source: "registry `crates-io`",
        },
        BuildFor(
            HostDep,
        ),
    ),
}
STARTING BUILD
"syn-1.0.103-host-7b244c1aa1de6c97539b84c852452f38719f19f0e8ea0be5d24f01a8abf41d6a"
     Created binary (application) package
    Updating crates.io index
   Compiling cargo-quickbuild-scratchpad v0.1.0 (/private/var/folders/0d/08wbx2j52nx5hjg16cshb8g80000gn/T/cargo-quickbuild-scratchpad/cargo-quickbuild-scratchpad)
    Finished dev [unoptimized + debuginfo] target(s) in 0.31s
wrote to "/Users/admin/tmp/quick/syn-1.0.103-host-7b244c1aa1de6c97539b84c852452f38719f19f0e8ea0be5d24f01a8abf41d6a.tar"
START OF LEVEL 4
[cargo-quickbuild/src/scheduler.rs:40] &current_level = {
    (
        PackageId {
            name: "serde_derive",
            version: "1.0.147",
            source: "registry `crates-io`",
        },
        BuildFor(
            HostDep,
        ),
    ),
}
STARTING BUILD
"serde_derive-1.0.147-host-894ca64387324394caa8989964a30000dd1990c2e2f3979bf4660a4b736c9d6d"
     Created binary (application) package
    Updating crates.io index
   Compiling cargo-quickbuild-scratchpad v0.1.0 (/private/var/folders/0d/08wbx2j52nx5hjg16cshb8g80000gn/T/cargo-quickbuild-scratchpad/cargo-quickbuild-scratchpad)
    Finished dev [unoptimized + debuginfo] target(s) in 0.30s
wrote to "/Users/admin/tmp/quick/serde_derive-1.0.147-host-894ca64387324394caa8989964a30000dd1990c2e2f3979bf4660a4b736c9d6d.tar"
START OF LEVEL 5
[cargo-quickbuild/src/scheduler.rs:40] &current_level = {
    (
        PackageId {
            name: "serde",
            version: "1.0.147",
            source: "registry `crates-io`",
        },
        BuildFor(
            NormalOrDev,
        ),
    ),
}
STARTING BUILD
"serde-1.0.147-target-5b72c7343658a052847cba7f8d946930eca14d076f14f926934da6f12600ebec"
     Created binary (application) package
    Updating crates.io index
   Compiling proc-macro2 v1.0.47
   Compiling quote v1.0.21
   Compiling unicode-ident v1.0.5
   Compiling syn v1.0.103
   Compiling serde_derive v1.0.147
   Compiling serde v1.0.147
   Compiling cargo-quickbuild-scratchpad v0.1.0 (/private/var/folders/0d/08wbx2j52nx5hjg16cshb8g80000gn/T/cargo-quickbuild-scratchpad/cargo-quickbuild-scratchpad)
    Finished dev [unoptimized + debuginfo] target(s) in 7.89s
wrote to "/Users/admin/tmp/quick/serde-1.0.147-target-5b72c7343658a052847cba7f8d946930eca14d076f14f926934da6f12600ebec.tar"
START OF LEVEL 6
[cargo-quickbuild/src/scheduler.rs:40] &current_level = {
    (
        PackageId {
            name: "camino",
            version: "1.1.1",
            source: "registry `crates-io`",
        },
        BuildFor(
            NormalOrDev,
        ),
    ),
    (
        PackageId {
            name: "cargo-platform",
            version: "0.1.2",
            source: "registry `crates-io`",
        },
        BuildFor(
            NormalOrDev,
        ),
    ),
    (
        PackageId {
            name: "semver",
            version: "1.0.14",
            source: "registry `crates-io`",
        },
        BuildFor(
            NormalOrDev,
        ),
    ),
    (
        PackageId {
            name: "serde_json",
            version: "1.0.89",
            source: "registry `crates-io`",
        },
        BuildFor(
            NormalOrDev,
        ),
    ),
}
STARTING BUILD
"camino-1.1.1-target-89dc1ce8daf40cef574c9b8bdf02d12fc2b1aae3f7b00c7ab299695b8710c2b6"
     Created binary (application) package
    Updating crates.io index
   Compiling camino v1.1.1
   Compiling cargo-quickbuild-scratchpad v0.1.0 (/private/var/folders/0d/08wbx2j52nx5hjg16cshb8g80000gn/T/cargo-quickbuild-scratchpad/cargo-quickbuild-scratchpad)
    Finished dev [unoptimized + debuginfo] target(s) in 0.85s
wrote to "/Users/admin/tmp/quick/camino-1.1.1-target-89dc1ce8daf40cef574c9b8bdf02d12fc2b1aae3f7b00c7ab299695b8710c2b6.tar"
STARTING BUILD
"cargo-platform-0.1.2-target-8323d73b8c280eb7d699d509422de03279dac50fc3d38f02f1cd4260d054a291"
     Created binary (application) package
    Updating crates.io index
   Compiling cargo-platform v0.1.2
   Compiling cargo-quickbuild-scratchpad v0.1.0 (/private/var/folders/0d/08wbx2j52nx5hjg16cshb8g80000gn/T/cargo-quickbuild-scratchpad/cargo-quickbuild-scratchpad)
    Finished dev [unoptimized + debuginfo] target(s) in 0.52s
wrote to "/Users/admin/tmp/quick/cargo-platform-0.1.2-target-8323d73b8c280eb7d699d509422de03279dac50fc3d38f02f1cd4260d054a291.tar"
STARTING BUILD
"semver-1.0.14-target-b33027432b4713749d60e77983cdb5f579c59a15f9196bd1b76046dbfda09944"
     Created binary (application) package
    Updating crates.io index
   Compiling semver v1.0.14
   Compiling cargo-quickbuild-scratchpad v0.1.0 (/private/var/folders/0d/08wbx2j52nx5hjg16cshb8g80000gn/T/cargo-quickbuild-scratchpad/cargo-quickbuild-scratchpad)
    Finished dev [unoptimized + debuginfo] target(s) in 0.77s
wrote to "/Users/admin/tmp/quick/semver-1.0.14-target-b33027432b4713749d60e77983cdb5f579c59a15f9196bd1b76046dbfda09944.tar"
STARTING BUILD
"serde_json-1.0.89-target-05171e7d7a00e093b4db511935d7ba0fa6d418810abc2749f27c41e8a23f5105"
     Created binary (application) package
    Updating crates.io index
   Compiling serde_json v1.0.89
   Compiling cargo-quickbuild-scratchpad v0.1.0 (/private/var/folders/0d/08wbx2j52nx5hjg16cshb8g80000gn/T/cargo-quickbuild-scratchpad/cargo-quickbuild-scratchpad)
    Finished dev [unoptimized + debuginfo] target(s) in 1.29s
wrote to "/Users/admin/tmp/quick/serde_json-1.0.89-target-05171e7d7a00e093b4db511935d7ba0fa6d418810abc2749f27c41e8a23f5105.tar"
START OF LEVEL 7
[cargo-quickbuild/src/scheduler.rs:40] &current_level = {
    (
        PackageId {
            name: "cargo_metadata",
            version: "0.14.2",
            source: "registry `crates-io`",
        },
        BuildFor(
            NormalOrDev,
        ),
    ),
}
STARTING BUILD
"cargo_metadata-0.14.2-target-498bd0e24a55f36a6dacc7f6b587810f32014f8834b894ee844d61cac8fd5968"
     Created binary (application) package
    Updating crates.io index
   Compiling cargo_metadata v0.14.2
   Compiling cargo-quickbuild-scratchpad v0.1.0 (/private/var/folders/0d/08wbx2j52nx5hjg16cshb8g80000gn/T/cargo-quickbuild-scratchpad/cargo-quickbuild-scratchpad)
    Finished dev [unoptimized + debuginfo] target(s) in 1.31s
wrote to "/Users/admin/tmp/quick/cargo_metadata-0.14.2-target-498bd0e24a55f36a6dacc7f6b587810f32014f8834b894ee844d61cac8fd5968.tar"
START OF LEVEL 8
[cargo-quickbuild/src/scheduler.rs:40] &current_level = {
    (
        PackageId {
            name: "cargo-llvm-cov",
            version: "0.5.0",
            source: "registry `crates-io`",
        },
        BuildFor(
            NormalOrDev,
        ),
    ),
}
🎉 We're done here 🎉
  Installing cargo-llvm-cov v0.5.0
   Compiling cargo-llvm-cov v0.5.0
    Finished dev [unoptimized + debuginfo] target(s) in 1.84s
   Replacing /Users/admin/.cargo/bin/cargo-llvm-cov
    Replaced package `cargo-llvm-cov v0.5.0` with `cargo-llvm-cov v0.5.0` (executable `cargo-llvm-cov`)
