    Updating crates.io index
 Downloading crates ...
  Downloaded num-format v0.4.3
START OF LEVEL 0
[cargo-quickbuild/src/scheduler.rs:40] &current_level = {
    (
        PackageId {
            name: "ansi_term",
            version: "0.12.1",
            source: "registry `crates-io`",
        },
        BuildFor(
            NormalOrDev,
        ),
    ),
    (
        PackageId {
            name: "arrayvec",
            version: "0.7.2",
            source: "registry `crates-io`",
        },
        BuildFor(
            NormalOrDev,
        ),
    ),
    (
        PackageId {
            name: "autocfg",
            version: "1.1.0",
            source: "registry `crates-io`",
        },
        BuildFor(
            HostDep,
        ),
    ),
    (
        PackageId {
            name: "bitflags",
            version: "1.3.2",
            source: "registry `crates-io`",
        },
        BuildFor(
            NormalOrDev,
        ),
    ),
    (
        PackageId {
            name: "cfg-if",
            version: "1.0.0",
            source: "registry `crates-io`",
        },
        BuildFor(
            NormalOrDev,
        ),
    ),
    (
        PackageId {
            name: "either",
            version: "1.8.0",
            source: "registry `crates-io`",
        },
        BuildFor(
            NormalOrDev,
        ),
    ),
    (
        PackageId {
            name: "humansize",
            version: "1.1.1",
            source: "registry `crates-io`",
        },
        BuildFor(
            NormalOrDev,
        ),
    ),
    (
        PackageId {
            name: "itoa",
            version: "1.0.4",
            source: "registry `crates-io`",
        },
        BuildFor(
            NormalOrDev,
        ),
    ),
    (
        PackageId {
            name: "libc",
            version: "0.2.137",
            source: "registry `crates-io`",
        },
        BuildFor(
            NormalOrDev,
        ),
    ),
    (
        PackageId {
            name: "scopeguard",
            version: "1.1.0",
            source: "registry `crates-io`",
        },
        BuildFor(
            NormalOrDev,
        ),
    ),
    (
        PackageId {
            name: "strsim",
            version: "0.8.0",
            source: "registry `crates-io`",
        },
        BuildFor(
            NormalOrDev,
        ),
    ),
    (
        PackageId {
            name: "unicode-width",
            version: "0.1.10",
            source: "registry `crates-io`",
        },
        BuildFor(
            NormalOrDev,
        ),
    ),
    (
        PackageId {
            name: "vec_map",
            version: "0.8.2",
            source: "registry `crates-io`",
        },
        BuildFor(
            NormalOrDev,
        ),
    ),
}
STARTING BUILD
"ansi_term-0.12.1-target-7a0d99e472244a2e347918dea94bb17f912247f99cdbefa08127e7e0c2f4619d"
     Created binary (application) package
    Updating crates.io index
   Compiling ansi_term v0.12.1
   Compiling cargo-quickbuild-scratchpad v0.1.0 (/private/var/folders/0d/08wbx2j52nx5hjg16cshb8g80000gn/T/cargo-quickbuild-scratchpad/cargo-quickbuild-scratchpad)
    Finished dev [unoptimized + debuginfo] target(s) in 0.49s
wrote to "/Users/admin/tmp/quick/ansi_term-0.12.1-target-7a0d99e472244a2e347918dea94bb17f912247f99cdbefa08127e7e0c2f4619d.tar"
STARTING BUILD
"arrayvec-0.7.2-target-a1ede2bb387c17f24a835e5e4a60c12749407f5185a45242daff89c105c09850"
     Created binary (application) package
    Updating crates.io index
   Compiling arrayvec v0.7.2
   Compiling cargo-quickbuild-scratchpad v0.1.0 (/private/var/folders/0d/08wbx2j52nx5hjg16cshb8g80000gn/T/cargo-quickbuild-scratchpad/cargo-quickbuild-scratchpad)
    Finished dev [unoptimized + debuginfo] target(s) in 0.45s
wrote to "/Users/admin/tmp/quick/arrayvec-0.7.2-target-a1ede2bb387c17f24a835e5e4a60c12749407f5185a45242daff89c105c09850.tar"
STARTING BUILD
"autocfg-1.1.0-host-bc2f12deedf1d54ddb3db675b15ed5516d1575023d510f65ea12f72d2666c1aa"
     Created binary (application) package
    Updating crates.io index
   Compiling cargo-quickbuild-scratchpad v0.1.0 (/private/var/folders/0d/08wbx2j52nx5hjg16cshb8g80000gn/T/cargo-quickbuild-scratchpad/cargo-quickbuild-scratchpad)
    Finished dev [unoptimized + debuginfo] target(s) in 0.94s
wrote to "/Users/admin/tmp/quick/autocfg-1.1.0-host-bc2f12deedf1d54ddb3db675b15ed5516d1575023d510f65ea12f72d2666c1aa.tar"
STARTING BUILD
"bitflags-1.3.2-target-4d50df0fe42d466ee36d114f8f74505fbef2a02133029fd72da104fbad79d9f2"
     Created binary (application) package
    Updating crates.io index
   Compiling bitflags v1.3.2
   Compiling cargo-quickbuild-scratchpad v0.1.0 (/private/var/folders/0d/08wbx2j52nx5hjg16cshb8g80000gn/T/cargo-quickbuild-scratchpad/cargo-quickbuild-scratchpad)
    Finished dev [unoptimized + debuginfo] target(s) in 0.34s
wrote to "/Users/admin/tmp/quick/bitflags-1.3.2-target-4d50df0fe42d466ee36d114f8f74505fbef2a02133029fd72da104fbad79d9f2.tar"
STARTING BUILD
"cfg-if-1.0.0-target-a60da104ed6b60b35dfd2d34642c07dc2e57a018ac1801f54564564b37b87917"
     Created binary (application) package
    Updating crates.io index
   Compiling cfg-if v1.0.0
   Compiling cargo-quickbuild-scratchpad v0.1.0 (/private/var/folders/0d/08wbx2j52nx5hjg16cshb8g80000gn/T/cargo-quickbuild-scratchpad/cargo-quickbuild-scratchpad)
    Finished dev [unoptimized + debuginfo] target(s) in 0.34s
wrote to "/Users/admin/tmp/quick/cfg-if-1.0.0-target-a60da104ed6b60b35dfd2d34642c07dc2e57a018ac1801f54564564b37b87917.tar"
STARTING BUILD
"either-1.8.0-target-c9f251eb63d3057c6a43671f80074abe27f7e40063ee1c983a4ee011003d35e7"
     Created binary (application) package
    Updating crates.io index
   Compiling either v1.8.0
   Compiling cargo-quickbuild-scratchpad v0.1.0 (/private/var/folders/0d/08wbx2j52nx5hjg16cshb8g80000gn/T/cargo-quickbuild-scratchpad/cargo-quickbuild-scratchpad)
    Finished dev [unoptimized + debuginfo] target(s) in 0.82s
wrote to "/Users/admin/tmp/quick/either-1.8.0-target-c9f251eb63d3057c6a43671f80074abe27f7e40063ee1c983a4ee011003d35e7.tar"
STARTING BUILD
"humansize-1.1.1-target-2bf600baf785337e50ce40f2eae32fccbad8b20148c33f0e99abbc6df344ca12"
     Created binary (application) package
    Updating crates.io index
   Compiling humansize v1.1.1
   Compiling cargo-quickbuild-scratchpad v0.1.0 (/private/var/folders/0d/08wbx2j52nx5hjg16cshb8g80000gn/T/cargo-quickbuild-scratchpad/cargo-quickbuild-scratchpad)
    Finished dev [unoptimized + debuginfo] target(s) in 0.38s
wrote to "/Users/admin/tmp/quick/humansize-1.1.1-target-2bf600baf785337e50ce40f2eae32fccbad8b20148c33f0e99abbc6df344ca12.tar"
STARTING BUILD
"itoa-1.0.4-target-3fae787a0d8739d0ee3ff09e088538d143d4c7c683268f6cb268f3ef85f743d4"
     Created binary (application) package
    Updating crates.io index
   Compiling itoa v1.0.4
   Compiling cargo-quickbuild-scratchpad v0.1.0 (/private/var/folders/0d/08wbx2j52nx5hjg16cshb8g80000gn/T/cargo-quickbuild-scratchpad/cargo-quickbuild-scratchpad)
    Finished dev [unoptimized + debuginfo] target(s) in 0.39s
wrote to "/Users/admin/tmp/quick/itoa-1.0.4-target-3fae787a0d8739d0ee3ff09e088538d143d4c7c683268f6cb268f3ef85f743d4.tar"
STARTING BUILD
"libc-0.2.137-target-81cf611ea3efaffb0f9ff0ed9fbf4d1552693ba6c668f4a749237c5048e17274"
     Created binary (application) package
    Updating crates.io index
   Compiling libc v0.2.137
   Compiling cargo-quickbuild-scratchpad v0.1.0 (/private/var/folders/0d/08wbx2j52nx5hjg16cshb8g80000gn/T/cargo-quickbuild-scratchpad/cargo-quickbuild-scratchpad)
    Finished dev [unoptimized + debuginfo] target(s) in 0.80s
wrote to "/Users/admin/tmp/quick/libc-0.2.137-target-81cf611ea3efaffb0f9ff0ed9fbf4d1552693ba6c668f4a749237c5048e17274.tar"
STARTING BUILD
"scopeguard-1.1.0-target-edac273bf982661eb20a65233ff19bbd0b5ca99f799c88a0de47b49cf267ecc0"
     Created binary (application) package
    Updating crates.io index
   Compiling scopeguard v1.1.0
   Compiling cargo-quickbuild-scratchpad v0.1.0 (/private/var/folders/0d/08wbx2j52nx5hjg16cshb8g80000gn/T/cargo-quickbuild-scratchpad/cargo-quickbuild-scratchpad)
    Finished dev [unoptimized + debuginfo] target(s) in 0.36s
wrote to "/Users/admin/tmp/quick/scopeguard-1.1.0-target-edac273bf982661eb20a65233ff19bbd0b5ca99f799c88a0de47b49cf267ecc0.tar"
STARTING BUILD
"strsim-0.8.0-target-6f6351abfc6444914f93f910dc9334a0b0ddc8748c807015710a3294c6888db6"
     Created binary (application) package
    Updating crates.io index
   Compiling strsim v0.8.0
   Compiling cargo-quickbuild-scratchpad v0.1.0 (/private/var/folders/0d/08wbx2j52nx5hjg16cshb8g80000gn/T/cargo-quickbuild-scratchpad/cargo-quickbuild-scratchpad)
    Finished dev [unoptimized + debuginfo] target(s) in 0.53s
wrote to "/Users/admin/tmp/quick/strsim-0.8.0-target-6f6351abfc6444914f93f910dc9334a0b0ddc8748c807015710a3294c6888db6.tar"
STARTING BUILD
"unicode-width-0.1.10-target-f4a2a51a4b77d04413e5f04358a640c67f11544220167108f76fb4956efe73c7"
     Created binary (application) package
    Updating crates.io index
   Compiling unicode-width v0.1.10
   Compiling cargo-quickbuild-scratchpad v0.1.0 (/private/var/folders/0d/08wbx2j52nx5hjg16cshb8g80000gn/T/cargo-quickbuild-scratchpad/cargo-quickbuild-scratchpad)
    Finished dev [unoptimized + debuginfo] target(s) in 0.36s
wrote to "/Users/admin/tmp/quick/unicode-width-0.1.10-target-f4a2a51a4b77d04413e5f04358a640c67f11544220167108f76fb4956efe73c7.tar"
STARTING BUILD
"vec_map-0.8.2-target-cdf4da09156d1632ca9d53f3d633451b3324defe1831e124640cc4b325271192"
     Created binary (application) package
    Updating crates.io index
   Compiling vec_map v0.8.2
   Compiling cargo-quickbuild-scratchpad v0.1.0 (/private/var/folders/0d/08wbx2j52nx5hjg16cshb8g80000gn/T/cargo-quickbuild-scratchpad/cargo-quickbuild-scratchpad)
    Finished dev [unoptimized + debuginfo] target(s) in 0.39s
wrote to "/Users/admin/tmp/quick/vec_map-0.8.2-target-cdf4da09156d1632ca9d53f3d633451b3324defe1831e124640cc4b325271192.tar"
START OF LEVEL 1
[cargo-quickbuild/src/scheduler.rs:40] &current_level = {
    (
        PackageId {
            name: "atty",
            version: "0.2.14",
            source: "registry `crates-io`",
        },
        BuildFor(
            NormalOrDev,
        ),
    ),
    (
        PackageId {
            name: "crossbeam-utils",
            version: "0.8.14",
            source: "registry `crates-io`",
        },
        BuildFor(
            NormalOrDev,
        ),
    ),
    (
        PackageId {
            name: "memoffset",
            version: "0.7.1",
            source: "registry `crates-io`",
        },
        BuildFor(
            NormalOrDev,
        ),
    ),
    (
        PackageId {
            name: "num-format",
            version: "0.4.3",
            source: "registry `crates-io`",
        },
        BuildFor(
            NormalOrDev,
        ),
    ),
    (
        PackageId {
            name: "num_cpus",
            version: "1.14.0",
            source: "registry `crates-io`",
        },
        BuildFor(
            NormalOrDev,
        ),
    ),
    (
        PackageId {
            name: "term_size",
            version: "0.3.2",
            source: "registry `crates-io`",
        },
        BuildFor(
            NormalOrDev,
        ),
    ),
}
STARTING BUILD
"atty-0.2.14-target-2cdbdae44b53f4a8a03820b54bcdcb4eaa86d1910726dd4207f337ee43f52845"
     Created binary (application) package
    Updating crates.io index
   Compiling atty v0.2.14
   Compiling cargo-quickbuild-scratchpad v0.1.0 (/private/var/folders/0d/08wbx2j52nx5hjg16cshb8g80000gn/T/cargo-quickbuild-scratchpad/cargo-quickbuild-scratchpad)
    Finished dev [unoptimized + debuginfo] target(s) in 0.36s
wrote to "/Users/admin/tmp/quick/atty-0.2.14-target-2cdbdae44b53f4a8a03820b54bcdcb4eaa86d1910726dd4207f337ee43f52845.tar"
STARTING BUILD
"crossbeam-utils-0.8.14-target-940932a870ffd04f660ef4a3d98468bfae7eb9a897b716ada6a065edfaebc62c"
     Created binary (application) package
    Updating crates.io index
   Compiling crossbeam-utils v0.8.14
   Compiling cargo-quickbuild-scratchpad v0.1.0 (/private/var/folders/0d/08wbx2j52nx5hjg16cshb8g80000gn/T/cargo-quickbuild-scratchpad/cargo-quickbuild-scratchpad)
    Finished dev [unoptimized + debuginfo] target(s) in 0.88s
wrote to "/Users/admin/tmp/quick/crossbeam-utils-0.8.14-target-940932a870ffd04f660ef4a3d98468bfae7eb9a897b716ada6a065edfaebc62c.tar"
STARTING BUILD
"memoffset-0.7.1-target-0120a47396c15e058a98e48164821c2cf2f2d7419a97724d1889b66d4ef17f70"
     Created binary (application) package
    Updating crates.io index
   Compiling autocfg v1.1.0
   Compiling memoffset v0.7.1
   Compiling cargo-quickbuild-scratchpad v0.1.0 (/private/var/folders/0d/08wbx2j52nx5hjg16cshb8g80000gn/T/cargo-quickbuild-scratchpad/cargo-quickbuild-scratchpad)
    Finished dev [unoptimized + debuginfo] target(s) in 0.81s
wrote to "/Users/admin/tmp/quick/memoffset-0.7.1-target-0120a47396c15e058a98e48164821c2cf2f2d7419a97724d1889b66d4ef17f70.tar"
STARTING BUILD
"num-format-0.4.3-target-4c08797e5b66ae75185476eaaaf18275e5fa4c585cabb5b11107031b58bfea43"
     Created binary (application) package
    Updating crates.io index
   Compiling num-format v0.4.3
   Compiling cargo-quickbuild-scratchpad v0.1.0 (/private/var/folders/0d/08wbx2j52nx5hjg16cshb8g80000gn/T/cargo-quickbuild-scratchpad/cargo-quickbuild-scratchpad)
    Finished dev [unoptimized + debuginfo] target(s) in 0.83s
wrote to "/Users/admin/tmp/quick/num-format-0.4.3-target-4c08797e5b66ae75185476eaaaf18275e5fa4c585cabb5b11107031b58bfea43.tar"
STARTING BUILD
"num_cpus-1.14.0-target-b6b745c32cf25be2c93255604e040f63674a223153d4abb2c5c1ae389d15c001"
     Created binary (application) package
    Updating crates.io index
   Compiling num_cpus v1.14.0
   Compiling cargo-quickbuild-scratchpad v0.1.0 (/private/var/folders/0d/08wbx2j52nx5hjg16cshb8g80000gn/T/cargo-quickbuild-scratchpad/cargo-quickbuild-scratchpad)
    Finished dev [unoptimized + debuginfo] target(s) in 0.36s
wrote to "/Users/admin/tmp/quick/num_cpus-1.14.0-target-b6b745c32cf25be2c93255604e040f63674a223153d4abb2c5c1ae389d15c001.tar"
STARTING BUILD
"term_size-0.3.2-target-450dd15d5a78b9095c677bb68f7b2c893c5782eb632d162b4143810e618eaec7"
     Created binary (application) package
    Updating crates.io index
   Compiling term_size v0.3.2
   Compiling cargo-quickbuild-scratchpad v0.1.0 (/private/var/folders/0d/08wbx2j52nx5hjg16cshb8g80000gn/T/cargo-quickbuild-scratchpad/cargo-quickbuild-scratchpad)
    Finished dev [unoptimized + debuginfo] target(s) in 0.35s
wrote to "/Users/admin/tmp/quick/term_size-0.3.2-target-450dd15d5a78b9095c677bb68f7b2c893c5782eb632d162b4143810e618eaec7.tar"
START OF LEVEL 2
[cargo-quickbuild/src/scheduler.rs:40] &current_level = {
    (
        PackageId {
            name: "crossbeam-channel",
            version: "0.5.6",
            source: "registry `crates-io`",
        },
        BuildFor(
            NormalOrDev,
        ),
    ),
    (
        PackageId {
            name: "crossbeam-epoch",
            version: "0.9.13",
            source: "registry `crates-io`",
        },
        BuildFor(
            NormalOrDev,
        ),
    ),
    (
        PackageId {
            name: "textwrap",
            version: "0.11.0",
            source: "registry `crates-io`",
        },
        BuildFor(
            NormalOrDev,
        ),
    ),
}
STARTING BUILD
"crossbeam-channel-0.5.6-target-44708e2ea48e8c800db6e24e9a380393a4c73de220fb056a2fac04cf2464fe20"
     Created binary (application) package
    Updating crates.io index
   Compiling crossbeam-channel v0.5.6
   Compiling cargo-quickbuild-scratchpad v0.1.0 (/private/var/folders/0d/08wbx2j52nx5hjg16cshb8g80000gn/T/cargo-quickbuild-scratchpad/cargo-quickbuild-scratchpad)
    Finished dev [unoptimized + debuginfo] target(s) in 0.62s
wrote to "/Users/admin/tmp/quick/crossbeam-channel-0.5.6-target-44708e2ea48e8c800db6e24e9a380393a4c73de220fb056a2fac04cf2464fe20.tar"
STARTING BUILD
"crossbeam-epoch-0.9.13-target-0ee2b0ee098b49e407e1576b31b3ef79586a4a8f8368d6313a7f4a5578a0614b"
     Created binary (application) package
    Updating crates.io index
   Compiling crossbeam-epoch v0.9.13
   Compiling cargo-quickbuild-scratchpad v0.1.0 (/private/var/folders/0d/08wbx2j52nx5hjg16cshb8g80000gn/T/cargo-quickbuild-scratchpad/cargo-quickbuild-scratchpad)
    Finished dev [unoptimized + debuginfo] target(s) in 0.75s
wrote to "/Users/admin/tmp/quick/crossbeam-epoch-0.9.13-target-0ee2b0ee098b49e407e1576b31b3ef79586a4a8f8368d6313a7f4a5578a0614b.tar"
STARTING BUILD
"textwrap-0.11.0-target-503e57a22b2a00be791e2fe1d2b5aa50a9751e1bf6095e5ba4d3f075d0dc43d2"
     Created binary (application) package
    Updating crates.io index
   Compiling textwrap v0.11.0
   Compiling cargo-quickbuild-scratchpad v0.1.0 (/private/var/folders/0d/08wbx2j52nx5hjg16cshb8g80000gn/T/cargo-quickbuild-scratchpad/cargo-quickbuild-scratchpad)
    Finished dev [unoptimized + debuginfo] target(s) in 0.49s
wrote to "/Users/admin/tmp/quick/textwrap-0.11.0-target-503e57a22b2a00be791e2fe1d2b5aa50a9751e1bf6095e5ba4d3f075d0dc43d2.tar"
START OF LEVEL 3
[cargo-quickbuild/src/scheduler.rs:40] &current_level = {
    (
        PackageId {
            name: "clap",
            version: "2.34.0",
            source: "registry `crates-io`",
        },
        BuildFor(
            NormalOrDev,
        ),
    ),
    (
        PackageId {
            name: "crossbeam-deque",
            version: "0.8.2",
            source: "registry `crates-io`",
        },
        BuildFor(
            NormalOrDev,
        ),
    ),
}
STARTING BUILD
"clap-2.34.0-target-84bd9d276b886b63fc5b9573132c02f123dddef43dcd8ec1316cac5e81b3c425"
     Created binary (application) package
    Updating crates.io index
   Compiling clap v2.34.0
   Compiling cargo-quickbuild-scratchpad v0.1.0 (/private/var/folders/0d/08wbx2j52nx5hjg16cshb8g80000gn/T/cargo-quickbuild-scratchpad/cargo-quickbuild-scratchpad)
    Finished dev [unoptimized + debuginfo] target(s) in 2.84s
wrote to "/Users/admin/tmp/quick/clap-2.34.0-target-84bd9d276b886b63fc5b9573132c02f123dddef43dcd8ec1316cac5e81b3c425.tar"
STARTING BUILD
"crossbeam-deque-0.8.2-target-ffcb6c2294f0ab5850adf0c8f62f7bc41111f157bfa45ef3403976925ade8cfb"
     Created binary (application) package
    Updating crates.io index
   Compiling crossbeam-deque v0.8.2
   Compiling cargo-quickbuild-scratchpad v0.1.0 (/private/var/folders/0d/08wbx2j52nx5hjg16cshb8g80000gn/T/cargo-quickbuild-scratchpad/cargo-quickbuild-scratchpad)
    Finished dev [unoptimized + debuginfo] target(s) in 0.70s
wrote to "/Users/admin/tmp/quick/crossbeam-deque-0.8.2-target-ffcb6c2294f0ab5850adf0c8f62f7bc41111f157bfa45ef3403976925ade8cfb.tar"
START OF LEVEL 4
[cargo-quickbuild/src/scheduler.rs:40] &current_level = {
    (
        PackageId {
            name: "rayon-core",
            version: "1.10.1",
            source: "registry `crates-io`",
        },
        BuildFor(
            NormalOrDev,
        ),
    ),
}
STARTING BUILD
"rayon-core-1.10.1-target-2dae83a37781ce1dfff6a5b3c258b250b11141d7f1d0be585f380e35f6aab5ce"
     Created binary (application) package
    Updating crates.io index
   Compiling rayon-core v1.10.1
   Compiling cargo-quickbuild-scratchpad v0.1.0 (/private/var/folders/0d/08wbx2j52nx5hjg16cshb8g80000gn/T/cargo-quickbuild-scratchpad/cargo-quickbuild-scratchpad)
    Finished dev [unoptimized + debuginfo] target(s) in 1.31s
wrote to "/Users/admin/tmp/quick/rayon-core-1.10.1-target-2dae83a37781ce1dfff6a5b3c258b250b11141d7f1d0be585f380e35f6aab5ce.tar"
START OF LEVEL 5
[cargo-quickbuild/src/scheduler.rs:40] &current_level = {
    (
        PackageId {
            name: "rayon",
            version: "1.6.0",
            source: "registry `crates-io`",
        },
        BuildFor(
            NormalOrDev,
        ),
    ),
}
STARTING BUILD
"rayon-1.6.0-target-90ce2190a7f31ebae4a401061a756ab7656c94f7069eb40e30d463b545fa4711"
     Created binary (application) package
    Updating crates.io index
   Compiling rayon v1.6.0
   Compiling cargo-quickbuild-scratchpad v0.1.0 (/private/var/folders/0d/08wbx2j52nx5hjg16cshb8g80000gn/T/cargo-quickbuild-scratchpad/cargo-quickbuild-scratchpad)
    Finished dev [unoptimized + debuginfo] target(s) in 1.59s
wrote to "/Users/admin/tmp/quick/rayon-1.6.0-target-90ce2190a7f31ebae4a401061a756ab7656c94f7069eb40e30d463b545fa4711.tar"
START OF LEVEL 6
[cargo-quickbuild/src/scheduler.rs:40] &current_level = {
    (
        PackageId {
            name: "diskus",
            version: "0.7.0",
            source: "registry `crates-io`",
        },
        BuildFor(
            NormalOrDev,
        ),
    ),
}
🎉 We're done here 🎉
  Installing diskus v0.7.0
   Compiling diskus v0.7.0
    Finished dev [unoptimized + debuginfo] target(s) in 0.66s
   Replacing /Users/admin/.cargo/bin/diskus
    Replaced package `diskus v0.7.0` with `diskus v0.7.0` (executable `diskus`)
