    Updating crates.io index
START OF LEVEL 0
[cargo-quickbuild/src/scheduler.rs:34] &current_level = {
    PackageId {
        name: "ansi_term",
        version: "0.12.1",
        source: "registry `crates-io`",
    },
    PackageId {
        name: "anyhow",
        version: "1.0.58",
        source: "registry `crates-io`",
    },
    PackageId {
        name: "autocfg",
        version: "1.1.0",
        source: "registry `crates-io`",
    },
    PackageId {
        name: "bitflags",
        version: "1.3.2",
        source: "registry `crates-io`",
    },
    PackageId {
        name: "cfg-if",
        version: "1.0.0",
        source: "registry `crates-io`",
    },
    PackageId {
        name: "convert_case",
        version: "0.5.0",
        source: "registry `crates-io`",
    },
    PackageId {
        name: "fastrand",
        version: "1.8.0",
        source: "registry `crates-io`",
    },
    PackageId {
        name: "hashbrown",
        version: "0.12.3",
        source: "registry `crates-io`",
    },
    PackageId {
        name: "heck",
        version: "0.4.0",
        source: "registry `crates-io`",
    },
    PackageId {
        name: "humantime",
        version: "2.1.0",
        source: "registry `crates-io`",
    },
    PackageId {
        name: "itoa",
        version: "1.0.2",
        source: "registry `crates-io`",
    },
    PackageId {
        name: "lazy_static",
        version: "1.4.0",
        source: "registry `crates-io`",
    },
    PackageId {
        name: "libc",
        version: "0.2.126",
        source: "registry `crates-io`",
    },
    PackageId {
        name: "linked-hash-map",
        version: "0.5.6",
        source: "registry `crates-io`",
    },
    PackageId {
        name: "memchr",
        version: "2.5.0",
        source: "registry `crates-io`",
    },
    PackageId {
        name: "once_cell",
        version: "1.13.0",
        source: "registry `crates-io`",
    },
    PackageId {
        name: "os_str_bytes",
        version: "6.2.0",
        source: "registry `crates-io`",
    },
    PackageId {
        name: "pathdiff",
        version: "0.2.1",
        source: "registry `crates-io`",
    },
    PackageId {
        name: "regex-syntax",
        version: "0.6.27",
        source: "registry `crates-io`",
    },
    PackageId {
        name: "remove_dir_all",
        version: "0.5.3",
        source: "registry `crates-io`",
    },
    PackageId {
        name: "ryu",
        version: "1.0.10",
        source: "registry `crates-io`",
    },
    PackageId {
        name: "strsim",
        version: "0.8.0",
        source: "registry `crates-io`",
    },
    PackageId {
        name: "strsim",
        version: "0.10.0",
        source: "registry `crates-io`",
    },
    PackageId {
        name: "termcolor",
        version: "1.1.3",
        source: "registry `crates-io`",
    },
    PackageId {
        name: "textwrap",
        version: "0.15.0",
        source: "registry `crates-io`",
    },
    PackageId {
        name: "unicode-ident",
        version: "1.0.2",
        source: "registry `crates-io`",
    },
    PackageId {
        name: "unicode-segmentation",
        version: "1.9.0",
        source: "registry `crates-io`",
    },
    PackageId {
        name: "unicode-width",
        version: "0.1.9",
        source: "registry `crates-io`",
    },
    PackageId {
        name: "vec_map",
        version: "0.8.2",
        source: "registry `crates-io`",
    },
    PackageId {
        name: "version_check",
        version: "0.9.4",
        source: "registry `crates-io`",
    },
}
STARTING BUILD
"ansi_term-0.12.1-badb1d56fe916f940527194f0bd6f357aab665b1fdd8da1d14837bcaacf37b7d"
     Created binary (application) package
   Compiling ansi_term v0.12.1
   Compiling cargo-quickbuild-scratchpad v0.1.0 (/private/var/folders/0d/08wbx2j52nx5hjg16cshb8g80000gn/T/cargo-quickbuild-scratchpad.sOqEyqYvPaTe/cargo-quickbuild-scratchpad)
    Finished dev [unoptimized + debuginfo] target(s) in 0.43s
wrote to "/Users/admin/tmp/quick/ansi_term-0.12.1-badb1d56fe916f940527194f0bd6f357aab665b1fdd8da1d14837bcaacf37b7d.tar"
STARTING BUILD
"anyhow-1.0.58-73100710d71699e12bb71599f29035682de5264eab4c7fd48bd631e15850b120"
     Created binary (application) package
   Compiling anyhow v1.0.58
   Compiling cargo-quickbuild-scratchpad v0.1.0 (/private/var/folders/0d/08wbx2j52nx5hjg16cshb8g80000gn/T/cargo-quickbuild-scratchpad.7qa929T4Lf04/cargo-quickbuild-scratchpad)
    Finished dev [unoptimized + debuginfo] target(s) in 0.75s
wrote to "/Users/admin/tmp/quick/anyhow-1.0.58-73100710d71699e12bb71599f29035682de5264eab4c7fd48bd631e15850b120.tar"
STARTING BUILD
"autocfg-1.1.0-a2a3cd9f808e9399d00cfb1c7bf6eebb60abff61d1c15b0b0b9805224d67e65f"
     Created binary (application) package
   Compiling autocfg v1.1.0
   Compiling cargo-quickbuild-scratchpad v0.1.0 (/private/var/folders/0d/08wbx2j52nx5hjg16cshb8g80000gn/T/cargo-quickbuild-scratchpad.oRAVpdLNjBGf/cargo-quickbuild-scratchpad)
    Finished dev [unoptimized + debuginfo] target(s) in 0.51s
wrote to "/Users/admin/tmp/quick/autocfg-1.1.0-a2a3cd9f808e9399d00cfb1c7bf6eebb60abff61d1c15b0b0b9805224d67e65f.tar"
STARTING BUILD
"bitflags-1.3.2-f9131a0a2e3402a9185e19603221d22ea8ef1985256926f6acdd833068dee051"
     Created binary (application) package
   Compiling bitflags v1.3.2
   Compiling cargo-quickbuild-scratchpad v0.1.0 (/private/var/folders/0d/08wbx2j52nx5hjg16cshb8g80000gn/T/cargo-quickbuild-scratchpad.L4QN2BGyAW8Q/cargo-quickbuild-scratchpad)
    Finished dev [unoptimized + debuginfo] target(s) in 0.27s
wrote to "/Users/admin/tmp/quick/bitflags-1.3.2-f9131a0a2e3402a9185e19603221d22ea8ef1985256926f6acdd833068dee051.tar"
STARTING BUILD
"cfg-if-1.0.0-1c5c0556da306059c2ff0e0ec4cfb9a11c31bbf0fc81e44ac39ecc5ad6c1ce48"
     Created binary (application) package
   Compiling cfg-if v1.0.0
   Compiling cargo-quickbuild-scratchpad v0.1.0 (/private/var/folders/0d/08wbx2j52nx5hjg16cshb8g80000gn/T/cargo-quickbuild-scratchpad.9ztJQYrtrlHB/cargo-quickbuild-scratchpad)
    Finished dev [unoptimized + debuginfo] target(s) in 0.27s
wrote to "/Users/admin/tmp/quick/cfg-if-1.0.0-1c5c0556da306059c2ff0e0ec4cfb9a11c31bbf0fc81e44ac39ecc5ad6c1ce48.tar"
STARTING BUILD
"convert_case-0.5.0-cd1e5807aa0a9b5d0e775a941d3b617d8dcebeae3813c4cc61cbc7649c6ea56e"
     Created binary (application) package
   Compiling convert_case v0.5.0
   Compiling cargo-quickbuild-scratchpad v0.1.0 (/private/var/folders/0d/08wbx2j52nx5hjg16cshb8g80000gn/T/cargo-quickbuild-scratchpad.bZYTj5NcwQid/cargo-quickbuild-scratchpad)
    Finished dev [unoptimized + debuginfo] target(s) in 0.50s
wrote to "/Users/admin/tmp/quick/convert_case-0.5.0-cd1e5807aa0a9b5d0e775a941d3b617d8dcebeae3813c4cc61cbc7649c6ea56e.tar"
STARTING BUILD
"fastrand-1.8.0-3a58633706cd6dcea69116b8be0a4bbd7033eb4a4f229cec1e7f7e447e349f62"
     Created binary (application) package
   Compiling fastrand v1.8.0
   Compiling cargo-quickbuild-scratchpad v0.1.0 (/private/var/folders/0d/08wbx2j52nx5hjg16cshb8g80000gn/T/cargo-quickbuild-scratchpad.4vKXngTgzYiv/cargo-quickbuild-scratchpad)
    Finished dev [unoptimized + debuginfo] target(s) in 0.39s
wrote to "/Users/admin/tmp/quick/fastrand-1.8.0-3a58633706cd6dcea69116b8be0a4bbd7033eb4a4f229cec1e7f7e447e349f62.tar"
STARTING BUILD
"hashbrown-0.12.3-d619e673b119638eadb3dda077a2cc940c23b3f1ddcc2d3e686d9d0962b87ab4"
     Created binary (application) package
   Compiling hashbrown v0.12.3
   Compiling cargo-quickbuild-scratchpad v0.1.0 (/private/var/folders/0d/08wbx2j52nx5hjg16cshb8g80000gn/T/cargo-quickbuild-scratchpad.rHZyf2ocqEap/cargo-quickbuild-scratchpad)
    Finished dev [unoptimized + debuginfo] target(s) in 0.51s
wrote to "/Users/admin/tmp/quick/hashbrown-0.12.3-d619e673b119638eadb3dda077a2cc940c23b3f1ddcc2d3e686d9d0962b87ab4.tar"
STARTING BUILD
"heck-0.4.0-12921529bb3c38ec58c29b55882e50ad0933cf74d09a9c899c05ffe21a79c74b"
     Created binary (application) package
   Compiling heck v0.4.0
   Compiling cargo-quickbuild-scratchpad v0.1.0 (/private/var/folders/0d/08wbx2j52nx5hjg16cshb8g80000gn/T/cargo-quickbuild-scratchpad.ai0LTFiPmVij/cargo-quickbuild-scratchpad)
    Finished dev [unoptimized + debuginfo] target(s) in 0.39s
wrote to "/Users/admin/tmp/quick/heck-0.4.0-12921529bb3c38ec58c29b55882e50ad0933cf74d09a9c899c05ffe21a79c74b.tar"
STARTING BUILD
"humantime-2.1.0-8e5dfee5fb52221484919de63f2c1412092a34b20d51d0ec381214e62a6d9c40"
     Created binary (application) package
   Compiling humantime v2.1.0
   Compiling cargo-quickbuild-scratchpad v0.1.0 (/private/var/folders/0d/08wbx2j52nx5hjg16cshb8g80000gn/T/cargo-quickbuild-scratchpad.snMlmWuMLxpH/cargo-quickbuild-scratchpad)
    Finished dev [unoptimized + debuginfo] target(s) in 0.42s
wrote to "/Users/admin/tmp/quick/humantime-2.1.0-8e5dfee5fb52221484919de63f2c1412092a34b20d51d0ec381214e62a6d9c40.tar"
STARTING BUILD
"itoa-1.0.2-de976576c08177f6d247b3a55ca61770b07c7f70783104231e36c3218d25e61c"
     Created binary (application) package
   Compiling itoa v1.0.2
   Compiling cargo-quickbuild-scratchpad v0.1.0 (/private/var/folders/0d/08wbx2j52nx5hjg16cshb8g80000gn/T/cargo-quickbuild-scratchpad.XfPSQCPsKyWu/cargo-quickbuild-scratchpad)
    Finished dev [unoptimized + debuginfo] target(s) in 0.30s
wrote to "/Users/admin/tmp/quick/itoa-1.0.2-de976576c08177f6d247b3a55ca61770b07c7f70783104231e36c3218d25e61c.tar"
STARTING BUILD
"lazy_static-1.4.0-10d4523649d2ce71fe87ca1ba906a02faed845dc54bd23444b07c338d1cd2543"
     Created binary (application) package
   Compiling lazy_static v1.4.0
   Compiling cargo-quickbuild-scratchpad v0.1.0 (/private/var/folders/0d/08wbx2j52nx5hjg16cshb8g80000gn/T/cargo-quickbuild-scratchpad.FEJHoJcL8Nwt/cargo-quickbuild-scratchpad)
    Finished dev [unoptimized + debuginfo] target(s) in 0.28s
wrote to "/Users/admin/tmp/quick/lazy_static-1.4.0-10d4523649d2ce71fe87ca1ba906a02faed845dc54bd23444b07c338d1cd2543.tar"
STARTING BUILD
"libc-0.2.126-b5e9501ec11edd2e836682f85b4784ca7adac1fc0e5cd5eaef406b3c34a423dd"
     Created binary (application) package
   Compiling libc v0.2.126
   Compiling cargo-quickbuild-scratchpad v0.1.0 (/private/var/folders/0d/08wbx2j52nx5hjg16cshb8g80000gn/T/cargo-quickbuild-scratchpad.2Za67opGFIlW/cargo-quickbuild-scratchpad)
    Finished dev [unoptimized + debuginfo] target(s) in 0.70s
wrote to "/Users/admin/tmp/quick/libc-0.2.126-b5e9501ec11edd2e836682f85b4784ca7adac1fc0e5cd5eaef406b3c34a423dd.tar"
STARTING BUILD
"linked-hash-map-0.5.6-d475ca537bde7ba0d9e0f4943d3670fd4dca5a7f73147433cd6a0dcf45251fdb"
     Created binary (application) package
   Compiling linked-hash-map v0.5.6
   Compiling cargo-quickbuild-scratchpad v0.1.0 (/private/var/folders/0d/08wbx2j52nx5hjg16cshb8g80000gn/T/cargo-quickbuild-scratchpad.GgktYCW2elfO/cargo-quickbuild-scratchpad)
    Finished dev [unoptimized + debuginfo] target(s) in 0.34s
wrote to "/Users/admin/tmp/quick/linked-hash-map-0.5.6-d475ca537bde7ba0d9e0f4943d3670fd4dca5a7f73147433cd6a0dcf45251fdb.tar"
STARTING BUILD
"memchr-2.5.0-c85929c43a36ec4df13d6ab16628d5f2d1b4a35e193f2f56ab1841a594ef2e66"
     Created binary (application) package
   Compiling memchr v2.5.0
   Compiling cargo-quickbuild-scratchpad v0.1.0 (/private/var/folders/0d/08wbx2j52nx5hjg16cshb8g80000gn/T/cargo-quickbuild-scratchpad.ABsGQZxT4afd/cargo-quickbuild-scratchpad)
    Finished dev [unoptimized + debuginfo] target(s) in 0.68s
wrote to "/Users/admin/tmp/quick/memchr-2.5.0-c85929c43a36ec4df13d6ab16628d5f2d1b4a35e193f2f56ab1841a594ef2e66.tar"
STARTING BUILD
"once_cell-1.13.0-b70fe0db68bf80c04cce3094083b6a53723261688a10c987a9b326cf63131d86"
     Created binary (application) package
   Compiling once_cell v1.13.0
   Compiling cargo-quickbuild-scratchpad v0.1.0 (/private/var/folders/0d/08wbx2j52nx5hjg16cshb8g80000gn/T/cargo-quickbuild-scratchpad.gbNoZk8wHjEj/cargo-quickbuild-scratchpad)
    Finished dev [unoptimized + debuginfo] target(s) in 0.36s
wrote to "/Users/admin/tmp/quick/once_cell-1.13.0-b70fe0db68bf80c04cce3094083b6a53723261688a10c987a9b326cf63131d86.tar"
STARTING BUILD
"os_str_bytes-6.2.0-74b5c399786e47de576fe73fca996d2494e059dbbd905be29060a97bd2fe2e9a"
     Created binary (application) package
   Compiling os_str_bytes v6.2.0
   Compiling cargo-quickbuild-scratchpad v0.1.0 (/private/var/folders/0d/08wbx2j52nx5hjg16cshb8g80000gn/T/cargo-quickbuild-scratchpad.qrP95tXFItW6/cargo-quickbuild-scratchpad)
    Finished dev [unoptimized + debuginfo] target(s) in 0.38s
wrote to "/Users/admin/tmp/quick/os_str_bytes-6.2.0-74b5c399786e47de576fe73fca996d2494e059dbbd905be29060a97bd2fe2e9a.tar"
STARTING BUILD
"pathdiff-0.2.1-611aa81e80b3bbf98520965bf91670817321ec1b4a880f46c86d0f4e1d89bd94"
     Created binary (application) package
   Compiling pathdiff v0.2.1
   Compiling cargo-quickbuild-scratchpad v0.1.0 (/private/var/folders/0d/08wbx2j52nx5hjg16cshb8g80000gn/T/cargo-quickbuild-scratchpad.A579TzVgCMsp/cargo-quickbuild-scratchpad)
    Finished dev [unoptimized + debuginfo] target(s) in 0.28s
wrote to "/Users/admin/tmp/quick/pathdiff-0.2.1-611aa81e80b3bbf98520965bf91670817321ec1b4a880f46c86d0f4e1d89bd94.tar"
STARTING BUILD
"regex-syntax-0.6.27-4c80a373d064cab99dd9f26c096d459c1108afbb67876a88bb76cb6ef0bd3f79"
     Created binary (application) package
   Compiling regex-syntax v0.6.27
   Compiling cargo-quickbuild-scratchpad v0.1.0 (/private/var/folders/0d/08wbx2j52nx5hjg16cshb8g80000gn/T/cargo-quickbuild-scratchpad.7V9jo9HoRKwO/cargo-quickbuild-scratchpad)
    Finished dev [unoptimized + debuginfo] target(s) in 2.11s
wrote to "/Users/admin/tmp/quick/regex-syntax-0.6.27-4c80a373d064cab99dd9f26c096d459c1108afbb67876a88bb76cb6ef0bd3f79.tar"
STARTING BUILD
"remove_dir_all-0.5.3-f43753cfaad8a8c67978af12f73a380c36b5652b061228f662973c927c674e4b"
     Created binary (application) package
   Compiling remove_dir_all v0.5.3
   Compiling cargo-quickbuild-scratchpad v0.1.0 (/private/var/folders/0d/08wbx2j52nx5hjg16cshb8g80000gn/T/cargo-quickbuild-scratchpad.qCVvaV0uSz9p/cargo-quickbuild-scratchpad)
    Finished dev [unoptimized + debuginfo] target(s) in 0.28s
wrote to "/Users/admin/tmp/quick/remove_dir_all-0.5.3-f43753cfaad8a8c67978af12f73a380c36b5652b061228f662973c927c674e4b.tar"
STARTING BUILD
"ryu-1.0.10-aa02b96a95795cc3d89e203aa0aee325acc1b1728060fe2ec1e28fd621a4600f"
     Created binary (application) package
   Compiling ryu v1.0.10
   Compiling cargo-quickbuild-scratchpad v0.1.0 (/private/var/folders/0d/08wbx2j52nx5hjg16cshb8g80000gn/T/cargo-quickbuild-scratchpad.DAIyDHnJOKiE/cargo-quickbuild-scratchpad)
    Finished dev [unoptimized + debuginfo] target(s) in 0.36s
wrote to "/Users/admin/tmp/quick/ryu-1.0.10-aa02b96a95795cc3d89e203aa0aee325acc1b1728060fe2ec1e28fd621a4600f.tar"
STARTING BUILD
"strsim-0.8.0-a5e56d7fd689c875c85a5f12175428bcefed20fe17d6c96ef43c41b49daadf48"
     Created binary (application) package
   Compiling strsim v0.8.0
   Compiling cargo-quickbuild-scratchpad v0.1.0 (/private/var/folders/0d/08wbx2j52nx5hjg16cshb8g80000gn/T/cargo-quickbuild-scratchpad.OE4jK6EWkPA0/cargo-quickbuild-scratchpad)
    Finished dev [unoptimized + debuginfo] target(s) in 0.46s
wrote to "/Users/admin/tmp/quick/strsim-0.8.0-a5e56d7fd689c875c85a5f12175428bcefed20fe17d6c96ef43c41b49daadf48.tar"
STARTING BUILD
"strsim-0.10.0-5d285b7a94a3f2cc381ce2434a53aba13bfe024587f831f823842b3af91dee77"
     Created binary (application) package
   Compiling strsim v0.10.0
   Compiling cargo-quickbuild-scratchpad v0.1.0 (/private/var/folders/0d/08wbx2j52nx5hjg16cshb8g80000gn/T/cargo-quickbuild-scratchpad.Vy6gMb7YMyeT/cargo-quickbuild-scratchpad)
    Finished dev [unoptimized + debuginfo] target(s) in 0.51s
wrote to "/Users/admin/tmp/quick/strsim-0.10.0-5d285b7a94a3f2cc381ce2434a53aba13bfe024587f831f823842b3af91dee77.tar"
STARTING BUILD
"termcolor-1.1.3-2f8e271c6ddd3de37e57388a2ec84d7dc8f459e34a2a522d88e0cf5b89598ae2"
     Created binary (application) package
   Compiling termcolor v1.1.3
   Compiling cargo-quickbuild-scratchpad v0.1.0 (/private/var/folders/0d/08wbx2j52nx5hjg16cshb8g80000gn/T/cargo-quickbuild-scratchpad.jTL8T9HfFKEh/cargo-quickbuild-scratchpad)
    Finished dev [unoptimized + debuginfo] target(s) in 0.48s
wrote to "/Users/admin/tmp/quick/termcolor-1.1.3-2f8e271c6ddd3de37e57388a2ec84d7dc8f459e34a2a522d88e0cf5b89598ae2.tar"
STARTING BUILD
"textwrap-0.15.0-e7f3f377163dc15de0007b903f660c324d7f1b8a03dd6c7131365579c7caef71"
     Created binary (application) package
   Compiling textwrap v0.15.0
   Compiling cargo-quickbuild-scratchpad v0.1.0 (/private/var/folders/0d/08wbx2j52nx5hjg16cshb8g80000gn/T/cargo-quickbuild-scratchpad.am32KnNjHxWV/cargo-quickbuild-scratchpad)
    Finished dev [unoptimized + debuginfo] target(s) in 0.49s
wrote to "/Users/admin/tmp/quick/textwrap-0.15.0-e7f3f377163dc15de0007b903f660c324d7f1b8a03dd6c7131365579c7caef71.tar"
STARTING BUILD
"unicode-ident-1.0.2-f6d9a74f5636e8f6972ccd0b369c7197e50bf69e810ecca72d7ca84fa4ff2df8"
     Created binary (application) package
   Compiling unicode-ident v1.0.2
   Compiling cargo-quickbuild-scratchpad v0.1.0 (/private/var/folders/0d/08wbx2j52nx5hjg16cshb8g80000gn/T/cargo-quickbuild-scratchpad.tnbl0fJqRMec/cargo-quickbuild-scratchpad)
    Finished dev [unoptimized + debuginfo] target(s) in 0.30s
wrote to "/Users/admin/tmp/quick/unicode-ident-1.0.2-f6d9a74f5636e8f6972ccd0b369c7197e50bf69e810ecca72d7ca84fa4ff2df8.tar"
STARTING BUILD
"unicode-segmentation-1.9.0-9052f7e971a448e8451994abff7b9cccfbd63ac7af8fe101287891fad5c3b69d"
     Created binary (application) package
   Compiling unicode-segmentation v1.9.0
   Compiling cargo-quickbuild-scratchpad v0.1.0 (/private/var/folders/0d/08wbx2j52nx5hjg16cshb8g80000gn/T/cargo-quickbuild-scratchpad.vbR78W4BT1YW/cargo-quickbuild-scratchpad)
    Finished dev [unoptimized + debuginfo] target(s) in 0.50s
wrote to "/Users/admin/tmp/quick/unicode-segmentation-1.9.0-9052f7e971a448e8451994abff7b9cccfbd63ac7af8fe101287891fad5c3b69d.tar"
STARTING BUILD
"unicode-width-0.1.9-0ae65d7cf1fd7a3bfcc2bd26de9afd811c62e69c47533181d083487ac84c28af"
     Created binary (application) package
   Compiling unicode-width v0.1.9
   Compiling cargo-quickbuild-scratchpad v0.1.0 (/private/var/folders/0d/08wbx2j52nx5hjg16cshb8g80000gn/T/cargo-quickbuild-scratchpad.dzv8PaDBAir3/cargo-quickbuild-scratchpad)
    Finished dev [unoptimized + debuginfo] target(s) in 0.29s
wrote to "/Users/admin/tmp/quick/unicode-width-0.1.9-0ae65d7cf1fd7a3bfcc2bd26de9afd811c62e69c47533181d083487ac84c28af.tar"
STARTING BUILD
"vec_map-0.8.2-f02da96b0f05a1210ecec5dac22eda8230b49809ca17a5093f3ade205f56af58"
     Created binary (application) package
   Compiling vec_map v0.8.2
   Compiling cargo-quickbuild-scratchpad v0.1.0 (/private/var/folders/0d/08wbx2j52nx5hjg16cshb8g80000gn/T/cargo-quickbuild-scratchpad.bwaRjEzyPlnf/cargo-quickbuild-scratchpad)
    Finished dev [unoptimized + debuginfo] target(s) in 0.31s
wrote to "/Users/admin/tmp/quick/vec_map-0.8.2-f02da96b0f05a1210ecec5dac22eda8230b49809ca17a5093f3ade205f56af58.tar"
STARTING BUILD
"version_check-0.9.4-18c97ce4fe41195cd1993371e72adc3a2af741ed0074a7bbd8eefe74fc20cb6a"
     Created binary (application) package
   Compiling version_check v0.9.4
   Compiling cargo-quickbuild-scratchpad v0.1.0 (/private/var/folders/0d/08wbx2j52nx5hjg16cshb8g80000gn/T/cargo-quickbuild-scratchpad.iIu80zatkJfE/cargo-quickbuild-scratchpad)
    Finished dev [unoptimized + debuginfo] target(s) in 0.49s
wrote to "/Users/admin/tmp/quick/version_check-0.9.4-18c97ce4fe41195cd1993371e72adc3a2af741ed0074a7bbd8eefe74fc20cb6a.tar"
START OF LEVEL 1
[cargo-quickbuild/src/scheduler.rs:34] &current_level = {
    PackageId {
        name: "aho-corasick",
        version: "0.7.18",
        source: "registry `crates-io`",
    },
    PackageId {
        name: "atty",
        version: "0.2.14",
        source: "registry `crates-io`",
    },
    PackageId {
        name: "clap_lex",
        version: "0.2.4",
        source: "registry `crates-io`",
    },
    PackageId {
        name: "heck",
        version: "0.3.3",
        source: "registry `crates-io`",
    },
    PackageId {
        name: "indexmap",
        version: "1.9.1",
        source: "registry `crates-io`",
    },
    PackageId {
        name: "log",
        version: "0.4.17",
        source: "registry `crates-io`",
    },
    PackageId {
        name: "proc-macro2",
        version: "1.0.42",
        source: "registry `crates-io`",
    },
    PackageId {
        name: "tempfile",
        version: "3.3.0",
        source: "registry `crates-io`",
    },
    PackageId {
        name: "textwrap",
        version: "0.11.0",
        source: "registry `crates-io`",
    },
    PackageId {
        name: "yaml-rust",
        version: "0.4.5",
        source: "registry `crates-io`",
    },
}
STARTING BUILD
"aho-corasick-0.7.18-b98da5529ba59e657439d38f6fa76b22c6b44ce3e4e3b9b562194ee12393a252"
     Created binary (application) package
   Compiling aho-corasick v0.7.18
   Compiling cargo-quickbuild-scratchpad v0.1.0 (/private/var/folders/0d/08wbx2j52nx5hjg16cshb8g80000gn/T/cargo-quickbuild-scratchpad.oVYkLXnmO2Gl/cargo-quickbuild-scratchpad)
    Finished dev [unoptimized + debuginfo] target(s) in 0.73s
wrote to "/Users/admin/tmp/quick/aho-corasick-0.7.18-b98da5529ba59e657439d38f6fa76b22c6b44ce3e4e3b9b562194ee12393a252.tar"
STARTING BUILD
"atty-0.2.14-257a5996ad55db514f97b5d11b460e18a014b38aed21fa906f6f419881edd7a5"
     Created binary (application) package
   Compiling atty v0.2.14
   Compiling cargo-quickbuild-scratchpad v0.1.0 (/private/var/folders/0d/08wbx2j52nx5hjg16cshb8g80000gn/T/cargo-quickbuild-scratchpad.SkEHYX3oiUHS/cargo-quickbuild-scratchpad)
    Finished dev [unoptimized + debuginfo] target(s) in 0.28s
wrote to "/Users/admin/tmp/quick/atty-0.2.14-257a5996ad55db514f97b5d11b460e18a014b38aed21fa906f6f419881edd7a5.tar"
STARTING BUILD
"clap_lex-0.2.4-84267151b86907dd2d1ed0facdef07e6ccaf3c9bcadb95913f652742f38473ef"
     Created binary (application) package
   Compiling clap_lex v0.2.4
   Compiling cargo-quickbuild-scratchpad v0.1.0 (/private/var/folders/0d/08wbx2j52nx5hjg16cshb8g80000gn/T/cargo-quickbuild-scratchpad.uPWtHTj0G7R2/cargo-quickbuild-scratchpad)
    Finished dev [unoptimized + debuginfo] target(s) in 0.45s
wrote to "/Users/admin/tmp/quick/clap_lex-0.2.4-84267151b86907dd2d1ed0facdef07e6ccaf3c9bcadb95913f652742f38473ef.tar"
STARTING BUILD
"heck-0.3.3-e6579310482f5f5e6d53b1c4ab4d0387f5090bb17d06a8b37e1a5347066ac292"
     Created binary (application) package
   Compiling heck v0.3.3
   Compiling cargo-quickbuild-scratchpad v0.1.0 (/private/var/folders/0d/08wbx2j52nx5hjg16cshb8g80000gn/T/cargo-quickbuild-scratchpad.cLiCW5jPa55D/cargo-quickbuild-scratchpad)
    Finished dev [unoptimized + debuginfo] target(s) in 0.38s
wrote to "/Users/admin/tmp/quick/heck-0.3.3-e6579310482f5f5e6d53b1c4ab4d0387f5090bb17d06a8b37e1a5347066ac292.tar"
STARTING BUILD
"indexmap-1.9.1-c51a932e33a40d09b27a60a4968f0190bb1498ef9b3d8769feefcf1dd8c9aeae"
     Created binary (application) package
   Compiling indexmap v1.9.1
   Compiling cargo-quickbuild-scratchpad v0.1.0 (/private/var/folders/0d/08wbx2j52nx5hjg16cshb8g80000gn/T/cargo-quickbuild-scratchpad.a9JzZNLzg2cp/cargo-quickbuild-scratchpad)
    Finished dev [unoptimized + debuginfo] target(s) in 0.57s
wrote to "/Users/admin/tmp/quick/indexmap-1.9.1-c51a932e33a40d09b27a60a4968f0190bb1498ef9b3d8769feefcf1dd8c9aeae.tar"
STARTING BUILD
"log-0.4.17-deb93aa39d97daf28e59dff62a07b8c5c5acd8f4d7319007affb84b51ef57038"
     Created binary (application) package
   Compiling log v0.4.17
   Compiling cargo-quickbuild-scratchpad v0.1.0 (/private/var/folders/0d/08wbx2j52nx5hjg16cshb8g80000gn/T/cargo-quickbuild-scratchpad.PJSmVsHYsDlV/cargo-quickbuild-scratchpad)
    Finished dev [unoptimized + debuginfo] target(s) in 0.52s
wrote to "/Users/admin/tmp/quick/log-0.4.17-deb93aa39d97daf28e59dff62a07b8c5c5acd8f4d7319007affb84b51ef57038.tar"
STARTING BUILD
"proc-macro2-1.0.42-efe67956bf81b4bd3b2817df886c9172742241da2b03fc7a8373e0e712e120eb"
     Created binary (application) package
   Compiling proc-macro2 v1.0.42
   Compiling cargo-quickbuild-scratchpad v0.1.0 (/private/var/folders/0d/08wbx2j52nx5hjg16cshb8g80000gn/T/cargo-quickbuild-scratchpad.upFAj3YbnSSN/cargo-quickbuild-scratchpad)
    Finished dev [unoptimized + debuginfo] target(s) in 0.96s
wrote to "/Users/admin/tmp/quick/proc-macro2-1.0.42-efe67956bf81b4bd3b2817df886c9172742241da2b03fc7a8373e0e712e120eb.tar"
STARTING BUILD
"tempfile-3.3.0-9ee5bcb57f7c8d52175216b7f80f3b6eb0688fa384e3dadbe689cdd69b1eb7b5"
     Created binary (application) package
   Compiling tempfile v3.3.0
   Compiling cargo-quickbuild-scratchpad v0.1.0 (/private/var/folders/0d/08wbx2j52nx5hjg16cshb8g80000gn/T/cargo-quickbuild-scratchpad.gLM5qPkGAGAI/cargo-quickbuild-scratchpad)
    Finished dev [unoptimized + debuginfo] target(s) in 0.48s
wrote to "/Users/admin/tmp/quick/tempfile-3.3.0-9ee5bcb57f7c8d52175216b7f80f3b6eb0688fa384e3dadbe689cdd69b1eb7b5.tar"
STARTING BUILD
"textwrap-0.11.0-a34998d1ece1a2490ef9ca56cdbda8ab50ab8d3885b42686fd1d20a3ee58ce50"
     Created binary (application) package
   Compiling textwrap v0.11.0
   Compiling cargo-quickbuild-scratchpad v0.1.0 (/private/var/folders/0d/08wbx2j52nx5hjg16cshb8g80000gn/T/cargo-quickbuild-scratchpad.jrtNRuxgy1BX/cargo-quickbuild-scratchpad)
    Finished dev [unoptimized + debuginfo] target(s) in 0.43s
wrote to "/Users/admin/tmp/quick/textwrap-0.11.0-a34998d1ece1a2490ef9ca56cdbda8ab50ab8d3885b42686fd1d20a3ee58ce50.tar"
STARTING BUILD
"yaml-rust-0.4.5-f0b243c267caf871cb93615bba0afb02fcac6605a86c87380b050b408d01e2e1"
     Created binary (application) package
   Compiling yaml-rust v0.4.5
   Compiling cargo-quickbuild-scratchpad v0.1.0 (/private/var/folders/0d/08wbx2j52nx5hjg16cshb8g80000gn/T/cargo-quickbuild-scratchpad.zKjKtV4Hrq6c/cargo-quickbuild-scratchpad)
    Finished dev [unoptimized + debuginfo] target(s) in 0.88s
wrote to "/Users/admin/tmp/quick/yaml-rust-0.4.5-f0b243c267caf871cb93615bba0afb02fcac6605a86c87380b050b408d01e2e1.tar"
START OF LEVEL 2
[cargo-quickbuild/src/scheduler.rs:34] &current_level = {
    PackageId {
        name: "clap",
        version: "2.34.0",
        source: "registry `crates-io`",
    },
    PackageId {
        name: "clap",
        version: "3.2.16",
        source: "registry `crates-io`",
    },
    PackageId {
        name: "quote",
        version: "1.0.20",
        source: "registry `crates-io`",
    },
    PackageId {
        name: "regex",
        version: "1.6.0",
        source: "registry `crates-io`",
    },
}
STARTING BUILD
"clap-2.34.0-b164ca12895a7cd67a3e5854bbf84a97218b07f9d05dd4bcc652bded0691b4d3"
     Created binary (application) package
   Compiling clap v2.34.0
   Compiling cargo-quickbuild-scratchpad v0.1.0 (/private/var/folders/0d/08wbx2j52nx5hjg16cshb8g80000gn/T/cargo-quickbuild-scratchpad.C6xp28k8oLTC/cargo-quickbuild-scratchpad)
    Finished dev [unoptimized + debuginfo] target(s) in 2.81s
wrote to "/Users/admin/tmp/quick/clap-2.34.0-b164ca12895a7cd67a3e5854bbf84a97218b07f9d05dd4bcc652bded0691b4d3.tar"
STARTING BUILD
"clap-3.2.16-f2716fcfbdb9554cfcdc00d58abdbe9e2791872f521ae004e4e7fe473df771f5"
     Created binary (application) package
   Compiling clap v3.2.16
   Compiling cargo-quickbuild-scratchpad v0.1.0 (/private/var/folders/0d/08wbx2j52nx5hjg16cshb8g80000gn/T/cargo-quickbuild-scratchpad.NBiC0w5juvgL/cargo-quickbuild-scratchpad)
    Finished dev [unoptimized + debuginfo] target(s) in 3.28s
wrote to "/Users/admin/tmp/quick/clap-3.2.16-f2716fcfbdb9554cfcdc00d58abdbe9e2791872f521ae004e4e7fe473df771f5.tar"
STARTING BUILD
"quote-1.0.20-5595e80aadc1343068ec45a13787e5c63d40f95fbc43f1bd0ac1a5fedaed5dfb"
     Created binary (application) package
   Compiling quote v1.0.20
   Compiling cargo-quickbuild-scratchpad v0.1.0 (/private/var/folders/0d/08wbx2j52nx5hjg16cshb8g80000gn/T/cargo-quickbuild-scratchpad.DP9K2EglJJMY/cargo-quickbuild-scratchpad)
    Finished dev [unoptimized + debuginfo] target(s) in 0.66s
wrote to "/Users/admin/tmp/quick/quote-1.0.20-5595e80aadc1343068ec45a13787e5c63d40f95fbc43f1bd0ac1a5fedaed5dfb.tar"
STARTING BUILD
"regex-1.6.0-9bbce12148b18b277a04205487666984dd09c18dfe7601ee6b21820c284418e3"
     Created binary (application) package
   Compiling regex v1.6.0
   Compiling cargo-quickbuild-scratchpad v0.1.0 (/private/var/folders/0d/08wbx2j52nx5hjg16cshb8g80000gn/T/cargo-quickbuild-scratchpad.lZiK4VSJS5Hb/cargo-quickbuild-scratchpad)
    Finished dev [unoptimized + debuginfo] target(s) in 2.18s
wrote to "/Users/admin/tmp/quick/regex-1.6.0-9bbce12148b18b277a04205487666984dd09c18dfe7601ee6b21820c284418e3.tar"
START OF LEVEL 3
[cargo-quickbuild/src/scheduler.rs:34] &current_level = {
    PackageId {
        name: "env_logger",
        version: "0.9.0",
        source: "registry `crates-io`",
    },
    PackageId {
        name: "proc-macro-error-attr",
        version: "1.0.4",
        source: "registry `crates-io`",
    },
    PackageId {
        name: "syn",
        version: "1.0.98",
        source: "registry `crates-io`",
    },
}
STARTING BUILD
"env_logger-0.9.0-d33d517905127fb85ca460c57b958895bca26260cc1bff10e6b1984af61d6376"
     Created binary (application) package
   Compiling env_logger v0.9.0
   Compiling cargo-quickbuild-scratchpad v0.1.0 (/private/var/folders/0d/08wbx2j52nx5hjg16cshb8g80000gn/T/cargo-quickbuild-scratchpad.5AHMMO3quYst/cargo-quickbuild-scratchpad)
    Finished dev [unoptimized + debuginfo] target(s) in 0.62s
wrote to "/Users/admin/tmp/quick/env_logger-0.9.0-d33d517905127fb85ca460c57b958895bca26260cc1bff10e6b1984af61d6376.tar"
STARTING BUILD
"proc-macro-error-attr-1.0.4-c849330522f8e4ca603b271e0d9a4976c6fdcb5ce09c6e7402334dac2810aaaa"
     Created binary (application) package
   Compiling proc-macro-error-attr v1.0.4
   Compiling cargo-quickbuild-scratchpad v0.1.0 (/private/var/folders/0d/08wbx2j52nx5hjg16cshb8g80000gn/T/cargo-quickbuild-scratchpad.oFiQpNnRCOWC/cargo-quickbuild-scratchpad)
    Finished dev [unoptimized + debuginfo] target(s) in 0.69s
wrote to "/Users/admin/tmp/quick/proc-macro-error-attr-1.0.4-c849330522f8e4ca603b271e0d9a4976c6fdcb5ce09c6e7402334dac2810aaaa.tar"
STARTING BUILD
"syn-1.0.98-72b2d40538484a1cbf52f2ae43d4b669b85bb929ac57a151dc284074e0e9d756"
     Created binary (application) package
   Compiling syn v1.0.98
   Compiling cargo-quickbuild-scratchpad v0.1.0 (/private/var/folders/0d/08wbx2j52nx5hjg16cshb8g80000gn/T/cargo-quickbuild-scratchpad.yQVExB5cdpIw/cargo-quickbuild-scratchpad)
    Finished dev [unoptimized + debuginfo] target(s) in 4.14s
wrote to "/Users/admin/tmp/quick/syn-1.0.98-72b2d40538484a1cbf52f2ae43d4b669b85bb929ac57a151dc284074e0e9d756.tar"
START OF LEVEL 4
[cargo-quickbuild/src/scheduler.rs:34] &current_level = {
    PackageId {
        name: "enum_dispatch",
        version: "0.3.8",
        source: "registry `crates-io`",
    },
    PackageId {
        name: "proc-macro-error",
        version: "1.0.4",
        source: "registry `crates-io`",
    },
    PackageId {
        name: "serde_derive",
        version: "1.0.140",
        source: "registry `crates-io`",
    },
    PackageId {
        name: "thiserror-impl",
        version: "1.0.31",
        source: "registry `crates-io`",
    },
}
STARTING BUILD
"enum_dispatch-0.3.8-2e4e3fbd3911c48df0829273f32b2d4a8d5733e97ffb66e136f65aa68a130552"
     Created binary (application) package
   Compiling syn v1.0.98
   Compiling enum_dispatch v0.3.8
   Compiling cargo-quickbuild-scratchpad v0.1.0 (/private/var/folders/0d/08wbx2j52nx5hjg16cshb8g80000gn/T/cargo-quickbuild-scratchpad.4gWfE57b82rF/cargo-quickbuild-scratchpad)
    Finished dev [unoptimized + debuginfo] target(s) in 4.38s
wrote to "/Users/admin/tmp/quick/enum_dispatch-0.3.8-2e4e3fbd3911c48df0829273f32b2d4a8d5733e97ffb66e136f65aa68a130552.tar"
STARTING BUILD
"proc-macro-error-1.0.4-bc0ec0ec5701484553a6a2ee336d682fc5518e697d20fdf255b78a19757c4973"
     Created binary (application) package
   Compiling proc-macro-error v1.0.4
   Compiling cargo-quickbuild-scratchpad v0.1.0 (/private/var/folders/0d/08wbx2j52nx5hjg16cshb8g80000gn/T/cargo-quickbuild-scratchpad.LdC7nRp5lxUN/cargo-quickbuild-scratchpad)
    Finished dev [unoptimized + debuginfo] target(s) in 0.66s
wrote to "/Users/admin/tmp/quick/proc-macro-error-1.0.4-bc0ec0ec5701484553a6a2ee336d682fc5518e697d20fdf255b78a19757c4973.tar"
STARTING BUILD
"serde_derive-1.0.140-1b0844951ba114981e1f16e5aa95a41d32e98a5473627310562815bbd6abe742"
     Created binary (application) package
   Compiling syn v1.0.98
   Compiling serde_derive v1.0.140
   Compiling cargo-quickbuild-scratchpad v0.1.0 (/private/var/folders/0d/08wbx2j52nx5hjg16cshb8g80000gn/T/cargo-quickbuild-scratchpad.IgbTioacktHe/cargo-quickbuild-scratchpad)
    Finished dev [unoptimized + debuginfo] target(s) in 5.05s
wrote to "/Users/admin/tmp/quick/serde_derive-1.0.140-1b0844951ba114981e1f16e5aa95a41d32e98a5473627310562815bbd6abe742.tar"
STARTING BUILD
"thiserror-impl-1.0.31-9e5d7e4bf74c23e655af93ee443af470121ca93d9dc1125d0789167061edf7d0"
     Created binary (application) package
   Compiling syn v1.0.98
   Compiling thiserror-impl v1.0.31
   Compiling cargo-quickbuild-scratchpad v0.1.0 (/private/var/folders/0d/08wbx2j52nx5hjg16cshb8g80000gn/T/cargo-quickbuild-scratchpad.1XMGEKZF5FCE/cargo-quickbuild-scratchpad)
    Finished dev [unoptimized + debuginfo] target(s) in 3.47s
wrote to "/Users/admin/tmp/quick/thiserror-impl-1.0.31-9e5d7e4bf74c23e655af93ee443af470121ca93d9dc1125d0789167061edf7d0.tar"
START OF LEVEL 5
[cargo-quickbuild/src/scheduler.rs:34] &current_level = {
    PackageId {
        name: "serde",
        version: "1.0.140",
        source: "registry `crates-io`",
    },
    PackageId {
        name: "structopt-derive",
        version: "0.4.18",
        source: "registry `crates-io`",
    },
    PackageId {
        name: "thiserror",
        version: "1.0.31",
        source: "registry `crates-io`",
    },
}
STARTING BUILD
"serde-1.0.140-c09a5e22d3155c2e566dbd6790a36affb48362ddf0c61740438d5c70414fe7ba"
     Created binary (application) package
   Compiling serde v1.0.140
   Compiling cargo-quickbuild-scratchpad v0.1.0 (/private/var/folders/0d/08wbx2j52nx5hjg16cshb8g80000gn/T/cargo-quickbuild-scratchpad.2jJLm0fvVePR/cargo-quickbuild-scratchpad)
    Finished dev [unoptimized + debuginfo] target(s) in 2.06s
wrote to "/Users/admin/tmp/quick/serde-1.0.140-c09a5e22d3155c2e566dbd6790a36affb48362ddf0c61740438d5c70414fe7ba.tar"
STARTING BUILD
"structopt-derive-0.4.18-3b3644418dd3733e6ac0b99c9d237540ca045522e0c4ace454984e155003df70"
     Created binary (application) package
   Compiling syn v1.0.98
   Compiling proc-macro-error v1.0.4
   Compiling structopt-derive v0.4.18
   Compiling cargo-quickbuild-scratchpad v0.1.0 (/private/var/folders/0d/08wbx2j52nx5hjg16cshb8g80000gn/T/cargo-quickbuild-scratchpad.ZyTzlONGlONg/cargo-quickbuild-scratchpad)
    Finished dev [unoptimized + debuginfo] target(s) in 4.74s
wrote to "/Users/admin/tmp/quick/structopt-derive-0.4.18-3b3644418dd3733e6ac0b99c9d237540ca045522e0c4ace454984e155003df70.tar"
STARTING BUILD
"thiserror-1.0.31-514f1ea959e4b76901f1d8f576f548b0697ae5c421f144f5aec4207b6010dbd1"
     Created binary (application) package
   Compiling thiserror v1.0.31
   Compiling cargo-quickbuild-scratchpad v0.1.0 (/private/var/folders/0d/08wbx2j52nx5hjg16cshb8g80000gn/T/cargo-quickbuild-scratchpad.vZ8FzNL4ci3p/cargo-quickbuild-scratchpad)
    Finished dev [unoptimized + debuginfo] target(s) in 0.29s
wrote to "/Users/admin/tmp/quick/thiserror-1.0.31-514f1ea959e4b76901f1d8f576f548b0697ae5c421f144f5aec4207b6010dbd1.tar"
START OF LEVEL 6
[cargo-quickbuild/src/scheduler.rs:34] &current_level = {
    PackageId {
        name: "camino",
        version: "1.0.9",
        source: "registry `crates-io`",
    },
    PackageId {
        name: "cargo-platform",
        version: "0.1.2",
        source: "registry `crates-io`",
    },
    PackageId {
        name: "semver",
        version: "1.0.12",
        source: "registry `crates-io`",
    },
    PackageId {
        name: "serde_json",
        version: "1.0.82",
        source: "registry `crates-io`",
    },
    PackageId {
        name: "serde_yaml",
        version: "0.8.26",
        source: "registry `crates-io`",
    },
    PackageId {
        name: "structopt",
        version: "0.3.26",
        source: "registry `crates-io`",
    },
    PackageId {
        name: "toml",
        version: "0.5.9",
        source: "registry `crates-io`",
    },
}
STARTING BUILD
"camino-1.0.9-7433d9725a7365d7fefe455656e1c420df74161cddcba07398bf60795a371449"
     Created binary (application) package
   Compiling camino v1.0.9
   Compiling cargo-quickbuild-scratchpad v0.1.0 (/private/var/folders/0d/08wbx2j52nx5hjg16cshb8g80000gn/T/cargo-quickbuild-scratchpad.RTNEjjnAqHit/cargo-quickbuild-scratchpad)
    Finished dev [unoptimized + debuginfo] target(s) in 0.77s
wrote to "/Users/admin/tmp/quick/camino-1.0.9-7433d9725a7365d7fefe455656e1c420df74161cddcba07398bf60795a371449.tar"
STARTING BUILD
"cargo-platform-0.1.2-ad8f1b3adf8aa832cc260d8a9d62b35012901e406930abc2f94db1cfcaf15699"
     Created binary (application) package
   Compiling cargo-platform v0.1.2
   Compiling cargo-quickbuild-scratchpad v0.1.0 (/private/var/folders/0d/08wbx2j52nx5hjg16cshb8g80000gn/T/cargo-quickbuild-scratchpad.oxtDqTd78V5f/cargo-quickbuild-scratchpad)
    Finished dev [unoptimized + debuginfo] target(s) in 0.44s
wrote to "/Users/admin/tmp/quick/cargo-platform-0.1.2-ad8f1b3adf8aa832cc260d8a9d62b35012901e406930abc2f94db1cfcaf15699.tar"
STARTING BUILD
"semver-1.0.12-644f7a95506b699762d9155cb02db51eae1d2cc9a3d0672e0e5e9202c120d9b2"
     Created binary (application) package
   Compiling semver v1.0.12
   Compiling cargo-quickbuild-scratchpad v0.1.0 (/private/var/folders/0d/08wbx2j52nx5hjg16cshb8g80000gn/T/cargo-quickbuild-scratchpad.eVwy5CEdKvCj/cargo-quickbuild-scratchpad)
    Finished dev [unoptimized + debuginfo] target(s) in 0.71s
wrote to "/Users/admin/tmp/quick/semver-1.0.12-644f7a95506b699762d9155cb02db51eae1d2cc9a3d0672e0e5e9202c120d9b2.tar"
STARTING BUILD
"serde_json-1.0.82-2396151eb8acf12bf3d5f2386918c0c317afc67708c31c0dca218e26aababc43"
     Created binary (application) package
   Compiling serde_json v1.0.82
   Compiling cargo-quickbuild-scratchpad v0.1.0 (/private/var/folders/0d/08wbx2j52nx5hjg16cshb8g80000gn/T/cargo-quickbuild-scratchpad.YXrDPkmHE4sP/cargo-quickbuild-scratchpad)
    Finished dev [unoptimized + debuginfo] target(s) in 1.25s
wrote to "/Users/admin/tmp/quick/serde_json-1.0.82-2396151eb8acf12bf3d5f2386918c0c317afc67708c31c0dca218e26aababc43.tar"
STARTING BUILD
"serde_yaml-0.8.26-bee7dba1b6aa182fd56507fb7e96ae639a71bd97b6ba9d2f8bf80803e0e2d214"
     Created binary (application) package
   Compiling serde_yaml v0.8.26
   Compiling cargo-quickbuild-scratchpad v0.1.0 (/private/var/folders/0d/08wbx2j52nx5hjg16cshb8g80000gn/T/cargo-quickbuild-scratchpad.xvO96NC6nAYO/cargo-quickbuild-scratchpad)
    Finished dev [unoptimized + debuginfo] target(s) in 0.99s
wrote to "/Users/admin/tmp/quick/serde_yaml-0.8.26-bee7dba1b6aa182fd56507fb7e96ae639a71bd97b6ba9d2f8bf80803e0e2d214.tar"
STARTING BUILD
"structopt-0.3.26-486d867df9cbcbdd183f0f80d8df682a7df3297f4f4ff3353d640027c4a6c3d4"
     Created binary (application) package
   Compiling structopt v0.3.26
   Compiling cargo-quickbuild-scratchpad v0.1.0 (/private/var/folders/0d/08wbx2j52nx5hjg16cshb8g80000gn/T/cargo-quickbuild-scratchpad.DYWUZ1aAnjvF/cargo-quickbuild-scratchpad)
    Finished dev [unoptimized + debuginfo] target(s) in 0.29s
wrote to "/Users/admin/tmp/quick/structopt-0.3.26-486d867df9cbcbdd183f0f80d8df682a7df3297f4f4ff3353d640027c4a6c3d4.tar"
STARTING BUILD
"toml-0.5.9-073d1ffcb72b9f3743ef4f13808f3410ec5fbaa0fc5a4cea0d2414679a2d31f8"
     Created binary (application) package
   Compiling toml v0.5.9
   Compiling cargo-quickbuild-scratchpad v0.1.0 (/private/var/folders/0d/08wbx2j52nx5hjg16cshb8g80000gn/T/cargo-quickbuild-scratchpad.2wilX13VAM3X/cargo-quickbuild-scratchpad)
    Finished dev [unoptimized + debuginfo] target(s) in 1.36s
wrote to "/Users/admin/tmp/quick/toml-0.5.9-073d1ffcb72b9f3743ef4f13808f3410ec5fbaa0fc5a4cea0d2414679a2d31f8.tar"
START OF LEVEL 7
[cargo-quickbuild/src/scheduler.rs:34] &current_level = {
    PackageId {
        name: "cargo_metadata",
        version: "0.14.2",
        source: "registry `crates-io`",
    },
    PackageId {
        name: "cbindgen",
        version: "0.24.3",
        source: "registry `crates-io`",
    },
}
STARTING BUILD
"cargo_metadata-0.14.2-c1a7b7c31f3c8e1203309aaed51fbf49ef3f02314dd2933a95a67bfaec28f654"
     Created binary (application) package
   Compiling cargo_metadata v0.14.2
   Compiling cargo-quickbuild-scratchpad v0.1.0 (/private/var/folders/0d/08wbx2j52nx5hjg16cshb8g80000gn/T/cargo-quickbuild-scratchpad.P8cFpM2IsAaN/cargo-quickbuild-scratchpad)
    Finished dev [unoptimized + debuginfo] target(s) in 1.29s
wrote to "/Users/admin/tmp/quick/cargo_metadata-0.14.2-c1a7b7c31f3c8e1203309aaed51fbf49ef3f02314dd2933a95a67bfaec28f654.tar"
STARTING BUILD
"cbindgen-0.24.3-012166b39577d0c4aab83cd6ce32a91603a6aa92a6c5435e5e0a32223c665e58"
     Created binary (application) package
   Compiling cbindgen v0.24.3
   Compiling cargo-quickbuild-scratchpad v0.1.0 (/private/var/folders/0d/08wbx2j52nx5hjg16cshb8g80000gn/T/cargo-quickbuild-scratchpad.TRnJzWCRPNiK/cargo-quickbuild-scratchpad)
    Finished dev [unoptimized + debuginfo] target(s) in 4.13s
wrote to "/Users/admin/tmp/quick/cbindgen-0.24.3-012166b39577d0c4aab83cd6ce32a91603a6aa92a6c5435e5e0a32223c665e58.tar"
START OF LEVEL 8
[cargo-quickbuild/src/scheduler.rs:34] &current_level = {
    PackageId {
        name: "flutter_rust_bridge_codegen",
        version: "1.41.1",
        source: "registry `crates-io`",
    },
}
🎉 We're done here 🎉
