    Updating crates.io index
START OF LEVEL 0
[cargo-quickbuild/src/scheduler.rs:40] &current_level = {
    (
        PackageId {
            name: "ansi_term",
            version: "0.12.1",
            source: "registry `crates-io`",
        },
        BuildFor(
            NormalOrDev,
        ),
    ),
    (
        PackageId {
            name: "bitflags",
            version: "1.3.2",
            source: "registry `crates-io`",
        },
        BuildFor(
            NormalOrDev,
        ),
    ),
    (
        PackageId {
            name: "libc",
            version: "0.2.137",
            source: "registry `crates-io`",
        },
        BuildFor(
            NormalOrDev,
        ),
    ),
    (
        PackageId {
            name: "no_color",
            version: "0.1.0",
            source: "registry `crates-io`",
        },
        BuildFor(
            NormalOrDev,
        ),
    ),
    (
        PackageId {
            name: "strsim",
            version: "0.8.0",
            source: "registry `crates-io`",
        },
        BuildFor(
            NormalOrDev,
        ),
    ),
    (
        PackageId {
            name: "unicode-width",
            version: "0.1.10",
            source: "registry `crates-io`",
        },
        BuildFor(
            NormalOrDev,
        ),
    ),
    (
        PackageId {
            name: "vec_map",
            version: "0.8.2",
            source: "registry `crates-io`",
        },
        BuildFor(
            NormalOrDev,
        ),
    ),
}
STARTING BUILD
"ansi_term-0.12.1-target-7a0d99e472244a2e347918dea94bb17f912247f99cdbefa08127e7e0c2f4619d"
     Created binary (application) package
    Updating crates.io index
   Compiling ansi_term v0.12.1
   Compiling cargo-quickbuild-scratchpad v0.1.0 (/private/var/folders/0d/08wbx2j52nx5hjg16cshb8g80000gn/T/cargo-quickbuild-scratchpad/cargo-quickbuild-scratchpad)
    Finished dev [unoptimized + debuginfo] target(s) in 0.49s
wrote to "/Users/admin/tmp/quick/ansi_term-0.12.1-target-7a0d99e472244a2e347918dea94bb17f912247f99cdbefa08127e7e0c2f4619d.tar"
STARTING BUILD
"bitflags-1.3.2-target-4d50df0fe42d466ee36d114f8f74505fbef2a02133029fd72da104fbad79d9f2"
     Created binary (application) package
    Updating crates.io index
   Compiling bitflags v1.3.2
   Compiling cargo-quickbuild-scratchpad v0.1.0 (/private/var/folders/0d/08wbx2j52nx5hjg16cshb8g80000gn/T/cargo-quickbuild-scratchpad/cargo-quickbuild-scratchpad)
    Finished dev [unoptimized + debuginfo] target(s) in 0.35s
wrote to "/Users/admin/tmp/quick/bitflags-1.3.2-target-4d50df0fe42d466ee36d114f8f74505fbef2a02133029fd72da104fbad79d9f2.tar"
STARTING BUILD
"libc-0.2.137-target-f4e88a0094b6ba7a018c7156a2b25bc4c408b82433081f1ae772f68bf218ba55"
     Created binary (application) package
    Updating crates.io index
   Compiling libc v0.2.137
   Compiling cargo-quickbuild-scratchpad v0.1.0 (/private/var/folders/0d/08wbx2j52nx5hjg16cshb8g80000gn/T/cargo-quickbuild-scratchpad/cargo-quickbuild-scratchpad)
    Finished dev [unoptimized + debuginfo] target(s) in 0.77s
wrote to "/Users/admin/tmp/quick/libc-0.2.137-target-f4e88a0094b6ba7a018c7156a2b25bc4c408b82433081f1ae772f68bf218ba55.tar"
STARTING BUILD
"no_color-0.1.0-target-503a995626ad2da9de79936536222b9f7ef6eaaeebf653782a2eff3339c2b077"
     Created binary (application) package
    Updating crates.io index
   Compiling no_color v0.1.0
   Compiling cargo-quickbuild-scratchpad v0.1.0 (/private/var/folders/0d/08wbx2j52nx5hjg16cshb8g80000gn/T/cargo-quickbuild-scratchpad/cargo-quickbuild-scratchpad)
    Finished dev [unoptimized + debuginfo] target(s) in 0.37s
wrote to "/Users/admin/tmp/quick/no_color-0.1.0-target-503a995626ad2da9de79936536222b9f7ef6eaaeebf653782a2eff3339c2b077.tar"
STARTING BUILD
"strsim-0.8.0-target-6f6351abfc6444914f93f910dc9334a0b0ddc8748c807015710a3294c6888db6"
     Created binary (application) package
    Updating crates.io index
   Compiling strsim v0.8.0
   Compiling cargo-quickbuild-scratchpad v0.1.0 (/private/var/folders/0d/08wbx2j52nx5hjg16cshb8g80000gn/T/cargo-quickbuild-scratchpad/cargo-quickbuild-scratchpad)
    Finished dev [unoptimized + debuginfo] target(s) in 0.51s
wrote to "/Users/admin/tmp/quick/strsim-0.8.0-target-6f6351abfc6444914f93f910dc9334a0b0ddc8748c807015710a3294c6888db6.tar"
STARTING BUILD
"unicode-width-0.1.10-target-f4a2a51a4b77d04413e5f04358a640c67f11544220167108f76fb4956efe73c7"
     Created binary (application) package
    Updating crates.io index
   Compiling unicode-width v0.1.10
   Compiling cargo-quickbuild-scratchpad v0.1.0 (/private/var/folders/0d/08wbx2j52nx5hjg16cshb8g80000gn/T/cargo-quickbuild-scratchpad/cargo-quickbuild-scratchpad)
    Finished dev [unoptimized + debuginfo] target(s) in 0.35s
wrote to "/Users/admin/tmp/quick/unicode-width-0.1.10-target-f4a2a51a4b77d04413e5f04358a640c67f11544220167108f76fb4956efe73c7.tar"
STARTING BUILD
"vec_map-0.8.2-target-cdf4da09156d1632ca9d53f3d633451b3324defe1831e124640cc4b325271192"
     Created binary (application) package
    Updating crates.io index
   Compiling vec_map v0.8.2
   Compiling cargo-quickbuild-scratchpad v0.1.0 (/private/var/folders/0d/08wbx2j52nx5hjg16cshb8g80000gn/T/cargo-quickbuild-scratchpad/cargo-quickbuild-scratchpad)
    Finished dev [unoptimized + debuginfo] target(s) in 0.43s
wrote to "/Users/admin/tmp/quick/vec_map-0.8.2-target-cdf4da09156d1632ca9d53f3d633451b3324defe1831e124640cc4b325271192.tar"
START OF LEVEL 1
[cargo-quickbuild/src/scheduler.rs:40] &current_level = {
    (
        PackageId {
            name: "atty",
            version: "0.2.14",
            source: "registry `crates-io`",
        },
        BuildFor(
            NormalOrDev,
        ),
    ),
    (
        PackageId {
            name: "textwrap",
            version: "0.11.0",
            source: "registry `crates-io`",
        },
        BuildFor(
            NormalOrDev,
        ),
    ),
}
STARTING BUILD
"atty-0.2.14-target-47e4453140746626be8951ea86ff54013f057146c71572d018f7dc9ce3636894"
     Created binary (application) package
    Updating crates.io index
   Compiling atty v0.2.14
   Compiling cargo-quickbuild-scratchpad v0.1.0 (/private/var/folders/0d/08wbx2j52nx5hjg16cshb8g80000gn/T/cargo-quickbuild-scratchpad/cargo-quickbuild-scratchpad)
    Finished dev [unoptimized + debuginfo] target(s) in 0.34s
wrote to "/Users/admin/tmp/quick/atty-0.2.14-target-47e4453140746626be8951ea86ff54013f057146c71572d018f7dc9ce3636894.tar"
STARTING BUILD
"textwrap-0.11.0-target-d41fe4de63dc0bfa72ae33efca03bd527deae37ce06b8d29a2a4cba70f33bb43"
     Created binary (application) package
    Updating crates.io index
   Compiling textwrap v0.11.0
   Compiling cargo-quickbuild-scratchpad v0.1.0 (/private/var/folders/0d/08wbx2j52nx5hjg16cshb8g80000gn/T/cargo-quickbuild-scratchpad/cargo-quickbuild-scratchpad)
    Finished dev [unoptimized + debuginfo] target(s) in 0.48s
wrote to "/Users/admin/tmp/quick/textwrap-0.11.0-target-d41fe4de63dc0bfa72ae33efca03bd527deae37ce06b8d29a2a4cba70f33bb43.tar"
START OF LEVEL 2
[cargo-quickbuild/src/scheduler.rs:40] &current_level = {
    (
        PackageId {
            name: "clap",
            version: "2.34.0",
            source: "registry `crates-io`",
        },
        BuildFor(
            NormalOrDev,
        ),
    ),
}
STARTING BUILD
"clap-2.34.0-target-562151f90802064ef2138efd902323229745abc83c6310282d052fc5be5ce981"
     Created binary (application) package
    Updating crates.io index
   Compiling clap v2.34.0
   Compiling cargo-quickbuild-scratchpad v0.1.0 (/private/var/folders/0d/08wbx2j52nx5hjg16cshb8g80000gn/T/cargo-quickbuild-scratchpad/cargo-quickbuild-scratchpad)
    Finished dev [unoptimized + debuginfo] target(s) in 2.89s
wrote to "/Users/admin/tmp/quick/clap-2.34.0-target-562151f90802064ef2138efd902323229745abc83c6310282d052fc5be5ce981.tar"
START OF LEVEL 3
[cargo-quickbuild/src/scheduler.rs:40] &current_level = {
    (
        PackageId {
            name: "hx",
            version: "0.4.2",
            source: "registry `crates-io`",
        },
        BuildFor(
            NormalOrDev,
        ),
    ),
}
🎉 We're done here 🎉
  Installing hx v0.4.2
   Compiling unicode-width v0.1.10
   Compiling vec_map v0.8.2
   Compiling bitflags v1.3.2
   Compiling ansi_term v0.12.1
   Compiling strsim v0.8.0
   Compiling no_color v0.1.0
   Compiling textwrap v0.11.0
   Compiling libc v0.2.137
   Compiling atty v0.2.14
   Compiling clap v2.34.0
   Compiling hx v0.4.2
    Finished dev [unoptimized + debuginfo] target(s) in 2.39s
   Replacing /Users/admin/.cargo/bin/hx
    Replaced package `hx v0.4.2` with `hx v0.4.2` (executable `hx`)
