    Updating crates.io index
START OF LEVEL 0
[cargo-quickbuild/src/scheduler.rs:34] &current_level = {
    PackageId {
        name: "anyhow",
        version: "1.0.64",
        source: "registry `crates-io`",
    },
    PackageId {
        name: "arrayvec",
        version: "0.7.2",
        source: "registry `crates-io`",
    },
    PackageId {
        name: "autocfg",
        version: "1.1.0",
        source: "registry `crates-io`",
    },
    PackageId {
        name: "bitflags",
        version: "1.3.2",
        source: "registry `crates-io`",
    },
    PackageId {
        name: "cfg-if",
        version: "1.0.0",
        source: "registry `crates-io`",
    },
    PackageId {
        name: "hashbrown",
        version: "0.12.3",
        source: "registry `crates-io`",
    },
    PackageId {
        name: "itoa",
        version: "0.4.8",
        source: "registry `crates-io`",
    },
    PackageId {
        name: "itoa",
        version: "1.0.3",
        source: "registry `crates-io`",
    },
    PackageId {
        name: "lazy_static",
        version: "1.4.0",
        source: "registry `crates-io`",
    },
    PackageId {
        name: "libc",
        version: "0.2.132",
        source: "registry `crates-io`",
    },
    PackageId {
        name: "memchr",
        version: "2.5.0",
        source: "registry `crates-io`",
    },
    PackageId {
        name: "number_prefix",
        version: "0.4.0",
        source: "registry `crates-io`",
    },
    PackageId {
        name: "once_cell",
        version: "1.14.0",
        source: "registry `crates-io`",
    },
    PackageId {
        name: "os_str_bytes",
        version: "6.3.0",
        source: "registry `crates-io`",
    },
    PackageId {
        name: "ppv-lite86",
        version: "0.2.16",
        source: "registry `crates-io`",
    },
    PackageId {
        name: "rand_core",
        version: "0.4.2",
        source: "registry `crates-io`",
    },
    PackageId {
        name: "regex-automata",
        version: "0.1.10",
        source: "registry `crates-io`",
    },
    PackageId {
        name: "regex-syntax",
        version: "0.6.27",
        source: "registry `crates-io`",
    },
    PackageId {
        name: "ryu",
        version: "1.0.11",
        source: "registry `crates-io`",
    },
    PackageId {
        name: "shell-words",
        version: "1.1.0",
        source: "registry `crates-io`",
    },
    PackageId {
        name: "strsim",
        version: "0.10.0",
        source: "registry `crates-io`",
    },
    PackageId {
        name: "termcolor",
        version: "1.1.3",
        source: "registry `crates-io`",
    },
    PackageId {
        name: "unicode-ident",
        version: "1.0.3",
        source: "registry `crates-io`",
    },
}
STARTING BUILD
"anyhow-1.0.64-ff879600632ed9e1cbdd246eef60fb468d39a0969dc346c8ff0fee9c36a71779"
     Created binary (application) package
    Updating crates.io index
   Compiling anyhow v1.0.64
   Compiling cargo-quickbuild-scratchpad v0.1.0 (/private/var/folders/0d/08wbx2j52nx5hjg16cshb8g80000gn/T/cargo-quickbuild-scratchpad.p4N0Q79Cv9lt/cargo-quickbuild-scratchpad)
    Finished dev [unoptimized + debuginfo] target(s) in 0.87s
wrote to "/Users/admin/tmp/quick/anyhow-1.0.64-ff879600632ed9e1cbdd246eef60fb468d39a0969dc346c8ff0fee9c36a71779.tar"
STARTING BUILD
"arrayvec-0.7.2-5f4c6dd8ad71271021bc6ab7f5e5c9e10ac2888504bb986333d7fa2659c2ec85"
     Created binary (application) package
    Updating crates.io index
   Compiling arrayvec v0.7.2
   Compiling cargo-quickbuild-scratchpad v0.1.0 (/private/var/folders/0d/08wbx2j52nx5hjg16cshb8g80000gn/T/cargo-quickbuild-scratchpad.wviky22apDRQ/cargo-quickbuild-scratchpad)
    Finished dev [unoptimized + debuginfo] target(s) in 0.70s
wrote to "/Users/admin/tmp/quick/arrayvec-0.7.2-5f4c6dd8ad71271021bc6ab7f5e5c9e10ac2888504bb986333d7fa2659c2ec85.tar"
STARTING BUILD
"autocfg-1.1.0-a2a3cd9f808e9399d00cfb1c7bf6eebb60abff61d1c15b0b0b9805224d67e65f"
     Created binary (application) package
    Updating crates.io index
   Compiling autocfg v1.1.0
   Compiling cargo-quickbuild-scratchpad v0.1.0 (/private/var/folders/0d/08wbx2j52nx5hjg16cshb8g80000gn/T/cargo-quickbuild-scratchpad.EbNtMrRTbe2g/cargo-quickbuild-scratchpad)
    Finished dev [unoptimized + debuginfo] target(s) in 0.79s
wrote to "/Users/admin/tmp/quick/autocfg-1.1.0-a2a3cd9f808e9399d00cfb1c7bf6eebb60abff61d1c15b0b0b9805224d67e65f.tar"
STARTING BUILD
"bitflags-1.3.2-f9131a0a2e3402a9185e19603221d22ea8ef1985256926f6acdd833068dee051"
     Created binary (application) package
    Updating crates.io index
   Compiling bitflags v1.3.2
   Compiling cargo-quickbuild-scratchpad v0.1.0 (/private/var/folders/0d/08wbx2j52nx5hjg16cshb8g80000gn/T/cargo-quickbuild-scratchpad.eTzlZhdWKiaH/cargo-quickbuild-scratchpad)
    Finished dev [unoptimized + debuginfo] target(s) in 0.45s
wrote to "/Users/admin/tmp/quick/bitflags-1.3.2-f9131a0a2e3402a9185e19603221d22ea8ef1985256926f6acdd833068dee051.tar"
STARTING BUILD
"cfg-if-1.0.0-1c5c0556da306059c2ff0e0ec4cfb9a11c31bbf0fc81e44ac39ecc5ad6c1ce48"
     Created binary (application) package
    Updating crates.io index
   Compiling cfg-if v1.0.0
   Compiling cargo-quickbuild-scratchpad v0.1.0 (/private/var/folders/0d/08wbx2j52nx5hjg16cshb8g80000gn/T/cargo-quickbuild-scratchpad.yGxc6WYorq2S/cargo-quickbuild-scratchpad)
    Finished dev [unoptimized + debuginfo] target(s) in 0.56s
wrote to "/Users/admin/tmp/quick/cfg-if-1.0.0-1c5c0556da306059c2ff0e0ec4cfb9a11c31bbf0fc81e44ac39ecc5ad6c1ce48.tar"
STARTING BUILD
"hashbrown-0.12.3-d619e673b119638eadb3dda077a2cc940c23b3f1ddcc2d3e686d9d0962b87ab4"
     Created binary (application) package
    Updating crates.io index
   Compiling hashbrown v0.12.3
   Compiling cargo-quickbuild-scratchpad v0.1.0 (/private/var/folders/0d/08wbx2j52nx5hjg16cshb8g80000gn/T/cargo-quickbuild-scratchpad.C8ONHPoD4WzM/cargo-quickbuild-scratchpad)
    Finished dev [unoptimized + debuginfo] target(s) in 0.64s
wrote to "/Users/admin/tmp/quick/hashbrown-0.12.3-d619e673b119638eadb3dda077a2cc940c23b3f1ddcc2d3e686d9d0962b87ab4.tar"
STARTING BUILD
"itoa-0.4.8-95827688ae1bb7a9665a31ddb51cd2fd9afc8f95ac8c5edaec8043a92f22fe28"
     Created binary (application) package
    Updating crates.io index
   Compiling itoa v0.4.8
   Compiling cargo-quickbuild-scratchpad v0.1.0 (/private/var/folders/0d/08wbx2j52nx5hjg16cshb8g80000gn/T/cargo-quickbuild-scratchpad.m6ceqoFNmgrk/cargo-quickbuild-scratchpad)
    Finished dev [unoptimized + debuginfo] target(s) in 0.47s
wrote to "/Users/admin/tmp/quick/itoa-0.4.8-95827688ae1bb7a9665a31ddb51cd2fd9afc8f95ac8c5edaec8043a92f22fe28.tar"
STARTING BUILD
"itoa-1.0.3-faabd9308f05feb99c2a4d11e9f5debd8a5a82ec5f44db5e477076b5530caa23"
     Created binary (application) package
    Updating crates.io index
   Compiling itoa v1.0.3
   Compiling cargo-quickbuild-scratchpad v0.1.0 (/private/var/folders/0d/08wbx2j52nx5hjg16cshb8g80000gn/T/cargo-quickbuild-scratchpad.Xbtp2zAvTT7O/cargo-quickbuild-scratchpad)
    Finished dev [unoptimized + debuginfo] target(s) in 0.46s
wrote to "/Users/admin/tmp/quick/itoa-1.0.3-faabd9308f05feb99c2a4d11e9f5debd8a5a82ec5f44db5e477076b5530caa23.tar"
STARTING BUILD
"lazy_static-1.4.0-10d4523649d2ce71fe87ca1ba906a02faed845dc54bd23444b07c338d1cd2543"
     Created binary (application) package
    Updating crates.io index
   Compiling lazy_static v1.4.0
   Compiling cargo-quickbuild-scratchpad v0.1.0 (/private/var/folders/0d/08wbx2j52nx5hjg16cshb8g80000gn/T/cargo-quickbuild-scratchpad.rpLfa2Tka15H/cargo-quickbuild-scratchpad)
    Finished dev [unoptimized + debuginfo] target(s) in 0.44s
wrote to "/Users/admin/tmp/quick/lazy_static-1.4.0-10d4523649d2ce71fe87ca1ba906a02faed845dc54bd23444b07c338d1cd2543.tar"
STARTING BUILD
"libc-0.2.132-1c1ec185f394948f7436d6f802db240626d9c2231c3e7996c66de70de862a116"
     Created binary (application) package
    Updating crates.io index
   Compiling libc v0.2.132
   Compiling cargo-quickbuild-scratchpad v0.1.0 (/private/var/folders/0d/08wbx2j52nx5hjg16cshb8g80000gn/T/cargo-quickbuild-scratchpad.5bQS8XdYaihQ/cargo-quickbuild-scratchpad)
    Finished dev [unoptimized + debuginfo] target(s) in 1.30s
wrote to "/Users/admin/tmp/quick/libc-0.2.132-1c1ec185f394948f7436d6f802db240626d9c2231c3e7996c66de70de862a116.tar"
STARTING BUILD
"memchr-2.5.0-0397d2d44920949190fdbfae781e47ed4ee2ddfdf00f994a6f7f9b5f80c2a720"
     Created binary (application) package
    Updating crates.io index
   Compiling memchr v2.5.0
   Compiling cargo-quickbuild-scratchpad v0.1.0 (/private/var/folders/0d/08wbx2j52nx5hjg16cshb8g80000gn/T/cargo-quickbuild-scratchpad.nfDN6DRfXMYt/cargo-quickbuild-scratchpad)
    Finished dev [unoptimized + debuginfo] target(s) in 0.79s
wrote to "/Users/admin/tmp/quick/memchr-2.5.0-0397d2d44920949190fdbfae781e47ed4ee2ddfdf00f994a6f7f9b5f80c2a720.tar"
STARTING BUILD
"number_prefix-0.4.0-9df965878f75ffcb04631912bc7f68b222ab3650462aed6389e34ce610e2a29c"
     Created binary (application) package
    Updating crates.io index
   Compiling number_prefix v0.4.0
   Compiling cargo-quickbuild-scratchpad v0.1.0 (/private/var/folders/0d/08wbx2j52nx5hjg16cshb8g80000gn/T/cargo-quickbuild-scratchpad.aRZQQTp2M17b/cargo-quickbuild-scratchpad)
    Finished dev [unoptimized + debuginfo] target(s) in 0.43s
wrote to "/Users/admin/tmp/quick/number_prefix-0.4.0-9df965878f75ffcb04631912bc7f68b222ab3650462aed6389e34ce610e2a29c.tar"
STARTING BUILD
"once_cell-1.14.0-463f4400f3c22af3ce53cc47c12537c97fb6278ddd7d2c0f85f7b1ab629e2dcc"
     Created binary (application) package
    Updating crates.io index
   Compiling once_cell v1.14.0
   Compiling cargo-quickbuild-scratchpad v0.1.0 (/private/var/folders/0d/08wbx2j52nx5hjg16cshb8g80000gn/T/cargo-quickbuild-scratchpad.XaDzFqFr2DUE/cargo-quickbuild-scratchpad)
    Finished dev [unoptimized + debuginfo] target(s) in 0.48s
wrote to "/Users/admin/tmp/quick/once_cell-1.14.0-463f4400f3c22af3ce53cc47c12537c97fb6278ddd7d2c0f85f7b1ab629e2dcc.tar"
STARTING BUILD
"os_str_bytes-6.3.0-3fc6b3bb7fa68c105e810091c8413d7284ab0e340d2280635ae5e03e7574420d"
     Created binary (application) package
    Updating crates.io index
   Compiling os_str_bytes v6.3.0
   Compiling cargo-quickbuild-scratchpad v0.1.0 (/private/var/folders/0d/08wbx2j52nx5hjg16cshb8g80000gn/T/cargo-quickbuild-scratchpad.aBf2PpfRSV5t/cargo-quickbuild-scratchpad)
    Finished dev [unoptimized + debuginfo] target(s) in 0.69s
wrote to "/Users/admin/tmp/quick/os_str_bytes-6.3.0-3fc6b3bb7fa68c105e810091c8413d7284ab0e340d2280635ae5e03e7574420d.tar"
STARTING BUILD
"ppv-lite86-0.2.16-7c0972d09930d8a9d2cb0014cb4619d1830747ad763013ee78e6641c4a7152eb"
     Created binary (application) package
    Updating crates.io index
   Compiling ppv-lite86 v0.2.16
   Compiling cargo-quickbuild-scratchpad v0.1.0 (/private/var/folders/0d/08wbx2j52nx5hjg16cshb8g80000gn/T/cargo-quickbuild-scratchpad.PLZCvOwGOG5J/cargo-quickbuild-scratchpad)
    Finished dev [unoptimized + debuginfo] target(s) in 0.69s
wrote to "/Users/admin/tmp/quick/ppv-lite86-0.2.16-7c0972d09930d8a9d2cb0014cb4619d1830747ad763013ee78e6641c4a7152eb.tar"
STARTING BUILD
"rand_core-0.4.2-366c82ab8597abc531e7a983e9f0b5c2a1233744b88c093c1551598b98e1ced8"
     Created binary (application) package
    Updating crates.io index
   Compiling rand_core v0.4.2
   Compiling cargo-quickbuild-scratchpad v0.1.0 (/private/var/folders/0d/08wbx2j52nx5hjg16cshb8g80000gn/T/cargo-quickbuild-scratchpad.Vxnvm92xXcXo/cargo-quickbuild-scratchpad)
    Finished dev [unoptimized + debuginfo] target(s) in 0.48s
wrote to "/Users/admin/tmp/quick/rand_core-0.4.2-366c82ab8597abc531e7a983e9f0b5c2a1233744b88c093c1551598b98e1ced8.tar"
STARTING BUILD
"regex-automata-0.1.10-b30408da60f4cd1934678c967a589dbb646c18110b6dd224eb461f9b17e4b7c4"
     Created binary (application) package
    Updating crates.io index
   Compiling regex-automata v0.1.10
   Compiling cargo-quickbuild-scratchpad v0.1.0 (/private/var/folders/0d/08wbx2j52nx5hjg16cshb8g80000gn/T/cargo-quickbuild-scratchpad.VH4BDusrYCT9/cargo-quickbuild-scratchpad)
    Finished dev [unoptimized + debuginfo] target(s) in 0.54s
wrote to "/Users/admin/tmp/quick/regex-automata-0.1.10-b30408da60f4cd1934678c967a589dbb646c18110b6dd224eb461f9b17e4b7c4.tar"
STARTING BUILD
"regex-syntax-0.6.27-09409cc764f2351b866776ea1d602c7610915edf06173608d9ed9329f4cdcdb6"
     Created binary (application) package
    Updating crates.io index
   Compiling regex-syntax v0.6.27
   Compiling cargo-quickbuild-scratchpad v0.1.0 (/private/var/folders/0d/08wbx2j52nx5hjg16cshb8g80000gn/T/cargo-quickbuild-scratchpad.HBIdwKPyDYQC/cargo-quickbuild-scratchpad)
    Finished dev [unoptimized + debuginfo] target(s) in 1.70s
wrote to "/Users/admin/tmp/quick/regex-syntax-0.6.27-09409cc764f2351b866776ea1d602c7610915edf06173608d9ed9329f4cdcdb6.tar"
STARTING BUILD
"ryu-1.0.11-7967d9cd2b286adc2e6c6c231a87c2e72121bbb3cd4842eba444b2b5439df603"
     Created binary (application) package
    Updating crates.io index
   Compiling ryu v1.0.11
   Compiling cargo-quickbuild-scratchpad v0.1.0 (/private/var/folders/0d/08wbx2j52nx5hjg16cshb8g80000gn/T/cargo-quickbuild-scratchpad.iXjke4wUCocF/cargo-quickbuild-scratchpad)
    Finished dev [unoptimized + debuginfo] target(s) in 0.49s
wrote to "/Users/admin/tmp/quick/ryu-1.0.11-7967d9cd2b286adc2e6c6c231a87c2e72121bbb3cd4842eba444b2b5439df603.tar"
STARTING BUILD
"shell-words-1.1.0-efff986b9a4f3dc3c303a1ff2ed27194767fc7a63197ed956c2877eb83c2a466"
     Created binary (application) package
    Updating crates.io index
   Compiling shell-words v1.1.0
   Compiling cargo-quickbuild-scratchpad v0.1.0 (/private/var/folders/0d/08wbx2j52nx5hjg16cshb8g80000gn/T/cargo-quickbuild-scratchpad.GADYm4JkI4Xe/cargo-quickbuild-scratchpad)
    Finished dev [unoptimized + debuginfo] target(s) in 0.50s
wrote to "/Users/admin/tmp/quick/shell-words-1.1.0-efff986b9a4f3dc3c303a1ff2ed27194767fc7a63197ed956c2877eb83c2a466.tar"
STARTING BUILD
"strsim-0.10.0-5d285b7a94a3f2cc381ce2434a53aba13bfe024587f831f823842b3af91dee77"
     Created binary (application) package
    Updating crates.io index
   Compiling strsim v0.10.0
   Compiling cargo-quickbuild-scratchpad v0.1.0 (/private/var/folders/0d/08wbx2j52nx5hjg16cshb8g80000gn/T/cargo-quickbuild-scratchpad.yWCHViq3hmRf/cargo-quickbuild-scratchpad)
    Finished dev [unoptimized + debuginfo] target(s) in 0.64s
wrote to "/Users/admin/tmp/quick/strsim-0.10.0-5d285b7a94a3f2cc381ce2434a53aba13bfe024587f831f823842b3af91dee77.tar"
STARTING BUILD
"termcolor-1.1.3-2f8e271c6ddd3de37e57388a2ec84d7dc8f459e34a2a522d88e0cf5b89598ae2"
     Created binary (application) package
    Updating crates.io index
   Compiling termcolor v1.1.3
   Compiling cargo-quickbuild-scratchpad v0.1.0 (/private/var/folders/0d/08wbx2j52nx5hjg16cshb8g80000gn/T/cargo-quickbuild-scratchpad.vNX6oaYQxU7i/cargo-quickbuild-scratchpad)
    Finished dev [unoptimized + debuginfo] target(s) in 0.70s
wrote to "/Users/admin/tmp/quick/termcolor-1.1.3-2f8e271c6ddd3de37e57388a2ec84d7dc8f459e34a2a522d88e0cf5b89598ae2.tar"
STARTING BUILD
"unicode-ident-1.0.3-9f60cc334e747e6fc20093024fbfa696cbb61a764cc26d92213788f74e8a830e"
     Created binary (application) package
    Updating crates.io index
   Compiling unicode-ident v1.0.3
   Compiling cargo-quickbuild-scratchpad v0.1.0 (/private/var/folders/0d/08wbx2j52nx5hjg16cshb8g80000gn/T/cargo-quickbuild-scratchpad.EzSgnI5ubQzS/cargo-quickbuild-scratchpad)
    Finished dev [unoptimized + debuginfo] target(s) in 0.43s
wrote to "/Users/admin/tmp/quick/unicode-ident-1.0.3-9f60cc334e747e6fc20093024fbfa696cbb61a764cc26d92213788f74e8a830e.tar"
START OF LEVEL 1
[cargo-quickbuild/src/scheduler.rs:34] &current_level = {
    PackageId {
        name: "atty",
        version: "0.2.14",
        source: "registry `crates-io`",
    },
    PackageId {
        name: "autocfg",
        version: "0.1.8",
        source: "registry `crates-io`",
    },
    PackageId {
        name: "clap_lex",
        version: "0.2.4",
        source: "registry `crates-io`",
    },
    PackageId {
        name: "csv-core",
        version: "0.1.10",
        source: "registry `crates-io`",
    },
    PackageId {
        name: "getrandom",
        version: "0.2.7",
        source: "registry `crates-io`",
    },
    PackageId {
        name: "indexmap",
        version: "1.9.1",
        source: "registry `crates-io`",
    },
    PackageId {
        name: "num-traits",
        version: "0.2.15",
        source: "registry `crates-io`",
    },
    PackageId {
        name: "proc-macro2",
        version: "1.0.43",
        source: "registry `crates-io`",
    },
    PackageId {
        name: "rand_core",
        version: "0.3.1",
        source: "registry `crates-io`",
    },
    PackageId {
        name: "rand_jitter",
        version: "0.1.4",
        source: "registry `crates-io`",
    },
    PackageId {
        name: "rand_os",
        version: "0.1.3",
        source: "registry `crates-io`",
    },
    PackageId {
        name: "regex",
        version: "1.6.0",
        source: "registry `crates-io`",
    },
    PackageId {
        name: "terminal_size",
        version: "0.1.17",
        source: "registry `crates-io`",
    },
}
STARTING BUILD
"atty-0.2.14-415847cfb948d4993d05ae8741d2a4b0735c2c3a454615b5df0e2f4353df3d11"
     Created binary (application) package
    Updating crates.io index
   Compiling atty v0.2.14
   Compiling cargo-quickbuild-scratchpad v0.1.0 (/private/var/folders/0d/08wbx2j52nx5hjg16cshb8g80000gn/T/cargo-quickbuild-scratchpad.kDMZWMJjV9JM/cargo-quickbuild-scratchpad)
    Finished dev [unoptimized + debuginfo] target(s) in 0.58s
wrote to "/Users/admin/tmp/quick/atty-0.2.14-415847cfb948d4993d05ae8741d2a4b0735c2c3a454615b5df0e2f4353df3d11.tar"
STARTING BUILD
"autocfg-0.1.8-d14d5c9c176b7582d557003618d2d034115e42c770e5cf60663f8b74f2a7a360"
     Created binary (application) package
    Updating crates.io index
   Compiling autocfg v0.1.8
   Compiling cargo-quickbuild-scratchpad v0.1.0 (/private/var/folders/0d/08wbx2j52nx5hjg16cshb8g80000gn/T/cargo-quickbuild-scratchpad.X6BkKKtbtnhh/cargo-quickbuild-scratchpad)
    Finished dev [unoptimized + debuginfo] target(s) in 0.40s
wrote to "/Users/admin/tmp/quick/autocfg-0.1.8-d14d5c9c176b7582d557003618d2d034115e42c770e5cf60663f8b74f2a7a360.tar"
STARTING BUILD
"clap_lex-0.2.4-b92dea8340e31f0f73cb61632380525b3bf3e4ddd09da3ac5bb2196d28be4c84"
     Created binary (application) package
    Updating crates.io index
   Compiling clap_lex v0.2.4
   Compiling cargo-quickbuild-scratchpad v0.1.0 (/private/var/folders/0d/08wbx2j52nx5hjg16cshb8g80000gn/T/cargo-quickbuild-scratchpad.edPbxMKIk6ZC/cargo-quickbuild-scratchpad)
    Finished dev [unoptimized + debuginfo] target(s) in 0.68s
wrote to "/Users/admin/tmp/quick/clap_lex-0.2.4-b92dea8340e31f0f73cb61632380525b3bf3e4ddd09da3ac5bb2196d28be4c84.tar"
STARTING BUILD
"csv-core-0.1.10-b9380445d7c147564b86e9c802c7c361a83ec0f169af8d8002d5fe788d0d06d4"
     Created binary (application) package
    Updating crates.io index
   Compiling csv-core v0.1.10
   Compiling cargo-quickbuild-scratchpad v0.1.0 (/private/var/folders/0d/08wbx2j52nx5hjg16cshb8g80000gn/T/cargo-quickbuild-scratchpad.NMfpRNqIvojy/cargo-quickbuild-scratchpad)
    Finished dev [unoptimized + debuginfo] target(s) in 0.53s
wrote to "/Users/admin/tmp/quick/csv-core-0.1.10-b9380445d7c147564b86e9c802c7c361a83ec0f169af8d8002d5fe788d0d06d4.tar"
STARTING BUILD
"getrandom-0.2.7-93f36cdd3a4e12f400df7ef4c181a58855eedb944d420d333b3d558d9f0a1166"
     Created binary (application) package
    Updating crates.io index
   Compiling getrandom v0.2.7
   Compiling cargo-quickbuild-scratchpad v0.1.0 (/private/var/folders/0d/08wbx2j52nx5hjg16cshb8g80000gn/T/cargo-quickbuild-scratchpad.04NUqXQ8ry6s/cargo-quickbuild-scratchpad)
    Finished dev [unoptimized + debuginfo] target(s) in 0.59s
wrote to "/Users/admin/tmp/quick/getrandom-0.2.7-93f36cdd3a4e12f400df7ef4c181a58855eedb944d420d333b3d558d9f0a1166.tar"
STARTING BUILD
"indexmap-1.9.1-c51a932e33a40d09b27a60a4968f0190bb1498ef9b3d8769feefcf1dd8c9aeae"
     Created binary (application) package
    Updating crates.io index
   Compiling indexmap v1.9.1
   Compiling cargo-quickbuild-scratchpad v0.1.0 (/private/var/folders/0d/08wbx2j52nx5hjg16cshb8g80000gn/T/cargo-quickbuild-scratchpad.TQpVp2ljdoBj/cargo-quickbuild-scratchpad)
    Finished dev [unoptimized + debuginfo] target(s) in 0.86s
wrote to "/Users/admin/tmp/quick/indexmap-1.9.1-c51a932e33a40d09b27a60a4968f0190bb1498ef9b3d8769feefcf1dd8c9aeae.tar"
STARTING BUILD
"num-traits-0.2.15-6703507bc864a67b463bca57ce85e0dbc2a4d78ca11630dc1c6f893039059ca5"
     Created binary (application) package
    Updating crates.io index
   Compiling num-traits v0.2.15
   Compiling cargo-quickbuild-scratchpad v0.1.0 (/private/var/folders/0d/08wbx2j52nx5hjg16cshb8g80000gn/T/cargo-quickbuild-scratchpad.9AM1wJdSNaPm/cargo-quickbuild-scratchpad)
    Finished dev [unoptimized + debuginfo] target(s) in 1.37s
wrote to "/Users/admin/tmp/quick/num-traits-0.2.15-6703507bc864a67b463bca57ce85e0dbc2a4d78ca11630dc1c6f893039059ca5.tar"
STARTING BUILD
"proc-macro2-1.0.43-3857f6afc4c4fe2df06776a26a0ddadcbe1e1cea6cce489900b7846b2803caa2"
     Created binary (application) package
    Updating crates.io index
   Compiling proc-macro2 v1.0.43
   Compiling cargo-quickbuild-scratchpad v0.1.0 (/private/var/folders/0d/08wbx2j52nx5hjg16cshb8g80000gn/T/cargo-quickbuild-scratchpad.2xeszZZUXcUW/cargo-quickbuild-scratchpad)
    Finished dev [unoptimized + debuginfo] target(s) in 1.07s
wrote to "/Users/admin/tmp/quick/proc-macro2-1.0.43-3857f6afc4c4fe2df06776a26a0ddadcbe1e1cea6cce489900b7846b2803caa2.tar"
STARTING BUILD
"rand_core-0.3.1-59d0e9afc728c10951004993a2678cc5428c0b18beecdcaf64089bc976c7c91a"
     Created binary (application) package
    Updating crates.io index
   Compiling rand_core v0.3.1
   Compiling cargo-quickbuild-scratchpad v0.1.0 (/private/var/folders/0d/08wbx2j52nx5hjg16cshb8g80000gn/T/cargo-quickbuild-scratchpad.F048NkUy25Pf/cargo-quickbuild-scratchpad)
    Finished dev [unoptimized + debuginfo] target(s) in 0.42s
wrote to "/Users/admin/tmp/quick/rand_core-0.3.1-59d0e9afc728c10951004993a2678cc5428c0b18beecdcaf64089bc976c7c91a.tar"
STARTING BUILD
"rand_jitter-0.1.4-009e02ce20f8fcd24a35f2b7bf6eac597b3ecf4e43ea46debe105b0a993544b9"
     Created binary (application) package
    Updating crates.io index
   Compiling rand_jitter v0.1.4
   Compiling cargo-quickbuild-scratchpad v0.1.0 (/private/var/folders/0d/08wbx2j52nx5hjg16cshb8g80000gn/T/cargo-quickbuild-scratchpad.Zi1cn2edQgOw/cargo-quickbuild-scratchpad)
    Finished dev [unoptimized + debuginfo] target(s) in 0.57s
wrote to "/Users/admin/tmp/quick/rand_jitter-0.1.4-009e02ce20f8fcd24a35f2b7bf6eac597b3ecf4e43ea46debe105b0a993544b9.tar"
STARTING BUILD
"rand_os-0.1.3-65ba27fc582ea40b0bc470f66f6d1d94b415f2bc069dbbee31a6e93c7f28cf57"
     Created binary (application) package
    Updating crates.io index
   Compiling rand_os v0.1.3
   Compiling cargo-quickbuild-scratchpad v0.1.0 (/private/var/folders/0d/08wbx2j52nx5hjg16cshb8g80000gn/T/cargo-quickbuild-scratchpad.T90FftM3rhSW/cargo-quickbuild-scratchpad)
    Finished dev [unoptimized + debuginfo] target(s) in 0.47s
wrote to "/Users/admin/tmp/quick/rand_os-0.1.3-65ba27fc582ea40b0bc470f66f6d1d94b415f2bc069dbbee31a6e93c7f28cf57.tar"
STARTING BUILD
"regex-1.6.0-4b1ee7d9ec8d87de5128422cd27e413aab84f18c16c0f8fae9421f98bbb8eb8b"
     Created binary (application) package
    Updating crates.io index
   Compiling regex v1.6.0
   Compiling cargo-quickbuild-scratchpad v0.1.0 (/private/var/folders/0d/08wbx2j52nx5hjg16cshb8g80000gn/T/cargo-quickbuild-scratchpad.nXGJCp7GIkzB/cargo-quickbuild-scratchpad)
    Finished dev [unoptimized + debuginfo] target(s) in 1.42s
wrote to "/Users/admin/tmp/quick/regex-1.6.0-4b1ee7d9ec8d87de5128422cd27e413aab84f18c16c0f8fae9421f98bbb8eb8b.tar"
STARTING BUILD
"terminal_size-0.1.17-0dfbb0a5659cb596dc4a43b5576fab00aed30f4c37e225c12b6dd30b003a8eb4"
     Created binary (application) package
    Updating crates.io index
   Compiling terminal_size v0.1.17
   Compiling cargo-quickbuild-scratchpad v0.1.0 (/private/var/folders/0d/08wbx2j52nx5hjg16cshb8g80000gn/T/cargo-quickbuild-scratchpad.DH00g05TkdnD/cargo-quickbuild-scratchpad)
    Finished dev [unoptimized + debuginfo] target(s) in 0.44s
wrote to "/Users/admin/tmp/quick/terminal_size-0.1.17-0dfbb0a5659cb596dc4a43b5576fab00aed30f4c37e225c12b6dd30b003a8eb4.tar"
START OF LEVEL 2
[cargo-quickbuild/src/scheduler.rs:34] &current_level = {
    PackageId {
        name: "colored",
        version: "2.0.0",
        source: "registry `crates-io`",
    },
    PackageId {
        name: "console",
        version: "0.15.1",
        source: "registry `crates-io`",
    },
    PackageId {
        name: "num-complex",
        version: "0.2.4",
        source: "registry `crates-io`",
    },
    PackageId {
        name: "num-integer",
        version: "0.1.45",
        source: "registry `crates-io`",
    },
    PackageId {
        name: "quote",
        version: "1.0.21",
        source: "registry `crates-io`",
    },
    PackageId {
        name: "rand_chacha",
        version: "0.1.1",
        source: "registry `crates-io`",
    },
    PackageId {
        name: "rand_core",
        version: "0.6.3",
        source: "registry `crates-io`",
    },
    PackageId {
        name: "rand_hc",
        version: "0.1.0",
        source: "registry `crates-io`",
    },
    PackageId {
        name: "rand_isaac",
        version: "0.1.1",
        source: "registry `crates-io`",
    },
    PackageId {
        name: "rand_pcg",
        version: "0.1.2",
        source: "registry `crates-io`",
    },
    PackageId {
        name: "rand_xorshift",
        version: "0.1.1",
        source: "registry `crates-io`",
    },
    PackageId {
        name: "textwrap",
        version: "0.15.0",
        source: "registry `crates-io`",
    },
}
STARTING BUILD
"colored-2.0.0-3ac8e55e5274113d8d454d61fd7f9f76045fbd942c0ca66ee6a86278a3fd4f75"
     Created binary (application) package
    Updating crates.io index
   Compiling colored v2.0.0
   Compiling cargo-quickbuild-scratchpad v0.1.0 (/private/var/folders/0d/08wbx2j52nx5hjg16cshb8g80000gn/T/cargo-quickbuild-scratchpad.Uxbv82GcyITN/cargo-quickbuild-scratchpad)
    Finished dev [unoptimized + debuginfo] target(s) in 0.68s
wrote to "/Users/admin/tmp/quick/colored-2.0.0-3ac8e55e5274113d8d454d61fd7f9f76045fbd942c0ca66ee6a86278a3fd4f75.tar"
STARTING BUILD
"console-0.15.1-4f5a5561b02fda9ac68772f4ad03932535f8bd2edac8d1139d2bea86b7d7a329"
     Created binary (application) package
    Updating crates.io index
   Compiling console v0.15.1
   Compiling cargo-quickbuild-scratchpad v0.1.0 (/private/var/folders/0d/08wbx2j52nx5hjg16cshb8g80000gn/T/cargo-quickbuild-scratchpad.nFm3HFh2QrtS/cargo-quickbuild-scratchpad)
    Finished dev [unoptimized + debuginfo] target(s) in 0.83s
wrote to "/Users/admin/tmp/quick/console-0.15.1-4f5a5561b02fda9ac68772f4ad03932535f8bd2edac8d1139d2bea86b7d7a329.tar"
STARTING BUILD
"num-complex-0.2.4-a9a2a3d37bb8ff6b2fbad167e5fe29a951e42388300b87d1f091fec26bb681e6"
     Created binary (application) package
    Updating crates.io index
   Compiling num-complex v0.2.4
   Compiling cargo-quickbuild-scratchpad v0.1.0 (/private/var/folders/0d/08wbx2j52nx5hjg16cshb8g80000gn/T/cargo-quickbuild-scratchpad.2akMMezdjW3F/cargo-quickbuild-scratchpad)
    Finished dev [unoptimized + debuginfo] target(s) in 1.03s
wrote to "/Users/admin/tmp/quick/num-complex-0.2.4-a9a2a3d37bb8ff6b2fbad167e5fe29a951e42388300b87d1f091fec26bb681e6.tar"
STARTING BUILD
"num-integer-0.1.45-7d73203c21bd476f30d2ae9037caeb4d56dbb7cb12a5af707501d0d8d96ce1d7"
     Created binary (application) package
    Updating crates.io index
   Compiling num-integer v0.1.45
   Compiling cargo-quickbuild-scratchpad v0.1.0 (/private/var/folders/0d/08wbx2j52nx5hjg16cshb8g80000gn/T/cargo-quickbuild-scratchpad.pTqrRxib09vZ/cargo-quickbuild-scratchpad)
    Finished dev [unoptimized + debuginfo] target(s) in 0.82s
wrote to "/Users/admin/tmp/quick/num-integer-0.1.45-7d73203c21bd476f30d2ae9037caeb4d56dbb7cb12a5af707501d0d8d96ce1d7.tar"
STARTING BUILD
"quote-1.0.21-d41951438fde5441b61a9ebc949d7265ef8cdef1642a2593445e7482be499f3f"
     Created binary (application) package
    Updating crates.io index
   Compiling quote v1.0.21
   Compiling cargo-quickbuild-scratchpad v0.1.0 (/private/var/folders/0d/08wbx2j52nx5hjg16cshb8g80000gn/T/cargo-quickbuild-scratchpad.vNzCjSASwf8K/cargo-quickbuild-scratchpad)
    Finished dev [unoptimized + debuginfo] target(s) in 0.78s
wrote to "/Users/admin/tmp/quick/quote-1.0.21-d41951438fde5441b61a9ebc949d7265ef8cdef1642a2593445e7482be499f3f.tar"
STARTING BUILD
"rand_chacha-0.1.1-fc3c2ad7ae7175238ecb99fb1f95f3a63325f3e14b00c3a7bdba3fb8749a2a51"
     Created binary (application) package
    Updating crates.io index
   Compiling rand_chacha v0.1.1
   Compiling cargo-quickbuild-scratchpad v0.1.0 (/private/var/folders/0d/08wbx2j52nx5hjg16cshb8g80000gn/T/cargo-quickbuild-scratchpad.ZH06XNrbJuCT/cargo-quickbuild-scratchpad)
    Finished dev [unoptimized + debuginfo] target(s) in 0.68s
wrote to "/Users/admin/tmp/quick/rand_chacha-0.1.1-fc3c2ad7ae7175238ecb99fb1f95f3a63325f3e14b00c3a7bdba3fb8749a2a51.tar"
STARTING BUILD
"rand_core-0.6.3-4332f12a784b601609dc9d820bd4e2cb4fbb6264237811432be773cb5fb30d70"
     Created binary (application) package
    Updating crates.io index
   Compiling rand_core v0.6.3
   Compiling cargo-quickbuild-scratchpad v0.1.0 (/private/var/folders/0d/08wbx2j52nx5hjg16cshb8g80000gn/T/cargo-quickbuild-scratchpad.Ck6Bpczn9TtQ/cargo-quickbuild-scratchpad)
    Finished dev [unoptimized + debuginfo] target(s) in 0.52s
wrote to "/Users/admin/tmp/quick/rand_core-0.6.3-4332f12a784b601609dc9d820bd4e2cb4fbb6264237811432be773cb5fb30d70.tar"
STARTING BUILD
"rand_hc-0.1.0-3e5a2680265f12078f1811b7fb9e6190ffb2d836386b41f19e5efeb0b266bd66"
     Created binary (application) package
    Updating crates.io index
   Compiling rand_hc v0.1.0
   Compiling cargo-quickbuild-scratchpad v0.1.0 (/private/var/folders/0d/08wbx2j52nx5hjg16cshb8g80000gn/T/cargo-quickbuild-scratchpad.fqoBc2jm9rYh/cargo-quickbuild-scratchpad)
    Finished dev [unoptimized + debuginfo] target(s) in 0.52s
wrote to "/Users/admin/tmp/quick/rand_hc-0.1.0-3e5a2680265f12078f1811b7fb9e6190ffb2d836386b41f19e5efeb0b266bd66.tar"
STARTING BUILD
"rand_isaac-0.1.1-1259e69084c643f8dfbfacd4e0d76c7b658e57fc34f5ef23788f8400517839d7"
     Created binary (application) package
    Updating crates.io index
   Compiling rand_isaac v0.1.1
   Compiling cargo-quickbuild-scratchpad v0.1.0 (/private/var/folders/0d/08wbx2j52nx5hjg16cshb8g80000gn/T/cargo-quickbuild-scratchpad.oiYsTgQltb4k/cargo-quickbuild-scratchpad)
    Finished dev [unoptimized + debuginfo] target(s) in 0.66s
wrote to "/Users/admin/tmp/quick/rand_isaac-0.1.1-1259e69084c643f8dfbfacd4e0d76c7b658e57fc34f5ef23788f8400517839d7.tar"
STARTING BUILD
"rand_pcg-0.1.2-5fc62ba167b6c8e29d79125500e607fe2bda54d57371d4785df64d337b048224"
     Created binary (application) package
    Updating crates.io index
   Compiling rand_pcg v0.1.2
   Compiling cargo-quickbuild-scratchpad v0.1.0 (/private/var/folders/0d/08wbx2j52nx5hjg16cshb8g80000gn/T/cargo-quickbuild-scratchpad.vQHXJgWaitmW/cargo-quickbuild-scratchpad)
    Finished dev [unoptimized + debuginfo] target(s) in 0.81s
wrote to "/Users/admin/tmp/quick/rand_pcg-0.1.2-5fc62ba167b6c8e29d79125500e607fe2bda54d57371d4785df64d337b048224.tar"
STARTING BUILD
"rand_xorshift-0.1.1-75c9223b7395a8bf0caa20ce88c893b4a456aecd83e80db9a69cb65381b41581"
     Created binary (application) package
    Updating crates.io index
   Compiling rand_xorshift v0.1.1
   Compiling cargo-quickbuild-scratchpad v0.1.0 (/private/var/folders/0d/08wbx2j52nx5hjg16cshb8g80000gn/T/cargo-quickbuild-scratchpad.VJ1RN61bwEiT/cargo-quickbuild-scratchpad)
    Finished dev [unoptimized + debuginfo] target(s) in 0.58s
wrote to "/Users/admin/tmp/quick/rand_xorshift-0.1.1-75c9223b7395a8bf0caa20ce88c893b4a456aecd83e80db9a69cb65381b41581.tar"
STARTING BUILD
"textwrap-0.15.0-7f3547d2b488ea0cb0eb0e74bcf7cfaaa57019dc99c5c74394705aa10409a67b"
     Created binary (application) package
    Updating crates.io index
   Compiling textwrap v0.15.0
   Compiling cargo-quickbuild-scratchpad v0.1.0 (/private/var/folders/0d/08wbx2j52nx5hjg16cshb8g80000gn/T/cargo-quickbuild-scratchpad.wL9TmTk8jCjS/cargo-quickbuild-scratchpad)
    Finished dev [unoptimized + debuginfo] target(s) in 0.61s
wrote to "/Users/admin/tmp/quick/textwrap-0.15.0-7f3547d2b488ea0cb0eb0e74bcf7cfaaa57019dc99c5c74394705aa10409a67b.tar"
START OF LEVEL 3
[cargo-quickbuild/src/scheduler.rs:34] &current_level = {
    PackageId {
        name: "clap",
        version: "3.2.20",
        source: "registry `crates-io`",
    },
    PackageId {
        name: "indicatif",
        version: "0.16.2",
        source: "registry `crates-io`",
    },
    PackageId {
        name: "num-bigint",
        version: "0.2.6",
        source: "registry `crates-io`",
    },
    PackageId {
        name: "num-iter",
        version: "0.1.43",
        source: "registry `crates-io`",
    },
    PackageId {
        name: "rand",
        version: "0.6.5",
        source: "registry `crates-io`",
    },
    PackageId {
        name: "rand_chacha",
        version: "0.3.1",
        source: "registry `crates-io`",
    },
    PackageId {
        name: "syn",
        version: "1.0.99",
        source: "registry `crates-io`",
    },
}
STARTING BUILD
"clap-3.2.20-3dc9c21529652bd746af1b6b5fe88a8bf9a8bdd1f01b2cdb968eb6c678debd09"
     Created binary (application) package
    Updating crates.io index
   Compiling clap v3.2.20
   Compiling cargo-quickbuild-scratchpad v0.1.0 (/private/var/folders/0d/08wbx2j52nx5hjg16cshb8g80000gn/T/cargo-quickbuild-scratchpad.5NjfvkRtE3ss/cargo-quickbuild-scratchpad)
    Finished dev [unoptimized + debuginfo] target(s) in 3.61s
wrote to "/Users/admin/tmp/quick/clap-3.2.20-3dc9c21529652bd746af1b6b5fe88a8bf9a8bdd1f01b2cdb968eb6c678debd09.tar"
STARTING BUILD
"indicatif-0.16.2-2acb34c1ed0a38758ca7ad6f816e530cd24ad348aa03a893a0c20c8c9647101b"
     Created binary (application) package
    Updating crates.io index
   Compiling indicatif v0.16.2
   Compiling cargo-quickbuild-scratchpad v0.1.0 (/private/var/folders/0d/08wbx2j52nx5hjg16cshb8g80000gn/T/cargo-quickbuild-scratchpad.hddNwjRKKB7D/cargo-quickbuild-scratchpad)
    Finished dev [unoptimized + debuginfo] target(s) in 0.95s
wrote to "/Users/admin/tmp/quick/indicatif-0.16.2-2acb34c1ed0a38758ca7ad6f816e530cd24ad348aa03a893a0c20c8c9647101b.tar"
STARTING BUILD
"num-bigint-0.2.6-36efc721a6ce38054c3da04581f5f124c89db73b437feebb0dddd6009d47401a"
     Created binary (application) package
    Updating crates.io index
   Compiling num-bigint v0.2.6
   Compiling cargo-quickbuild-scratchpad v0.1.0 (/private/var/folders/0d/08wbx2j52nx5hjg16cshb8g80000gn/T/cargo-quickbuild-scratchpad.A11mGqMVOlYa/cargo-quickbuild-scratchpad)
    Finished dev [unoptimized + debuginfo] target(s) in 1.36s
wrote to "/Users/admin/tmp/quick/num-bigint-0.2.6-36efc721a6ce38054c3da04581f5f124c89db73b437feebb0dddd6009d47401a.tar"
STARTING BUILD
"num-iter-0.1.43-4e848ccea85d28a81300181f606701ebe03c441c220fde94a802d71c2e980448"
     Created binary (application) package
    Updating crates.io index
   Compiling num-iter v0.1.43
   Compiling cargo-quickbuild-scratchpad v0.1.0 (/private/var/folders/0d/08wbx2j52nx5hjg16cshb8g80000gn/T/cargo-quickbuild-scratchpad.YcrvGrFkhsVA/cargo-quickbuild-scratchpad)
    Finished dev [unoptimized + debuginfo] target(s) in 0.71s
wrote to "/Users/admin/tmp/quick/num-iter-0.1.43-4e848ccea85d28a81300181f606701ebe03c441c220fde94a802d71c2e980448.tar"
STARTING BUILD
"rand-0.6.5-a6b6ecb5e991c1da28d7c5af81ec53378c63ab8c705e29ec4e6f8c0e1bc6a048"
     Created binary (application) package
    Updating crates.io index
   Compiling rand v0.6.5
   Compiling cargo-quickbuild-scratchpad v0.1.0 (/private/var/folders/0d/08wbx2j52nx5hjg16cshb8g80000gn/T/cargo-quickbuild-scratchpad.LBIb0bfFcu9F/cargo-quickbuild-scratchpad)
    Finished dev [unoptimized + debuginfo] target(s) in 1.22s
wrote to "/Users/admin/tmp/quick/rand-0.6.5-a6b6ecb5e991c1da28d7c5af81ec53378c63ab8c705e29ec4e6f8c0e1bc6a048.tar"
STARTING BUILD
"rand_chacha-0.3.1-fa3f8e086b5cf286addf6e44d5a3f322a4aba9f72984c5746ee54124d82aeb15"
     Created binary (application) package
    Updating crates.io index
   Compiling rand_chacha v0.3.1
   Compiling cargo-quickbuild-scratchpad v0.1.0 (/private/var/folders/0d/08wbx2j52nx5hjg16cshb8g80000gn/T/cargo-quickbuild-scratchpad.bsSTMkt4F2bX/cargo-quickbuild-scratchpad)
    Finished dev [unoptimized + debuginfo] target(s) in 0.86s
wrote to "/Users/admin/tmp/quick/rand_chacha-0.3.1-fa3f8e086b5cf286addf6e44d5a3f322a4aba9f72984c5746ee54124d82aeb15.tar"
STARTING BUILD
"syn-1.0.99-8f76fd9076c988302bd7a4cbf42ff87c11ef84864bfeb00c55e3f8c0adf0daab"
     Created binary (application) package
    Updating crates.io index
   Compiling syn v1.0.99
   Compiling cargo-quickbuild-scratchpad v0.1.0 (/private/var/folders/0d/08wbx2j52nx5hjg16cshb8g80000gn/T/cargo-quickbuild-scratchpad.Z9LNpB0lsjr1/cargo-quickbuild-scratchpad)
    Finished dev [unoptimized + debuginfo] target(s) in 2.53s
wrote to "/Users/admin/tmp/quick/syn-1.0.99-8f76fd9076c988302bd7a4cbf42ff87c11ef84864bfeb00c55e3f8c0adf0daab.tar"
START OF LEVEL 4
[cargo-quickbuild/src/scheduler.rs:34] &current_level = {
    PackageId {
        name: "clap_complete",
        version: "3.2.4",
        source: "registry `crates-io`",
    },
    PackageId {
        name: "num-rational",
        version: "0.2.4",
        source: "registry `crates-io`",
    },
    PackageId {
        name: "rand",
        version: "0.8.5",
        source: "registry `crates-io`",
    },
    PackageId {
        name: "serde_derive",
        version: "1.0.144",
        source: "registry `crates-io`",
    },
    PackageId {
        name: "thiserror-impl",
        version: "1.0.34",
        source: "registry `crates-io`",
    },
}
STARTING BUILD
"clap_complete-3.2.4-215b4088694fd144747f00a2c7174f2a83eb72b20a31176787acd79458f5c645"
     Created binary (application) package
    Updating crates.io index
   Compiling clap_complete v3.2.4
   Compiling cargo-quickbuild-scratchpad v0.1.0 (/private/var/folders/0d/08wbx2j52nx5hjg16cshb8g80000gn/T/cargo-quickbuild-scratchpad.fDERAxMewB0e/cargo-quickbuild-scratchpad)
    Finished dev [unoptimized + debuginfo] target(s) in 0.83s
wrote to "/Users/admin/tmp/quick/clap_complete-3.2.4-215b4088694fd144747f00a2c7174f2a83eb72b20a31176787acd79458f5c645.tar"
STARTING BUILD
"num-rational-0.2.4-c769d84796449ec0e6243c75f9b838b96b7a452fea16859b4d5e8d9f6532a3a2"
     Created binary (application) package
    Updating crates.io index
   Compiling num-rational v0.2.4
   Compiling cargo-quickbuild-scratchpad v0.1.0 (/private/var/folders/0d/08wbx2j52nx5hjg16cshb8g80000gn/T/cargo-quickbuild-scratchpad.KzVrjD03Oxnz/cargo-quickbuild-scratchpad)
    Finished dev [unoptimized + debuginfo] target(s) in 1.16s
wrote to "/Users/admin/tmp/quick/num-rational-0.2.4-c769d84796449ec0e6243c75f9b838b96b7a452fea16859b4d5e8d9f6532a3a2.tar"
STARTING BUILD
"rand-0.8.5-ee2f9aa5140697f2c54df0060db9ddfeb5f508b0658b1dacba81c54adcb765c8"
     Created binary (application) package
    Updating crates.io index
   Compiling rand v0.8.5
   Compiling cargo-quickbuild-scratchpad v0.1.0 (/private/var/folders/0d/08wbx2j52nx5hjg16cshb8g80000gn/T/cargo-quickbuild-scratchpad.vSCt4C0NPxtQ/cargo-quickbuild-scratchpad)
    Finished dev [unoptimized + debuginfo] target(s) in 0.96s
wrote to "/Users/admin/tmp/quick/rand-0.8.5-ee2f9aa5140697f2c54df0060db9ddfeb5f508b0658b1dacba81c54adcb765c8.tar"
STARTING BUILD
"serde_derive-1.0.144-e8a4afb4cc971b615a6968c9bfac288fb5d823e783a6d560ee1e269f5877c74b"
     Created binary (application) package
    Updating crates.io index
   Compiling serde_derive v1.0.144
   Compiling cargo-quickbuild-scratchpad v0.1.0 (/private/var/folders/0d/08wbx2j52nx5hjg16cshb8g80000gn/T/cargo-quickbuild-scratchpad.di7tDrZQUZUJ/cargo-quickbuild-scratchpad)
    Finished dev [unoptimized + debuginfo] target(s) in 3.02s
wrote to "/Users/admin/tmp/quick/serde_derive-1.0.144-e8a4afb4cc971b615a6968c9bfac288fb5d823e783a6d560ee1e269f5877c74b.tar"
STARTING BUILD
"thiserror-impl-1.0.34-c2b4219c2430942754b92a6dfa91783b5bae38a9472969c77aaf58759dc2cef9"
     Created binary (application) package
    Updating crates.io index
   Compiling thiserror-impl v1.0.34
   Compiling cargo-quickbuild-scratchpad v0.1.0 (/private/var/folders/0d/08wbx2j52nx5hjg16cshb8g80000gn/T/cargo-quickbuild-scratchpad.uP1FdaxOfKmv/cargo-quickbuild-scratchpad)
    Finished dev [unoptimized + debuginfo] target(s) in 4.07s
wrote to "/Users/admin/tmp/quick/thiserror-impl-1.0.34-c2b4219c2430942754b92a6dfa91783b5bae38a9472969c77aaf58759dc2cef9.tar"
START OF LEVEL 5
[cargo-quickbuild/src/scheduler.rs:34] &current_level = {
    PackageId {
        name: "num",
        version: "0.2.1",
        source: "registry `crates-io`",
    },
    PackageId {
        name: "serde",
        version: "1.0.144",
        source: "registry `crates-io`",
    },
    PackageId {
        name: "thiserror",
        version: "1.0.34",
        source: "registry `crates-io`",
    },
}
STARTING BUILD
"num-0.2.1-65990b091342bdee2b4d78d36e1b3ac4fde55cde543ca245539f8cacc0f24024"
     Created binary (application) package
    Updating crates.io index
   Compiling num v0.2.1
   Compiling cargo-quickbuild-scratchpad v0.1.0 (/private/var/folders/0d/08wbx2j52nx5hjg16cshb8g80000gn/T/cargo-quickbuild-scratchpad.TrBM6iT73cjk/cargo-quickbuild-scratchpad)
    Finished dev [unoptimized + debuginfo] target(s) in 0.52s
wrote to "/Users/admin/tmp/quick/num-0.2.1-65990b091342bdee2b4d78d36e1b3ac4fde55cde543ca245539f8cacc0f24024.tar"
STARTING BUILD
"serde-1.0.144-ed74a8ba9784c1a940d1a3390b3edf9851d8ca86f96363a0de7e8d0fb8fd1722"
     Created binary (application) package
    Updating crates.io index
   Compiling serde v1.0.144
   Compiling cargo-quickbuild-scratchpad v0.1.0 (/private/var/folders/0d/08wbx2j52nx5hjg16cshb8g80000gn/T/cargo-quickbuild-scratchpad.oqMqUSzTwMOG/cargo-quickbuild-scratchpad)
    Finished dev [unoptimized + debuginfo] target(s) in 2.33s
wrote to "/Users/admin/tmp/quick/serde-1.0.144-ed74a8ba9784c1a940d1a3390b3edf9851d8ca86f96363a0de7e8d0fb8fd1722.tar"
STARTING BUILD
"thiserror-1.0.34-3224778fafd30306626aa943f019b5134dfe613634f2bb307573de9060ac3381"
     Created binary (application) package
    Updating crates.io index
   Compiling thiserror v1.0.34
   Compiling cargo-quickbuild-scratchpad v0.1.0 (/private/var/folders/0d/08wbx2j52nx5hjg16cshb8g80000gn/T/cargo-quickbuild-scratchpad.BPIluOJqTzsl/cargo-quickbuild-scratchpad)
    Finished dev [unoptimized + debuginfo] target(s) in 0.42s
wrote to "/Users/admin/tmp/quick/thiserror-1.0.34-3224778fafd30306626aa943f019b5134dfe613634f2bb307573de9060ac3381.tar"
START OF LEVEL 6
[cargo-quickbuild/src/scheduler.rs:34] &current_level = {
    PackageId {
        name: "bstr",
        version: "0.2.17",
        source: "registry `crates-io`",
    },
    PackageId {
        name: "rust_decimal",
        version: "1.26.1",
        source: "registry `crates-io`",
    },
    PackageId {
        name: "serde_json",
        version: "1.0.85",
        source: "registry `crates-io`",
    },
    PackageId {
        name: "statistical",
        version: "1.0.0",
        source: "registry `crates-io`",
    },
}
STARTING BUILD
"bstr-0.2.17-183f40df687d98dfc4484b3987fef6584ff0e82593ecad91c1178391ad94e7c1"
     Created binary (application) package
    Updating crates.io index
   Compiling bstr v0.2.17
   Compiling cargo-quickbuild-scratchpad v0.1.0 (/private/var/folders/0d/08wbx2j52nx5hjg16cshb8g80000gn/T/cargo-quickbuild-scratchpad.neXvMUleHvKq/cargo-quickbuild-scratchpad)
    Finished dev [unoptimized + debuginfo] target(s) in 0.86s
wrote to "/Users/admin/tmp/quick/bstr-0.2.17-183f40df687d98dfc4484b3987fef6584ff0e82593ecad91c1178391ad94e7c1.tar"
STARTING BUILD
"rust_decimal-1.26.1-75e6be9baf2272c8399288a1042aeefe0b0bca39a5ab300f188af6c5219962b9"
     Created binary (application) package
    Updating crates.io index
   Compiling rust_decimal v1.26.1
   Compiling cargo-quickbuild-scratchpad v0.1.0 (/private/var/folders/0d/08wbx2j52nx5hjg16cshb8g80000gn/T/cargo-quickbuild-scratchpad.mwShYDSnovT7/cargo-quickbuild-scratchpad)
    Finished dev [unoptimized + debuginfo] target(s) in 1.11s
wrote to "/Users/admin/tmp/quick/rust_decimal-1.26.1-75e6be9baf2272c8399288a1042aeefe0b0bca39a5ab300f188af6c5219962b9.tar"
STARTING BUILD
"serde_json-1.0.85-b093d0fda4f41f62cfb607154acf05b639894256650e942997d21373404c2a08"
     Created binary (application) package
    Updating crates.io index
   Compiling serde_json v1.0.85
   Compiling cargo-quickbuild-scratchpad v0.1.0 (/private/var/folders/0d/08wbx2j52nx5hjg16cshb8g80000gn/T/cargo-quickbuild-scratchpad.4s8BnaD3uBK8/cargo-quickbuild-scratchpad)
    Finished dev [unoptimized + debuginfo] target(s) in 1.56s
wrote to "/Users/admin/tmp/quick/serde_json-1.0.85-b093d0fda4f41f62cfb607154acf05b639894256650e942997d21373404c2a08.tar"
STARTING BUILD
"statistical-1.0.0-9db1c57d908ba286d73743a216fc4ccc9724593c82dd6944d034dfa13a32d43f"
     Created binary (application) package
    Updating crates.io index
   Compiling statistical v1.0.0
   Compiling cargo-quickbuild-scratchpad v0.1.0 (/private/var/folders/0d/08wbx2j52nx5hjg16cshb8g80000gn/T/cargo-quickbuild-scratchpad.2sGeVO0rcVZ2/cargo-quickbuild-scratchpad)
    Finished dev [unoptimized + debuginfo] target(s) in 0.60s
wrote to "/Users/admin/tmp/quick/statistical-1.0.0-9db1c57d908ba286d73743a216fc4ccc9724593c82dd6944d034dfa13a32d43f.tar"
START OF LEVEL 7
[cargo-quickbuild/src/scheduler.rs:34] &current_level = {
    PackageId {
        name: "csv",
        version: "1.1.6",
        source: "registry `crates-io`",
    },
}
STARTING BUILD
"csv-1.1.6-05f08ff171cc588f9513a716e114cdc03d5a7075349460e8c748b25322790996"
     Created binary (application) package
    Updating crates.io index
   Compiling csv v1.1.6
   Compiling cargo-quickbuild-scratchpad v0.1.0 (/private/var/folders/0d/08wbx2j52nx5hjg16cshb8g80000gn/T/cargo-quickbuild-scratchpad.rVFxnk6Z7Vql/cargo-quickbuild-scratchpad)
    Finished dev [unoptimized + debuginfo] target(s) in 1.26s
wrote to "/Users/admin/tmp/quick/csv-1.1.6-05f08ff171cc588f9513a716e114cdc03d5a7075349460e8c748b25322790996.tar"
START OF LEVEL 8
[cargo-quickbuild/src/scheduler.rs:34] &current_level = {
    PackageId {
        name: "hyperfine",
        version: "1.15.0",
        source: "registry `crates-io`",
    },
}
🎉 We're done here 🎉
  Installing hyperfine v1.15.0
   Compiling hyperfine v1.15.0
    Finished dev [unoptimized + debuginfo] target(s) in 1.28s
   Replacing /Users/admin/.cargo/bin/hyperfine
    Replaced package `hyperfine v1.15.0` with `hyperfine v1.15.0` (executable `hyperfine`)
