    Updating crates.io index
 Downloading crates ...
  Downloaded libc v0.2.127
START OF LEVEL 0
[cargo-quickbuild/src/scheduler.rs:34] &current_level = {
    PackageId {
        name: "ansi_term",
        version: "0.12.1",
        source: "registry `crates-io`",
    },
    PackageId {
        name: "bitflags",
        version: "1.3.2",
        source: "registry `crates-io`",
    },
    PackageId {
        name: "camino",
        version: "1.0.9",
        source: "registry `crates-io`",
    },
    PackageId {
        name: "cfg-if",
        version: "1.0.0",
        source: "registry `crates-io`",
    },
    PackageId {
        name: "doc-comment",
        version: "0.3.3",
        source: "registry `crates-io`",
    },
    PackageId {
        name: "dotenv",
        version: "0.15.0",
        source: "registry `crates-io`",
    },
    PackageId {
        name: "edit-distance",
        version: "2.1.0",
        source: "registry `crates-io`",
    },
    PackageId {
        name: "fastrand",
        version: "1.8.0",
        source: "registry `crates-io`",
    },
    PackageId {
        name: "heck",
        version: "0.4.0",
        source: "registry `crates-io`",
    },
    PackageId {
        name: "humantime",
        version: "2.1.0",
        source: "registry `crates-io`",
    },
    PackageId {
        name: "itoa",
        version: "1.0.3",
        source: "registry `crates-io`",
    },
    PackageId {
        name: "lazy_static",
        version: "1.4.0",
        source: "registry `crates-io`",
    },
    PackageId {
        name: "lexiclean",
        version: "0.0.1",
        source: "registry `crates-io`",
    },
    PackageId {
        name: "libc",
        version: "0.2.127",
        source: "registry `crates-io`",
    },
    PackageId {
        name: "memchr",
        version: "2.5.0",
        source: "registry `crates-io`",
    },
    PackageId {
        name: "regex-automata",
        version: "0.1.10",
        source: "registry `crates-io`",
    },
    PackageId {
        name: "regex-syntax",
        version: "0.6.27",
        source: "registry `crates-io`",
    },
    PackageId {
        name: "remove_dir_all",
        version: "0.5.3",
        source: "registry `crates-io`",
    },
    PackageId {
        name: "rustversion",
        version: "1.0.9",
        source: "registry `crates-io`",
    },
    PackageId {
        name: "ryu",
        version: "1.0.11",
        source: "registry `crates-io`",
    },
    PackageId {
        name: "strsim",
        version: "0.8.0",
        source: "registry `crates-io`",
    },
    PackageId {
        name: "target",
        version: "2.0.0",
        source: "registry `crates-io`",
    },
    PackageId {
        name: "termcolor",
        version: "1.1.3",
        source: "registry `crates-io`",
    },
    PackageId {
        name: "typed-arena",
        version: "2.0.1",
        source: "registry `crates-io`",
    },
    PackageId {
        name: "typenum",
        version: "1.15.0",
        source: "registry `crates-io`",
    },
    PackageId {
        name: "unicode-ident",
        version: "1.0.3",
        source: "registry `crates-io`",
    },
    PackageId {
        name: "unicode-segmentation",
        version: "1.9.0",
        source: "registry `crates-io`",
    },
    PackageId {
        name: "unicode-width",
        version: "0.1.9",
        source: "registry `crates-io`",
    },
    PackageId {
        name: "vec_map",
        version: "0.8.2",
        source: "registry `crates-io`",
    },
    PackageId {
        name: "version_check",
        version: "0.9.4",
        source: "registry `crates-io`",
    },
}
STARTING BUILD
"ansi_term-0.12.1-badb1d56fe916f940527194f0bd6f357aab665b1fdd8da1d14837bcaacf37b7d"
     Created binary (application) package
   Compiling ansi_term v0.12.1
   Compiling cargo-quickbuild-scratchpad v0.1.0 (/private/var/folders/0d/08wbx2j52nx5hjg16cshb8g80000gn/T/cargo-quickbuild-scratchpad.lP7IkBJY6WWF/cargo-quickbuild-scratchpad)
    Finished dev [unoptimized + debuginfo] target(s) in 0.42s
wrote to "/Users/admin/tmp/quick/ansi_term-0.12.1-badb1d56fe916f940527194f0bd6f357aab665b1fdd8da1d14837bcaacf37b7d.tar"
STARTING BUILD
"bitflags-1.3.2-f9131a0a2e3402a9185e19603221d22ea8ef1985256926f6acdd833068dee051"
     Created binary (application) package
   Compiling bitflags v1.3.2
   Compiling cargo-quickbuild-scratchpad v0.1.0 (/private/var/folders/0d/08wbx2j52nx5hjg16cshb8g80000gn/T/cargo-quickbuild-scratchpad.UnMszrQogXZ3/cargo-quickbuild-scratchpad)
    Finished dev [unoptimized + debuginfo] target(s) in 0.28s
wrote to "/Users/admin/tmp/quick/bitflags-1.3.2-f9131a0a2e3402a9185e19603221d22ea8ef1985256926f6acdd833068dee051.tar"
STARTING BUILD
"camino-1.0.9-cf52cc5f20eaf7741a99f213d052a24f519e84627dc21d0d8ecb08c23a258512"
     Created binary (application) package
   Compiling camino v1.0.9
   Compiling cargo-quickbuild-scratchpad v0.1.0 (/private/var/folders/0d/08wbx2j52nx5hjg16cshb8g80000gn/T/cargo-quickbuild-scratchpad.7FceerZFE44u/cargo-quickbuild-scratchpad)
    Finished dev [unoptimized + debuginfo] target(s) in 0.76s
wrote to "/Users/admin/tmp/quick/camino-1.0.9-cf52cc5f20eaf7741a99f213d052a24f519e84627dc21d0d8ecb08c23a258512.tar"
STARTING BUILD
"cfg-if-1.0.0-1c5c0556da306059c2ff0e0ec4cfb9a11c31bbf0fc81e44ac39ecc5ad6c1ce48"
     Created binary (application) package
   Compiling cfg-if v1.0.0
   Compiling cargo-quickbuild-scratchpad v0.1.0 (/private/var/folders/0d/08wbx2j52nx5hjg16cshb8g80000gn/T/cargo-quickbuild-scratchpad.CeGsb4eEq8Ae/cargo-quickbuild-scratchpad)
    Finished dev [unoptimized + debuginfo] target(s) in 0.27s
wrote to "/Users/admin/tmp/quick/cfg-if-1.0.0-1c5c0556da306059c2ff0e0ec4cfb9a11c31bbf0fc81e44ac39ecc5ad6c1ce48.tar"
STARTING BUILD
"doc-comment-0.3.3-3b14209ac0314ff19d312e89142281d3cce92f3bf1cd0e7966e1f5548d6204e8"
     Created binary (application) package
   Compiling doc-comment v0.3.3
   Compiling cargo-quickbuild-scratchpad v0.1.0 (/private/var/folders/0d/08wbx2j52nx5hjg16cshb8g80000gn/T/cargo-quickbuild-scratchpad.m4xX2ZR62zpR/cargo-quickbuild-scratchpad)
    Finished dev [unoptimized + debuginfo] target(s) in 0.52s
wrote to "/Users/admin/tmp/quick/doc-comment-0.3.3-3b14209ac0314ff19d312e89142281d3cce92f3bf1cd0e7966e1f5548d6204e8.tar"
STARTING BUILD
"dotenv-0.15.0-f606d878e3479edb8400f4a1bfff085923c8fb7a01932b39a06bbcc9f919390d"
     Created binary (application) package
   Compiling dotenv v0.15.0
   Compiling cargo-quickbuild-scratchpad v0.1.0 (/private/var/folders/0d/08wbx2j52nx5hjg16cshb8g80000gn/T/cargo-quickbuild-scratchpad.lRpCQg3zTltT/cargo-quickbuild-scratchpad)
    Finished dev [unoptimized + debuginfo] target(s) in 0.50s
wrote to "/Users/admin/tmp/quick/dotenv-0.15.0-f606d878e3479edb8400f4a1bfff085923c8fb7a01932b39a06bbcc9f919390d.tar"
STARTING BUILD
"edit-distance-2.1.0-9e2c44fb0c4e76c73697b2a8239675a0752c3a1fb23e10ccd8de2b0907c6a94d"
     Created binary (application) package
   Compiling edit-distance v2.1.0
   Compiling cargo-quickbuild-scratchpad v0.1.0 (/private/var/folders/0d/08wbx2j52nx5hjg16cshb8g80000gn/T/cargo-quickbuild-scratchpad.XpyYlaqqPr0Y/cargo-quickbuild-scratchpad)
    Finished dev [unoptimized + debuginfo] target(s) in 0.34s
wrote to "/Users/admin/tmp/quick/edit-distance-2.1.0-9e2c44fb0c4e76c73697b2a8239675a0752c3a1fb23e10ccd8de2b0907c6a94d.tar"
STARTING BUILD
"fastrand-1.8.0-3a58633706cd6dcea69116b8be0a4bbd7033eb4a4f229cec1e7f7e447e349f62"
     Created binary (application) package
   Compiling fastrand v1.8.0
   Compiling cargo-quickbuild-scratchpad v0.1.0 (/private/var/folders/0d/08wbx2j52nx5hjg16cshb8g80000gn/T/cargo-quickbuild-scratchpad.M2Nydn31NGna/cargo-quickbuild-scratchpad)
    Finished dev [unoptimized + debuginfo] target(s) in 0.38s
wrote to "/Users/admin/tmp/quick/fastrand-1.8.0-3a58633706cd6dcea69116b8be0a4bbd7033eb4a4f229cec1e7f7e447e349f62.tar"
STARTING BUILD
"heck-0.4.0-12921529bb3c38ec58c29b55882e50ad0933cf74d09a9c899c05ffe21a79c74b"
     Created binary (application) package
   Compiling heck v0.4.0
   Compiling cargo-quickbuild-scratchpad v0.1.0 (/private/var/folders/0d/08wbx2j52nx5hjg16cshb8g80000gn/T/cargo-quickbuild-scratchpad.kWtWxZRbEqyk/cargo-quickbuild-scratchpad)
    Finished dev [unoptimized + debuginfo] target(s) in 0.39s
wrote to "/Users/admin/tmp/quick/heck-0.4.0-12921529bb3c38ec58c29b55882e50ad0933cf74d09a9c899c05ffe21a79c74b.tar"
STARTING BUILD
"humantime-2.1.0-8e5dfee5fb52221484919de63f2c1412092a34b20d51d0ec381214e62a6d9c40"
     Created binary (application) package
   Compiling humantime v2.1.0
   Compiling cargo-quickbuild-scratchpad v0.1.0 (/private/var/folders/0d/08wbx2j52nx5hjg16cshb8g80000gn/T/cargo-quickbuild-scratchpad.hqEkMy3pHcRn/cargo-quickbuild-scratchpad)
    Finished dev [unoptimized + debuginfo] target(s) in 0.41s
wrote to "/Users/admin/tmp/quick/humantime-2.1.0-8e5dfee5fb52221484919de63f2c1412092a34b20d51d0ec381214e62a6d9c40.tar"
STARTING BUILD
"itoa-1.0.3-faabd9308f05feb99c2a4d11e9f5debd8a5a82ec5f44db5e477076b5530caa23"
     Created binary (application) package
   Compiling itoa v1.0.3
   Compiling cargo-quickbuild-scratchpad v0.1.0 (/private/var/folders/0d/08wbx2j52nx5hjg16cshb8g80000gn/T/cargo-quickbuild-scratchpad.iFEExhgENo05/cargo-quickbuild-scratchpad)
    Finished dev [unoptimized + debuginfo] target(s) in 0.30s
wrote to "/Users/admin/tmp/quick/itoa-1.0.3-faabd9308f05feb99c2a4d11e9f5debd8a5a82ec5f44db5e477076b5530caa23.tar"
STARTING BUILD
"lazy_static-1.4.0-10d4523649d2ce71fe87ca1ba906a02faed845dc54bd23444b07c338d1cd2543"
     Created binary (application) package
   Compiling lazy_static v1.4.0
   Compiling cargo-quickbuild-scratchpad v0.1.0 (/private/var/folders/0d/08wbx2j52nx5hjg16cshb8g80000gn/T/cargo-quickbuild-scratchpad.fbN49PdFdzBo/cargo-quickbuild-scratchpad)
    Finished dev [unoptimized + debuginfo] target(s) in 0.28s
wrote to "/Users/admin/tmp/quick/lazy_static-1.4.0-10d4523649d2ce71fe87ca1ba906a02faed845dc54bd23444b07c338d1cd2543.tar"
STARTING BUILD
"lexiclean-0.0.1-da58e7bc6a96268f924f356ca962f24674e3b929582510fdc7c95213f1005e2d"
     Created binary (application) package
   Compiling lexiclean v0.0.1
   Compiling cargo-quickbuild-scratchpad v0.1.0 (/private/var/folders/0d/08wbx2j52nx5hjg16cshb8g80000gn/T/cargo-quickbuild-scratchpad.wwAKDPuy5o9Z/cargo-quickbuild-scratchpad)
    Finished dev [unoptimized + debuginfo] target(s) in 0.35s
wrote to "/Users/admin/tmp/quick/lexiclean-0.0.1-da58e7bc6a96268f924f356ca962f24674e3b929582510fdc7c95213f1005e2d.tar"
STARTING BUILD
"libc-0.2.127-5d5754150cccf1a794b141d63607d7af249a990e4f7054a878c34ff4a2eaa392"
     Created binary (application) package
   Compiling libc v0.2.127
   Compiling cargo-quickbuild-scratchpad v0.1.0 (/private/var/folders/0d/08wbx2j52nx5hjg16cshb8g80000gn/T/cargo-quickbuild-scratchpad.fYsnSvn23xl4/cargo-quickbuild-scratchpad)
    Finished dev [unoptimized + debuginfo] target(s) in 1.18s
wrote to "/Users/admin/tmp/quick/libc-0.2.127-5d5754150cccf1a794b141d63607d7af249a990e4f7054a878c34ff4a2eaa392.tar"
STARTING BUILD
"memchr-2.5.0-c85929c43a36ec4df13d6ab16628d5f2d1b4a35e193f2f56ab1841a594ef2e66"
     Created binary (application) package
   Compiling memchr v2.5.0
   Compiling cargo-quickbuild-scratchpad v0.1.0 (/private/var/folders/0d/08wbx2j52nx5hjg16cshb8g80000gn/T/cargo-quickbuild-scratchpad.GVOsnRRIkNri/cargo-quickbuild-scratchpad)
    Finished dev [unoptimized + debuginfo] target(s) in 0.68s
wrote to "/Users/admin/tmp/quick/memchr-2.5.0-c85929c43a36ec4df13d6ab16628d5f2d1b4a35e193f2f56ab1841a594ef2e66.tar"
STARTING BUILD
"regex-automata-0.1.10-b30408da60f4cd1934678c967a589dbb646c18110b6dd224eb461f9b17e4b7c4"
     Created binary (application) package
   Compiling regex-automata v0.1.10
   Compiling cargo-quickbuild-scratchpad v0.1.0 (/private/var/folders/0d/08wbx2j52nx5hjg16cshb8g80000gn/T/cargo-quickbuild-scratchpad.lBqN2mFTcm8d/cargo-quickbuild-scratchpad)
    Finished dev [unoptimized + debuginfo] target(s) in 0.41s
wrote to "/Users/admin/tmp/quick/regex-automata-0.1.10-b30408da60f4cd1934678c967a589dbb646c18110b6dd224eb461f9b17e4b7c4.tar"
STARTING BUILD
"regex-syntax-0.6.27-4c80a373d064cab99dd9f26c096d459c1108afbb67876a88bb76cb6ef0bd3f79"
     Created binary (application) package
   Compiling regex-syntax v0.6.27
   Compiling cargo-quickbuild-scratchpad v0.1.0 (/private/var/folders/0d/08wbx2j52nx5hjg16cshb8g80000gn/T/cargo-quickbuild-scratchpad.PILlKwGJ4HKP/cargo-quickbuild-scratchpad)
    Finished dev [unoptimized + debuginfo] target(s) in 2.23s
wrote to "/Users/admin/tmp/quick/regex-syntax-0.6.27-4c80a373d064cab99dd9f26c096d459c1108afbb67876a88bb76cb6ef0bd3f79.tar"
STARTING BUILD
"remove_dir_all-0.5.3-f43753cfaad8a8c67978af12f73a380c36b5652b061228f662973c927c674e4b"
     Created binary (application) package
   Compiling remove_dir_all v0.5.3
   Compiling cargo-quickbuild-scratchpad v0.1.0 (/private/var/folders/0d/08wbx2j52nx5hjg16cshb8g80000gn/T/cargo-quickbuild-scratchpad.8G5QPOUBWVo9/cargo-quickbuild-scratchpad)
    Finished dev [unoptimized + debuginfo] target(s) in 0.27s
wrote to "/Users/admin/tmp/quick/remove_dir_all-0.5.3-f43753cfaad8a8c67978af12f73a380c36b5652b061228f662973c927c674e4b.tar"
STARTING BUILD
"rustversion-1.0.9-a7fc7c3664f70cfa500cb981c06ba3934bf8f4112a6d7c43ac514f26f1fe4cb6"
     Created binary (application) package
   Compiling rustversion v1.0.9
   Compiling cargo-quickbuild-scratchpad v0.1.0 (/private/var/folders/0d/08wbx2j52nx5hjg16cshb8g80000gn/T/cargo-quickbuild-scratchpad.abQZik46pDnS/cargo-quickbuild-scratchpad)
    Finished dev [unoptimized + debuginfo] target(s) in 1.05s
wrote to "/Users/admin/tmp/quick/rustversion-1.0.9-a7fc7c3664f70cfa500cb981c06ba3934bf8f4112a6d7c43ac514f26f1fe4cb6.tar"
STARTING BUILD
"ryu-1.0.11-7967d9cd2b286adc2e6c6c231a87c2e72121bbb3cd4842eba444b2b5439df603"
     Created binary (application) package
   Compiling ryu v1.0.11
   Compiling cargo-quickbuild-scratchpad v0.1.0 (/private/var/folders/0d/08wbx2j52nx5hjg16cshb8g80000gn/T/cargo-quickbuild-scratchpad.5GDEKX82sTtl/cargo-quickbuild-scratchpad)
    Finished dev [unoptimized + debuginfo] target(s) in 0.36s
wrote to "/Users/admin/tmp/quick/ryu-1.0.11-7967d9cd2b286adc2e6c6c231a87c2e72121bbb3cd4842eba444b2b5439df603.tar"
STARTING BUILD
"strsim-0.8.0-a5e56d7fd689c875c85a5f12175428bcefed20fe17d6c96ef43c41b49daadf48"
     Created binary (application) package
   Compiling strsim v0.8.0
   Compiling cargo-quickbuild-scratchpad v0.1.0 (/private/var/folders/0d/08wbx2j52nx5hjg16cshb8g80000gn/T/cargo-quickbuild-scratchpad.SOn3vwyfXmN7/cargo-quickbuild-scratchpad)
    Finished dev [unoptimized + debuginfo] target(s) in 0.46s
wrote to "/Users/admin/tmp/quick/strsim-0.8.0-a5e56d7fd689c875c85a5f12175428bcefed20fe17d6c96ef43c41b49daadf48.tar"
STARTING BUILD
"target-2.0.0-7474605f8529040182ae3abeff8bbd056fb3f21b929fda3ef82aa2a01abf9e09"
     Created binary (application) package
   Compiling target v2.0.0
   Compiling cargo-quickbuild-scratchpad v0.1.0 (/private/var/folders/0d/08wbx2j52nx5hjg16cshb8g80000gn/T/cargo-quickbuild-scratchpad.hnwbxFMj3BlH/cargo-quickbuild-scratchpad)
    Finished dev [unoptimized + debuginfo] target(s) in 0.27s
wrote to "/Users/admin/tmp/quick/target-2.0.0-7474605f8529040182ae3abeff8bbd056fb3f21b929fda3ef82aa2a01abf9e09.tar"
STARTING BUILD
"termcolor-1.1.3-2f8e271c6ddd3de37e57388a2ec84d7dc8f459e34a2a522d88e0cf5b89598ae2"
     Created binary (application) package
   Compiling termcolor v1.1.3
   Compiling cargo-quickbuild-scratchpad v0.1.0 (/private/var/folders/0d/08wbx2j52nx5hjg16cshb8g80000gn/T/cargo-quickbuild-scratchpad.e59SXg0gWWau/cargo-quickbuild-scratchpad)
    Finished dev [unoptimized + debuginfo] target(s) in 0.48s
wrote to "/Users/admin/tmp/quick/termcolor-1.1.3-2f8e271c6ddd3de37e57388a2ec84d7dc8f459e34a2a522d88e0cf5b89598ae2.tar"
STARTING BUILD
"typed-arena-2.0.1-b1cca0619940a2ba5d1549b9b84858f9b5f4f65431e37335929c175302aed0fc"
     Created binary (application) package
   Compiling typed-arena v2.0.1
   Compiling cargo-quickbuild-scratchpad v0.1.0 (/private/var/folders/0d/08wbx2j52nx5hjg16cshb8g80000gn/T/cargo-quickbuild-scratchpad.mPn7KCj2O3uy/cargo-quickbuild-scratchpad)
    Finished dev [unoptimized + debuginfo] target(s) in 0.30s
wrote to "/Users/admin/tmp/quick/typed-arena-2.0.1-b1cca0619940a2ba5d1549b9b84858f9b5f4f65431e37335929c175302aed0fc.tar"
STARTING BUILD
"typenum-1.15.0-2d8dbefa3b18ded8029f6144b6a60c7e5d90cdc7ef20468aea625266c16712d1"
     Created binary (application) package
   Compiling typenum v1.15.0
   Compiling cargo-quickbuild-scratchpad v0.1.0 (/private/var/folders/0d/08wbx2j52nx5hjg16cshb8g80000gn/T/cargo-quickbuild-scratchpad.b10QfYYATMH4/cargo-quickbuild-scratchpad)
    Finished dev [unoptimized + debuginfo] target(s) in 1.03s
wrote to "/Users/admin/tmp/quick/typenum-1.15.0-2d8dbefa3b18ded8029f6144b6a60c7e5d90cdc7ef20468aea625266c16712d1.tar"
STARTING BUILD
"unicode-ident-1.0.3-9f60cc334e747e6fc20093024fbfa696cbb61a764cc26d92213788f74e8a830e"
     Created binary (application) package
   Compiling unicode-ident v1.0.3
   Compiling cargo-quickbuild-scratchpad v0.1.0 (/private/var/folders/0d/08wbx2j52nx5hjg16cshb8g80000gn/T/cargo-quickbuild-scratchpad.y3Y9f252PetY/cargo-quickbuild-scratchpad)
    Finished dev [unoptimized + debuginfo] target(s) in 0.30s
wrote to "/Users/admin/tmp/quick/unicode-ident-1.0.3-9f60cc334e747e6fc20093024fbfa696cbb61a764cc26d92213788f74e8a830e.tar"
STARTING BUILD
"unicode-segmentation-1.9.0-9052f7e971a448e8451994abff7b9cccfbd63ac7af8fe101287891fad5c3b69d"
     Created binary (application) package
   Compiling unicode-segmentation v1.9.0
   Compiling cargo-quickbuild-scratchpad v0.1.0 (/private/var/folders/0d/08wbx2j52nx5hjg16cshb8g80000gn/T/cargo-quickbuild-scratchpad.qBKBxzWigTqw/cargo-quickbuild-scratchpad)
    Finished dev [unoptimized + debuginfo] target(s) in 0.50s
wrote to "/Users/admin/tmp/quick/unicode-segmentation-1.9.0-9052f7e971a448e8451994abff7b9cccfbd63ac7af8fe101287891fad5c3b69d.tar"
STARTING BUILD
"unicode-width-0.1.9-0ae65d7cf1fd7a3bfcc2bd26de9afd811c62e69c47533181d083487ac84c28af"
     Created binary (application) package
   Compiling unicode-width v0.1.9
   Compiling cargo-quickbuild-scratchpad v0.1.0 (/private/var/folders/0d/08wbx2j52nx5hjg16cshb8g80000gn/T/cargo-quickbuild-scratchpad.VltVG7tLULuk/cargo-quickbuild-scratchpad)
    Finished dev [unoptimized + debuginfo] target(s) in 0.28s
wrote to "/Users/admin/tmp/quick/unicode-width-0.1.9-0ae65d7cf1fd7a3bfcc2bd26de9afd811c62e69c47533181d083487ac84c28af.tar"
STARTING BUILD
"vec_map-0.8.2-f02da96b0f05a1210ecec5dac22eda8230b49809ca17a5093f3ade205f56af58"
     Created binary (application) package
   Compiling vec_map v0.8.2
   Compiling cargo-quickbuild-scratchpad v0.1.0 (/private/var/folders/0d/08wbx2j52nx5hjg16cshb8g80000gn/T/cargo-quickbuild-scratchpad.yCyteGx7JLK9/cargo-quickbuild-scratchpad)
    Finished dev [unoptimized + debuginfo] target(s) in 0.31s
wrote to "/Users/admin/tmp/quick/vec_map-0.8.2-f02da96b0f05a1210ecec5dac22eda8230b49809ca17a5093f3ade205f56af58.tar"
STARTING BUILD
"version_check-0.9.4-18c97ce4fe41195cd1993371e72adc3a2af741ed0074a7bbd8eefe74fc20cb6a"
     Created binary (application) package
   Compiling version_check v0.9.4
   Compiling cargo-quickbuild-scratchpad v0.1.0 (/private/var/folders/0d/08wbx2j52nx5hjg16cshb8g80000gn/T/cargo-quickbuild-scratchpad.eXBRwfTwYz9z/cargo-quickbuild-scratchpad)
    Finished dev [unoptimized + debuginfo] target(s) in 0.49s
wrote to "/Users/admin/tmp/quick/version_check-0.9.4-18c97ce4fe41195cd1993371e72adc3a2af741ed0074a7bbd8eefe74fc20cb6a.tar"
START OF LEVEL 1
[cargo-quickbuild/src/scheduler.rs:34] &current_level = {
    PackageId {
        name: "aho-corasick",
        version: "0.7.18",
        source: "registry `crates-io`",
    },
    PackageId {
        name: "atty",
        version: "0.2.14",
        source: "registry `crates-io`",
    },
    PackageId {
        name: "bstr",
        version: "0.2.17",
        source: "registry `crates-io`",
    },
    PackageId {
        name: "cpufeatures",
        version: "0.2.2",
        source: "registry `crates-io`",
    },
    PackageId {
        name: "generic-array",
        version: "0.14.6",
        source: "registry `crates-io`",
    },
    PackageId {
        name: "getrandom",
        version: "0.2.7",
        source: "registry `crates-io`",
    },
    PackageId {
        name: "log",
        version: "0.4.17",
        source: "registry `crates-io`",
    },
    PackageId {
        name: "nix",
        version: "0.24.2",
        source: "registry `crates-io`",
    },
    PackageId {
        name: "proc-macro2",
        version: "1.0.43",
        source: "registry `crates-io`",
    },
    PackageId {
        name: "tempfile",
        version: "3.3.0",
        source: "registry `crates-io`",
    },
    PackageId {
        name: "term_size",
        version: "0.3.2",
        source: "registry `crates-io`",
    },
}
STARTING BUILD
"aho-corasick-0.7.18-b98da5529ba59e657439d38f6fa76b22c6b44ce3e4e3b9b562194ee12393a252"
     Created binary (application) package
   Compiling aho-corasick v0.7.18
   Compiling cargo-quickbuild-scratchpad v0.1.0 (/private/var/folders/0d/08wbx2j52nx5hjg16cshb8g80000gn/T/cargo-quickbuild-scratchpad.JKIbO8Uzldmg/cargo-quickbuild-scratchpad)
    Finished dev [unoptimized + debuginfo] target(s) in 0.73s
wrote to "/Users/admin/tmp/quick/aho-corasick-0.7.18-b98da5529ba59e657439d38f6fa76b22c6b44ce3e4e3b9b562194ee12393a252.tar"
STARTING BUILD
"atty-0.2.14-fc2a86b70e885d0a9086fe15b9ea2da5b79f78b7d856bcc6398101af542d1930"
     Created binary (application) package
   Compiling atty v0.2.14
   Compiling cargo-quickbuild-scratchpad v0.1.0 (/private/var/folders/0d/08wbx2j52nx5hjg16cshb8g80000gn/T/cargo-quickbuild-scratchpad.WyOOQLyRLvlo/cargo-quickbuild-scratchpad)
    Finished dev [unoptimized + debuginfo] target(s) in 0.28s
wrote to "/Users/admin/tmp/quick/atty-0.2.14-fc2a86b70e885d0a9086fe15b9ea2da5b79f78b7d856bcc6398101af542d1930.tar"
STARTING BUILD
"bstr-0.2.17-2febd4ab89c439c83dc89f3968b01ff05d2e45e0b704955d648b5cca807d9308"
     Created binary (application) package
   Compiling bstr v0.2.17
   Compiling cargo-quickbuild-scratchpad v0.1.0 (/private/var/folders/0d/08wbx2j52nx5hjg16cshb8g80000gn/T/cargo-quickbuild-scratchpad.vU1YfJLWwOUR/cargo-quickbuild-scratchpad)
    Finished dev [unoptimized + debuginfo] target(s) in 0.56s
wrote to "/Users/admin/tmp/quick/bstr-0.2.17-2febd4ab89c439c83dc89f3968b01ff05d2e45e0b704955d648b5cca807d9308.tar"
STARTING BUILD
"cpufeatures-0.2.2-bd726ae5bfa8cecedc78347c7408178f0d494b67d250244634153ef98154fee2"
     Created binary (application) package
   Compiling cpufeatures v0.2.2
   Compiling cargo-quickbuild-scratchpad v0.1.0 (/private/var/folders/0d/08wbx2j52nx5hjg16cshb8g80000gn/T/cargo-quickbuild-scratchpad.Fos2POL5rlq6/cargo-quickbuild-scratchpad)
    Finished dev [unoptimized + debuginfo] target(s) in 0.29s
wrote to "/Users/admin/tmp/quick/cpufeatures-0.2.2-bd726ae5bfa8cecedc78347c7408178f0d494b67d250244634153ef98154fee2.tar"
STARTING BUILD
"generic-array-0.14.6-0b9417ad18256ca21bb27a5f558ed92646b76fdeb608f0641e7cd395688b61ae"
     Created binary (application) package
   Compiling generic-array v0.14.6
   Compiling cargo-quickbuild-scratchpad v0.1.0 (/private/var/folders/0d/08wbx2j52nx5hjg16cshb8g80000gn/T/cargo-quickbuild-scratchpad.TnzhZedtbUI8/cargo-quickbuild-scratchpad)
    Finished dev [unoptimized + debuginfo] target(s) in 0.67s
wrote to "/Users/admin/tmp/quick/generic-array-0.14.6-0b9417ad18256ca21bb27a5f558ed92646b76fdeb608f0641e7cd395688b61ae.tar"
STARTING BUILD
"getrandom-0.2.7-cd8833512080fe672f91a9eeee4d3bec4553cdcf24b3cd17db920913af24ebb0"
     Created binary (application) package
   Compiling getrandom v0.2.7
   Compiling cargo-quickbuild-scratchpad v0.1.0 (/private/var/folders/0d/08wbx2j52nx5hjg16cshb8g80000gn/T/cargo-quickbuild-scratchpad.2n3vQQcwhWaD/cargo-quickbuild-scratchpad)
    Finished dev [unoptimized + debuginfo] target(s) in 0.35s
wrote to "/Users/admin/tmp/quick/getrandom-0.2.7-cd8833512080fe672f91a9eeee4d3bec4553cdcf24b3cd17db920913af24ebb0.tar"
STARTING BUILD
"log-0.4.17-deb93aa39d97daf28e59dff62a07b8c5c5acd8f4d7319007affb84b51ef57038"
     Created binary (application) package
   Compiling log v0.4.17
   Compiling cargo-quickbuild-scratchpad v0.1.0 (/private/var/folders/0d/08wbx2j52nx5hjg16cshb8g80000gn/T/cargo-quickbuild-scratchpad.f85V1FAy18oJ/cargo-quickbuild-scratchpad)
    Finished dev [unoptimized + debuginfo] target(s) in 0.52s
wrote to "/Users/admin/tmp/quick/log-0.4.17-deb93aa39d97daf28e59dff62a07b8c5c5acd8f4d7319007affb84b51ef57038.tar"
STARTING BUILD
"nix-0.24.2-601d8f4ed60dc6514910d18cdfe286b97abcd70381804a60f80ae55db6965609"
     Created binary (application) package
   Compiling nix v0.24.2
   Compiling cargo-quickbuild-scratchpad v0.1.0 (/private/var/folders/0d/08wbx2j52nx5hjg16cshb8g80000gn/T/cargo-quickbuild-scratchpad.YzFZK8raVIxv/cargo-quickbuild-scratchpad)
    Finished dev [unoptimized + debuginfo] target(s) in 0.77s
wrote to "/Users/admin/tmp/quick/nix-0.24.2-601d8f4ed60dc6514910d18cdfe286b97abcd70381804a60f80ae55db6965609.tar"
STARTING BUILD
"proc-macro2-1.0.43-3857f6afc4c4fe2df06776a26a0ddadcbe1e1cea6cce489900b7846b2803caa2"
     Created binary (application) package
   Compiling proc-macro2 v1.0.43
   Compiling cargo-quickbuild-scratchpad v0.1.0 (/private/var/folders/0d/08wbx2j52nx5hjg16cshb8g80000gn/T/cargo-quickbuild-scratchpad.9KC86fVX4bpX/cargo-quickbuild-scratchpad)
    Finished dev [unoptimized + debuginfo] target(s) in 0.96s
wrote to "/Users/admin/tmp/quick/proc-macro2-1.0.43-3857f6afc4c4fe2df06776a26a0ddadcbe1e1cea6cce489900b7846b2803caa2.tar"
STARTING BUILD
"tempfile-3.3.0-4c7df04fbfb0243c8809cb62cfd40745ce5c27ba7c265a1c6616b8614c37d4e4"
     Created binary (application) package
   Compiling tempfile v3.3.0
   Compiling cargo-quickbuild-scratchpad v0.1.0 (/private/var/folders/0d/08wbx2j52nx5hjg16cshb8g80000gn/T/cargo-quickbuild-scratchpad.M7lrerb9MoVU/cargo-quickbuild-scratchpad)
    Finished dev [unoptimized + debuginfo] target(s) in 0.47s
wrote to "/Users/admin/tmp/quick/tempfile-3.3.0-4c7df04fbfb0243c8809cb62cfd40745ce5c27ba7c265a1c6616b8614c37d4e4.tar"
STARTING BUILD
"term_size-0.3.2-0ea26f1cfc484dc0cb6d3f731cc602ac4966f1823c996441aa2cb4c897fc34dd"
     Created binary (application) package
   Compiling term_size v0.3.2
   Compiling cargo-quickbuild-scratchpad v0.1.0 (/private/var/folders/0d/08wbx2j52nx5hjg16cshb8g80000gn/T/cargo-quickbuild-scratchpad.GdRoNEpRKx2m/cargo-quickbuild-scratchpad)
    Finished dev [unoptimized + debuginfo] target(s) in 0.28s
wrote to "/Users/admin/tmp/quick/term_size-0.3.2-0ea26f1cfc484dc0cb6d3f731cc602ac4966f1823c996441aa2cb4c897fc34dd.tar"
START OF LEVEL 2
[cargo-quickbuild/src/scheduler.rs:34] &current_level = {
    PackageId {
        name: "block-buffer",
        version: "0.10.2",
        source: "registry `crates-io`",
    },
    PackageId {
        name: "crypto-common",
        version: "0.1.6",
        source: "registry `crates-io`",
    },
    PackageId {
        name: "ctrlc",
        version: "3.2.2",
        source: "registry `crates-io`",
    },
    PackageId {
        name: "quote",
        version: "1.0.21",
        source: "registry `crates-io`",
    },
    PackageId {
        name: "regex",
        version: "1.6.0",
        source: "registry `crates-io`",
    },
    PackageId {
        name: "similar",
        version: "2.2.0",
        source: "registry `crates-io`",
    },
    PackageId {
        name: "textwrap",
        version: "0.11.0",
        source: "registry `crates-io`",
    },
    PackageId {
        name: "uuid",
        version: "1.1.2",
        source: "registry `crates-io`",
    },
}
STARTING BUILD
"block-buffer-0.10.2-58b5e4f3a2e31eae03b42c921adb9c5c27056d59ec6f8aaf38724955362a3282"
     Created binary (application) package
   Compiling block-buffer v0.10.2
   Compiling cargo-quickbuild-scratchpad v0.1.0 (/private/var/folders/0d/08wbx2j52nx5hjg16cshb8g80000gn/T/cargo-quickbuild-scratchpad.EztNVkBL20Lo/cargo-quickbuild-scratchpad)
    Finished dev [unoptimized + debuginfo] target(s) in 0.30s
wrote to "/Users/admin/tmp/quick/block-buffer-0.10.2-58b5e4f3a2e31eae03b42c921adb9c5c27056d59ec6f8aaf38724955362a3282.tar"
STARTING BUILD
"crypto-common-0.1.6-382d9682b40e4300980024ff5acb08d65bcd8890e2bca080b6f798051784f173"
     Created binary (application) package
   Compiling crypto-common v0.1.6
   Compiling cargo-quickbuild-scratchpad v0.1.0 (/private/var/folders/0d/08wbx2j52nx5hjg16cshb8g80000gn/T/cargo-quickbuild-scratchpad.TMTYrWY4j9Bo/cargo-quickbuild-scratchpad)
    Finished dev [unoptimized + debuginfo] target(s) in 0.29s
wrote to "/Users/admin/tmp/quick/crypto-common-0.1.6-382d9682b40e4300980024ff5acb08d65bcd8890e2bca080b6f798051784f173.tar"
STARTING BUILD
"ctrlc-3.2.2-db0dcb038debf5a3988daaed8de42860603babb8b65e6a73986719044eb5c688"
     Created binary (application) package
   Compiling ctrlc v3.2.2
   Compiling cargo-quickbuild-scratchpad v0.1.0 (/private/var/folders/0d/08wbx2j52nx5hjg16cshb8g80000gn/T/cargo-quickbuild-scratchpad.kGjfOK8EmbHk/cargo-quickbuild-scratchpad)
    Finished dev [unoptimized + debuginfo] target(s) in 0.32s
wrote to "/Users/admin/tmp/quick/ctrlc-3.2.2-db0dcb038debf5a3988daaed8de42860603babb8b65e6a73986719044eb5c688.tar"
STARTING BUILD
"quote-1.0.21-d41951438fde5441b61a9ebc949d7265ef8cdef1642a2593445e7482be499f3f"
     Created binary (application) package
   Compiling quote v1.0.21
   Compiling cargo-quickbuild-scratchpad v0.1.0 (/private/var/folders/0d/08wbx2j52nx5hjg16cshb8g80000gn/T/cargo-quickbuild-scratchpad.2kusAvVV8GGh/cargo-quickbuild-scratchpad)
    Finished dev [unoptimized + debuginfo] target(s) in 0.66s
wrote to "/Users/admin/tmp/quick/quote-1.0.21-d41951438fde5441b61a9ebc949d7265ef8cdef1642a2593445e7482be499f3f.tar"
STARTING BUILD
"regex-1.6.0-9bbce12148b18b277a04205487666984dd09c18dfe7601ee6b21820c284418e3"
     Created binary (application) package
   Compiling regex v1.6.0
   Compiling cargo-quickbuild-scratchpad v0.1.0 (/private/var/folders/0d/08wbx2j52nx5hjg16cshb8g80000gn/T/cargo-quickbuild-scratchpad.k9kVWsPOqa5a/cargo-quickbuild-scratchpad)
    Finished dev [unoptimized + debuginfo] target(s) in 2.15s
wrote to "/Users/admin/tmp/quick/regex-1.6.0-9bbce12148b18b277a04205487666984dd09c18dfe7601ee6b21820c284418e3.tar"
STARTING BUILD
"similar-2.2.0-085d7f033b65dd6c79b5e09a200b896f0c5e5bb03aea1b0d49e801d52cd8a214"
     Created binary (application) package
   Compiling similar v2.2.0
   Compiling cargo-quickbuild-scratchpad v0.1.0 (/private/var/folders/0d/08wbx2j52nx5hjg16cshb8g80000gn/T/cargo-quickbuild-scratchpad.L45bJci590gk/cargo-quickbuild-scratchpad)
    Finished dev [unoptimized + debuginfo] target(s) in 1.00s
wrote to "/Users/admin/tmp/quick/similar-2.2.0-085d7f033b65dd6c79b5e09a200b896f0c5e5bb03aea1b0d49e801d52cd8a214.tar"
STARTING BUILD
"textwrap-0.11.0-e1e25e7ccfcff59945fae2d8428bd9ffa9edacd82971a86e8faad9295e313ccf"
     Created binary (application) package
   Compiling textwrap v0.11.0
   Compiling cargo-quickbuild-scratchpad v0.1.0 (/private/var/folders/0d/08wbx2j52nx5hjg16cshb8g80000gn/T/cargo-quickbuild-scratchpad.IRTGBJR0mvo4/cargo-quickbuild-scratchpad)
    Finished dev [unoptimized + debuginfo] target(s) in 0.42s
wrote to "/Users/admin/tmp/quick/textwrap-0.11.0-e1e25e7ccfcff59945fae2d8428bd9ffa9edacd82971a86e8faad9295e313ccf.tar"
STARTING BUILD
"uuid-1.1.2-48c0354a4a93dd1df27bf336d009923dbd38156fc96ee9edd0d3b78606f1244e"
     Created binary (application) package
   Compiling uuid v1.1.2
   Compiling cargo-quickbuild-scratchpad v0.1.0 (/private/var/folders/0d/08wbx2j52nx5hjg16cshb8g80000gn/T/cargo-quickbuild-scratchpad.Qg0LWy4m1A5N/cargo-quickbuild-scratchpad)
    Finished dev [unoptimized + debuginfo] target(s) in 0.43s
wrote to "/Users/admin/tmp/quick/uuid-1.1.2-48c0354a4a93dd1df27bf336d009923dbd38156fc96ee9edd0d3b78606f1244e.tar"
START OF LEVEL 3
[cargo-quickbuild/src/scheduler.rs:34] &current_level = {
    PackageId {
        name: "clap",
        version: "2.34.0",
        source: "registry `crates-io`",
    },
    PackageId {
        name: "digest",
        version: "0.10.3",
        source: "registry `crates-io`",
    },
    PackageId {
        name: "env_logger",
        version: "0.9.0",
        source: "registry `crates-io`",
    },
    PackageId {
        name: "syn",
        version: "1.0.99",
        source: "registry `crates-io`",
    },
}
STARTING BUILD
"clap-2.34.0-27512f558f8d040ed329e046bc8553c77dadb61600d5bbbab9ed02124bb206f8"
     Created binary (application) package
   Compiling clap v2.34.0
   Compiling cargo-quickbuild-scratchpad v0.1.0 (/private/var/folders/0d/08wbx2j52nx5hjg16cshb8g80000gn/T/cargo-quickbuild-scratchpad.asHcVQCkmyyG/cargo-quickbuild-scratchpad)
    Finished dev [unoptimized + debuginfo] target(s) in 2.77s
wrote to "/Users/admin/tmp/quick/clap-2.34.0-27512f558f8d040ed329e046bc8553c77dadb61600d5bbbab9ed02124bb206f8.tar"
STARTING BUILD
"digest-0.10.3-bb171c4e9f61f8878a58520f1929ce26b336bbac38c05cc2d703e761a1497bef"
     Created binary (application) package
   Compiling digest v0.10.3
   Compiling cargo-quickbuild-scratchpad v0.1.0 (/private/var/folders/0d/08wbx2j52nx5hjg16cshb8g80000gn/T/cargo-quickbuild-scratchpad.HhgMR7mS0Z7y/cargo-quickbuild-scratchpad)
    Finished dev [unoptimized + debuginfo] target(s) in 0.33s
wrote to "/Users/admin/tmp/quick/digest-0.10.3-bb171c4e9f61f8878a58520f1929ce26b336bbac38c05cc2d703e761a1497bef.tar"
STARTING BUILD
"env_logger-0.9.0-ff4588b487573af374d300e755acffe60ef32199ffa4546affd69f297004687c"
     Created binary (application) package
   Compiling env_logger v0.9.0
   Compiling cargo-quickbuild-scratchpad v0.1.0 (/private/var/folders/0d/08wbx2j52nx5hjg16cshb8g80000gn/T/cargo-quickbuild-scratchpad.Mcpacwtdc4gi/cargo-quickbuild-scratchpad)
    Finished dev [unoptimized + debuginfo] target(s) in 0.62s
wrote to "/Users/admin/tmp/quick/env_logger-0.9.0-ff4588b487573af374d300e755acffe60ef32199ffa4546affd69f297004687c.tar"
STARTING BUILD
"syn-1.0.99-8686ae658cb9b9d456a1fd3e99a78a8c824d801c2fa93fd9f544a8e4a0bce969"
     Created binary (application) package
   Compiling syn v1.0.99
   Compiling cargo-quickbuild-scratchpad v0.1.0 (/private/var/folders/0d/08wbx2j52nx5hjg16cshb8g80000gn/T/cargo-quickbuild-scratchpad.JYKovJpov8yi/cargo-quickbuild-scratchpad)
    Finished dev [unoptimized + debuginfo] target(s) in 4.24s
wrote to "/Users/admin/tmp/quick/syn-1.0.99-8686ae658cb9b9d456a1fd3e99a78a8c824d801c2fa93fd9f544a8e4a0bce969.tar"
START OF LEVEL 4
[cargo-quickbuild/src/scheduler.rs:34] &current_level = {
    PackageId {
        name: "derivative",
        version: "2.2.0",
        source: "registry `crates-io`",
    },
    PackageId {
        name: "serde_derive",
        version: "1.0.143",
        source: "registry `crates-io`",
    },
    PackageId {
        name: "sha2",
        version: "0.10.2",
        source: "registry `crates-io`",
    },
    PackageId {
        name: "snafu-derive",
        version: "0.7.1",
        source: "registry `crates-io`",
    },
    PackageId {
        name: "strum_macros",
        version: "0.24.3",
        source: "registry `crates-io`",
    },
}
STARTING BUILD
"derivative-2.2.0-b5f1ea2d522dc030ee83763577a17e29d9094da5f271f10704d13c9da635a743"
     Created binary (application) package
   Compiling syn v1.0.99
   Compiling derivative v2.2.0
   Compiling cargo-quickbuild-scratchpad v0.1.0 (/private/var/folders/0d/08wbx2j52nx5hjg16cshb8g80000gn/T/cargo-quickbuild-scratchpad.taXCnDC7h7wU/cargo-quickbuild-scratchpad)
    Finished dev [unoptimized + debuginfo] target(s) in 4.18s
wrote to "/Users/admin/tmp/quick/derivative-2.2.0-b5f1ea2d522dc030ee83763577a17e29d9094da5f271f10704d13c9da635a743.tar"
STARTING BUILD
"serde_derive-1.0.143-05bf103c3229bfdd33aecefadd8eff7f6722bff99f81af7bcefc37a60f596e2b"
     Created binary (application) package
   Compiling syn v1.0.99
   Compiling serde_derive v1.0.143
   Compiling cargo-quickbuild-scratchpad v0.1.0 (/private/var/folders/0d/08wbx2j52nx5hjg16cshb8g80000gn/T/cargo-quickbuild-scratchpad.R0uIge8bfQc4/cargo-quickbuild-scratchpad)
    Finished dev [unoptimized + debuginfo] target(s) in 5.08s
wrote to "/Users/admin/tmp/quick/serde_derive-1.0.143-05bf103c3229bfdd33aecefadd8eff7f6722bff99f81af7bcefc37a60f596e2b.tar"
STARTING BUILD
"sha2-0.10.2-17021d7a4ecf64158d64ce3f4754c97c78651f2e4bc64591a15acbf06280c3ff"
     Created binary (application) package
   Compiling sha2 v0.10.2
   Compiling cargo-quickbuild-scratchpad v0.1.0 (/private/var/folders/0d/08wbx2j52nx5hjg16cshb8g80000gn/T/cargo-quickbuild-scratchpad.IMHerHEetHyh/cargo-quickbuild-scratchpad)
    Finished dev [unoptimized + debuginfo] target(s) in 0.40s
wrote to "/Users/admin/tmp/quick/sha2-0.10.2-17021d7a4ecf64158d64ce3f4754c97c78651f2e4bc64591a15acbf06280c3ff.tar"
STARTING BUILD
"snafu-derive-0.7.1-e1b91e718eefad4be275c7071c72dbcf77badc729808655fd6e091e0b376d16c"
     Created binary (application) package
   Compiling syn v1.0.99
   Compiling snafu-derive v0.7.1
   Compiling cargo-quickbuild-scratchpad v0.1.0 (/private/var/folders/0d/08wbx2j52nx5hjg16cshb8g80000gn/T/cargo-quickbuild-scratchpad.xV467u0vWbTw/cargo-quickbuild-scratchpad)
    Finished dev [unoptimized + debuginfo] target(s) in 5.12s
wrote to "/Users/admin/tmp/quick/snafu-derive-0.7.1-e1b91e718eefad4be275c7071c72dbcf77badc729808655fd6e091e0b376d16c.tar"
STARTING BUILD
"strum_macros-0.24.3-5059bc07db8f6d58c5dcea89ef254d98c825b9af976b66995a82fbced55493bd"
     Created binary (application) package
   Compiling syn v1.0.99
   Compiling strum_macros v0.24.3
   Compiling cargo-quickbuild-scratchpad v0.1.0 (/private/var/folders/0d/08wbx2j52nx5hjg16cshb8g80000gn/T/cargo-quickbuild-scratchpad.wsrQSCbSjTSe/cargo-quickbuild-scratchpad)
    Finished dev [unoptimized + debuginfo] target(s) in 3.90s
wrote to "/Users/admin/tmp/quick/strum_macros-0.24.3-5059bc07db8f6d58c5dcea89ef254d98c825b9af976b66995a82fbced55493bd.tar"
START OF LEVEL 5
[cargo-quickbuild/src/scheduler.rs:34] &current_level = {
    PackageId {
        name: "serde",
        version: "1.0.143",
        source: "registry `crates-io`",
    },
    PackageId {
        name: "snafu",
        version: "0.7.1",
        source: "registry `crates-io`",
    },
    PackageId {
        name: "strum",
        version: "0.24.1",
        source: "registry `crates-io`",
    },
}
STARTING BUILD
"serde-1.0.143-5b4ece91aafd9dbf55a9088408533bfaa72a22f2699f3bde81308ff6476728cc"
     Created binary (application) package
   Compiling serde v1.0.143
   Compiling cargo-quickbuild-scratchpad v0.1.0 (/private/var/folders/0d/08wbx2j52nx5hjg16cshb8g80000gn/T/cargo-quickbuild-scratchpad.EHXsYF2PFC1G/cargo-quickbuild-scratchpad)
    Finished dev [unoptimized + debuginfo] target(s) in 2.06s
wrote to "/Users/admin/tmp/quick/serde-1.0.143-5b4ece91aafd9dbf55a9088408533bfaa72a22f2699f3bde81308ff6476728cc.tar"
STARTING BUILD
"snafu-0.7.1-03dbee684434cd5946e26a028670e1ede1bea9f1f0ae9fa8fdc440897bff5653"
     Created binary (application) package
   Compiling snafu v0.7.1
   Compiling cargo-quickbuild-scratchpad v0.1.0 (/private/var/folders/0d/08wbx2j52nx5hjg16cshb8g80000gn/T/cargo-quickbuild-scratchpad.KeyNAQsmE0ZF/cargo-quickbuild-scratchpad)
    Finished dev [unoptimized + debuginfo] target(s) in 0.36s
wrote to "/Users/admin/tmp/quick/snafu-0.7.1-03dbee684434cd5946e26a028670e1ede1bea9f1f0ae9fa8fdc440897bff5653.tar"
STARTING BUILD
"strum-0.24.1-511f17acec7807b1fe6b5bcf34d4c7916c68d8afab1d7299a1c86924268e3a2d"
     Created binary (application) package
   Compiling strum v0.24.1
   Compiling cargo-quickbuild-scratchpad v0.1.0 (/private/var/folders/0d/08wbx2j52nx5hjg16cshb8g80000gn/T/cargo-quickbuild-scratchpad.lIuDtlghm0uc/cargo-quickbuild-scratchpad)
    Finished dev [unoptimized + debuginfo] target(s) in 0.29s
wrote to "/Users/admin/tmp/quick/strum-0.24.1-511f17acec7807b1fe6b5bcf34d4c7916c68d8afab1d7299a1c86924268e3a2d.tar"
START OF LEVEL 6
[cargo-quickbuild/src/scheduler.rs:34] &current_level = {
    PackageId {
        name: "serde_json",
        version: "1.0.83",
        source: "registry `crates-io`",
    },
}
STARTING BUILD
"serde_json-1.0.83-51c43b9c8be058b10b8139009f0c306b35953ec457efbaa95c2625646d5d2b16"
     Created binary (application) package
   Compiling serde_json v1.0.83
   Compiling cargo-quickbuild-scratchpad v0.1.0 (/private/var/folders/0d/08wbx2j52nx5hjg16cshb8g80000gn/T/cargo-quickbuild-scratchpad.VDrf3gXniC5o/cargo-quickbuild-scratchpad)
    Finished dev [unoptimized + debuginfo] target(s) in 1.24s
wrote to "/Users/admin/tmp/quick/serde_json-1.0.83-51c43b9c8be058b10b8139009f0c306b35953ec457efbaa95c2625646d5d2b16.tar"
START OF LEVEL 7
[cargo-quickbuild/src/scheduler.rs:34] &current_level = {
    PackageId {
        name: "just",
        version: "1.4.0",
        source: "registry `crates-io`",
    },
}
🎉 We're done here 🎉
