    Updating crates.io index
 Downloading crates ...
  Downloaded strum_macros v0.24.2
  Downloaded shellexpand v2.1.0
  Downloaded tokio v1.20.0
  Downloaded handlebars v4.3.2
  Downloaded clap_complete v3.2.3
  Downloaded clap v3.2.12
START OF LEVEL 0
[cargo-quickbuild/src/scheduler.rs:34] &current_level = {
    PackageId {
        name: "anyhow",
        version: "1.0.58",
        source: "registry `crates-io`",
    },
    PackageId {
        name: "autocfg",
        version: "1.1.0",
        source: "registry `crates-io`",
    },
    PackageId {
        name: "base64",
        version: "0.13.0",
        source: "registry `crates-io`",
    },
    PackageId {
        name: "bitflags",
        version: "1.3.2",
        source: "registry `crates-io`",
    },
    PackageId {
        name: "byte-tools",
        version: "0.3.1",
        source: "registry `crates-io`",
    },
    PackageId {
        name: "byteorder",
        version: "1.4.3",
        source: "registry `crates-io`",
    },
    PackageId {
        name: "bytes",
        version: "1.1.0",
        source: "registry `crates-io`",
    },
    PackageId {
        name: "cc",
        version: "1.0.73",
        source: "registry `crates-io`",
    },
    PackageId {
        name: "cfg-if",
        version: "1.0.0",
        source: "registry `crates-io`",
    },
    PackageId {
        name: "fake-simd",
        version: "0.1.2",
        source: "registry `crates-io`",
    },
    PackageId {
        name: "fastrand",
        version: "1.7.0",
        source: "registry `crates-io`",
    },
    PackageId {
        name: "half",
        version: "1.8.2",
        source: "registry `crates-io`",
    },
    PackageId {
        name: "hashbrown",
        version: "0.12.3",
        source: "registry `crates-io`",
    },
    PackageId {
        name: "heck",
        version: "0.4.0",
        source: "registry `crates-io`",
    },
    PackageId {
        name: "itoa",
        version: "1.0.2",
        source: "registry `crates-io`",
    },
    PackageId {
        name: "libc",
        version: "0.2.126",
        source: "registry `crates-io`",
    },
    PackageId {
        name: "linked-hash-map",
        version: "0.5.6",
        source: "registry `crates-io`",
    },
    PackageId {
        name: "maplit",
        version: "1.0.2",
        source: "registry `crates-io`",
    },
    PackageId {
        name: "memchr",
        version: "2.5.0",
        source: "registry `crates-io`",
    },
    PackageId {
        name: "once_cell",
        version: "1.13.0",
        source: "registry `crates-io`",
    },
    PackageId {
        name: "opaque-debug",
        version: "0.2.3",
        source: "registry `crates-io`",
    },
    PackageId {
        name: "os_str_bytes",
        version: "6.2.0",
        source: "registry `crates-io`",
    },
    PackageId {
        name: "pin-project-lite",
        version: "0.2.9",
        source: "registry `crates-io`",
    },
    PackageId {
        name: "ppv-lite86",
        version: "0.2.16",
        source: "registry `crates-io`",
    },
    PackageId {
        name: "remove_dir_all",
        version: "0.5.3",
        source: "registry `crates-io`",
    },
    PackageId {
        name: "rustversion",
        version: "1.0.8",
        source: "registry `crates-io`",
    },
    PackageId {
        name: "ryu",
        version: "1.0.10",
        source: "registry `crates-io`",
    },
    PackageId {
        name: "scanlex",
        version: "0.1.4",
        source: "registry `crates-io`",
    },
    PackageId {
        name: "scopeguard",
        version: "1.1.0",
        source: "registry `crates-io`",
    },
    PackageId {
        name: "serde",
        version: "1.0.139",
        source: "registry `crates-io`",
    },
    PackageId {
        name: "shell-escape",
        version: "0.1.5",
        source: "registry `crates-io`",
    },
    PackageId {
        name: "smallvec",
        version: "1.9.0",
        source: "registry `crates-io`",
    },
    PackageId {
        name: "snap",
        version: "1.0.5",
        source: "registry `crates-io`",
    },
    PackageId {
        name: "strsim",
        version: "0.10.0",
        source: "registry `crates-io`",
    },
    PackageId {
        name: "strum",
        version: "0.24.1",
        source: "registry `crates-io`",
    },
    PackageId {
        name: "termcolor",
        version: "1.1.3",
        source: "registry `crates-io`",
    },
    PackageId {
        name: "textwrap",
        version: "0.15.0",
        source: "registry `crates-io`",
    },
    PackageId {
        name: "time-macros",
        version: "0.2.4",
        source: "registry `crates-io`",
    },
    PackageId {
        name: "typenum",
        version: "1.15.0",
        source: "registry `crates-io`",
    },
    PackageId {
        name: "ucd-trie",
        version: "0.1.4",
        source: "registry `crates-io`",
    },
    PackageId {
        name: "unicode-ident",
        version: "1.0.2",
        source: "registry `crates-io`",
    },
    PackageId {
        name: "unicode-width",
        version: "0.1.9",
        source: "registry `crates-io`",
    },
    PackageId {
        name: "untrusted",
        version: "0.7.1",
        source: "registry `crates-io`",
    },
    PackageId {
        name: "version_check",
        version: "0.9.4",
        source: "registry `crates-io`",
    },
    PackageId {
        name: "whoami",
        version: "1.2.1",
        source: "registry `crates-io`",
    },
}
STARTING BUILD
"anyhow-1.0.58-73100710d71699e12bb71599f29035682de5264eab4c7fd48bd631e15850b120"
     Created binary (application) package
   Compiling anyhow v1.0.58
   Compiling cargo-quickbuild-scratchpad v0.1.0 (/private/var/folders/0d/08wbx2j52nx5hjg16cshb8g80000gn/T/cargo-quickbuild-scratchpad.sETp0DS5rDq9/cargo-quickbuild-scratchpad)
    Finished dev [unoptimized + debuginfo] target(s) in 0.73s
wrote to "/Users/admin/tmp/quick/anyhow-1.0.58-73100710d71699e12bb71599f29035682de5264eab4c7fd48bd631e15850b120.tar"
STARTING BUILD
"autocfg-1.1.0-a2a3cd9f808e9399d00cfb1c7bf6eebb60abff61d1c15b0b0b9805224d67e65f"
     Created binary (application) package
   Compiling autocfg v1.1.0
   Compiling cargo-quickbuild-scratchpad v0.1.0 (/private/var/folders/0d/08wbx2j52nx5hjg16cshb8g80000gn/T/cargo-quickbuild-scratchpad.X1NPLOMdcJo1/cargo-quickbuild-scratchpad)
    Finished dev [unoptimized + debuginfo] target(s) in 0.51s
wrote to "/Users/admin/tmp/quick/autocfg-1.1.0-a2a3cd9f808e9399d00cfb1c7bf6eebb60abff61d1c15b0b0b9805224d67e65f.tar"
STARTING BUILD
"base64-0.13.0-965492bfb8a919399c140065e4af5be5d835d8439a09959813d3620f51f190cb"
     Created binary (application) package
   Compiling base64 v0.13.0
   Compiling cargo-quickbuild-scratchpad v0.1.0 (/private/var/folders/0d/08wbx2j52nx5hjg16cshb8g80000gn/T/cargo-quickbuild-scratchpad.cgnzNPJ83jKz/cargo-quickbuild-scratchpad)
    Finished dev [unoptimized + debuginfo] target(s) in 0.43s
wrote to "/Users/admin/tmp/quick/base64-0.13.0-965492bfb8a919399c140065e4af5be5d835d8439a09959813d3620f51f190cb.tar"
STARTING BUILD
"bitflags-1.3.2-f9131a0a2e3402a9185e19603221d22ea8ef1985256926f6acdd833068dee051"
     Created binary (application) package
   Compiling bitflags v1.3.2
   Compiling cargo-quickbuild-scratchpad v0.1.0 (/private/var/folders/0d/08wbx2j52nx5hjg16cshb8g80000gn/T/cargo-quickbuild-scratchpad.f5anMJbrBUpw/cargo-quickbuild-scratchpad)
    Finished dev [unoptimized + debuginfo] target(s) in 0.27s
wrote to "/Users/admin/tmp/quick/bitflags-1.3.2-f9131a0a2e3402a9185e19603221d22ea8ef1985256926f6acdd833068dee051.tar"
STARTING BUILD
"byte-tools-0.3.1-7bbcced2cb1fc59183eaf4b4b1537edf7a42f61d4d5749ef8bf77c96cb0957a2"
     Created binary (application) package
   Compiling byte-tools v0.3.1
   Compiling cargo-quickbuild-scratchpad v0.1.0 (/private/var/folders/0d/08wbx2j52nx5hjg16cshb8g80000gn/T/cargo-quickbuild-scratchpad.Lx6SmeknyD7d/cargo-quickbuild-scratchpad)
    Finished dev [unoptimized + debuginfo] target(s) in 0.27s
wrote to "/Users/admin/tmp/quick/byte-tools-0.3.1-7bbcced2cb1fc59183eaf4b4b1537edf7a42f61d4d5749ef8bf77c96cb0957a2.tar"
STARTING BUILD
"byteorder-1.4.3-0907e21955bdb6cf7f225f5bf15284534de2f91a073637cf52fe94f6646f0292"
     Created binary (application) package
   Compiling byteorder v1.4.3
   Compiling cargo-quickbuild-scratchpad v0.1.0 (/private/var/folders/0d/08wbx2j52nx5hjg16cshb8g80000gn/T/cargo-quickbuild-scratchpad.S3NROVfwSczK/cargo-quickbuild-scratchpad)
    Finished dev [unoptimized + debuginfo] target(s) in 0.38s
wrote to "/Users/admin/tmp/quick/byteorder-1.4.3-0907e21955bdb6cf7f225f5bf15284534de2f91a073637cf52fe94f6646f0292.tar"
STARTING BUILD
"bytes-1.1.0-50491cb462237c454a7e00c85af4c6795d03bdf92e1308273ca01cee79afe0d5"
     Created binary (application) package
   Compiling bytes v1.1.0
   Compiling cargo-quickbuild-scratchpad v0.1.0 (/private/var/folders/0d/08wbx2j52nx5hjg16cshb8g80000gn/T/cargo-quickbuild-scratchpad.n9nf8AAa5fdI/cargo-quickbuild-scratchpad)
    Finished dev [unoptimized + debuginfo] target(s) in 0.55s
wrote to "/Users/admin/tmp/quick/bytes-1.1.0-50491cb462237c454a7e00c85af4c6795d03bdf92e1308273ca01cee79afe0d5.tar"
STARTING BUILD
"cc-1.0.73-b7d91554ef8ede63f6f97e85186ce1241284f501f47f112753fd9b8b9ec427d7"
     Created binary (application) package
   Compiling cc v1.0.73
   Compiling cargo-quickbuild-scratchpad v0.1.0 (/private/var/folders/0d/08wbx2j52nx5hjg16cshb8g80000gn/T/cargo-quickbuild-scratchpad.zSXtcYZb59CX/cargo-quickbuild-scratchpad)
    Finished dev [unoptimized + debuginfo] target(s) in 1.02s
wrote to "/Users/admin/tmp/quick/cc-1.0.73-b7d91554ef8ede63f6f97e85186ce1241284f501f47f112753fd9b8b9ec427d7.tar"
STARTING BUILD
"cfg-if-1.0.0-1c5c0556da306059c2ff0e0ec4cfb9a11c31bbf0fc81e44ac39ecc5ad6c1ce48"
     Created binary (application) package
   Compiling cfg-if v1.0.0
   Compiling cargo-quickbuild-scratchpad v0.1.0 (/private/var/folders/0d/08wbx2j52nx5hjg16cshb8g80000gn/T/cargo-quickbuild-scratchpad.LqeHMyGDsFPB/cargo-quickbuild-scratchpad)
    Finished dev [unoptimized + debuginfo] target(s) in 0.27s
wrote to "/Users/admin/tmp/quick/cfg-if-1.0.0-1c5c0556da306059c2ff0e0ec4cfb9a11c31bbf0fc81e44ac39ecc5ad6c1ce48.tar"
STARTING BUILD
"fake-simd-0.1.2-48a8fb3102c7a29553bb5771ce4ee0c0a85047e451fddb87ae87ba393c39db95"
     Created binary (application) package
   Compiling fake-simd v0.1.2
   Compiling cargo-quickbuild-scratchpad v0.1.0 (/private/var/folders/0d/08wbx2j52nx5hjg16cshb8g80000gn/T/cargo-quickbuild-scratchpad.mKFRHj7pyQd8/cargo-quickbuild-scratchpad)
    Finished dev [unoptimized + debuginfo] target(s) in 0.28s
wrote to "/Users/admin/tmp/quick/fake-simd-0.1.2-48a8fb3102c7a29553bb5771ce4ee0c0a85047e451fddb87ae87ba393c39db95.tar"
STARTING BUILD
"fastrand-1.7.0-0eb5c9e6346369f2f74e27b905a19ce14f89226678cfb2569fecd9bdecd3af35"
     Created binary (application) package
   Compiling fastrand v1.7.0
   Compiling cargo-quickbuild-scratchpad v0.1.0 (/private/var/folders/0d/08wbx2j52nx5hjg16cshb8g80000gn/T/cargo-quickbuild-scratchpad.zhHAeD4ZTMj6/cargo-quickbuild-scratchpad)
    Finished dev [unoptimized + debuginfo] target(s) in 0.39s
wrote to "/Users/admin/tmp/quick/fastrand-1.7.0-0eb5c9e6346369f2f74e27b905a19ce14f89226678cfb2569fecd9bdecd3af35.tar"
STARTING BUILD
"half-1.8.2-35993c39c03c9c65a253d63c222c29387cac8cbfb148d8ed20444ea6cde21127"
     Created binary (application) package
   Compiling half v1.8.2
   Compiling cargo-quickbuild-scratchpad v0.1.0 (/private/var/folders/0d/08wbx2j52nx5hjg16cshb8g80000gn/T/cargo-quickbuild-scratchpad.JmZwv1JIqVMn/cargo-quickbuild-scratchpad)
    Finished dev [unoptimized + debuginfo] target(s) in 0.44s
wrote to "/Users/admin/tmp/quick/half-1.8.2-35993c39c03c9c65a253d63c222c29387cac8cbfb148d8ed20444ea6cde21127.tar"
STARTING BUILD
"hashbrown-0.12.3-d619e673b119638eadb3dda077a2cc940c23b3f1ddcc2d3e686d9d0962b87ab4"
     Created binary (application) package
   Compiling hashbrown v0.12.3
   Compiling cargo-quickbuild-scratchpad v0.1.0 (/private/var/folders/0d/08wbx2j52nx5hjg16cshb8g80000gn/T/cargo-quickbuild-scratchpad.fvHerOrybN9a/cargo-quickbuild-scratchpad)
    Finished dev [unoptimized + debuginfo] target(s) in 0.51s
wrote to "/Users/admin/tmp/quick/hashbrown-0.12.3-d619e673b119638eadb3dda077a2cc940c23b3f1ddcc2d3e686d9d0962b87ab4.tar"
STARTING BUILD
"heck-0.4.0-12921529bb3c38ec58c29b55882e50ad0933cf74d09a9c899c05ffe21a79c74b"
     Created binary (application) package
   Compiling heck v0.4.0
   Compiling cargo-quickbuild-scratchpad v0.1.0 (/private/var/folders/0d/08wbx2j52nx5hjg16cshb8g80000gn/T/cargo-quickbuild-scratchpad.O7af7XsZBxN5/cargo-quickbuild-scratchpad)
    Finished dev [unoptimized + debuginfo] target(s) in 0.39s
wrote to "/Users/admin/tmp/quick/heck-0.4.0-12921529bb3c38ec58c29b55882e50ad0933cf74d09a9c899c05ffe21a79c74b.tar"
STARTING BUILD
"itoa-1.0.2-de976576c08177f6d247b3a55ca61770b07c7f70783104231e36c3218d25e61c"
     Created binary (application) package
   Compiling itoa v1.0.2
   Compiling cargo-quickbuild-scratchpad v0.1.0 (/private/var/folders/0d/08wbx2j52nx5hjg16cshb8g80000gn/T/cargo-quickbuild-scratchpad.Q70zY622EPPY/cargo-quickbuild-scratchpad)
    Finished dev [unoptimized + debuginfo] target(s) in 0.30s
wrote to "/Users/admin/tmp/quick/itoa-1.0.2-de976576c08177f6d247b3a55ca61770b07c7f70783104231e36c3218d25e61c.tar"
STARTING BUILD
"libc-0.2.126-7740fbe8c77d7f386bb68af0feec90d9f6f9db911319c973b469e0e54142dbbb"
     Created binary (application) package
   Compiling libc v0.2.126
   Compiling cargo-quickbuild-scratchpad v0.1.0 (/private/var/folders/0d/08wbx2j52nx5hjg16cshb8g80000gn/T/cargo-quickbuild-scratchpad.Su0W2lyT9V8Z/cargo-quickbuild-scratchpad)
    Finished dev [unoptimized + debuginfo] target(s) in 1.18s
wrote to "/Users/admin/tmp/quick/libc-0.2.126-7740fbe8c77d7f386bb68af0feec90d9f6f9db911319c973b469e0e54142dbbb.tar"
STARTING BUILD
"linked-hash-map-0.5.6-d475ca537bde7ba0d9e0f4943d3670fd4dca5a7f73147433cd6a0dcf45251fdb"
     Created binary (application) package
   Compiling linked-hash-map v0.5.6
   Compiling cargo-quickbuild-scratchpad v0.1.0 (/private/var/folders/0d/08wbx2j52nx5hjg16cshb8g80000gn/T/cargo-quickbuild-scratchpad.cBnPKddTuUz1/cargo-quickbuild-scratchpad)
    Finished dev [unoptimized + debuginfo] target(s) in 0.36s
wrote to "/Users/admin/tmp/quick/linked-hash-map-0.5.6-d475ca537bde7ba0d9e0f4943d3670fd4dca5a7f73147433cd6a0dcf45251fdb.tar"
STARTING BUILD
"maplit-1.0.2-8cecbe578fed3eb46b64e6c2f7cc51306e7f53b94f63f144248ada82b50e9374"
     Created binary (application) package
   Compiling maplit v1.0.2
   Compiling cargo-quickbuild-scratchpad v0.1.0 (/private/var/folders/0d/08wbx2j52nx5hjg16cshb8g80000gn/T/cargo-quickbuild-scratchpad.OaLTKBobfUcn/cargo-quickbuild-scratchpad)
    Finished dev [unoptimized + debuginfo] target(s) in 0.27s
wrote to "/Users/admin/tmp/quick/maplit-1.0.2-8cecbe578fed3eb46b64e6c2f7cc51306e7f53b94f63f144248ada82b50e9374.tar"
STARTING BUILD
"memchr-2.5.0-c85929c43a36ec4df13d6ab16628d5f2d1b4a35e193f2f56ab1841a594ef2e66"
     Created binary (application) package
   Compiling memchr v2.5.0
   Compiling cargo-quickbuild-scratchpad v0.1.0 (/private/var/folders/0d/08wbx2j52nx5hjg16cshb8g80000gn/T/cargo-quickbuild-scratchpad.rQAC01M0kxGi/cargo-quickbuild-scratchpad)
    Finished dev [unoptimized + debuginfo] target(s) in 0.67s
wrote to "/Users/admin/tmp/quick/memchr-2.5.0-c85929c43a36ec4df13d6ab16628d5f2d1b4a35e193f2f56ab1841a594ef2e66.tar"
STARTING BUILD
"once_cell-1.13.0-b70fe0db68bf80c04cce3094083b6a53723261688a10c987a9b326cf63131d86"
     Created binary (application) package
   Compiling once_cell v1.13.0
   Compiling cargo-quickbuild-scratchpad v0.1.0 (/private/var/folders/0d/08wbx2j52nx5hjg16cshb8g80000gn/T/cargo-quickbuild-scratchpad.NoB00xWF9szl/cargo-quickbuild-scratchpad)
    Finished dev [unoptimized + debuginfo] target(s) in 0.35s
wrote to "/Users/admin/tmp/quick/once_cell-1.13.0-b70fe0db68bf80c04cce3094083b6a53723261688a10c987a9b326cf63131d86.tar"
STARTING BUILD
"opaque-debug-0.2.3-c5d97964ec179ee78fc1075217260dfa48926d92dcaa3e54d161038d2af9a6fe"
     Created binary (application) package
   Compiling opaque-debug v0.2.3
   Compiling cargo-quickbuild-scratchpad v0.1.0 (/private/var/folders/0d/08wbx2j52nx5hjg16cshb8g80000gn/T/cargo-quickbuild-scratchpad.nbbc9KwEYSWQ/cargo-quickbuild-scratchpad)
    Finished dev [unoptimized + debuginfo] target(s) in 0.27s
wrote to "/Users/admin/tmp/quick/opaque-debug-0.2.3-c5d97964ec179ee78fc1075217260dfa48926d92dcaa3e54d161038d2af9a6fe.tar"
STARTING BUILD
"os_str_bytes-6.2.0-74b5c399786e47de576fe73fca996d2494e059dbbd905be29060a97bd2fe2e9a"
     Created binary (application) package
   Compiling os_str_bytes v6.2.0
   Compiling cargo-quickbuild-scratchpad v0.1.0 (/private/var/folders/0d/08wbx2j52nx5hjg16cshb8g80000gn/T/cargo-quickbuild-scratchpad.xtSsFEPBej7a/cargo-quickbuild-scratchpad)
    Finished dev [unoptimized + debuginfo] target(s) in 0.38s
wrote to "/Users/admin/tmp/quick/os_str_bytes-6.2.0-74b5c399786e47de576fe73fca996d2494e059dbbd905be29060a97bd2fe2e9a.tar"
STARTING BUILD
"pin-project-lite-0.2.9-d289e6d8ece21de19fc09a54b50b694adff8c4ef2027035a8eb43ef390f2e447"
     Created binary (application) package
   Compiling pin-project-lite v0.2.9
   Compiling cargo-quickbuild-scratchpad v0.1.0 (/private/var/folders/0d/08wbx2j52nx5hjg16cshb8g80000gn/T/cargo-quickbuild-scratchpad.J8fnUrNg2l0e/cargo-quickbuild-scratchpad)
    Finished dev [unoptimized + debuginfo] target(s) in 0.28s
wrote to "/Users/admin/tmp/quick/pin-project-lite-0.2.9-d289e6d8ece21de19fc09a54b50b694adff8c4ef2027035a8eb43ef390f2e447.tar"
STARTING BUILD
"ppv-lite86-0.2.16-7c0972d09930d8a9d2cb0014cb4619d1830747ad763013ee78e6641c4a7152eb"
     Created binary (application) package
   Compiling ppv-lite86 v0.2.16
   Compiling cargo-quickbuild-scratchpad v0.1.0 (/private/var/folders/0d/08wbx2j52nx5hjg16cshb8g80000gn/T/cargo-quickbuild-scratchpad.7slEi0HJTKnL/cargo-quickbuild-scratchpad)
    Finished dev [unoptimized + debuginfo] target(s) in 0.39s
wrote to "/Users/admin/tmp/quick/ppv-lite86-0.2.16-7c0972d09930d8a9d2cb0014cb4619d1830747ad763013ee78e6641c4a7152eb.tar"
STARTING BUILD
"remove_dir_all-0.5.3-f43753cfaad8a8c67978af12f73a380c36b5652b061228f662973c927c674e4b"
     Created binary (application) package
   Compiling remove_dir_all v0.5.3
   Compiling cargo-quickbuild-scratchpad v0.1.0 (/private/var/folders/0d/08wbx2j52nx5hjg16cshb8g80000gn/T/cargo-quickbuild-scratchpad.pLPPT8sOJQNj/cargo-quickbuild-scratchpad)
    Finished dev [unoptimized + debuginfo] target(s) in 0.27s
wrote to "/Users/admin/tmp/quick/remove_dir_all-0.5.3-f43753cfaad8a8c67978af12f73a380c36b5652b061228f662973c927c674e4b.tar"
STARTING BUILD
"rustversion-1.0.8-0ac45fb45b87c5bdb058a80ea00773ad7a9fef986441ae707a8d388e9c724910"
     Created binary (application) package
   Compiling rustversion v1.0.8
   Compiling cargo-quickbuild-scratchpad v0.1.0 (/private/var/folders/0d/08wbx2j52nx5hjg16cshb8g80000gn/T/cargo-quickbuild-scratchpad.7stA7yDCjxh4/cargo-quickbuild-scratchpad)
    Finished dev [unoptimized + debuginfo] target(s) in 1.05s
wrote to "/Users/admin/tmp/quick/rustversion-1.0.8-0ac45fb45b87c5bdb058a80ea00773ad7a9fef986441ae707a8d388e9c724910.tar"
STARTING BUILD
"ryu-1.0.10-aa02b96a95795cc3d89e203aa0aee325acc1b1728060fe2ec1e28fd621a4600f"
     Created binary (application) package
   Compiling ryu v1.0.10
   Compiling cargo-quickbuild-scratchpad v0.1.0 (/private/var/folders/0d/08wbx2j52nx5hjg16cshb8g80000gn/T/cargo-quickbuild-scratchpad.rasYf2cC3VQz/cargo-quickbuild-scratchpad)
    Finished dev [unoptimized + debuginfo] target(s) in 0.36s
wrote to "/Users/admin/tmp/quick/ryu-1.0.10-aa02b96a95795cc3d89e203aa0aee325acc1b1728060fe2ec1e28fd621a4600f.tar"
STARTING BUILD
"scanlex-0.1.4-fa9b6761c0bad350e46c55ffdf269d146df389d4309fbc94b023a2f37a6f3a3a"
     Created binary (application) package
   Compiling scanlex v0.1.4
   Compiling cargo-quickbuild-scratchpad v0.1.0 (/private/var/folders/0d/08wbx2j52nx5hjg16cshb8g80000gn/T/cargo-quickbuild-scratchpad.iAoPXAZtborq/cargo-quickbuild-scratchpad)
    Finished dev [unoptimized + debuginfo] target(s) in 0.44s
wrote to "/Users/admin/tmp/quick/scanlex-0.1.4-fa9b6761c0bad350e46c55ffdf269d146df389d4309fbc94b023a2f37a6f3a3a.tar"
STARTING BUILD
"scopeguard-1.1.0-91921f71afbc47d0a036484aeb5e6cfb4cb30848d888677bb4132207543de614"
     Created binary (application) package
   Compiling scopeguard v1.1.0
   Compiling cargo-quickbuild-scratchpad v0.1.0 (/private/var/folders/0d/08wbx2j52nx5hjg16cshb8g80000gn/T/cargo-quickbuild-scratchpad.hNGOp4vxgICC/cargo-quickbuild-scratchpad)
    Finished dev [unoptimized + debuginfo] target(s) in 0.28s
wrote to "/Users/admin/tmp/quick/scopeguard-1.1.0-91921f71afbc47d0a036484aeb5e6cfb4cb30848d888677bb4132207543de614.tar"
STARTING BUILD
"serde-1.0.139-2ea0b224625cb0df1298717362aabe183f98ba7a63944b541bcc80cffaaa2a84"
     Created binary (application) package
   Compiling serde v1.0.139
   Compiling cargo-quickbuild-scratchpad v0.1.0 (/private/var/folders/0d/08wbx2j52nx5hjg16cshb8g80000gn/T/cargo-quickbuild-scratchpad.k5AaxbMFAjig/cargo-quickbuild-scratchpad)
    Finished dev [unoptimized + debuginfo] target(s) in 2.06s
wrote to "/Users/admin/tmp/quick/serde-1.0.139-2ea0b224625cb0df1298717362aabe183f98ba7a63944b541bcc80cffaaa2a84.tar"
STARTING BUILD
"shell-escape-0.1.5-9106f386d6bee16e650351265013c5c24dfdac43271378f8b49340f6fad44cef"
     Created binary (application) package
   Compiling shell-escape v0.1.5
   Compiling cargo-quickbuild-scratchpad v0.1.0 (/private/var/folders/0d/08wbx2j52nx5hjg16cshb8g80000gn/T/cargo-quickbuild-scratchpad.uW03thEMhVwQ/cargo-quickbuild-scratchpad)
    Finished dev [unoptimized + debuginfo] target(s) in 0.35s
wrote to "/Users/admin/tmp/quick/shell-escape-0.1.5-9106f386d6bee16e650351265013c5c24dfdac43271378f8b49340f6fad44cef.tar"
STARTING BUILD
"smallvec-1.9.0-d6a6d6f209b2126a72cb71a3fca9842faba73ee26297bd0244c8f0a716706813"
     Created binary (application) package
   Compiling smallvec v1.9.0
   Compiling cargo-quickbuild-scratchpad v0.1.0 (/private/var/folders/0d/08wbx2j52nx5hjg16cshb8g80000gn/T/cargo-quickbuild-scratchpad.a7TonYvGhWbd/cargo-quickbuild-scratchpad)
    Finished dev [unoptimized + debuginfo] target(s) in 0.34s
wrote to "/Users/admin/tmp/quick/smallvec-1.9.0-d6a6d6f209b2126a72cb71a3fca9842faba73ee26297bd0244c8f0a716706813.tar"
STARTING BUILD
"snap-1.0.5-ff707e24ecac1d32a2bbe945939df4e53ab69e52f8ece6f6a51d5085fd72271f"
     Created binary (application) package
   Compiling snap v1.0.5
   Compiling cargo-quickbuild-scratchpad v0.1.0 (/private/var/folders/0d/08wbx2j52nx5hjg16cshb8g80000gn/T/cargo-quickbuild-scratchpad.5hZpCHknC6Yz/cargo-quickbuild-scratchpad)
    Finished dev [unoptimized + debuginfo] target(s) in 0.71s
wrote to "/Users/admin/tmp/quick/snap-1.0.5-ff707e24ecac1d32a2bbe945939df4e53ab69e52f8ece6f6a51d5085fd72271f.tar"
STARTING BUILD
"strsim-0.10.0-5d285b7a94a3f2cc381ce2434a53aba13bfe024587f831f823842b3af91dee77"
     Created binary (application) package
   Compiling strsim v0.10.0
   Compiling cargo-quickbuild-scratchpad v0.1.0 (/private/var/folders/0d/08wbx2j52nx5hjg16cshb8g80000gn/T/cargo-quickbuild-scratchpad.bbjvVLdSiyTR/cargo-quickbuild-scratchpad)
    Finished dev [unoptimized + debuginfo] target(s) in 0.50s
wrote to "/Users/admin/tmp/quick/strsim-0.10.0-5d285b7a94a3f2cc381ce2434a53aba13bfe024587f831f823842b3af91dee77.tar"
STARTING BUILD
"strum-0.24.1-071fb89f0690141028071e8f6bae78215ea37e0411f3a1b214a5e27281c5a121"
     Created binary (application) package
   Compiling strum v0.24.1
   Compiling cargo-quickbuild-scratchpad v0.1.0 (/private/var/folders/0d/08wbx2j52nx5hjg16cshb8g80000gn/T/cargo-quickbuild-scratchpad.b0NOT9m9BWkV/cargo-quickbuild-scratchpad)
    Finished dev [unoptimized + debuginfo] target(s) in 0.29s
wrote to "/Users/admin/tmp/quick/strum-0.24.1-071fb89f0690141028071e8f6bae78215ea37e0411f3a1b214a5e27281c5a121.tar"
STARTING BUILD
"termcolor-1.1.3-2f8e271c6ddd3de37e57388a2ec84d7dc8f459e34a2a522d88e0cf5b89598ae2"
     Created binary (application) package
   Compiling termcolor v1.1.3
   Compiling cargo-quickbuild-scratchpad v0.1.0 (/private/var/folders/0d/08wbx2j52nx5hjg16cshb8g80000gn/T/cargo-quickbuild-scratchpad.mdwcm5FwVu50/cargo-quickbuild-scratchpad)
    Finished dev [unoptimized + debuginfo] target(s) in 0.47s
wrote to "/Users/admin/tmp/quick/termcolor-1.1.3-2f8e271c6ddd3de37e57388a2ec84d7dc8f459e34a2a522d88e0cf5b89598ae2.tar"
STARTING BUILD
"textwrap-0.15.0-e7f3f377163dc15de0007b903f660c324d7f1b8a03dd6c7131365579c7caef71"
     Created binary (application) package
   Compiling textwrap v0.15.0
   Compiling cargo-quickbuild-scratchpad v0.1.0 (/private/var/folders/0d/08wbx2j52nx5hjg16cshb8g80000gn/T/cargo-quickbuild-scratchpad.jH0TmOewm8L3/cargo-quickbuild-scratchpad)
    Finished dev [unoptimized + debuginfo] target(s) in 0.48s
wrote to "/Users/admin/tmp/quick/textwrap-0.15.0-e7f3f377163dc15de0007b903f660c324d7f1b8a03dd6c7131365579c7caef71.tar"
STARTING BUILD
"time-macros-0.2.4-f4f45161ca371a72640e30833a90ca98f227ed83a8d3c8e1f18afee0450b195e"
     Created binary (application) package
   Compiling time-macros v0.2.4
   Compiling cargo-quickbuild-scratchpad v0.1.0 (/private/var/folders/0d/08wbx2j52nx5hjg16cshb8g80000gn/T/cargo-quickbuild-scratchpad.nKL4AEtzRf37/cargo-quickbuild-scratchpad)
    Finished dev [unoptimized + debuginfo] target(s) in 1.16s
wrote to "/Users/admin/tmp/quick/time-macros-0.2.4-f4f45161ca371a72640e30833a90ca98f227ed83a8d3c8e1f18afee0450b195e.tar"
STARTING BUILD
"typenum-1.15.0-2d8dbefa3b18ded8029f6144b6a60c7e5d90cdc7ef20468aea625266c16712d1"
     Created binary (application) package
   Compiling typenum v1.15.0
   Compiling cargo-quickbuild-scratchpad v0.1.0 (/private/var/folders/0d/08wbx2j52nx5hjg16cshb8g80000gn/T/cargo-quickbuild-scratchpad.GCLVb1a7p45c/cargo-quickbuild-scratchpad)
    Finished dev [unoptimized + debuginfo] target(s) in 1.03s
wrote to "/Users/admin/tmp/quick/typenum-1.15.0-2d8dbefa3b18ded8029f6144b6a60c7e5d90cdc7ef20468aea625266c16712d1.tar"
STARTING BUILD
"ucd-trie-0.1.4-0252bc44c6bb30b07c4166ffb90d8aac933dd01eaf85c1e01c1b76de7ccea9b2"
     Created binary (application) package
   Compiling ucd-trie v0.1.4
   Compiling cargo-quickbuild-scratchpad v0.1.0 (/private/var/folders/0d/08wbx2j52nx5hjg16cshb8g80000gn/T/cargo-quickbuild-scratchpad.PzMogQn2fWz4/cargo-quickbuild-scratchpad)
    Finished dev [unoptimized + debuginfo] target(s) in 0.45s
wrote to "/Users/admin/tmp/quick/ucd-trie-0.1.4-0252bc44c6bb30b07c4166ffb90d8aac933dd01eaf85c1e01c1b76de7ccea9b2.tar"
STARTING BUILD
"unicode-ident-1.0.2-f6d9a74f5636e8f6972ccd0b369c7197e50bf69e810ecca72d7ca84fa4ff2df8"
     Created binary (application) package
   Compiling unicode-ident v1.0.2
   Compiling cargo-quickbuild-scratchpad v0.1.0 (/private/var/folders/0d/08wbx2j52nx5hjg16cshb8g80000gn/T/cargo-quickbuild-scratchpad.9mVx1LyhulQE/cargo-quickbuild-scratchpad)
    Finished dev [unoptimized + debuginfo] target(s) in 0.30s
wrote to "/Users/admin/tmp/quick/unicode-ident-1.0.2-f6d9a74f5636e8f6972ccd0b369c7197e50bf69e810ecca72d7ca84fa4ff2df8.tar"
STARTING BUILD
"unicode-width-0.1.9-0ae65d7cf1fd7a3bfcc2bd26de9afd811c62e69c47533181d083487ac84c28af"
     Created binary (application) package
   Compiling unicode-width v0.1.9
   Compiling cargo-quickbuild-scratchpad v0.1.0 (/private/var/folders/0d/08wbx2j52nx5hjg16cshb8g80000gn/T/cargo-quickbuild-scratchpad.NiMeozpcFWgL/cargo-quickbuild-scratchpad)
    Finished dev [unoptimized + debuginfo] target(s) in 0.28s
wrote to "/Users/admin/tmp/quick/unicode-width-0.1.9-0ae65d7cf1fd7a3bfcc2bd26de9afd811c62e69c47533181d083487ac84c28af.tar"
STARTING BUILD
"untrusted-0.7.1-debe39edc53ce9706f89d369cee713d6f20f1c2c3f502d6dd577262de710b62d"
     Created binary (application) package
   Compiling untrusted v0.7.1
   Compiling cargo-quickbuild-scratchpad v0.1.0 (/private/var/folders/0d/08wbx2j52nx5hjg16cshb8g80000gn/T/cargo-quickbuild-scratchpad.bDPqQl4oW8RE/cargo-quickbuild-scratchpad)
    Finished dev [unoptimized + debuginfo] target(s) in 0.31s
wrote to "/Users/admin/tmp/quick/untrusted-0.7.1-debe39edc53ce9706f89d369cee713d6f20f1c2c3f502d6dd577262de710b62d.tar"
STARTING BUILD
"version_check-0.9.4-18c97ce4fe41195cd1993371e72adc3a2af741ed0074a7bbd8eefe74fc20cb6a"
     Created binary (application) package
   Compiling version_check v0.9.4
   Compiling cargo-quickbuild-scratchpad v0.1.0 (/private/var/folders/0d/08wbx2j52nx5hjg16cshb8g80000gn/T/cargo-quickbuild-scratchpad.xPrRCNRS33zu/cargo-quickbuild-scratchpad)
    Finished dev [unoptimized + debuginfo] target(s) in 0.48s
wrote to "/Users/admin/tmp/quick/version_check-0.9.4-18c97ce4fe41195cd1993371e72adc3a2af741ed0074a7bbd8eefe74fc20cb6a.tar"
STARTING BUILD
"whoami-1.2.1-50c23541ad42e73552c580ed5fac0cd3c066ff32b59b5baa5647c70562682733"
     Created binary (application) package
   Compiling whoami v1.2.1
   Compiling cargo-quickbuild-scratchpad v0.1.0 (/private/var/folders/0d/08wbx2j52nx5hjg16cshb8g80000gn/T/cargo-quickbuild-scratchpad.QzP8G3SVNzUm/cargo-quickbuild-scratchpad)
    Finished dev [unoptimized + debuginfo] target(s) in 0.46s
wrote to "/Users/admin/tmp/quick/whoami-1.2.1-50c23541ad42e73552c580ed5fac0cd3c066ff32b59b5baa5647c70562682733.tar"
START OF LEVEL 1
[cargo-quickbuild/src/scheduler.rs:34] &current_level = {
    PackageId {
        name: "atty",
        version: "0.2.14",
        source: "registry `crates-io`",
    },
    PackageId {
        name: "block-padding",
        version: "0.1.5",
        source: "registry `crates-io`",
    },
    PackageId {
        name: "clap_lex",
        version: "0.2.4",
        source: "registry `crates-io`",
    },
    PackageId {
        name: "crossbeam-utils",
        version: "0.8.10",
        source: "registry `crates-io`",
    },
    PackageId {
        name: "dirs-sys",
        version: "0.3.7",
        source: "registry `crates-io`",
    },
    PackageId {
        name: "dirs-sys-next",
        version: "0.1.2",
        source: "registry `crates-io`",
    },
    PackageId {
        name: "generic-array",
        version: "0.12.4",
        source: "registry `crates-io`",
    },
    PackageId {
        name: "getrandom",
        version: "0.2.7",
        source: "registry `crates-io`",
    },
    PackageId {
        name: "indexmap",
        version: "1.9.1",
        source: "registry `crates-io`",
    },
    PackageId {
        name: "lock_api",
        version: "0.4.7",
        source: "registry `crates-io`",
    },
    PackageId {
        name: "log",
        version: "0.4.17",
        source: "registry `crates-io`",
    },
    PackageId {
        name: "memoffset",
        version: "0.6.5",
        source: "registry `crates-io`",
    },
    PackageId {
        name: "num-traits",
        version: "0.2.15",
        source: "registry `crates-io`",
    },
    PackageId {
        name: "num_cpus",
        version: "1.13.1",
        source: "registry `crates-io`",
    },
    PackageId {
        name: "num_threads",
        version: "0.1.6",
        source: "registry `crates-io`",
    },
    PackageId {
        name: "parking_lot_core",
        version: "0.9.3",
        source: "registry `crates-io`",
    },
    PackageId {
        name: "pem",
        version: "1.1.0",
        source: "registry `crates-io`",
    },
    PackageId {
        name: "pest",
        version: "2.1.3",
        source: "registry `crates-io`",
    },
    PackageId {
        name: "proc-macro2",
        version: "1.0.40",
        source: "registry `crates-io`",
    },
    PackageId {
        name: "rev_buf_reader",
        version: "0.3.0",
        source: "registry `crates-io`",
    },
    PackageId {
        name: "ring",
        version: "0.16.20",
        source: "registry `crates-io`",
    },
    PackageId {
        name: "rustls-pemfile",
        version: "1.0.0",
        source: "registry `crates-io`",
    },
    PackageId {
        name: "serde_cbor",
        version: "0.11.2",
        source: "registry `crates-io`",
    },
    PackageId {
        name: "serde_json",
        version: "1.0.82",
        source: "registry `crates-io`",
    },
    PackageId {
        name: "signal-hook-registry",
        version: "1.4.0",
        source: "registry `crates-io`",
    },
    PackageId {
        name: "socket2",
        version: "0.4.4",
        source: "registry `crates-io`",
    },
    PackageId {
        name: "tempfile",
        version: "3.3.0",
        source: "registry `crates-io`",
    },
    PackageId {
        name: "time",
        version: "0.1.44",
        source: "registry `crates-io`",
    },
    PackageId {
        name: "yaml-rust",
        version: "0.4.5",
        source: "registry `crates-io`",
    },
}
STARTING BUILD
"atty-0.2.14-d8998cd9de414ff8c27abb5d7e677e31958bde1e4a50b33ce07fa358822a29f4"
     Created binary (application) package
   Compiling atty v0.2.14
   Compiling cargo-quickbuild-scratchpad v0.1.0 (/private/var/folders/0d/08wbx2j52nx5hjg16cshb8g80000gn/T/cargo-quickbuild-scratchpad.UQm9QxOfNCNL/cargo-quickbuild-scratchpad)
    Finished dev [unoptimized + debuginfo] target(s) in 0.28s
wrote to "/Users/admin/tmp/quick/atty-0.2.14-d8998cd9de414ff8c27abb5d7e677e31958bde1e4a50b33ce07fa358822a29f4.tar"
STARTING BUILD
"block-padding-0.1.5-f23b85f83e7c901e61e066519304e977a2fe20ba806c5689faa55f971fb9e248"
     Created binary (application) package
   Compiling block-padding v0.1.5
   Compiling cargo-quickbuild-scratchpad v0.1.0 (/private/var/folders/0d/08wbx2j52nx5hjg16cshb8g80000gn/T/cargo-quickbuild-scratchpad.Xy9iclMc0P7S/cargo-quickbuild-scratchpad)
    Finished dev [unoptimized + debuginfo] target(s) in 0.31s
wrote to "/Users/admin/tmp/quick/block-padding-0.1.5-f23b85f83e7c901e61e066519304e977a2fe20ba806c5689faa55f971fb9e248.tar"
STARTING BUILD
"clap_lex-0.2.4-84267151b86907dd2d1ed0facdef07e6ccaf3c9bcadb95913f652742f38473ef"
     Created binary (application) package
   Compiling clap_lex v0.2.4
   Compiling cargo-quickbuild-scratchpad v0.1.0 (/private/var/folders/0d/08wbx2j52nx5hjg16cshb8g80000gn/T/cargo-quickbuild-scratchpad.0fYlr1j9BFc3/cargo-quickbuild-scratchpad)
    Finished dev [unoptimized + debuginfo] target(s) in 0.44s
wrote to "/Users/admin/tmp/quick/clap_lex-0.2.4-84267151b86907dd2d1ed0facdef07e6ccaf3c9bcadb95913f652742f38473ef.tar"
STARTING BUILD
"crossbeam-utils-0.8.10-1c4381fc137bdd10082f6982278b6727e78bcb0f0ad8270bdbd4567b5b440f8b"
     Created binary (application) package
   Compiling crossbeam-utils v0.8.10
   Compiling cargo-quickbuild-scratchpad v0.1.0 (/private/var/folders/0d/08wbx2j52nx5hjg16cshb8g80000gn/T/cargo-quickbuild-scratchpad.UrB4bh88H9y7/cargo-quickbuild-scratchpad)
    Finished dev [unoptimized + debuginfo] target(s) in 0.69s
wrote to "/Users/admin/tmp/quick/crossbeam-utils-0.8.10-1c4381fc137bdd10082f6982278b6727e78bcb0f0ad8270bdbd4567b5b440f8b.tar"
STARTING BUILD
"dirs-sys-0.3.7-39bb9ba7b763c1f6dd8bfb88cca5aedf40c77ef39b89bacc08e21ed50b7ca840"
     Created binary (application) package
   Compiling dirs-sys v0.3.7
   Compiling cargo-quickbuild-scratchpad v0.1.0 (/private/var/folders/0d/08wbx2j52nx5hjg16cshb8g80000gn/T/cargo-quickbuild-scratchpad.TEG3yQIbKTWq/cargo-quickbuild-scratchpad)
    Finished dev [unoptimized + debuginfo] target(s) in 0.33s
wrote to "/Users/admin/tmp/quick/dirs-sys-0.3.7-39bb9ba7b763c1f6dd8bfb88cca5aedf40c77ef39b89bacc08e21ed50b7ca840.tar"
STARTING BUILD
"dirs-sys-next-0.1.2-6bb6d391f131c9eecc457f2b25e7a3b1138f071ac528cb03738a191dab9b075b"
     Created binary (application) package
   Compiling dirs-sys-next v0.1.2
   Compiling cargo-quickbuild-scratchpad v0.1.0 (/private/var/folders/0d/08wbx2j52nx5hjg16cshb8g80000gn/T/cargo-quickbuild-scratchpad.vk4nLli4U8Ln/cargo-quickbuild-scratchpad)
    Finished dev [unoptimized + debuginfo] target(s) in 0.33s
wrote to "/Users/admin/tmp/quick/dirs-sys-next-0.1.2-6bb6d391f131c9eecc457f2b25e7a3b1138f071ac528cb03738a191dab9b075b.tar"
STARTING BUILD
"generic-array-0.12.4-8bad526451403e692b8f657fd58cc6ae58c1d97f333a6b75aec3b90713b2b03c"
     Created binary (application) package
   Compiling generic-array v0.12.4
   Compiling cargo-quickbuild-scratchpad v0.1.0 (/private/var/folders/0d/08wbx2j52nx5hjg16cshb8g80000gn/T/cargo-quickbuild-scratchpad.2KhbWoRA4zfw/cargo-quickbuild-scratchpad)
    Finished dev [unoptimized + debuginfo] target(s) in 0.36s
wrote to "/Users/admin/tmp/quick/generic-array-0.12.4-8bad526451403e692b8f657fd58cc6ae58c1d97f333a6b75aec3b90713b2b03c.tar"
STARTING BUILD
"getrandom-0.2.7-3cf09987d45eaf64bf09fdef7db3ad1ef6c9f104d16b1921616e573d48857ae7"
     Created binary (application) package
   Compiling getrandom v0.2.7
   Compiling cargo-quickbuild-scratchpad v0.1.0 (/private/var/folders/0d/08wbx2j52nx5hjg16cshb8g80000gn/T/cargo-quickbuild-scratchpad.oDjQkXwBR5hC/cargo-quickbuild-scratchpad)
    Finished dev [unoptimized + debuginfo] target(s) in 0.36s
wrote to "/Users/admin/tmp/quick/getrandom-0.2.7-3cf09987d45eaf64bf09fdef7db3ad1ef6c9f104d16b1921616e573d48857ae7.tar"
STARTING BUILD
"indexmap-1.9.1-c51a932e33a40d09b27a60a4968f0190bb1498ef9b3d8769feefcf1dd8c9aeae"
     Created binary (application) package
   Compiling indexmap v1.9.1
   Compiling cargo-quickbuild-scratchpad v0.1.0 (/private/var/folders/0d/08wbx2j52nx5hjg16cshb8g80000gn/T/cargo-quickbuild-scratchpad.DSrhPDT8tLMz/cargo-quickbuild-scratchpad)
    Finished dev [unoptimized + debuginfo] target(s) in 0.57s
wrote to "/Users/admin/tmp/quick/indexmap-1.9.1-c51a932e33a40d09b27a60a4968f0190bb1498ef9b3d8769feefcf1dd8c9aeae.tar"
STARTING BUILD
"lock_api-0.4.7-63b2711a06009774be53d30cb981caca46df873792f6f4cad006a2cb6dbc0708"
     Created binary (application) package
   Compiling lock_api v0.4.7
   Compiling cargo-quickbuild-scratchpad v0.1.0 (/private/var/folders/0d/08wbx2j52nx5hjg16cshb8g80000gn/T/cargo-quickbuild-scratchpad.HMxscbLvuwdW/cargo-quickbuild-scratchpad)
    Finished dev [unoptimized + debuginfo] target(s) in 0.52s
wrote to "/Users/admin/tmp/quick/lock_api-0.4.7-63b2711a06009774be53d30cb981caca46df873792f6f4cad006a2cb6dbc0708.tar"
STARTING BUILD
"log-0.4.17-deb93aa39d97daf28e59dff62a07b8c5c5acd8f4d7319007affb84b51ef57038"
     Created binary (application) package
   Compiling log v0.4.17
   Compiling cargo-quickbuild-scratchpad v0.1.0 (/private/var/folders/0d/08wbx2j52nx5hjg16cshb8g80000gn/T/cargo-quickbuild-scratchpad.WEuumCsz6pAV/cargo-quickbuild-scratchpad)
    Finished dev [unoptimized + debuginfo] target(s) in 0.52s
wrote to "/Users/admin/tmp/quick/log-0.4.17-deb93aa39d97daf28e59dff62a07b8c5c5acd8f4d7319007affb84b51ef57038.tar"
STARTING BUILD
"memoffset-0.6.5-cac15e01b9269357c4df5d59a5468c80fefdcf9360760d90a080d85792864bc2"
     Created binary (application) package
   Compiling memoffset v0.6.5
   Compiling cargo-quickbuild-scratchpad v0.1.0 (/private/var/folders/0d/08wbx2j52nx5hjg16cshb8g80000gn/T/cargo-quickbuild-scratchpad.vGQfZrD2AK9h/cargo-quickbuild-scratchpad)
    Finished dev [unoptimized + debuginfo] target(s) in 0.46s
wrote to "/Users/admin/tmp/quick/memoffset-0.6.5-cac15e01b9269357c4df5d59a5468c80fefdcf9360760d90a080d85792864bc2.tar"
STARTING BUILD
"num-traits-0.2.15-3eb5e4121479b8d9c0133f961ceb9730b1b2881c17bf0b9e402c8e6d93846e2a"
     Created binary (application) package
   Compiling num-traits v0.2.15
   Compiling cargo-quickbuild-scratchpad v0.1.0 (/private/var/folders/0d/08wbx2j52nx5hjg16cshb8g80000gn/T/cargo-quickbuild-scratchpad.8OeIBX7sJT52/cargo-quickbuild-scratchpad)
    Finished dev [unoptimized + debuginfo] target(s) in 1.05s
wrote to "/Users/admin/tmp/quick/num-traits-0.2.15-3eb5e4121479b8d9c0133f961ceb9730b1b2881c17bf0b9e402c8e6d93846e2a.tar"
STARTING BUILD
"num_cpus-1.13.1-24d13f852a037f0e567c8b772f4667a00d32f18845dcd62a471592d937ca20fa"
     Created binary (application) package
   Compiling num_cpus v1.13.1
   Compiling cargo-quickbuild-scratchpad v0.1.0 (/private/var/folders/0d/08wbx2j52nx5hjg16cshb8g80000gn/T/cargo-quickbuild-scratchpad.U1bg4Hbn3Qyl/cargo-quickbuild-scratchpad)
    Finished dev [unoptimized + debuginfo] target(s) in 0.29s
wrote to "/Users/admin/tmp/quick/num_cpus-1.13.1-24d13f852a037f0e567c8b772f4667a00d32f18845dcd62a471592d937ca20fa.tar"
STARTING BUILD
"num_threads-0.1.6-030dc0217f5449699d08e1fef13db6f849dc215dd3d5ad1ec89b673922aa4f53"
     Created binary (application) package
   Compiling num_threads v0.1.6
   Compiling cargo-quickbuild-scratchpad v0.1.0 (/private/var/folders/0d/08wbx2j52nx5hjg16cshb8g80000gn/T/cargo-quickbuild-scratchpad.gEfpLCYI2Npi/cargo-quickbuild-scratchpad)
    Finished dev [unoptimized + debuginfo] target(s) in 0.28s
wrote to "/Users/admin/tmp/quick/num_threads-0.1.6-030dc0217f5449699d08e1fef13db6f849dc215dd3d5ad1ec89b673922aa4f53.tar"
STARTING BUILD
"parking_lot_core-0.9.3-251f1dafef59cc711936a4d606b9149e2be4d9e093feceeee1f08f44f6277c78"
     Created binary (application) package
   Compiling parking_lot_core v0.9.3
   Compiling cargo-quickbuild-scratchpad v0.1.0 (/private/var/folders/0d/08wbx2j52nx5hjg16cshb8g80000gn/T/cargo-quickbuild-scratchpad.8vnBF177oet0/cargo-quickbuild-scratchpad)
    Finished dev [unoptimized + debuginfo] target(s) in 0.59s
wrote to "/Users/admin/tmp/quick/parking_lot_core-0.9.3-251f1dafef59cc711936a4d606b9149e2be4d9e093feceeee1f08f44f6277c78.tar"
STARTING BUILD
"pem-1.1.0-f11deae615bf6d3e922b7066e2a9ef924397a03f5a988a2d006a1b954bf80fdd"
     Created binary (application) package
   Compiling pem v1.1.0
   Compiling cargo-quickbuild-scratchpad v0.1.0 (/private/var/folders/0d/08wbx2j52nx5hjg16cshb8g80000gn/T/cargo-quickbuild-scratchpad.hNoOlhK0OIxU/cargo-quickbuild-scratchpad)
    Finished dev [unoptimized + debuginfo] target(s) in 0.45s
wrote to "/Users/admin/tmp/quick/pem-1.1.0-f11deae615bf6d3e922b7066e2a9ef924397a03f5a988a2d006a1b954bf80fdd.tar"
STARTING BUILD
"pest-2.1.3-21ea7e7ea0dac2e04aff3c431cbcfb1a3926b36afd8c2d74a5a8c5e842ea442d"
     Created binary (application) package
   Compiling pest v2.1.3
   Compiling cargo-quickbuild-scratchpad v0.1.0 (/private/var/folders/0d/08wbx2j52nx5hjg16cshb8g80000gn/T/cargo-quickbuild-scratchpad.cvDi2kIZwxIZ/cargo-quickbuild-scratchpad)
    Finished dev [unoptimized + debuginfo] target(s) in 0.74s
wrote to "/Users/admin/tmp/quick/pest-2.1.3-21ea7e7ea0dac2e04aff3c431cbcfb1a3926b36afd8c2d74a5a8c5e842ea442d.tar"
STARTING BUILD
"proc-macro2-1.0.40-57fa8eff7538cf3594347928d2aa3574fe1f506dd341173e6f837f8c723d412b"
     Created binary (application) package
   Compiling proc-macro2 v1.0.40
   Compiling cargo-quickbuild-scratchpad v0.1.0 (/private/var/folders/0d/08wbx2j52nx5hjg16cshb8g80000gn/T/cargo-quickbuild-scratchpad.IlEIqfFZyJDD/cargo-quickbuild-scratchpad)
    Finished dev [unoptimized + debuginfo] target(s) in 0.94s
wrote to "/Users/admin/tmp/quick/proc-macro2-1.0.40-57fa8eff7538cf3594347928d2aa3574fe1f506dd341173e6f837f8c723d412b.tar"
STARTING BUILD
"rev_buf_reader-0.3.0-f3d986feec7d552e719b249c061349d82e8a8863a563b731b893ea21797608e1"
     Created binary (application) package
   Compiling rev_buf_reader v0.3.0
   Compiling cargo-quickbuild-scratchpad v0.1.0 (/private/var/folders/0d/08wbx2j52nx5hjg16cshb8g80000gn/T/cargo-quickbuild-scratchpad.fDYu2krlu1GO/cargo-quickbuild-scratchpad)
    Finished dev [unoptimized + debuginfo] target(s) in 0.30s
wrote to "/Users/admin/tmp/quick/rev_buf_reader-0.3.0-f3d986feec7d552e719b249c061349d82e8a8863a563b731b893ea21797608e1.tar"
STARTING BUILD
"ring-0.16.20-d73610581a67dc8c6d98fede0a665c302f376cd406344a8a4ab502ef152677a5"
     Created binary (application) package
   Compiling ring v0.16.20
   Compiling cargo-quickbuild-scratchpad v0.1.0 (/private/var/folders/0d/08wbx2j52nx5hjg16cshb8g80000gn/T/cargo-quickbuild-scratchpad.pYRoNH5FqAd3/cargo-quickbuild-scratchpad)
    Finished dev [unoptimized + debuginfo] target(s) in 2.33s
wrote to "/Users/admin/tmp/quick/ring-0.16.20-d73610581a67dc8c6d98fede0a665c302f376cd406344a8a4ab502ef152677a5.tar"
STARTING BUILD
"rustls-pemfile-1.0.0-d92a4777840c8a01d7a21d6a7b57d81e877674027e953ddc228a86e8a03850da"
     Created binary (application) package
   Compiling rustls-pemfile v1.0.0
   Compiling cargo-quickbuild-scratchpad v0.1.0 (/private/var/folders/0d/08wbx2j52nx5hjg16cshb8g80000gn/T/cargo-quickbuild-scratchpad.v24urpFksZc9/cargo-quickbuild-scratchpad)
    Finished dev [unoptimized + debuginfo] target(s) in 0.40s
wrote to "/Users/admin/tmp/quick/rustls-pemfile-1.0.0-d92a4777840c8a01d7a21d6a7b57d81e877674027e953ddc228a86e8a03850da.tar"
STARTING BUILD
"serde_cbor-0.11.2-fa83c1130bee2858b45b3d4df8cdf078520636055864dc2ddfa8da44e35ec39c"
     Created binary (application) package
   Compiling serde_cbor v0.11.2
   Compiling cargo-quickbuild-scratchpad v0.1.0 (/private/var/folders/0d/08wbx2j52nx5hjg16cshb8g80000gn/T/cargo-quickbuild-scratchpad.qTUgUgleGaJ0/cargo-quickbuild-scratchpad)
    Finished dev [unoptimized + debuginfo] target(s) in 0.72s
wrote to "/Users/admin/tmp/quick/serde_cbor-0.11.2-fa83c1130bee2858b45b3d4df8cdf078520636055864dc2ddfa8da44e35ec39c.tar"
STARTING BUILD
"serde_json-1.0.82-3a4a26c173dd21482a0e2d88d7eb875f9e715251b9e70a720d93eab5b61ae089"
     Created binary (application) package
   Compiling serde_json v1.0.82
   Compiling cargo-quickbuild-scratchpad v0.1.0 (/private/var/folders/0d/08wbx2j52nx5hjg16cshb8g80000gn/T/cargo-quickbuild-scratchpad.Eq2Ooth5X4t1/cargo-quickbuild-scratchpad)
    Finished dev [unoptimized + debuginfo] target(s) in 1.24s
wrote to "/Users/admin/tmp/quick/serde_json-1.0.82-3a4a26c173dd21482a0e2d88d7eb875f9e715251b9e70a720d93eab5b61ae089.tar"
STARTING BUILD
"signal-hook-registry-1.4.0-81687decdaa496fefc7162783086cad7f70ec5da81cb2011ab6d8cadc11823d4"
     Created binary (application) package
   Compiling signal-hook-registry v1.4.0
   Compiling cargo-quickbuild-scratchpad v0.1.0 (/private/var/folders/0d/08wbx2j52nx5hjg16cshb8g80000gn/T/cargo-quickbuild-scratchpad.iVVZNsiSvi6D/cargo-quickbuild-scratchpad)
    Finished dev [unoptimized + debuginfo] target(s) in 0.54s
wrote to "/Users/admin/tmp/quick/signal-hook-registry-1.4.0-81687decdaa496fefc7162783086cad7f70ec5da81cb2011ab6d8cadc11823d4.tar"
STARTING BUILD
"socket2-0.4.4-5ecd07118fe7f7d89fc9a0af8a48f701bee816ce3135657cce1959ec1f083a0a"
     Created binary (application) package
   Compiling socket2 v0.4.4
   Compiling cargo-quickbuild-scratchpad v0.1.0 (/private/var/folders/0d/08wbx2j52nx5hjg16cshb8g80000gn/T/cargo-quickbuild-scratchpad.Wku1g5t2OWly/cargo-quickbuild-scratchpad)
    Finished dev [unoptimized + debuginfo] target(s) in 0.50s
wrote to "/Users/admin/tmp/quick/socket2-0.4.4-5ecd07118fe7f7d89fc9a0af8a48f701bee816ce3135657cce1959ec1f083a0a.tar"
STARTING BUILD
"tempfile-3.3.0-fc365007b16ecf1b2883a516ceef610450310e2dfc5d379eeeb2fd6bf8797107"
     Created binary (application) package
   Compiling tempfile v3.3.0
   Compiling cargo-quickbuild-scratchpad v0.1.0 (/private/var/folders/0d/08wbx2j52nx5hjg16cshb8g80000gn/T/cargo-quickbuild-scratchpad.X3g7hz2jUIxI/cargo-quickbuild-scratchpad)
    Finished dev [unoptimized + debuginfo] target(s) in 0.47s
wrote to "/Users/admin/tmp/quick/tempfile-3.3.0-fc365007b16ecf1b2883a516ceef610450310e2dfc5d379eeeb2fd6bf8797107.tar"
STARTING BUILD
"time-0.1.44-cae67a095ce2dd183de2d8bb2a5f4be38c997b6f2a67447ebe4cc402ecfff9d6"
     Created binary (application) package
   Compiling time v0.1.44
   Compiling cargo-quickbuild-scratchpad v0.1.0 (/private/var/folders/0d/08wbx2j52nx5hjg16cshb8g80000gn/T/cargo-quickbuild-scratchpad.2pHvknYRvxAz/cargo-quickbuild-scratchpad)
    Finished dev [unoptimized + debuginfo] target(s) in 0.52s
wrote to "/Users/admin/tmp/quick/time-0.1.44-cae67a095ce2dd183de2d8bb2a5f4be38c997b6f2a67447ebe4cc402ecfff9d6.tar"
STARTING BUILD
"yaml-rust-0.4.5-f0b243c267caf871cb93615bba0afb02fcac6605a86c87380b050b408d01e2e1"
     Created binary (application) package
   Compiling yaml-rust v0.4.5
   Compiling cargo-quickbuild-scratchpad v0.1.0 (/private/var/folders/0d/08wbx2j52nx5hjg16cshb8g80000gn/T/cargo-quickbuild-scratchpad.s6HBmRgUhuhu/cargo-quickbuild-scratchpad)
    Finished dev [unoptimized + debuginfo] target(s) in 0.88s
wrote to "/Users/admin/tmp/quick/yaml-rust-0.4.5-f0b243c267caf871cb93615bba0afb02fcac6605a86c87380b050b408d01e2e1.tar"
START OF LEVEL 2
[cargo-quickbuild/src/scheduler.rs:34] &current_level = {
    PackageId {
        name: "block-buffer",
        version: "0.7.3",
        source: "registry `crates-io`",
    },
    PackageId {
        name: "crossbeam-channel",
        version: "0.5.5",
        source: "registry `crates-io`",
    },
    PackageId {
        name: "digest",
        version: "0.8.1",
        source: "registry `crates-io`",
    },
    PackageId {
        name: "dirs",
        version: "4.0.0",
        source: "registry `crates-io`",
    },
    PackageId {
        name: "dirs-next",
        version: "2.0.0",
        source: "registry `crates-io`",
    },
    PackageId {
        name: "mio",
        version: "0.8.4",
        source: "registry `crates-io`",
    },
    PackageId {
        name: "nix",
        version: "0.24.2",
        source: "registry `crates-io`",
    },
    PackageId {
        name: "num-integer",
        version: "0.1.45",
        source: "registry `crates-io`",
    },
    PackageId {
        name: "parking_lot",
        version: "0.12.1",
        source: "registry `crates-io`",
    },
    PackageId {
        name: "quote",
        version: "1.0.20",
        source: "registry `crates-io`",
    },
    PackageId {
        name: "rand_core",
        version: "0.6.3",
        source: "registry `crates-io`",
    },
    PackageId {
        name: "sct",
        version: "0.7.0",
        source: "registry `crates-io`",
    },
    PackageId {
        name: "serde_yaml",
        version: "0.8.26",
        source: "registry `crates-io`",
    },
    PackageId {
        name: "signal-hook",
        version: "0.3.14",
        source: "registry `crates-io`",
    },
    PackageId {
        name: "time",
        version: "0.3.11",
        source: "registry `crates-io`",
    },
    PackageId {
        name: "webpki",
        version: "0.22.0",
        source: "registry `crates-io`",
    },
}
STARTING BUILD
"block-buffer-0.7.3-75b16002aad7e8d01ee37e5c3b78032f581b0313b7131d79b3f52e5486d88b1b"
     Created binary (application) package
   Compiling block-buffer v0.7.3
   Compiling cargo-quickbuild-scratchpad v0.1.0 (/private/var/folders/0d/08wbx2j52nx5hjg16cshb8g80000gn/T/cargo-quickbuild-scratchpad.YEXOHj43qDP7/cargo-quickbuild-scratchpad)
    Finished dev [unoptimized + debuginfo] target(s) in 0.29s
wrote to "/Users/admin/tmp/quick/block-buffer-0.7.3-75b16002aad7e8d01ee37e5c3b78032f581b0313b7131d79b3f52e5486d88b1b.tar"
STARTING BUILD
"crossbeam-channel-0.5.5-4107337218a052ee999769f1cb013952c0990c75c8805dd3d4519bcf57f8da84"
     Created binary (application) package
   Compiling crossbeam-channel v0.5.5
   Compiling cargo-quickbuild-scratchpad v0.1.0 (/private/var/folders/0d/08wbx2j52nx5hjg16cshb8g80000gn/T/cargo-quickbuild-scratchpad.5VZi2skyZtxl/cargo-quickbuild-scratchpad)
    Finished dev [unoptimized + debuginfo] target(s) in 0.56s
wrote to "/Users/admin/tmp/quick/crossbeam-channel-0.5.5-4107337218a052ee999769f1cb013952c0990c75c8805dd3d4519bcf57f8da84.tar"
STARTING BUILD
"digest-0.8.1-206aab545dbc6d9e78c884b82cdf65f366124581cc71f3f1e241de9bd078e4b9"
     Created binary (application) package
   Compiling digest v0.8.1
   Compiling cargo-quickbuild-scratchpad v0.1.0 (/private/var/folders/0d/08wbx2j52nx5hjg16cshb8g80000gn/T/cargo-quickbuild-scratchpad.Ca6SZnU4oGGO/cargo-quickbuild-scratchpad)
    Finished dev [unoptimized + debuginfo] target(s) in 0.28s
wrote to "/Users/admin/tmp/quick/digest-0.8.1-206aab545dbc6d9e78c884b82cdf65f366124581cc71f3f1e241de9bd078e4b9.tar"
STARTING BUILD
"dirs-4.0.0-44657fc8936cb32cbc49073d83067c5d6705dfc1e9715c15734166374186dcfb"
     Created binary (application) package
   Compiling dirs v4.0.0
   Compiling cargo-quickbuild-scratchpad v0.1.0 (/private/var/folders/0d/08wbx2j52nx5hjg16cshb8g80000gn/T/cargo-quickbuild-scratchpad.SHVeVM9rWiyM/cargo-quickbuild-scratchpad)
    Finished dev [unoptimized + debuginfo] target(s) in 0.30s
wrote to "/Users/admin/tmp/quick/dirs-4.0.0-44657fc8936cb32cbc49073d83067c5d6705dfc1e9715c15734166374186dcfb.tar"
STARTING BUILD
"dirs-next-2.0.0-acc9d13221257abcc73fa9a8b45f54bceede0b58dfeb5ea0b3c40bd3f2cc056d"
     Created binary (application) package
   Compiling dirs-next v2.0.0
   Compiling cargo-quickbuild-scratchpad v0.1.0 (/private/var/folders/0d/08wbx2j52nx5hjg16cshb8g80000gn/T/cargo-quickbuild-scratchpad.m09vD3jPwHox/cargo-quickbuild-scratchpad)
    Finished dev [unoptimized + debuginfo] target(s) in 0.30s
wrote to "/Users/admin/tmp/quick/dirs-next-2.0.0-acc9d13221257abcc73fa9a8b45f54bceede0b58dfeb5ea0b3c40bd3f2cc056d.tar"
STARTING BUILD
"mio-0.8.4-e085a5b68ce91598dec887edc05ef7e33c5b467e37b00171d8d2acc3f5800eb9"
     Created binary (application) package
   Compiling mio v0.8.4
   Compiling cargo-quickbuild-scratchpad v0.1.0 (/private/var/folders/0d/08wbx2j52nx5hjg16cshb8g80000gn/T/cargo-quickbuild-scratchpad.xX6I6y0PiACJ/cargo-quickbuild-scratchpad)
    Finished dev [unoptimized + debuginfo] target(s) in 0.68s
wrote to "/Users/admin/tmp/quick/mio-0.8.4-e085a5b68ce91598dec887edc05ef7e33c5b467e37b00171d8d2acc3f5800eb9.tar"
STARTING BUILD
"nix-0.24.2-4916e8c2a64300b56b276d1a07b8e556a39a4476efbaf73272372ec66f20a9cf"
     Created binary (application) package
   Compiling nix v0.24.2
   Compiling cargo-quickbuild-scratchpad v0.1.0 (/private/var/folders/0d/08wbx2j52nx5hjg16cshb8g80000gn/T/cargo-quickbuild-scratchpad.jKveTTyfxRai/cargo-quickbuild-scratchpad)
    Finished dev [unoptimized + debuginfo] target(s) in 1.94s
wrote to "/Users/admin/tmp/quick/nix-0.24.2-4916e8c2a64300b56b276d1a07b8e556a39a4476efbaf73272372ec66f20a9cf.tar"
STARTING BUILD
"num-integer-0.1.45-dc7303528126fea490d2a4f96e56cb08414233a617cf11e40317cb923c95439e"
     Created binary (application) package
   Compiling num-integer v0.1.45
   Compiling cargo-quickbuild-scratchpad v0.1.0 (/private/var/folders/0d/08wbx2j52nx5hjg16cshb8g80000gn/T/cargo-quickbuild-scratchpad.gGms2MXMeGay/cargo-quickbuild-scratchpad)
    Finished dev [unoptimized + debuginfo] target(s) in 0.67s
wrote to "/Users/admin/tmp/quick/num-integer-0.1.45-dc7303528126fea490d2a4f96e56cb08414233a617cf11e40317cb923c95439e.tar"
STARTING BUILD
"parking_lot-0.12.1-9ba2c537bdad0cacc599f67836e5797affdbe10cd268e617f637c49d2668b2df"
     Created binary (application) package
   Compiling parking_lot v0.12.1
   Compiling cargo-quickbuild-scratchpad v0.1.0 (/private/var/folders/0d/08wbx2j52nx5hjg16cshb8g80000gn/T/cargo-quickbuild-scratchpad.13t00ZA5xOhU/cargo-quickbuild-scratchpad)
    Finished dev [unoptimized + debuginfo] target(s) in 0.51s
wrote to "/Users/admin/tmp/quick/parking_lot-0.12.1-9ba2c537bdad0cacc599f67836e5797affdbe10cd268e617f637c49d2668b2df.tar"
STARTING BUILD
"quote-1.0.20-8ae05bb03ecd9dbf4b5d041dc792d65ac77f731f0e52fa03e95d5c3041284517"
     Created binary (application) package
   Compiling quote v1.0.20
   Compiling cargo-quickbuild-scratchpad v0.1.0 (/private/var/folders/0d/08wbx2j52nx5hjg16cshb8g80000gn/T/cargo-quickbuild-scratchpad.FxU9ivcM7K1g/cargo-quickbuild-scratchpad)
    Finished dev [unoptimized + debuginfo] target(s) in 0.65s
wrote to "/Users/admin/tmp/quick/quote-1.0.20-8ae05bb03ecd9dbf4b5d041dc792d65ac77f731f0e52fa03e95d5c3041284517.tar"
STARTING BUILD
"rand_core-0.6.3-e1504f188d5f12e1d92d25b5babebe622ac89b1f876ca2280a883dca9e344995"
     Created binary (application) package
   Compiling rand_core v0.6.3
   Compiling cargo-quickbuild-scratchpad v0.1.0 (/private/var/folders/0d/08wbx2j52nx5hjg16cshb8g80000gn/T/cargo-quickbuild-scratchpad.RKyBACZvCdor/cargo-quickbuild-scratchpad)
    Finished dev [unoptimized + debuginfo] target(s) in 0.37s
wrote to "/Users/admin/tmp/quick/rand_core-0.6.3-e1504f188d5f12e1d92d25b5babebe622ac89b1f876ca2280a883dca9e344995.tar"
STARTING BUILD
"sct-0.7.0-d849b023b40c34e51a2097714e08caa4f24957a488348f34586358c3c5f1859e"
     Created binary (application) package
   Compiling sct v0.7.0
   Compiling cargo-quickbuild-scratchpad v0.1.0 (/private/var/folders/0d/08wbx2j52nx5hjg16cshb8g80000gn/T/cargo-quickbuild-scratchpad.n1Qn68XHcMcq/cargo-quickbuild-scratchpad)
    Finished dev [unoptimized + debuginfo] target(s) in 0.36s
wrote to "/Users/admin/tmp/quick/sct-0.7.0-d849b023b40c34e51a2097714e08caa4f24957a488348f34586358c3c5f1859e.tar"
STARTING BUILD
"serde_yaml-0.8.26-0555e3ebfc116855624567fc751cda87ef592eea79ed94bf8e3d0293aa057617"
     Created binary (application) package
   Compiling serde_yaml v0.8.26
   Compiling cargo-quickbuild-scratchpad v0.1.0 (/private/var/folders/0d/08wbx2j52nx5hjg16cshb8g80000gn/T/cargo-quickbuild-scratchpad.fcQcGKZV0Bm2/cargo-quickbuild-scratchpad)
    Finished dev [unoptimized + debuginfo] target(s) in 1.00s
wrote to "/Users/admin/tmp/quick/serde_yaml-0.8.26-0555e3ebfc116855624567fc751cda87ef592eea79ed94bf8e3d0293aa057617.tar"
STARTING BUILD
"signal-hook-0.3.14-39262c1850352df861ad2470db7ffb5495cccfd489361cd5e35aad68fcd585fc"
     Created binary (application) package
   Compiling signal-hook v0.3.14
   Compiling cargo-quickbuild-scratchpad v0.1.0 (/private/var/folders/0d/08wbx2j52nx5hjg16cshb8g80000gn/T/cargo-quickbuild-scratchpad.kHVlLXNwFmXp/cargo-quickbuild-scratchpad)
    Finished dev [unoptimized + debuginfo] target(s) in 0.68s
wrote to "/Users/admin/tmp/quick/signal-hook-0.3.14-39262c1850352df861ad2470db7ffb5495cccfd489361cd5e35aad68fcd585fc.tar"
STARTING BUILD
"time-0.3.11-4292c586c28cc8ef3fa9c2f847ba51a660eeeb88785db96895ad7b116066f624"
     Created binary (application) package
   Compiling time v0.3.11
   Compiling cargo-quickbuild-scratchpad v0.1.0 (/private/var/folders/0d/08wbx2j52nx5hjg16cshb8g80000gn/T/cargo-quickbuild-scratchpad.F01kHVFPf40d/cargo-quickbuild-scratchpad)
    Finished dev [unoptimized + debuginfo] target(s) in 0.88s
wrote to "/Users/admin/tmp/quick/time-0.3.11-4292c586c28cc8ef3fa9c2f847ba51a660eeeb88785db96895ad7b116066f624.tar"
STARTING BUILD
"webpki-0.22.0-6c8e7676acdfaaae06c3c955518de344cd83676f141295aa788cc0899177fa6a"
     Created binary (application) package
   Compiling webpki v0.22.0
   Compiling cargo-quickbuild-scratchpad v0.1.0 (/private/var/folders/0d/08wbx2j52nx5hjg16cshb8g80000gn/T/cargo-quickbuild-scratchpad.sfpbvibOh3cN/cargo-quickbuild-scratchpad)
    Finished dev [unoptimized + debuginfo] target(s) in 0.51s
wrote to "/Users/admin/tmp/quick/webpki-0.22.0-6c8e7676acdfaaae06c3c955518de344cd83676f141295aa788cc0899177fa6a.tar"
START OF LEVEL 3
[cargo-quickbuild/src/scheduler.rs:34] &current_level = {
    PackageId {
        name: "chrono",
        version: "0.4.19",
        source: "registry `crates-io`",
    },
    PackageId {
        name: "ctrlc",
        version: "3.2.2",
        source: "registry `crates-io`",
    },
    PackageId {
        name: "proc-macro-error-attr",
        version: "1.0.4",
        source: "registry `crates-io`",
    },
    PackageId {
        name: "rand_chacha",
        version: "0.3.1",
        source: "registry `crates-io`",
    },
    PackageId {
        name: "rustls",
        version: "0.20.6",
        source: "registry `crates-io`",
    },
    PackageId {
        name: "sha-1",
        version: "0.8.2",
        source: "registry `crates-io`",
    },
    PackageId {
        name: "shellexpand",
        version: "2.1.0",
        source: "registry `crates-io`",
    },
    PackageId {
        name: "signal-hook-mio",
        version: "0.2.3",
        source: "registry `crates-io`",
    },
    PackageId {
        name: "simplelog",
        version: "0.12.0",
        source: "registry `crates-io`",
    },
    PackageId {
        name: "syn",
        version: "1.0.98",
        source: "registry `crates-io`",
    },
    PackageId {
        name: "yasna",
        version: "0.5.0",
        source: "registry `crates-io`",
    },
}
STARTING BUILD
"chrono-0.4.19-f25ea80b457d68fadc45eba3a70e995bcd932e302bf2f292c49fc2c140c0d878"
     Created binary (application) package
   Compiling chrono v0.4.19
   Compiling cargo-quickbuild-scratchpad v0.1.0 (/private/var/folders/0d/08wbx2j52nx5hjg16cshb8g80000gn/T/cargo-quickbuild-scratchpad.7TTgdthsIvzF/cargo-quickbuild-scratchpad)
    Finished dev [unoptimized + debuginfo] target(s) in 0.93s
wrote to "/Users/admin/tmp/quick/chrono-0.4.19-f25ea80b457d68fadc45eba3a70e995bcd932e302bf2f292c49fc2c140c0d878.tar"
STARTING BUILD
"ctrlc-3.2.2-c24bd54d7bb137db4523ecb6311a965a17faa951044b0620bb41cff17a5cd577"
     Created binary (application) package
   Compiling ctrlc v3.2.2
   Compiling cargo-quickbuild-scratchpad v0.1.0 (/private/var/folders/0d/08wbx2j52nx5hjg16cshb8g80000gn/T/cargo-quickbuild-scratchpad.BJH1Z8M24JJb/cargo-quickbuild-scratchpad)
    Finished dev [unoptimized + debuginfo] target(s) in 0.33s
wrote to "/Users/admin/tmp/quick/ctrlc-3.2.2-c24bd54d7bb137db4523ecb6311a965a17faa951044b0620bb41cff17a5cd577.tar"
STARTING BUILD
"proc-macro-error-attr-1.0.4-6df8a571206fb14cd246bd71f3e4879262c91cde0624c2fefc3eb2f8635d13e4"
     Created binary (application) package
   Compiling proc-macro-error-attr v1.0.4
   Compiling cargo-quickbuild-scratchpad v0.1.0 (/private/var/folders/0d/08wbx2j52nx5hjg16cshb8g80000gn/T/cargo-quickbuild-scratchpad.4KnsXF0B3wq4/cargo-quickbuild-scratchpad)
    Finished dev [unoptimized + debuginfo] target(s) in 0.70s
wrote to "/Users/admin/tmp/quick/proc-macro-error-attr-1.0.4-6df8a571206fb14cd246bd71f3e4879262c91cde0624c2fefc3eb2f8635d13e4.tar"
STARTING BUILD
"rand_chacha-0.3.1-04143593279cea66c178bfda70a335794f092ef19a94439c65337a80720d70f1"
     Created binary (application) package
   Compiling rand_chacha v0.3.1
   Compiling cargo-quickbuild-scratchpad v0.1.0 (/private/var/folders/0d/08wbx2j52nx5hjg16cshb8g80000gn/T/cargo-quickbuild-scratchpad.dwF2cWnCWxEe/cargo-quickbuild-scratchpad)
    Finished dev [unoptimized + debuginfo] target(s) in 0.57s
wrote to "/Users/admin/tmp/quick/rand_chacha-0.3.1-04143593279cea66c178bfda70a335794f092ef19a94439c65337a80720d70f1.tar"
STARTING BUILD
"rustls-0.20.6-891f496532bcb514b6818abea7bdc996418e83da9304c05eee2e14e5c498a31e"
     Created binary (application) package
   Compiling rustls v0.20.6
   Compiling cargo-quickbuild-scratchpad v0.1.0 (/private/var/folders/0d/08wbx2j52nx5hjg16cshb8g80000gn/T/cargo-quickbuild-scratchpad.RhrQSW7n5x27/cargo-quickbuild-scratchpad)
    Finished dev [unoptimized + debuginfo] target(s) in 2.95s
wrote to "/Users/admin/tmp/quick/rustls-0.20.6-891f496532bcb514b6818abea7bdc996418e83da9304c05eee2e14e5c498a31e.tar"
STARTING BUILD
"sha-1-0.8.2-92d8e3db5dd550110d6328ee7f01fe65493a5d03f23de733da412cc4c328b3a3"
     Created binary (application) package
   Compiling sha-1 v0.8.2
   Compiling cargo-quickbuild-scratchpad v0.1.0 (/private/var/folders/0d/08wbx2j52nx5hjg16cshb8g80000gn/T/cargo-quickbuild-scratchpad.wsesBBHnTfV1/cargo-quickbuild-scratchpad)
    Finished dev [unoptimized + debuginfo] target(s) in 0.36s
wrote to "/Users/admin/tmp/quick/sha-1-0.8.2-92d8e3db5dd550110d6328ee7f01fe65493a5d03f23de733da412cc4c328b3a3.tar"
STARTING BUILD
"shellexpand-2.1.0-0e85dfbd43eedcea16cb243c478e62fbc29e2e1513e1d30bd55a638d25fcabcf"
     Created binary (application) package
   Compiling shellexpand v2.1.0
   Compiling cargo-quickbuild-scratchpad v0.1.0 (/private/var/folders/0d/08wbx2j52nx5hjg16cshb8g80000gn/T/cargo-quickbuild-scratchpad.dVyeezmBcxr1/cargo-quickbuild-scratchpad)
    Finished dev [unoptimized + debuginfo] target(s) in 0.34s
wrote to "/Users/admin/tmp/quick/shellexpand-2.1.0-0e85dfbd43eedcea16cb243c478e62fbc29e2e1513e1d30bd55a638d25fcabcf.tar"
STARTING BUILD
"signal-hook-mio-0.2.3-06e567a1222a2c8d643d0e0572efcc2fdde30ea9fc6711d2d12299e641fd2bd2"
     Created binary (application) package
   Compiling signal-hook-mio v0.2.3
   Compiling cargo-quickbuild-scratchpad v0.1.0 (/private/var/folders/0d/08wbx2j52nx5hjg16cshb8g80000gn/T/cargo-quickbuild-scratchpad.zuJyBuCFMiRI/cargo-quickbuild-scratchpad)
    Finished dev [unoptimized + debuginfo] target(s) in 0.30s
wrote to "/Users/admin/tmp/quick/signal-hook-mio-0.2.3-06e567a1222a2c8d643d0e0572efcc2fdde30ea9fc6711d2d12299e641fd2bd2.tar"
STARTING BUILD
"simplelog-0.12.0-96499bd615ae930fa91c2f8d70011268ec361adb72ee45047a95797e6f287d29"
     Created binary (application) package
   Compiling simplelog v0.12.0
   Compiling cargo-quickbuild-scratchpad v0.1.0 (/private/var/folders/0d/08wbx2j52nx5hjg16cshb8g80000gn/T/cargo-quickbuild-scratchpad.wIL9AUxhDwlL/cargo-quickbuild-scratchpad)
    Finished dev [unoptimized + debuginfo] target(s) in 0.57s
wrote to "/Users/admin/tmp/quick/simplelog-0.12.0-96499bd615ae930fa91c2f8d70011268ec361adb72ee45047a95797e6f287d29.tar"
STARTING BUILD
"syn-1.0.98-963b46a36ac9804aae9632dc7cd9e813724c34368ec9c70f08c1543eef24e9c7"
     Created binary (application) package
   Compiling syn v1.0.98
   Compiling cargo-quickbuild-scratchpad v0.1.0 (/private/var/folders/0d/08wbx2j52nx5hjg16cshb8g80000gn/T/cargo-quickbuild-scratchpad.PS7uXuXKHIMM/cargo-quickbuild-scratchpad)
    Finished dev [unoptimized + debuginfo] target(s) in 4.48s
wrote to "/Users/admin/tmp/quick/syn-1.0.98-963b46a36ac9804aae9632dc7cd9e813724c34368ec9c70f08c1543eef24e9c7.tar"
STARTING BUILD
"yasna-0.5.0-339c14903b22137f56e47d36a228c7cdc1518f60cb330c6e35bf97c8cb6bdc38"
     Created binary (application) package
   Compiling yasna v0.5.0
   Compiling cargo-quickbuild-scratchpad v0.1.0 (/private/var/folders/0d/08wbx2j52nx5hjg16cshb8g80000gn/T/cargo-quickbuild-scratchpad.plGR6G7npGOg/cargo-quickbuild-scratchpad)
    Finished dev [unoptimized + debuginfo] target(s) in 0.76s
wrote to "/Users/admin/tmp/quick/yasna-0.5.0-339c14903b22137f56e47d36a228c7cdc1518f60cb330c6e35bf97c8cb6bdc38.tar"
START OF LEVEL 4
[cargo-quickbuild/src/scheduler.rs:34] &current_level = {
    PackageId {
        name: "async-trait",
        version: "0.1.56",
        source: "registry `crates-io`",
    },
    PackageId {
        name: "chrono-english",
        version: "0.1.7",
        source: "registry `crates-io`",
    },
    PackageId {
        name: "crossterm",
        version: "0.23.2",
        source: "registry `crates-io`",
    },
    PackageId {
        name: "pest_meta",
        version: "2.1.3",
        source: "registry `crates-io`",
    },
    PackageId {
        name: "proc-macro-error",
        version: "1.0.4",
        source: "registry `crates-io`",
    },
    PackageId {
        name: "rand",
        version: "0.8.5",
        source: "registry `crates-io`",
    },
    PackageId {
        name: "rcgen",
        version: "0.9.3",
        source: "registry `crates-io`",
    },
    PackageId {
        name: "serde_derive",
        version: "1.0.139",
        source: "registry `crates-io`",
    },
    PackageId {
        name: "strum_macros",
        version: "0.24.2",
        source: "registry `crates-io`",
    },
    PackageId {
        name: "thiserror-impl",
        version: "1.0.31",
        source: "registry `crates-io`",
    },
    PackageId {
        name: "tokio-macros",
        version: "1.8.0",
        source: "registry `crates-io`",
    },
}
STARTING BUILD
"async-trait-0.1.56-67598b05fb205663f80f4b22aa5ab1fc46c64c7cbc4b74c0801708add204a097"
     Created binary (application) package
   Compiling syn v1.0.98
   Compiling async-trait v0.1.56
   Compiling cargo-quickbuild-scratchpad v0.1.0 (/private/var/folders/0d/08wbx2j52nx5hjg16cshb8g80000gn/T/cargo-quickbuild-scratchpad.TXJTUtICEbol/cargo-quickbuild-scratchpad)
    Finished dev [unoptimized + debuginfo] target(s) in 4.93s
wrote to "/Users/admin/tmp/quick/async-trait-0.1.56-67598b05fb205663f80f4b22aa5ab1fc46c64c7cbc4b74c0801708add204a097.tar"
STARTING BUILD
"chrono-english-0.1.7-5b0c61ac144ae648ffae7c90d9d16b995262f13d4e5f42242c18c7a1c5a3d1ed"
     Created binary (application) package
   Compiling chrono-english v0.1.7
   Compiling cargo-quickbuild-scratchpad v0.1.0 (/private/var/folders/0d/08wbx2j52nx5hjg16cshb8g80000gn/T/cargo-quickbuild-scratchpad.bSYLH5SFH8Li/cargo-quickbuild-scratchpad)
    Finished dev [unoptimized + debuginfo] target(s) in 0.43s
wrote to "/Users/admin/tmp/quick/chrono-english-0.1.7-5b0c61ac144ae648ffae7c90d9d16b995262f13d4e5f42242c18c7a1c5a3d1ed.tar"
STARTING BUILD
"crossterm-0.23.2-dc2451cde77e97bfea56549250472525bccd2d1083b0ec7a8068a0c2ce8bdd72"
     Created binary (application) package
   Compiling crossterm v0.23.2
   Compiling cargo-quickbuild-scratchpad v0.1.0 (/private/var/folders/0d/08wbx2j52nx5hjg16cshb8g80000gn/T/cargo-quickbuild-scratchpad.v6nBRRaY1GAl/cargo-quickbuild-scratchpad)
    Finished dev [unoptimized + debuginfo] target(s) in 0.85s
wrote to "/Users/admin/tmp/quick/crossterm-0.23.2-dc2451cde77e97bfea56549250472525bccd2d1083b0ec7a8068a0c2ce8bdd72.tar"
STARTING BUILD
"pest_meta-2.1.3-ad77dfe183046feb469e167733aa2a1cd250d863a36ff700699588c750588777"
     Created binary (application) package
   Compiling pest_meta v2.1.3
   Compiling cargo-quickbuild-scratchpad v0.1.0 (/private/var/folders/0d/08wbx2j52nx5hjg16cshb8g80000gn/T/cargo-quickbuild-scratchpad.uD12dO57qYp3/cargo-quickbuild-scratchpad)
    Finished dev [unoptimized + debuginfo] target(s) in 1.31s
wrote to "/Users/admin/tmp/quick/pest_meta-2.1.3-ad77dfe183046feb469e167733aa2a1cd250d863a36ff700699588c750588777.tar"
STARTING BUILD
"proc-macro-error-1.0.4-539811a530c538f48c2abaa3326964dd0e181f1dc883404874268c683b0f59b3"
     Created binary (application) package
   Compiling proc-macro-error v1.0.4
   Compiling cargo-quickbuild-scratchpad v0.1.0 (/private/var/folders/0d/08wbx2j52nx5hjg16cshb8g80000gn/T/cargo-quickbuild-scratchpad.xCrnRoHHUhXz/cargo-quickbuild-scratchpad)
    Finished dev [unoptimized + debuginfo] target(s) in 0.67s
wrote to "/Users/admin/tmp/quick/proc-macro-error-1.0.4-539811a530c538f48c2abaa3326964dd0e181f1dc883404874268c683b0f59b3.tar"
STARTING BUILD
"rand-0.8.5-cd1eab87a3afef17e7c8be33edd1c1489a314ccc98c5068b06eef1e6f9f9720e"
     Created binary (application) package
   Compiling rand v0.8.5
   Compiling cargo-quickbuild-scratchpad v0.1.0 (/private/var/folders/0d/08wbx2j52nx5hjg16cshb8g80000gn/T/cargo-quickbuild-scratchpad.tfqm1cmc6MPK/cargo-quickbuild-scratchpad)
    Finished dev [unoptimized + debuginfo] target(s) in 0.75s
wrote to "/Users/admin/tmp/quick/rand-0.8.5-cd1eab87a3afef17e7c8be33edd1c1489a314ccc98c5068b06eef1e6f9f9720e.tar"
STARTING BUILD
"rcgen-0.9.3-11550bba58161443bded6e9adfb656c726a23051e5fd0d604100b030761349e5"
     Created binary (application) package
   Compiling rcgen v0.9.3
   Compiling cargo-quickbuild-scratchpad v0.1.0 (/private/var/folders/0d/08wbx2j52nx5hjg16cshb8g80000gn/T/cargo-quickbuild-scratchpad.o1BBXZS27bnq/cargo-quickbuild-scratchpad)
    Finished dev [unoptimized + debuginfo] target(s) in 0.88s
wrote to "/Users/admin/tmp/quick/rcgen-0.9.3-11550bba58161443bded6e9adfb656c726a23051e5fd0d604100b030761349e5.tar"
STARTING BUILD
"serde_derive-1.0.139-ab3ddae12c7bd4bea842021db2f310da7eaa1a30f09701b8d25c0eaccb670d5e"
     Created binary (application) package
   Compiling syn v1.0.98
   Compiling serde_derive v1.0.139
   Compiling cargo-quickbuild-scratchpad v0.1.0 (/private/var/folders/0d/08wbx2j52nx5hjg16cshb8g80000gn/T/cargo-quickbuild-scratchpad.7XkjJsUOjNrb/cargo-quickbuild-scratchpad)
    Finished dev [unoptimized + debuginfo] target(s) in 5.14s
wrote to "/Users/admin/tmp/quick/serde_derive-1.0.139-ab3ddae12c7bd4bea842021db2f310da7eaa1a30f09701b8d25c0eaccb670d5e.tar"
STARTING BUILD
"strum_macros-0.24.2-4159c1fe0da731ef4204f498053142e228c7c2b133a7493cf8176b8ed4d81717"
     Created binary (application) package
   Compiling syn v1.0.98
   Compiling strum_macros v0.24.2
   Compiling cargo-quickbuild-scratchpad v0.1.0 (/private/var/folders/0d/08wbx2j52nx5hjg16cshb8g80000gn/T/cargo-quickbuild-scratchpad.YmBzoP23zYZG/cargo-quickbuild-scratchpad)
    Finished dev [unoptimized + debuginfo] target(s) in 3.95s
wrote to "/Users/admin/tmp/quick/strum_macros-0.24.2-4159c1fe0da731ef4204f498053142e228c7c2b133a7493cf8176b8ed4d81717.tar"
STARTING BUILD
"thiserror-impl-1.0.31-c192d891daa0ed6a43300c6c2c372d6f526db55cf0cb8071e1600df4d753736f"
     Created binary (application) package
   Compiling syn v1.0.98
   Compiling thiserror-impl v1.0.31
   Compiling cargo-quickbuild-scratchpad v0.1.0 (/private/var/folders/0d/08wbx2j52nx5hjg16cshb8g80000gn/T/cargo-quickbuild-scratchpad.ilASQdTl0VC0/cargo-quickbuild-scratchpad)
    Finished dev [unoptimized + debuginfo] target(s) in 3.53s
wrote to "/Users/admin/tmp/quick/thiserror-impl-1.0.31-c192d891daa0ed6a43300c6c2c372d6f526db55cf0cb8071e1600df4d753736f.tar"
STARTING BUILD
"tokio-macros-1.8.0-f25fd078e9ac1615036cd8aa3bd9d8a0453bcb43b21d432eb510bd9031d59704"
     Created binary (application) package
   Compiling syn v1.0.98
   Compiling tokio-macros v1.8.0
   Compiling cargo-quickbuild-scratchpad v0.1.0 (/private/var/folders/0d/08wbx2j52nx5hjg16cshb8g80000gn/T/cargo-quickbuild-scratchpad.oPlq5dQ75leZ/cargo-quickbuild-scratchpad)
    Finished dev [unoptimized + debuginfo] target(s) in 4.29s
wrote to "/Users/admin/tmp/quick/tokio-macros-1.8.0-f25fd078e9ac1615036cd8aa3bd9d8a0453bcb43b21d432eb510bd9031d59704.tar"
START OF LEVEL 5
[cargo-quickbuild/src/scheduler.rs:34] &current_level = {
    PackageId {
        name: "clap_derive",
        version: "3.2.7",
        source: "registry `crates-io`",
    },
    PackageId {
        name: "comfy-table",
        version: "6.0.0",
        source: "registry `crates-io`",
    },
    PackageId {
        name: "pest_generator",
        version: "2.1.3",
        source: "registry `crates-io`",
    },
    PackageId {
        name: "thiserror",
        version: "1.0.31",
        source: "registry `crates-io`",
    },
    PackageId {
        name: "tokio",
        version: "1.20.0",
        source: "registry `crates-io`",
    },
}
STARTING BUILD
"clap_derive-3.2.7-e78c2cc002a009d46cd8a9010d36c793d6a5fea8492a9ad7f2b9a123f2da3a94"
     Created binary (application) package
   Compiling syn v1.0.98
   Compiling proc-macro-error v1.0.4
   Compiling clap_derive v3.2.7
   Compiling cargo-quickbuild-scratchpad v0.1.0 (/private/var/folders/0d/08wbx2j52nx5hjg16cshb8g80000gn/T/cargo-quickbuild-scratchpad.simsYFUrSN74/cargo-quickbuild-scratchpad)
    Finished dev [unoptimized + debuginfo] target(s) in 5.30s
wrote to "/Users/admin/tmp/quick/clap_derive-3.2.7-e78c2cc002a009d46cd8a9010d36c793d6a5fea8492a9ad7f2b9a123f2da3a94.tar"
STARTING BUILD
"comfy-table-6.0.0-d81bfbe33e60557087e840b021e75803a6ca5a126c67f6498a12b8e2cef1ef7c"
     Created binary (application) package
   Compiling comfy-table v6.0.0
   Compiling cargo-quickbuild-scratchpad v0.1.0 (/private/var/folders/0d/08wbx2j52nx5hjg16cshb8g80000gn/T/cargo-quickbuild-scratchpad.MJR7CJgR6MMo/cargo-quickbuild-scratchpad)
    Finished dev [unoptimized + debuginfo] target(s) in 0.87s
wrote to "/Users/admin/tmp/quick/comfy-table-6.0.0-d81bfbe33e60557087e840b021e75803a6ca5a126c67f6498a12b8e2cef1ef7c.tar"
STARTING BUILD
"pest_generator-2.1.3-17ef6827f2610b35082c88c024ecf7141b68e56ca36c7149acca8ff9b321730b"
     Created binary (application) package
   Compiling pest_generator v2.1.3
   Compiling cargo-quickbuild-scratchpad v0.1.0 (/private/var/folders/0d/08wbx2j52nx5hjg16cshb8g80000gn/T/cargo-quickbuild-scratchpad.SJUtpQsjl1MM/cargo-quickbuild-scratchpad)
    Finished dev [unoptimized + debuginfo] target(s) in 0.78s
wrote to "/Users/admin/tmp/quick/pest_generator-2.1.3-17ef6827f2610b35082c88c024ecf7141b68e56ca36c7149acca8ff9b321730b.tar"
STARTING BUILD
"thiserror-1.0.31-7cb6532c14807955d902a3c6db31bcaffab05e8e16f4204a2fa4e9d61181c3f1"
     Created binary (application) package
   Compiling thiserror v1.0.31
   Compiling cargo-quickbuild-scratchpad v0.1.0 (/private/var/folders/0d/08wbx2j52nx5hjg16cshb8g80000gn/T/cargo-quickbuild-scratchpad.nSUUSjhA3EFP/cargo-quickbuild-scratchpad)
    Finished dev [unoptimized + debuginfo] target(s) in 0.32s
wrote to "/Users/admin/tmp/quick/thiserror-1.0.31-7cb6532c14807955d902a3c6db31bcaffab05e8e16f4204a2fa4e9d61181c3f1.tar"
STARTING BUILD
"tokio-1.20.0-f4c5c9959e3b04e8d47077c21c1e7e4f18b9deaf557be0c5a641c4c2653c1879"
     Created binary (application) package
   Compiling tokio v1.20.0
   Compiling cargo-quickbuild-scratchpad v0.1.0 (/private/var/folders/0d/08wbx2j52nx5hjg16cshb8g80000gn/T/cargo-quickbuild-scratchpad.lWfp93neEYjQ/cargo-quickbuild-scratchpad)
    Finished dev [unoptimized + debuginfo] target(s) in 3.67s
wrote to "/Users/admin/tmp/quick/tokio-1.20.0-f4c5c9959e3b04e8d47077c21c1e7e4f18b9deaf557be0c5a641c4c2653c1879.tar"
START OF LEVEL 6
[cargo-quickbuild/src/scheduler.rs:34] &current_level = {
    PackageId {
        name: "clap",
        version: "3.2.12",
        source: "registry `crates-io`",
    },
    PackageId {
        name: "pest_derive",
        version: "2.1.0",
        source: "registry `crates-io`",
    },
    PackageId {
        name: "tokio-rustls",
        version: "0.23.4",
        source: "registry `crates-io`",
    },
}
STARTING BUILD
"clap-3.2.12-c5660061ad337e908304a4a5e8dfbdaaec5c685b910cd7ce8cc76a7d8edb9dd7"
     Created binary (application) package
   Compiling clap v3.2.12
   Compiling cargo-quickbuild-scratchpad v0.1.0 (/private/var/folders/0d/08wbx2j52nx5hjg16cshb8g80000gn/T/cargo-quickbuild-scratchpad.maPegxZRM9Ut/cargo-quickbuild-scratchpad)
    Finished dev [unoptimized + debuginfo] target(s) in 3.41s
wrote to "/Users/admin/tmp/quick/clap-3.2.12-c5660061ad337e908304a4a5e8dfbdaaec5c685b910cd7ce8cc76a7d8edb9dd7.tar"
STARTING BUILD
"pest_derive-2.1.0-ce7a9006c4b6c0a052ac81c9c9666e2df4d3600576bbda11a712d81095e00495"
     Created binary (application) package
   Compiling syn v1.0.98
   Compiling pest_generator v2.1.3
   Compiling pest_derive v2.1.0
   Compiling cargo-quickbuild-scratchpad v0.1.0 (/private/var/folders/0d/08wbx2j52nx5hjg16cshb8g80000gn/T/cargo-quickbuild-scratchpad.yEEPYm27YE56/cargo-quickbuild-scratchpad)
    Finished dev [unoptimized + debuginfo] target(s) in 3.18s
wrote to "/Users/admin/tmp/quick/pest_derive-2.1.0-ce7a9006c4b6c0a052ac81c9c9666e2df4d3600576bbda11a712d81095e00495.tar"
STARTING BUILD
"tokio-rustls-0.23.4-4ff8890cdb3c3266ef2fe8dfa6f73ae28e2f17c1c6690e4c844ed3360c0276ef"
     Created binary (application) package
   Compiling tokio-rustls v0.23.4
   Compiling cargo-quickbuild-scratchpad v0.1.0 (/private/var/folders/0d/08wbx2j52nx5hjg16cshb8g80000gn/T/cargo-quickbuild-scratchpad.HEmILLKMuxFz/cargo-quickbuild-scratchpad)
    Finished dev [unoptimized + debuginfo] target(s) in 0.41s
wrote to "/Users/admin/tmp/quick/tokio-rustls-0.23.4-4ff8890cdb3c3266ef2fe8dfa6f73ae28e2f17c1c6690e4c844ed3360c0276ef.tar"
START OF LEVEL 7
[cargo-quickbuild/src/scheduler.rs:34] &current_level = {
    PackageId {
        name: "clap_complete",
        version: "3.2.3",
        source: "registry `crates-io`",
    },
    PackageId {
        name: "handlebars",
        version: "4.3.2",
        source: "registry `crates-io`",
    },
    PackageId {
        name: "pueue-lib",
        version: "0.20.0",
        source: "registry `crates-io`",
    },
}
STARTING BUILD
"clap_complete-3.2.3-332f226f401a51bc0e26b61e35c78bbb5bb10be361b887a1dad90e726317e56a"
     Created binary (application) package
   Compiling clap_complete v3.2.3
   Compiling cargo-quickbuild-scratchpad v0.1.0 (/private/var/folders/0d/08wbx2j52nx5hjg16cshb8g80000gn/T/cargo-quickbuild-scratchpad.rND5IWpfKsL6/cargo-quickbuild-scratchpad)
    Finished dev [unoptimized + debuginfo] target(s) in 0.71s
wrote to "/Users/admin/tmp/quick/clap_complete-3.2.3-332f226f401a51bc0e26b61e35c78bbb5bb10be361b887a1dad90e726317e56a.tar"
STARTING BUILD
"handlebars-4.3.2-a39e52faf8fd1fd42784324c01925788787d100cca1f3767362cd99c8ab16897"
     Created binary (application) package
   Compiling handlebars v4.3.2
   Compiling cargo-quickbuild-scratchpad v0.1.0 (/private/var/folders/0d/08wbx2j52nx5hjg16cshb8g80000gn/T/cargo-quickbuild-scratchpad.7WBSZaNYBN2D/cargo-quickbuild-scratchpad)
    Finished dev [unoptimized + debuginfo] target(s) in 2.46s
wrote to "/Users/admin/tmp/quick/handlebars-4.3.2-a39e52faf8fd1fd42784324c01925788787d100cca1f3767362cd99c8ab16897.tar"
STARTING BUILD
"pueue-lib-0.20.0-709a1f27013919f609de4bb2797b91a685154b7b0965fd83fb5bcf42f3a7f8dc"
     Created binary (application) package
   Compiling syn v1.0.98
   Compiling tokio-macros v1.8.0
   Compiling thiserror-impl v1.0.31
   Compiling async-trait v0.1.56
   Compiling strum_macros v0.24.2
   Compiling serde_derive v1.0.139
   Compiling tokio v1.20.0
   Compiling thiserror v1.0.31
   Compiling tokio-rustls v0.23.4
   Compiling pueue-lib v0.20.0
   Compiling cargo-quickbuild-scratchpad v0.1.0 (/private/var/folders/0d/08wbx2j52nx5hjg16cshb8g80000gn/T/cargo-quickbuild-scratchpad.f3HwkwQqi1YY/cargo-quickbuild-scratchpad)
    Finished dev [unoptimized + debuginfo] target(s) in 16.82s
wrote to "/Users/admin/tmp/quick/pueue-lib-0.20.0-709a1f27013919f609de4bb2797b91a685154b7b0965fd83fb5bcf42f3a7f8dc.tar"
START OF LEVEL 8
[cargo-quickbuild/src/scheduler.rs:34] &current_level = {
    PackageId {
        name: "pueue",
        version: "2.1.0",
        source: "registry `crates-io`",
    },
}
 We're done here 
