 Downloading crates ...
  Downloaded wasm-bindgen-cli v0.2.82
    Updating crates.io index
 Downloading crates ...
  Downloaded docopt v1.1.1
  Downloaded twoway v0.1.8
  Downloaded walrus-macro v0.19.0
  Downloaded wit-schema-version v0.1.0
  Downloaded wit-parser v0.2.0
  Downloaded wit-validator v0.2.1
  Downloaded wasmparser v0.59.0
  Downloaded id-arena v2.2.1
  Downloaded wasm-bindgen-wasm-conventions v0.2.82
  Downloaded walrus v0.19.0
  Downloaded wasm-bindgen-wasm-interpreter v0.2.82
  Downloaded wit-walrus v0.6.0
  Downloaded wit-text v0.8.0
  Downloaded proc-macro2 v1.0.41
  Downloaded wasm-bindgen-threads-xform v0.2.82
  Downloaded rouille v3.5.0
  Downloaded ascii v1.0.0
  Downloaded wit-writer v0.2.0
  Downloaded base64 v0.9.3
  Downloaded wasmparser v0.77.0
  Downloaded buf_redux v0.8.4
  Downloaded wast v21.0.0
  Downloaded wasm-bindgen-cli-support v0.2.82
  Downloaded env_logger v0.8.4
  Downloaded wasm-bindgen-multi-value-xform v0.2.82
  Downloaded wasm-bindgen-externref-xform v0.2.82
  Downloaded tiny_http v0.8.2
  Downloaded multipart v0.18.0
START OF LEVEL 0
[cargo-quickbuild/src/scheduler.rs:34] &current_level = {
    PackageId {
        name: "anyhow",
        version: "1.0.58",
        source: "registry `crates-io`",
    },
    PackageId {
        name: "ascii",
        version: "1.0.0",
        source: "registry `crates-io`",
    },
    PackageId {
        name: "autocfg",
        version: "1.1.0",
        source: "registry `crates-io`",
    },
    PackageId {
        name: "base64",
        version: "0.13.0",
        source: "registry `crates-io`",
    },
    PackageId {
        name: "byteorder",
        version: "1.4.3",
        source: "registry `crates-io`",
    },
    PackageId {
        name: "cc",
        version: "1.0.73",
        source: "registry `crates-io`",
    },
    PackageId {
        name: "cfg-if",
        version: "1.0.0",
        source: "registry `crates-io`",
    },
    PackageId {
        name: "chunked_transfer",
        version: "1.4.0",
        source: "registry `crates-io`",
    },
    PackageId {
        name: "either",
        version: "1.7.0",
        source: "registry `crates-io`",
    },
    PackageId {
        name: "fastrand",
        version: "1.8.0",
        source: "registry `crates-io`",
    },
    PackageId {
        name: "httparse",
        version: "1.7.1",
        source: "registry `crates-io`",
    },
    PackageId {
        name: "humantime",
        version: "2.1.0",
        source: "registry `crates-io`",
    },
    PackageId {
        name: "itoa",
        version: "1.0.2",
        source: "registry `crates-io`",
    },
    PackageId {
        name: "lazy_static",
        version: "1.4.0",
        source: "registry `crates-io`",
    },
    PackageId {
        name: "leb128",
        version: "0.2.5",
        source: "registry `crates-io`",
    },
    PackageId {
        name: "libc",
        version: "0.2.126",
        source: "registry `crates-io`",
    },
    PackageId {
        name: "matches",
        version: "0.1.9",
        source: "registry `crates-io`",
    },
    PackageId {
        name: "memchr",
        version: "2.5.0",
        source: "registry `crates-io`",
    },
    PackageId {
        name: "mime",
        version: "0.3.16",
        source: "registry `crates-io`",
    },
    PackageId {
        name: "once_cell",
        version: "1.13.0",
        source: "registry `crates-io`",
    },
    PackageId {
        name: "percent-encoding",
        version: "2.1.0",
        source: "registry `crates-io`",
    },
    PackageId {
        name: "pkg-config",
        version: "0.3.25",
        source: "registry `crates-io`",
    },
    PackageId {
        name: "ppv-lite86",
        version: "0.2.16",
        source: "registry `crates-io`",
    },
    PackageId {
        name: "quick-error",
        version: "1.2.3",
        source: "registry `crates-io`",
    },
    PackageId {
        name: "regex-syntax",
        version: "0.6.27",
        source: "registry `crates-io`",
    },
    PackageId {
        name: "remove_dir_all",
        version: "0.5.3",
        source: "registry `crates-io`",
    },
    PackageId {
        name: "rustc-demangle",
        version: "0.1.21",
        source: "registry `crates-io`",
    },
    PackageId {
        name: "ryu",
        version: "1.0.10",
        source: "registry `crates-io`",
    },
    PackageId {
        name: "safemem",
        version: "0.3.3",
        source: "registry `crates-io`",
    },
    PackageId {
        name: "scopeguard",
        version: "1.1.0",
        source: "registry `crates-io`",
    },
    PackageId {
        name: "sha1_smol",
        version: "1.0.0",
        source: "registry `crates-io`",
    },
    PackageId {
        name: "strsim",
        version: "0.10.0",
        source: "registry `crates-io`",
    },
    PackageId {
        name: "termcolor",
        version: "1.1.3",
        source: "registry `crates-io`",
    },
    PackageId {
        name: "tinyvec_macros",
        version: "0.1.0",
        source: "registry `crates-io`",
    },
    PackageId {
        name: "unicode-bidi",
        version: "0.3.8",
        source: "registry `crates-io`",
    },
    PackageId {
        name: "unicode-ident",
        version: "1.0.2",
        source: "registry `crates-io`",
    },
    PackageId {
        name: "unicode-segmentation",
        version: "1.9.0",
        source: "registry `crates-io`",
    },
    PackageId {
        name: "version_check",
        version: "0.9.4",
        source: "registry `crates-io`",
    },
    PackageId {
        name: "wasm-bindgen-shared",
        version: "0.2.82",
        source: "registry `crates-io`",
    },
    PackageId {
        name: "wasmparser",
        version: "0.59.0",
        source: "registry `crates-io`",
    },
    PackageId {
        name: "wasmparser",
        version: "0.77.0",
        source: "registry `crates-io`",
    },
    PackageId {
        name: "wit-schema-version",
        version: "0.1.0",
        source: "registry `crates-io`",
    },
}
STARTING BUILD
"anyhow-1.0.58-73100710d71699e12bb71599f29035682de5264eab4c7fd48bd631e15850b120"
     Created binary (application) package
   Compiling anyhow v1.0.58
   Compiling cargo-quickbuild-scratchpad v0.1.0 (/private/var/folders/0d/08wbx2j52nx5hjg16cshb8g80000gn/T/cargo-quickbuild-scratchpad.pmazni5ZYyoi/cargo-quickbuild-scratchpad)
    Finished dev [unoptimized + debuginfo] target(s) in 0.79s
wrote to "/Users/admin/tmp/quick/anyhow-1.0.58-73100710d71699e12bb71599f29035682de5264eab4c7fd48bd631e15850b120.tar"
STARTING BUILD
"ascii-1.0.0-33396a0ad45d1c83482d985c2e3ae1f0e1ec18a5e0a38d98a8244af91a68f1b3"
     Created binary (application) package
   Compiling ascii v1.0.0
   Compiling cargo-quickbuild-scratchpad v0.1.0 (/private/var/folders/0d/08wbx2j52nx5hjg16cshb8g80000gn/T/cargo-quickbuild-scratchpad.Drst7nc47CkD/cargo-quickbuild-scratchpad)
    Finished dev [unoptimized + debuginfo] target(s) in 0.53s
wrote to "/Users/admin/tmp/quick/ascii-1.0.0-33396a0ad45d1c83482d985c2e3ae1f0e1ec18a5e0a38d98a8244af91a68f1b3.tar"
STARTING BUILD
"autocfg-1.1.0-a2a3cd9f808e9399d00cfb1c7bf6eebb60abff61d1c15b0b0b9805224d67e65f"
     Created binary (application) package
   Compiling autocfg v1.1.0
   Compiling cargo-quickbuild-scratchpad v0.1.0 (/private/var/folders/0d/08wbx2j52nx5hjg16cshb8g80000gn/T/cargo-quickbuild-scratchpad.kBnUusK1zXxS/cargo-quickbuild-scratchpad)
    Finished dev [unoptimized + debuginfo] target(s) in 0.55s
wrote to "/Users/admin/tmp/quick/autocfg-1.1.0-a2a3cd9f808e9399d00cfb1c7bf6eebb60abff61d1c15b0b0b9805224d67e65f.tar"
STARTING BUILD
"base64-0.13.0-965492bfb8a919399c140065e4af5be5d835d8439a09959813d3620f51f190cb"
     Created binary (application) package
   Compiling base64 v0.13.0
   Compiling cargo-quickbuild-scratchpad v0.1.0 (/private/var/folders/0d/08wbx2j52nx5hjg16cshb8g80000gn/T/cargo-quickbuild-scratchpad.5gCGwPq2DSvN/cargo-quickbuild-scratchpad)
    Finished dev [unoptimized + debuginfo] target(s) in 0.45s
wrote to "/Users/admin/tmp/quick/base64-0.13.0-965492bfb8a919399c140065e4af5be5d835d8439a09959813d3620f51f190cb.tar"
STARTING BUILD
"byteorder-1.4.3-c4cb4384111d68a9547fa199c478ec844e05889882133d98c1296dbd52064505"
     Created binary (application) package
   Compiling byteorder v1.4.3
   Compiling cargo-quickbuild-scratchpad v0.1.0 (/private/var/folders/0d/08wbx2j52nx5hjg16cshb8g80000gn/T/cargo-quickbuild-scratchpad.wSHAvOpgzqxr/cargo-quickbuild-scratchpad)
    Finished dev [unoptimized + debuginfo] target(s) in 0.42s
wrote to "/Users/admin/tmp/quick/byteorder-1.4.3-c4cb4384111d68a9547fa199c478ec844e05889882133d98c1296dbd52064505.tar"
STARTING BUILD
"cc-1.0.73-b7d91554ef8ede63f6f97e85186ce1241284f501f47f112753fd9b8b9ec427d7"
     Created binary (application) package
   Compiling cc v1.0.73
   Compiling cargo-quickbuild-scratchpad v0.1.0 (/private/var/folders/0d/08wbx2j52nx5hjg16cshb8g80000gn/T/cargo-quickbuild-scratchpad.A8ZIMgv7rGLV/cargo-quickbuild-scratchpad)
    Finished dev [unoptimized + debuginfo] target(s) in 1.11s
wrote to "/Users/admin/tmp/quick/cc-1.0.73-b7d91554ef8ede63f6f97e85186ce1241284f501f47f112753fd9b8b9ec427d7.tar"
STARTING BUILD
"cfg-if-1.0.0-1c5c0556da306059c2ff0e0ec4cfb9a11c31bbf0fc81e44ac39ecc5ad6c1ce48"
     Created binary (application) package
   Compiling cfg-if v1.0.0
   Compiling cargo-quickbuild-scratchpad v0.1.0 (/private/var/folders/0d/08wbx2j52nx5hjg16cshb8g80000gn/T/cargo-quickbuild-scratchpad.0CJ9MkVxIP0G/cargo-quickbuild-scratchpad)
    Finished dev [unoptimized + debuginfo] target(s) in 0.28s
wrote to "/Users/admin/tmp/quick/cfg-if-1.0.0-1c5c0556da306059c2ff0e0ec4cfb9a11c31bbf0fc81e44ac39ecc5ad6c1ce48.tar"
STARTING BUILD
"chunked_transfer-1.4.0-2bfc0e93b44879862292899f06112908408f39d2e24b18aba305b17025a63e59"
     Created binary (application) package
   Compiling chunked_transfer v1.4.0
   Compiling cargo-quickbuild-scratchpad v0.1.0 (/private/var/folders/0d/08wbx2j52nx5hjg16cshb8g80000gn/T/cargo-quickbuild-scratchpad.ikDiHF1zsMWp/cargo-quickbuild-scratchpad)
    Finished dev [unoptimized + debuginfo] target(s) in 0.30s
wrote to "/Users/admin/tmp/quick/chunked_transfer-1.4.0-2bfc0e93b44879862292899f06112908408f39d2e24b18aba305b17025a63e59.tar"
STARTING BUILD
"either-1.7.0-7a8b2a467000ab849bcdc4c79ee0dc273c72e58a663de7bc820c24c1c4439f57"
     Created binary (application) package
   Compiling either v1.7.0
   Compiling cargo-quickbuild-scratchpad v0.1.0 (/private/var/folders/0d/08wbx2j52nx5hjg16cshb8g80000gn/T/cargo-quickbuild-scratchpad.0gaEhPuqAOJO/cargo-quickbuild-scratchpad)
    Finished dev [unoptimized + debuginfo] target(s) in 0.31s
wrote to "/Users/admin/tmp/quick/either-1.7.0-7a8b2a467000ab849bcdc4c79ee0dc273c72e58a663de7bc820c24c1c4439f57.tar"
STARTING BUILD
"fastrand-1.8.0-3a58633706cd6dcea69116b8be0a4bbd7033eb4a4f229cec1e7f7e447e349f62"
     Created binary (application) package
   Compiling fastrand v1.8.0
   Compiling cargo-quickbuild-scratchpad v0.1.0 (/private/var/folders/0d/08wbx2j52nx5hjg16cshb8g80000gn/T/cargo-quickbuild-scratchpad.jZwqO6dG6Dt3/cargo-quickbuild-scratchpad)
    Finished dev [unoptimized + debuginfo] target(s) in 0.39s
wrote to "/Users/admin/tmp/quick/fastrand-1.8.0-3a58633706cd6dcea69116b8be0a4bbd7033eb4a4f229cec1e7f7e447e349f62.tar"
STARTING BUILD
"httparse-1.7.1-eb5f2c572ad4e8a5a6ee3907bb83249bbc56bb0edc44dd710f717c36d56e9366"
     Created binary (application) package
   Compiling httparse v1.7.1
   Compiling cargo-quickbuild-scratchpad v0.1.0 (/private/var/folders/0d/08wbx2j52nx5hjg16cshb8g80000gn/T/cargo-quickbuild-scratchpad.C6WiI4WtO0t2/cargo-quickbuild-scratchpad)
    Finished dev [unoptimized + debuginfo] target(s) in 0.59s
wrote to "/Users/admin/tmp/quick/httparse-1.7.1-eb5f2c572ad4e8a5a6ee3907bb83249bbc56bb0edc44dd710f717c36d56e9366.tar"
STARTING BUILD
"humantime-2.1.0-8e5dfee5fb52221484919de63f2c1412092a34b20d51d0ec381214e62a6d9c40"
     Created binary (application) package
   Compiling humantime v2.1.0
   Compiling cargo-quickbuild-scratchpad v0.1.0 (/private/var/folders/0d/08wbx2j52nx5hjg16cshb8g80000gn/T/cargo-quickbuild-scratchpad.q0g486YA9fNF/cargo-quickbuild-scratchpad)
    Finished dev [unoptimized + debuginfo] target(s) in 0.42s
wrote to "/Users/admin/tmp/quick/humantime-2.1.0-8e5dfee5fb52221484919de63f2c1412092a34b20d51d0ec381214e62a6d9c40.tar"
STARTING BUILD
"itoa-1.0.2-de976576c08177f6d247b3a55ca61770b07c7f70783104231e36c3218d25e61c"
     Created binary (application) package
   Compiling itoa v1.0.2
   Compiling cargo-quickbuild-scratchpad v0.1.0 (/private/var/folders/0d/08wbx2j52nx5hjg16cshb8g80000gn/T/cargo-quickbuild-scratchpad.NhT3U8rwVgpp/cargo-quickbuild-scratchpad)
    Finished dev [unoptimized + debuginfo] target(s) in 0.31s
wrote to "/Users/admin/tmp/quick/itoa-1.0.2-de976576c08177f6d247b3a55ca61770b07c7f70783104231e36c3218d25e61c.tar"
STARTING BUILD
"lazy_static-1.4.0-10d4523649d2ce71fe87ca1ba906a02faed845dc54bd23444b07c338d1cd2543"
     Created binary (application) package
   Compiling lazy_static v1.4.0
   Compiling cargo-quickbuild-scratchpad v0.1.0 (/private/var/folders/0d/08wbx2j52nx5hjg16cshb8g80000gn/T/cargo-quickbuild-scratchpad.A35OpSU5aVRh/cargo-quickbuild-scratchpad)
    Finished dev [unoptimized + debuginfo] target(s) in 0.28s
wrote to "/Users/admin/tmp/quick/lazy_static-1.4.0-10d4523649d2ce71fe87ca1ba906a02faed845dc54bd23444b07c338d1cd2543.tar"
STARTING BUILD
"leb128-0.2.5-1f7e525f8c7a40ca0b03aa93577ff2ad4987a45b63ee7f678a441e648dbb77ee"
     Created binary (application) package
   Compiling leb128 v0.2.5
   Compiling cargo-quickbuild-scratchpad v0.1.0 (/private/var/folders/0d/08wbx2j52nx5hjg16cshb8g80000gn/T/cargo-quickbuild-scratchpad.A88iUkHCXdLj/cargo-quickbuild-scratchpad)
    Finished dev [unoptimized + debuginfo] target(s) in 0.32s
wrote to "/Users/admin/tmp/quick/leb128-0.2.5-1f7e525f8c7a40ca0b03aa93577ff2ad4987a45b63ee7f678a441e648dbb77ee.tar"
STARTING BUILD
"libc-0.2.126-b5e9501ec11edd2e836682f85b4784ca7adac1fc0e5cd5eaef406b3c34a423dd"
     Created binary (application) package
   Compiling libc v0.2.126
   Compiling cargo-quickbuild-scratchpad v0.1.0 (/private/var/folders/0d/08wbx2j52nx5hjg16cshb8g80000gn/T/cargo-quickbuild-scratchpad.rgD6T6lQx2Sl/cargo-quickbuild-scratchpad)
    Finished dev [unoptimized + debuginfo] target(s) in 0.71s
wrote to "/Users/admin/tmp/quick/libc-0.2.126-b5e9501ec11edd2e836682f85b4784ca7adac1fc0e5cd5eaef406b3c34a423dd.tar"
STARTING BUILD
"matches-0.1.9-6824a4bd3ad858447140ce8d946625dfeb7d1711998388303eaa9169b05ba6f4"
     Created binary (application) package
   Compiling matches v0.1.9
   Compiling cargo-quickbuild-scratchpad v0.1.0 (/private/var/folders/0d/08wbx2j52nx5hjg16cshb8g80000gn/T/cargo-quickbuild-scratchpad.rZOniz0b3Ula/cargo-quickbuild-scratchpad)
    Finished dev [unoptimized + debuginfo] target(s) in 0.27s
wrote to "/Users/admin/tmp/quick/matches-0.1.9-6824a4bd3ad858447140ce8d946625dfeb7d1711998388303eaa9169b05ba6f4.tar"
STARTING BUILD
"memchr-2.5.0-cb986a38d196741ef6b11ccd45d95f850c34a4c0c812044228f981f72b91456c"
     Created binary (application) package
   Compiling memchr v2.5.0
   Compiling cargo-quickbuild-scratchpad v0.1.0 (/private/var/folders/0d/08wbx2j52nx5hjg16cshb8g80000gn/T/cargo-quickbuild-scratchpad.lm05yNsuTBL9/cargo-quickbuild-scratchpad)
    Finished dev [unoptimized + debuginfo] target(s) in 0.69s
wrote to "/Users/admin/tmp/quick/memchr-2.5.0-cb986a38d196741ef6b11ccd45d95f850c34a4c0c812044228f981f72b91456c.tar"
STARTING BUILD
"mime-0.3.16-ec0ecb55e8d0f339f60d13282c98501bf7695381467022cb0340f718e0e32eb8"
     Created binary (application) package
   Compiling mime v0.3.16
   Compiling cargo-quickbuild-scratchpad v0.1.0 (/private/var/folders/0d/08wbx2j52nx5hjg16cshb8g80000gn/T/cargo-quickbuild-scratchpad.yKSwQ7l7X69Z/cargo-quickbuild-scratchpad)
    Finished dev [unoptimized + debuginfo] target(s) in 0.44s
wrote to "/Users/admin/tmp/quick/mime-0.3.16-ec0ecb55e8d0f339f60d13282c98501bf7695381467022cb0340f718e0e32eb8.tar"
STARTING BUILD
"once_cell-1.13.0-b70fe0db68bf80c04cce3094083b6a53723261688a10c987a9b326cf63131d86"
     Created binary (application) package
   Compiling once_cell v1.13.0
   Compiling cargo-quickbuild-scratchpad v0.1.0 (/private/var/folders/0d/08wbx2j52nx5hjg16cshb8g80000gn/T/cargo-quickbuild-scratchpad.kdDhazPWtVT7/cargo-quickbuild-scratchpad)
    Finished dev [unoptimized + debuginfo] target(s) in 0.36s
wrote to "/Users/admin/tmp/quick/once_cell-1.13.0-b70fe0db68bf80c04cce3094083b6a53723261688a10c987a9b326cf63131d86.tar"
STARTING BUILD
"percent-encoding-2.1.0-85e93b6261b9d7681b752a6b4aaceb0473ee18818e8ae90b8bd6895a024ad307"
     Created binary (application) package
   Compiling percent-encoding v2.1.0
   Compiling cargo-quickbuild-scratchpad v0.1.0 (/private/var/folders/0d/08wbx2j52nx5hjg16cshb8g80000gn/T/cargo-quickbuild-scratchpad.klJtCSZNZBXz/cargo-quickbuild-scratchpad)
    Finished dev [unoptimized + debuginfo] target(s) in 0.38s
wrote to "/Users/admin/tmp/quick/percent-encoding-2.1.0-85e93b6261b9d7681b752a6b4aaceb0473ee18818e8ae90b8bd6895a024ad307.tar"
STARTING BUILD
"pkg-config-0.3.25-e86eabf3f60abbed74491a33fedd195768d1a8d97e0c476dcdcb79066eaefad2"
     Created binary (application) package
   Compiling pkg-config v0.3.25
   Compiling cargo-quickbuild-scratchpad v0.1.0 (/private/var/folders/0d/08wbx2j52nx5hjg16cshb8g80000gn/T/cargo-quickbuild-scratchpad.QfNdiJbX5bET/cargo-quickbuild-scratchpad)
    Finished dev [unoptimized + debuginfo] target(s) in 0.68s
wrote to "/Users/admin/tmp/quick/pkg-config-0.3.25-e86eabf3f60abbed74491a33fedd195768d1a8d97e0c476dcdcb79066eaefad2.tar"
STARTING BUILD
"ppv-lite86-0.2.16-7c0972d09930d8a9d2cb0014cb4619d1830747ad763013ee78e6641c4a7152eb"
     Created binary (application) package
   Compiling ppv-lite86 v0.2.16
   Compiling cargo-quickbuild-scratchpad v0.1.0 (/private/var/folders/0d/08wbx2j52nx5hjg16cshb8g80000gn/T/cargo-quickbuild-scratchpad.V1GoNzKBRs4C/cargo-quickbuild-scratchpad)
    Finished dev [unoptimized + debuginfo] target(s) in 0.42s
wrote to "/Users/admin/tmp/quick/ppv-lite86-0.2.16-7c0972d09930d8a9d2cb0014cb4619d1830747ad763013ee78e6641c4a7152eb.tar"
STARTING BUILD
"quick-error-1.2.3-e14feaad191d9da921aee65dc3413d20f61151d49398b439eb48ce8153f02ed6"
     Created binary (application) package
   Compiling quick-error v1.2.3
   Compiling cargo-quickbuild-scratchpad v0.1.0 (/private/var/folders/0d/08wbx2j52nx5hjg16cshb8g80000gn/T/cargo-quickbuild-scratchpad.GLbVa7cJBDnX/cargo-quickbuild-scratchpad)
    Finished dev [unoptimized + debuginfo] target(s) in 0.28s
wrote to "/Users/admin/tmp/quick/quick-error-1.2.3-e14feaad191d9da921aee65dc3413d20f61151d49398b439eb48ce8153f02ed6.tar"
STARTING BUILD
"regex-syntax-0.6.27-5a0610512c55382ac265a16cf815ea02aee780c94866915fb5ab33de95980488"
     Created binary (application) package
   Compiling regex-syntax v0.6.27
   Compiling cargo-quickbuild-scratchpad v0.1.0 (/private/var/folders/0d/08wbx2j52nx5hjg16cshb8g80000gn/T/cargo-quickbuild-scratchpad.i28Ybgxg4wFG/cargo-quickbuild-scratchpad)
    Finished dev [unoptimized + debuginfo] target(s) in 2.23s
wrote to "/Users/admin/tmp/quick/regex-syntax-0.6.27-5a0610512c55382ac265a16cf815ea02aee780c94866915fb5ab33de95980488.tar"
STARTING BUILD
"remove_dir_all-0.5.3-f43753cfaad8a8c67978af12f73a380c36b5652b061228f662973c927c674e4b"
     Created binary (application) package
   Compiling remove_dir_all v0.5.3
   Compiling cargo-quickbuild-scratchpad v0.1.0 (/private/var/folders/0d/08wbx2j52nx5hjg16cshb8g80000gn/T/cargo-quickbuild-scratchpad.QecB9KEgmxS0/cargo-quickbuild-scratchpad)
    Finished dev [unoptimized + debuginfo] target(s) in 0.29s
wrote to "/Users/admin/tmp/quick/remove_dir_all-0.5.3-f43753cfaad8a8c67978af12f73a380c36b5652b061228f662973c927c674e4b.tar"
STARTING BUILD
"rustc-demangle-0.1.21-a429de5faa96207daa55c98ca736e2d35f52cc95c08a71e946dbf0c7b51b9160"
     Created binary (application) package
   Compiling rustc-demangle v0.1.21
   Compiling cargo-quickbuild-scratchpad v0.1.0 (/private/var/folders/0d/08wbx2j52nx5hjg16cshb8g80000gn/T/cargo-quickbuild-scratchpad.ydvo3bnOLC8c/cargo-quickbuild-scratchpad)
    Finished dev [unoptimized + debuginfo] target(s) in 0.58s
wrote to "/Users/admin/tmp/quick/rustc-demangle-0.1.21-a429de5faa96207daa55c98ca736e2d35f52cc95c08a71e946dbf0c7b51b9160.tar"
STARTING BUILD
"ryu-1.0.10-aa02b96a95795cc3d89e203aa0aee325acc1b1728060fe2ec1e28fd621a4600f"
     Created binary (application) package
   Compiling ryu v1.0.10
   Compiling cargo-quickbuild-scratchpad v0.1.0 (/private/var/folders/0d/08wbx2j52nx5hjg16cshb8g80000gn/T/cargo-quickbuild-scratchpad.KE3xksu6tAF0/cargo-quickbuild-scratchpad)
    Finished dev [unoptimized + debuginfo] target(s) in 0.36s
wrote to "/Users/admin/tmp/quick/ryu-1.0.10-aa02b96a95795cc3d89e203aa0aee325acc1b1728060fe2ec1e28fd621a4600f.tar"
STARTING BUILD
"safemem-0.3.3-606ae27ccc2d2bdf9cc13e489d9f6b1da003f220c20cbd43e18d0a307af9b97c"
     Created binary (application) package
   Compiling safemem v0.3.3
   Compiling cargo-quickbuild-scratchpad v0.1.0 (/private/var/folders/0d/08wbx2j52nx5hjg16cshb8g80000gn/T/cargo-quickbuild-scratchpad.juASjLTCjYUQ/cargo-quickbuild-scratchpad)
    Finished dev [unoptimized + debuginfo] target(s) in 0.29s
wrote to "/Users/admin/tmp/quick/safemem-0.3.3-606ae27ccc2d2bdf9cc13e489d9f6b1da003f220c20cbd43e18d0a307af9b97c.tar"
STARTING BUILD
"scopeguard-1.1.0-91921f71afbc47d0a036484aeb5e6cfb4cb30848d888677bb4132207543de614"
     Created binary (application) package
   Compiling scopeguard v1.1.0
   Compiling cargo-quickbuild-scratchpad v0.1.0 (/private/var/folders/0d/08wbx2j52nx5hjg16cshb8g80000gn/T/cargo-quickbuild-scratchpad.aofCE7n8HW9Z/cargo-quickbuild-scratchpad)
    Finished dev [unoptimized + debuginfo] target(s) in 0.28s
wrote to "/Users/admin/tmp/quick/scopeguard-1.1.0-91921f71afbc47d0a036484aeb5e6cfb4cb30848d888677bb4132207543de614.tar"
STARTING BUILD
"sha1_smol-1.0.0-0eea54a94bc68a8034cdb045337e7dc5afa78a081eb7918546ff95611c1c0e82"
     Created binary (application) package
   Compiling sha1_smol v1.0.0
   Compiling cargo-quickbuild-scratchpad v0.1.0 (/private/var/folders/0d/08wbx2j52nx5hjg16cshb8g80000gn/T/cargo-quickbuild-scratchpad.CxQKpUxxOPZy/cargo-quickbuild-scratchpad)
    Finished dev [unoptimized + debuginfo] target(s) in 0.38s
wrote to "/Users/admin/tmp/quick/sha1_smol-1.0.0-0eea54a94bc68a8034cdb045337e7dc5afa78a081eb7918546ff95611c1c0e82.tar"
STARTING BUILD
"strsim-0.10.0-5d285b7a94a3f2cc381ce2434a53aba13bfe024587f831f823842b3af91dee77"
     Created binary (application) package
   Compiling strsim v0.10.0
   Compiling cargo-quickbuild-scratchpad v0.1.0 (/private/var/folders/0d/08wbx2j52nx5hjg16cshb8g80000gn/T/cargo-quickbuild-scratchpad.HJFg8ead0nDU/cargo-quickbuild-scratchpad)
    Finished dev [unoptimized + debuginfo] target(s) in 0.52s
wrote to "/Users/admin/tmp/quick/strsim-0.10.0-5d285b7a94a3f2cc381ce2434a53aba13bfe024587f831f823842b3af91dee77.tar"
STARTING BUILD
"termcolor-1.1.3-2f8e271c6ddd3de37e57388a2ec84d7dc8f459e34a2a522d88e0cf5b89598ae2"
     Created binary (application) package
   Compiling termcolor v1.1.3
   Compiling cargo-quickbuild-scratchpad v0.1.0 (/private/var/folders/0d/08wbx2j52nx5hjg16cshb8g80000gn/T/cargo-quickbuild-scratchpad.MsF9uNp5vwmA/cargo-quickbuild-scratchpad)
    Finished dev [unoptimized + debuginfo] target(s) in 0.50s
wrote to "/Users/admin/tmp/quick/termcolor-1.1.3-2f8e271c6ddd3de37e57388a2ec84d7dc8f459e34a2a522d88e0cf5b89598ae2.tar"
STARTING BUILD
"tinyvec_macros-0.1.0-f80064f93a813517d8f5ea9f6b3a2490fc5a50f237fcb9cc68719b6700fca744"
     Created binary (application) package
   Compiling tinyvec_macros v0.1.0
   Compiling cargo-quickbuild-scratchpad v0.1.0 (/private/var/folders/0d/08wbx2j52nx5hjg16cshb8g80000gn/T/cargo-quickbuild-scratchpad.ub8GQkbjPLAP/cargo-quickbuild-scratchpad)
    Finished dev [unoptimized + debuginfo] target(s) in 0.28s
wrote to "/Users/admin/tmp/quick/tinyvec_macros-0.1.0-f80064f93a813517d8f5ea9f6b3a2490fc5a50f237fcb9cc68719b6700fca744.tar"
STARTING BUILD
"unicode-bidi-0.3.8-7ab877173564c2423fac0bd749d11d39da7f8a4e196f4b72034c5519d4c84476"
     Created binary (application) package
   Compiling unicode-bidi v0.3.8
   Compiling cargo-quickbuild-scratchpad v0.1.0 (/private/var/folders/0d/08wbx2j52nx5hjg16cshb8g80000gn/T/cargo-quickbuild-scratchpad.cIZLS6xyini2/cargo-quickbuild-scratchpad)
    Finished dev [unoptimized + debuginfo] target(s) in 0.61s
wrote to "/Users/admin/tmp/quick/unicode-bidi-0.3.8-7ab877173564c2423fac0bd749d11d39da7f8a4e196f4b72034c5519d4c84476.tar"
STARTING BUILD
"unicode-ident-1.0.2-f6d9a74f5636e8f6972ccd0b369c7197e50bf69e810ecca72d7ca84fa4ff2df8"
     Created binary (application) package
   Compiling unicode-ident v1.0.2
   Compiling cargo-quickbuild-scratchpad v0.1.0 (/private/var/folders/0d/08wbx2j52nx5hjg16cshb8g80000gn/T/cargo-quickbuild-scratchpad.lXZ0H5xlmjiP/cargo-quickbuild-scratchpad)
    Finished dev [unoptimized + debuginfo] target(s) in 0.30s
wrote to "/Users/admin/tmp/quick/unicode-ident-1.0.2-f6d9a74f5636e8f6972ccd0b369c7197e50bf69e810ecca72d7ca84fa4ff2df8.tar"
STARTING BUILD
"unicode-segmentation-1.9.0-9052f7e971a448e8451994abff7b9cccfbd63ac7af8fe101287891fad5c3b69d"
     Created binary (application) package
   Compiling unicode-segmentation v1.9.0
   Compiling cargo-quickbuild-scratchpad v0.1.0 (/private/var/folders/0d/08wbx2j52nx5hjg16cshb8g80000gn/T/cargo-quickbuild-scratchpad.4mC2krsYQ5Ul/cargo-quickbuild-scratchpad)
    Finished dev [unoptimized + debuginfo] target(s) in 0.51s
wrote to "/Users/admin/tmp/quick/unicode-segmentation-1.9.0-9052f7e971a448e8451994abff7b9cccfbd63ac7af8fe101287891fad5c3b69d.tar"
STARTING BUILD
"version_check-0.9.4-18c97ce4fe41195cd1993371e72adc3a2af741ed0074a7bbd8eefe74fc20cb6a"
     Created binary (application) package
   Compiling version_check v0.9.4
   Compiling cargo-quickbuild-scratchpad v0.1.0 (/private/var/folders/0d/08wbx2j52nx5hjg16cshb8g80000gn/T/cargo-quickbuild-scratchpad.9wMxGGKtvzqv/cargo-quickbuild-scratchpad)
    Finished dev [unoptimized + debuginfo] target(s) in 0.49s
wrote to "/Users/admin/tmp/quick/version_check-0.9.4-18c97ce4fe41195cd1993371e72adc3a2af741ed0074a7bbd8eefe74fc20cb6a.tar"
STARTING BUILD
"wasm-bindgen-shared-0.2.82-3820e05faf096816c82969493011073a96da9e7de097cd287bc7144558725911"
     Created binary (application) package
   Compiling wasm-bindgen-shared v0.2.82
   Compiling cargo-quickbuild-scratchpad v0.1.0 (/private/var/folders/0d/08wbx2j52nx5hjg16cshb8g80000gn/T/cargo-quickbuild-scratchpad.sRDjyli23bUK/cargo-quickbuild-scratchpad)
    Finished dev [unoptimized + debuginfo] target(s) in 0.57s
wrote to "/Users/admin/tmp/quick/wasm-bindgen-shared-0.2.82-3820e05faf096816c82969493011073a96da9e7de097cd287bc7144558725911.tar"
STARTING BUILD
"wasmparser-0.59.0-07abe855d733085c8dcdbb2e16fde9b01081cabb889c68285a54e02d7b4d65ef"
     Created binary (application) package
   Compiling wasmparser v0.59.0
   Compiling cargo-quickbuild-scratchpad v0.1.0 (/private/var/folders/0d/08wbx2j52nx5hjg16cshb8g80000gn/T/cargo-quickbuild-scratchpad.y1QgyDByzXYd/cargo-quickbuild-scratchpad)
    Finished dev [unoptimized + debuginfo] target(s) in 1.71s
wrote to "/Users/admin/tmp/quick/wasmparser-0.59.0-07abe855d733085c8dcdbb2e16fde9b01081cabb889c68285a54e02d7b4d65ef.tar"
STARTING BUILD
"wasmparser-0.77.0-63508280d40c762d67851d9a1e1ebeadad8bde0df41ac1549b357bd26b4ff222"
     Created binary (application) package
   Compiling wasmparser v0.77.0
   Compiling cargo-quickbuild-scratchpad v0.1.0 (/private/var/folders/0d/08wbx2j52nx5hjg16cshb8g80000gn/T/cargo-quickbuild-scratchpad.JWKdJEWuMI5J/cargo-quickbuild-scratchpad)
    Finished dev [unoptimized + debuginfo] target(s) in 1.76s
wrote to "/Users/admin/tmp/quick/wasmparser-0.77.0-63508280d40c762d67851d9a1e1ebeadad8bde0df41ac1549b357bd26b4ff222.tar"
STARTING BUILD
"wit-schema-version-0.1.0-d0c0398656374721856e85cdf857d217288d56db5496898d6255a94091d65c34"
     Created binary (application) package
   Compiling wit-schema-version v0.1.0
   Compiling cargo-quickbuild-scratchpad v0.1.0 (/private/var/folders/0d/08wbx2j52nx5hjg16cshb8g80000gn/T/cargo-quickbuild-scratchpad.4D1OUx9g2TAm/cargo-quickbuild-scratchpad)
    Finished dev [unoptimized + debuginfo] target(s) in 0.27s
wrote to "/Users/admin/tmp/quick/wit-schema-version-0.1.0-d0c0398656374721856e85cdf857d217288d56db5496898d6255a94091d65c34.tar"
START OF LEVEL 1
[cargo-quickbuild/src/scheduler.rs:34] &current_level = {
    PackageId {
        name: "aho-corasick",
        version: "0.7.18",
        source: "registry `crates-io`",
    },
    PackageId {
        name: "atty",
        version: "0.2.14",
        source: "registry `crates-io`",
    },
    PackageId {
        name: "base64",
        version: "0.9.3",
        source: "registry `crates-io`",
    },
    PackageId {
        name: "buf_redux",
        version: "0.8.4",
        source: "registry `crates-io`",
    },
    PackageId {
        name: "crossbeam-utils",
        version: "0.8.11",
        source: "registry `crates-io`",
    },
    PackageId {
        name: "filetime",
        version: "0.2.17",
        source: "registry `crates-io`",
    },
    PackageId {
        name: "form_urlencoded",
        version: "1.0.1",
        source: "registry `crates-io`",
    },
    PackageId {
        name: "getrandom",
        version: "0.2.7",
        source: "registry `crates-io`",
    },
    PackageId {
        name: "heck",
        version: "0.3.3",
        source: "registry `crates-io`",
    },
    PackageId {
        name: "libz-sys",
        version: "1.1.8",
        source: "registry `crates-io`",
    },
    PackageId {
        name: "log",
        version: "0.4.17",
        source: "registry `crates-io`",
    },
    PackageId {
        name: "memoffset",
        version: "0.6.5",
        source: "registry `crates-io`",
    },
    PackageId {
        name: "num-traits",
        version: "0.2.15",
        source: "registry `crates-io`",
    },
    PackageId {
        name: "num_cpus",
        version: "1.13.1",
        source: "registry `crates-io`",
    },
    PackageId {
        name: "num_threads",
        version: "0.1.6",
        source: "registry `crates-io`",
    },
    PackageId {
        name: "proc-macro2",
        version: "1.0.41",
        source: "registry `crates-io`",
    },
    PackageId {
        name: "sha1",
        version: "0.6.1",
        source: "registry `crates-io`",
    },
    PackageId {
        name: "socket2",
        version: "0.4.4",
        source: "registry `crates-io`",
    },
    PackageId {
        name: "tempfile",
        version: "3.3.0",
        source: "registry `crates-io`",
    },
    PackageId {
        name: "tinyvec",
        version: "1.6.0",
        source: "registry `crates-io`",
    },
    PackageId {
        name: "twoway",
        version: "0.1.8",
        source: "registry `crates-io`",
    },
    PackageId {
        name: "unicase",
        version: "2.6.0",
        source: "registry `crates-io`",
    },
    PackageId {
        name: "wast",
        version: "21.0.0",
        source: "registry `crates-io`",
    },
    PackageId {
        name: "wit-parser",
        version: "0.2.0",
        source: "registry `crates-io`",
    },
    PackageId {
        name: "wit-writer",
        version: "0.2.0",
        source: "registry `crates-io`",
    },
}
STARTING BUILD
"aho-corasick-0.7.18-c8928b3a6db18b314283e037b174358923c86846d29c03910d2e7299bbeb7503"
     Created binary (application) package
   Compiling aho-corasick v0.7.18
   Compiling cargo-quickbuild-scratchpad v0.1.0 (/private/var/folders/0d/08wbx2j52nx5hjg16cshb8g80000gn/T/cargo-quickbuild-scratchpad.p8AP2xTS14Vv/cargo-quickbuild-scratchpad)
    Finished dev [unoptimized + debuginfo] target(s) in 0.74s
wrote to "/Users/admin/tmp/quick/aho-corasick-0.7.18-c8928b3a6db18b314283e037b174358923c86846d29c03910d2e7299bbeb7503.tar"
STARTING BUILD
"atty-0.2.14-257a5996ad55db514f97b5d11b460e18a014b38aed21fa906f6f419881edd7a5"
     Created binary (application) package
   Compiling atty v0.2.14
   Compiling cargo-quickbuild-scratchpad v0.1.0 (/private/var/folders/0d/08wbx2j52nx5hjg16cshb8g80000gn/T/cargo-quickbuild-scratchpad.zFRj3knBQ4yG/cargo-quickbuild-scratchpad)
    Finished dev [unoptimized + debuginfo] target(s) in 0.29s
wrote to "/Users/admin/tmp/quick/atty-0.2.14-257a5996ad55db514f97b5d11b460e18a014b38aed21fa906f6f419881edd7a5.tar"
STARTING BUILD
"base64-0.9.3-a6e4086e4171e65e2cbca50b35fe0d232ec7eb9f61e26da976871d868bfa4b40"
     Created binary (application) package
   Compiling base64 v0.9.3
   Compiling cargo-quickbuild-scratchpad v0.1.0 (/private/var/folders/0d/08wbx2j52nx5hjg16cshb8g80000gn/T/cargo-quickbuild-scratchpad.Mu8thQA7kuHZ/cargo-quickbuild-scratchpad)
    Finished dev [unoptimized + debuginfo] target(s) in 0.42s
wrote to "/Users/admin/tmp/quick/base64-0.9.3-a6e4086e4171e65e2cbca50b35fe0d232ec7eb9f61e26da976871d868bfa4b40.tar"
STARTING BUILD
"buf_redux-0.8.4-c91303f161d02e9f71d5bdb2af4af7b940723e29b7e1525dee4c7b9b4887042b"
     Created binary (application) package
   Compiling buf_redux v0.8.4
   Compiling cargo-quickbuild-scratchpad v0.1.0 (/private/var/folders/0d/08wbx2j52nx5hjg16cshb8g80000gn/T/cargo-quickbuild-scratchpad.cQYEDSlase14/cargo-quickbuild-scratchpad)
    Finished dev [unoptimized + debuginfo] target(s) in 0.41s
wrote to "/Users/admin/tmp/quick/buf_redux-0.8.4-c91303f161d02e9f71d5bdb2af4af7b940723e29b7e1525dee4c7b9b4887042b.tar"
STARTING BUILD
"crossbeam-utils-0.8.11-fac7f9802da741bc6068c965e9147fb2819cbc1a5c9249464c0b2868e3d62aac"
     Created binary (application) package
   Compiling crossbeam-utils v0.8.11
   Compiling cargo-quickbuild-scratchpad v0.1.0 (/private/var/folders/0d/08wbx2j52nx5hjg16cshb8g80000gn/T/cargo-quickbuild-scratchpad.SYwTaOqDyv01/cargo-quickbuild-scratchpad)
    Finished dev [unoptimized + debuginfo] target(s) in 0.70s
wrote to "/Users/admin/tmp/quick/crossbeam-utils-0.8.11-fac7f9802da741bc6068c965e9147fb2819cbc1a5c9249464c0b2868e3d62aac.tar"
STARTING BUILD
"filetime-0.2.17-d6871924efd4a4b5fad1eaf3e2ca92d9cdc28df3314aa0af03b370b0979486b2"
     Created binary (application) package
   Compiling filetime v0.2.17
   Compiling cargo-quickbuild-scratchpad v0.1.0 (/private/var/folders/0d/08wbx2j52nx5hjg16cshb8g80000gn/T/cargo-quickbuild-scratchpad.72k0I1dfpfGi/cargo-quickbuild-scratchpad)
    Finished dev [unoptimized + debuginfo] target(s) in 0.35s
wrote to "/Users/admin/tmp/quick/filetime-0.2.17-d6871924efd4a4b5fad1eaf3e2ca92d9cdc28df3314aa0af03b370b0979486b2.tar"
STARTING BUILD
"form_urlencoded-1.0.1-c08c7facb665da18d249b8258f876b152957bb6632e37a1eaac28031329a0963"
     Created binary (application) package
   Compiling form_urlencoded v1.0.1
   Compiling cargo-quickbuild-scratchpad v0.1.0 (/private/var/folders/0d/08wbx2j52nx5hjg16cshb8g80000gn/T/cargo-quickbuild-scratchpad.qJ4XVucL8RCH/cargo-quickbuild-scratchpad)
    Finished dev [unoptimized + debuginfo] target(s) in 0.34s
wrote to "/Users/admin/tmp/quick/form_urlencoded-1.0.1-c08c7facb665da18d249b8258f876b152957bb6632e37a1eaac28031329a0963.tar"
STARTING BUILD
"getrandom-0.2.7-1a1624de1be1f0642967a73743afa14e6049dfa6f68b2ad588a9743b3fb26448"
     Created binary (application) package
   Compiling getrandom v0.2.7
   Compiling cargo-quickbuild-scratchpad v0.1.0 (/private/var/folders/0d/08wbx2j52nx5hjg16cshb8g80000gn/T/cargo-quickbuild-scratchpad.qIlHwNTIR6NE/cargo-quickbuild-scratchpad)
    Finished dev [unoptimized + debuginfo] target(s) in 0.37s
wrote to "/Users/admin/tmp/quick/getrandom-0.2.7-1a1624de1be1f0642967a73743afa14e6049dfa6f68b2ad588a9743b3fb26448.tar"
STARTING BUILD
"heck-0.3.3-e6579310482f5f5e6d53b1c4ab4d0387f5090bb17d06a8b37e1a5347066ac292"
     Created binary (application) package
   Compiling heck v0.3.3
   Compiling cargo-quickbuild-scratchpad v0.1.0 (/private/var/folders/0d/08wbx2j52nx5hjg16cshb8g80000gn/T/cargo-quickbuild-scratchpad.TuR5O6ntDYSf/cargo-quickbuild-scratchpad)
    Finished dev [unoptimized + debuginfo] target(s) in 0.38s
wrote to "/Users/admin/tmp/quick/heck-0.3.3-e6579310482f5f5e6d53b1c4ab4d0387f5090bb17d06a8b37e1a5347066ac292.tar"
STARTING BUILD
"libz-sys-1.1.8-cde6d5220a5c46ff05f615d36e44c77f8e7fdccf89734214c3db2b12baa2a58d"
     Created binary (application) package
   Compiling libz-sys v1.1.8
   Compiling cargo-quickbuild-scratchpad v0.1.0 (/private/var/folders/0d/08wbx2j52nx5hjg16cshb8g80000gn/T/cargo-quickbuild-scratchpad.dVg5SAMO43Vj/cargo-quickbuild-scratchpad)
    Finished dev [unoptimized + debuginfo] target(s) in 0.52s
wrote to "/Users/admin/tmp/quick/libz-sys-1.1.8-cde6d5220a5c46ff05f615d36e44c77f8e7fdccf89734214c3db2b12baa2a58d.tar"
STARTING BUILD
"log-0.4.17-deb93aa39d97daf28e59dff62a07b8c5c5acd8f4d7319007affb84b51ef57038"
     Created binary (application) package
   Compiling log v0.4.17
   Compiling cargo-quickbuild-scratchpad v0.1.0 (/private/var/folders/0d/08wbx2j52nx5hjg16cshb8g80000gn/T/cargo-quickbuild-scratchpad.M5wl6qt8J2nN/cargo-quickbuild-scratchpad)
    Finished dev [unoptimized + debuginfo] target(s) in 0.52s
wrote to "/Users/admin/tmp/quick/log-0.4.17-deb93aa39d97daf28e59dff62a07b8c5c5acd8f4d7319007affb84b51ef57038.tar"
STARTING BUILD
"memoffset-0.6.5-cac15e01b9269357c4df5d59a5468c80fefdcf9360760d90a080d85792864bc2"
     Created binary (application) package
   Compiling memoffset v0.6.5
   Compiling cargo-quickbuild-scratchpad v0.1.0 (/private/var/folders/0d/08wbx2j52nx5hjg16cshb8g80000gn/T/cargo-quickbuild-scratchpad.BGR8228FySXy/cargo-quickbuild-scratchpad)
    Finished dev [unoptimized + debuginfo] target(s) in 0.45s
wrote to "/Users/admin/tmp/quick/memoffset-0.6.5-cac15e01b9269357c4df5d59a5468c80fefdcf9360760d90a080d85792864bc2.tar"
STARTING BUILD
"num-traits-0.2.15-3eb5e4121479b8d9c0133f961ceb9730b1b2881c17bf0b9e402c8e6d93846e2a"
     Created binary (application) package
   Compiling num-traits v0.2.15
   Compiling cargo-quickbuild-scratchpad v0.1.0 (/private/var/folders/0d/08wbx2j52nx5hjg16cshb8g80000gn/T/cargo-quickbuild-scratchpad.Ngs83hMONxwW/cargo-quickbuild-scratchpad)
    Finished dev [unoptimized + debuginfo] target(s) in 1.05s
wrote to "/Users/admin/tmp/quick/num-traits-0.2.15-3eb5e4121479b8d9c0133f961ceb9730b1b2881c17bf0b9e402c8e6d93846e2a.tar"
STARTING BUILD
"num_cpus-1.13.1-4847141387861c29987f820eefe1543eeb6f3f316b4ce8107ea2a5dbc5f7d140"
     Created binary (application) package
   Compiling num_cpus v1.13.1
   Compiling cargo-quickbuild-scratchpad v0.1.0 (/private/var/folders/0d/08wbx2j52nx5hjg16cshb8g80000gn/T/cargo-quickbuild-scratchpad.G8eRT9wyPZny/cargo-quickbuild-scratchpad)
    Finished dev [unoptimized + debuginfo] target(s) in 0.28s
wrote to "/Users/admin/tmp/quick/num_cpus-1.13.1-4847141387861c29987f820eefe1543eeb6f3f316b4ce8107ea2a5dbc5f7d140.tar"
STARTING BUILD
"num_threads-0.1.6-ea83362a920e9482ae1736418d10b5b8a4d42bb7ec07dae76a377af59858ea52"
     Created binary (application) package
   Compiling num_threads v0.1.6
   Compiling cargo-quickbuild-scratchpad v0.1.0 (/private/var/folders/0d/08wbx2j52nx5hjg16cshb8g80000gn/T/cargo-quickbuild-scratchpad.HTSBUOjnr53b/cargo-quickbuild-scratchpad)
    Finished dev [unoptimized + debuginfo] target(s) in 0.28s
wrote to "/Users/admin/tmp/quick/num_threads-0.1.6-ea83362a920e9482ae1736418d10b5b8a4d42bb7ec07dae76a377af59858ea52.tar"
STARTING BUILD
"proc-macro2-1.0.41-3a18bead68845effd2504424e86667f8a843563c5e8f952b060af7c4f8a1d283"
     Created binary (application) package
   Compiling proc-macro2 v1.0.41
   Compiling cargo-quickbuild-scratchpad v0.1.0 (/private/var/folders/0d/08wbx2j52nx5hjg16cshb8g80000gn/T/cargo-quickbuild-scratchpad.SzCqRS7CDZRv/cargo-quickbuild-scratchpad)
    Finished dev [unoptimized + debuginfo] target(s) in 0.94s
wrote to "/Users/admin/tmp/quick/proc-macro2-1.0.41-3a18bead68845effd2504424e86667f8a843563c5e8f952b060af7c4f8a1d283.tar"
STARTING BUILD
"sha1-0.6.1-9b9aba153f687a76df4fff9f1834dc4bc957043a7677c1e491adad8aaed4558a"
     Created binary (application) package
   Compiling sha1 v0.6.1
   Compiling cargo-quickbuild-scratchpad v0.1.0 (/private/var/folders/0d/08wbx2j52nx5hjg16cshb8g80000gn/T/cargo-quickbuild-scratchpad.jB7c9SXWSDdE/cargo-quickbuild-scratchpad)
    Finished dev [unoptimized + debuginfo] target(s) in 0.27s
wrote to "/Users/admin/tmp/quick/sha1-0.6.1-9b9aba153f687a76df4fff9f1834dc4bc957043a7677c1e491adad8aaed4558a.tar"
STARTING BUILD
"socket2-0.4.4-56b40c39b5edc8042335ea190d50967d2b66f0bd9d9e5779acdab95079f0c720"
     Created binary (application) package
   Compiling socket2 v0.4.4
   Compiling cargo-quickbuild-scratchpad v0.1.0 (/private/var/folders/0d/08wbx2j52nx5hjg16cshb8g80000gn/T/cargo-quickbuild-scratchpad.YyCcE5lOEOsS/cargo-quickbuild-scratchpad)
    Finished dev [unoptimized + debuginfo] target(s) in 0.48s
wrote to "/Users/admin/tmp/quick/socket2-0.4.4-56b40c39b5edc8042335ea190d50967d2b66f0bd9d9e5779acdab95079f0c720.tar"
STARTING BUILD
"tempfile-3.3.0-9ee5bcb57f7c8d52175216b7f80f3b6eb0688fa384e3dadbe689cdd69b1eb7b5"
     Created binary (application) package
   Compiling tempfile v3.3.0
   Compiling cargo-quickbuild-scratchpad v0.1.0 (/private/var/folders/0d/08wbx2j52nx5hjg16cshb8g80000gn/T/cargo-quickbuild-scratchpad.y06psxnE0bkW/cargo-quickbuild-scratchpad)
    Finished dev [unoptimized + debuginfo] target(s) in 0.48s
wrote to "/Users/admin/tmp/quick/tempfile-3.3.0-9ee5bcb57f7c8d52175216b7f80f3b6eb0688fa384e3dadbe689cdd69b1eb7b5.tar"
STARTING BUILD
"tinyvec-1.6.0-9ebabfa4d92bbc840c32a542901a1c77f6e6c092be5e254334c18565bb4dda5c"
     Created binary (application) package
   Compiling tinyvec v1.6.0
   Compiling cargo-quickbuild-scratchpad v0.1.0 (/private/var/folders/0d/08wbx2j52nx5hjg16cshb8g80000gn/T/cargo-quickbuild-scratchpad.zg8rf6kCocUT/cargo-quickbuild-scratchpad)
    Finished dev [unoptimized + debuginfo] target(s) in 0.75s
wrote to "/Users/admin/tmp/quick/tinyvec-1.6.0-9ebabfa4d92bbc840c32a542901a1c77f6e6c092be5e254334c18565bb4dda5c.tar"
STARTING BUILD
"twoway-0.1.8-99a8dfa030b7e9f9725ac904952b9bf1a723307a0d14591aea5377849a74ddaf"
     Created binary (application) package
   Compiling twoway v0.1.8
   Compiling cargo-quickbuild-scratchpad v0.1.0 (/private/var/folders/0d/08wbx2j52nx5hjg16cshb8g80000gn/T/cargo-quickbuild-scratchpad.57QoGLqPFf4P/cargo-quickbuild-scratchpad)
    Finished dev [unoptimized + debuginfo] target(s) in 0.34s
wrote to "/Users/admin/tmp/quick/twoway-0.1.8-99a8dfa030b7e9f9725ac904952b9bf1a723307a0d14591aea5377849a74ddaf.tar"
STARTING BUILD
"unicase-2.6.0-bb88cb62b45d71afd39396417b25b52161720aea6e6a01a2d973f538a3e6ca4b"
     Created binary (application) package
   Compiling unicase v2.6.0
   Compiling cargo-quickbuild-scratchpad v0.1.0 (/private/var/folders/0d/08wbx2j52nx5hjg16cshb8g80000gn/T/cargo-quickbuild-scratchpad.UyKtR1EVfICQ/cargo-quickbuild-scratchpad)
    Finished dev [unoptimized + debuginfo] target(s) in 0.60s
wrote to "/Users/admin/tmp/quick/unicase-2.6.0-bb88cb62b45d71afd39396417b25b52161720aea6e6a01a2d973f538a3e6ca4b.tar"
STARTING BUILD
"wast-21.0.0-a9fabe2ae0195594e945abeb4fa78acc3cf4845455bab40de82a349e4efc19bf"
     Created binary (application) package
   Compiling wast v21.0.0
   Compiling cargo-quickbuild-scratchpad v0.1.0 (/private/var/folders/0d/08wbx2j52nx5hjg16cshb8g80000gn/T/cargo-quickbuild-scratchpad.uyppWGn24FWo/cargo-quickbuild-scratchpad)
    Finished dev [unoptimized + debuginfo] target(s) in 3.79s
wrote to "/Users/admin/tmp/quick/wast-21.0.0-a9fabe2ae0195594e945abeb4fa78acc3cf4845455bab40de82a349e4efc19bf.tar"
STARTING BUILD
"wit-parser-0.2.0-f0b239b80f3b2e9286475a5d36eaa23b9a508af6709e196fa9d041597c8ce1b6"
     Created binary (application) package
   Compiling wit-parser v0.2.0
   Compiling cargo-quickbuild-scratchpad v0.1.0 (/private/var/folders/0d/08wbx2j52nx5hjg16cshb8g80000gn/T/cargo-quickbuild-scratchpad.yYNL3KuEtGta/cargo-quickbuild-scratchpad)
    Finished dev [unoptimized + debuginfo] target(s) in 0.42s
wrote to "/Users/admin/tmp/quick/wit-parser-0.2.0-f0b239b80f3b2e9286475a5d36eaa23b9a508af6709e196fa9d041597c8ce1b6.tar"
STARTING BUILD
"wit-writer-0.2.0-bc5a682eac1e6ae2b99b114258dd1bed8e688e2aad7b58e34e2d93952f96d48c"
     Created binary (application) package
   Compiling wit-writer v0.2.0
   Compiling cargo-quickbuild-scratchpad v0.1.0 (/private/var/folders/0d/08wbx2j52nx5hjg16cshb8g80000gn/T/cargo-quickbuild-scratchpad.I2vAnEdB460V/cargo-quickbuild-scratchpad)
    Finished dev [unoptimized + debuginfo] target(s) in 0.35s
wrote to "/Users/admin/tmp/quick/wit-writer-0.2.0-bc5a682eac1e6ae2b99b114258dd1bed8e688e2aad7b58e34e2d93952f96d48c.tar"
START OF LEVEL 2
[cargo-quickbuild/src/scheduler.rs:34] &current_level = {
    PackageId {
        name: "crossbeam-channel",
        version: "0.5.6",
        source: "registry `crates-io`",
    },
    PackageId {
        name: "crossbeam-epoch",
        version: "0.9.10",
        source: "registry `crates-io`",
    },
    PackageId {
        name: "curl-sys",
        version: "0.4.56+curl-7.83.1",
        source: "registry `crates-io`",
    },
    PackageId {
        name: "mime_guess",
        version: "2.0.4",
        source: "registry `crates-io`",
    },
    PackageId {
        name: "num-integer",
        version: "0.1.45",
        source: "registry `crates-io`",
    },
    PackageId {
        name: "quote",
        version: "1.0.20",
        source: "registry `crates-io`",
    },
    PackageId {
        name: "rand_core",
        version: "0.6.3",
        source: "registry `crates-io`",
    },
    PackageId {
        name: "regex",
        version: "1.6.0",
        source: "registry `crates-io`",
    },
    PackageId {
        name: "threadpool",
        version: "1.8.1",
        source: "registry `crates-io`",
    },
    PackageId {
        name: "time",
        version: "0.3.11",
        source: "registry `crates-io`",
    },
    PackageId {
        name: "unicode-normalization",
        version: "0.1.21",
        source: "registry `crates-io`",
    },
    PackageId {
        name: "wit-text",
        version: "0.8.0",
        source: "registry `crates-io`",
    },
    PackageId {
        name: "wit-validator",
        version: "0.2.1",
        source: "registry `crates-io`",
    },
}
STARTING BUILD
"crossbeam-channel-0.5.6-acbf7b999bb024638d686ae7c60635d8a6ccd0af0f9aa07d1a0fdf8e3acfc202"
     Created binary (application) package
   Compiling crossbeam-channel v0.5.6
   Compiling cargo-quickbuild-scratchpad v0.1.0 (/private/var/folders/0d/08wbx2j52nx5hjg16cshb8g80000gn/T/cargo-quickbuild-scratchpad.nk8L91SLwpRi/cargo-quickbuild-scratchpad)
    Finished dev [unoptimized + debuginfo] target(s) in 0.57s
wrote to "/Users/admin/tmp/quick/crossbeam-channel-0.5.6-acbf7b999bb024638d686ae7c60635d8a6ccd0af0f9aa07d1a0fdf8e3acfc202.tar"
STARTING BUILD
"crossbeam-epoch-0.9.10-a42a082f77dffd78f35085e78867bb546a8f7cfa230a34a0e9543e629f4c2536"
     Created binary (application) package
   Compiling crossbeam-epoch v0.9.10
   Compiling cargo-quickbuild-scratchpad v0.1.0 (/private/var/folders/0d/08wbx2j52nx5hjg16cshb8g80000gn/T/cargo-quickbuild-scratchpad.iyR3BuwBqCPv/cargo-quickbuild-scratchpad)
    Finished dev [unoptimized + debuginfo] target(s) in 0.67s
wrote to "/Users/admin/tmp/quick/crossbeam-epoch-0.9.10-a42a082f77dffd78f35085e78867bb546a8f7cfa230a34a0e9543e629f4c2536.tar"
STARTING BUILD
"curl-sys-0.4.56+curl-7.83.1-faf1bf39128259a93f223dd32dd3c0e07681893f5baeb0276a4a5bd9878fff40"
     Created binary (application) package
warning: version requirement `=0.4.56+curl-7.83.1` for dependency `curl-sys_0_4_56_curl_7_83_1` includes semver metadata which will be ignored, removing the metadata is recommended to avoid confusion
   Compiling curl-sys v0.4.56+curl-7.83.1
   Compiling cargo-quickbuild-scratchpad v0.1.0 (/private/var/folders/0d/08wbx2j52nx5hjg16cshb8g80000gn/T/cargo-quickbuild-scratchpad.PPEqC33nglPZ/cargo-quickbuild-scratchpad)
    Finished dev [unoptimized + debuginfo] target(s) in 0.55s
wrote to "/Users/admin/tmp/quick/curl-sys-0.4.56+curl-7.83.1-faf1bf39128259a93f223dd32dd3c0e07681893f5baeb0276a4a5bd9878fff40.tar"
STARTING BUILD
"mime_guess-2.0.4-6628d8cd0195199f254b45759515afcdd307e787bccd881ec83a8d9ecee5be19"
     Created binary (application) package
   Compiling mime_guess v2.0.4
   Compiling cargo-quickbuild-scratchpad v0.1.0 (/private/var/folders/0d/08wbx2j52nx5hjg16cshb8g80000gn/T/cargo-quickbuild-scratchpad.A3A2clpWlhvi/cargo-quickbuild-scratchpad)
    Finished dev [unoptimized + debuginfo] target(s) in 0.95s
wrote to "/Users/admin/tmp/quick/mime_guess-2.0.4-6628d8cd0195199f254b45759515afcdd307e787bccd881ec83a8d9ecee5be19.tar"
STARTING BUILD
"num-integer-0.1.45-dc7303528126fea490d2a4f96e56cb08414233a617cf11e40317cb923c95439e"
     Created binary (application) package
   Compiling num-integer v0.1.45
   Compiling cargo-quickbuild-scratchpad v0.1.0 (/private/var/folders/0d/08wbx2j52nx5hjg16cshb8g80000gn/T/cargo-quickbuild-scratchpad.OkdaxishOqD8/cargo-quickbuild-scratchpad)
    Finished dev [unoptimized + debuginfo] target(s) in 0.66s
wrote to "/Users/admin/tmp/quick/num-integer-0.1.45-dc7303528126fea490d2a4f96e56cb08414233a617cf11e40317cb923c95439e.tar"
STARTING BUILD
"quote-1.0.20-a7a8323bf55f1d504e44bede444c2a44d971f9f6017d8690b531d42bbe9ef09a"
     Created binary (application) package
   Compiling quote v1.0.20
   Compiling cargo-quickbuild-scratchpad v0.1.0 (/private/var/folders/0d/08wbx2j52nx5hjg16cshb8g80000gn/T/cargo-quickbuild-scratchpad.FHzC0CYhKgT6/cargo-quickbuild-scratchpad)
    Finished dev [unoptimized + debuginfo] target(s) in 0.65s
wrote to "/Users/admin/tmp/quick/quote-1.0.20-a7a8323bf55f1d504e44bede444c2a44d971f9f6017d8690b531d42bbe9ef09a.tar"
STARTING BUILD
"rand_core-0.6.3-3b6732d103e942974ca6b87cfae69f0ca2043785935cd5c24a31cbfe38a98416"
     Created binary (application) package
   Compiling rand_core v0.6.3
   Compiling cargo-quickbuild-scratchpad v0.1.0 (/private/var/folders/0d/08wbx2j52nx5hjg16cshb8g80000gn/T/cargo-quickbuild-scratchpad.WAcPQQGDxHFI/cargo-quickbuild-scratchpad)
    Finished dev [unoptimized + debuginfo] target(s) in 0.37s
wrote to "/Users/admin/tmp/quick/rand_core-0.6.3-3b6732d103e942974ca6b87cfae69f0ca2043785935cd5c24a31cbfe38a98416.tar"
STARTING BUILD
"regex-1.6.0-a7d0170fe324b8cb4a5764b45849deafe592c370f4ec942b1e2b1c06214e8f74"
     Created binary (application) package
   Compiling regex v1.6.0
   Compiling cargo-quickbuild-scratchpad v0.1.0 (/private/var/folders/0d/08wbx2j52nx5hjg16cshb8g80000gn/T/cargo-quickbuild-scratchpad.6ql7DmJyxvTy/cargo-quickbuild-scratchpad)
    Finished dev [unoptimized + debuginfo] target(s) in 2.26s
wrote to "/Users/admin/tmp/quick/regex-1.6.0-a7d0170fe324b8cb4a5764b45849deafe592c370f4ec942b1e2b1c06214e8f74.tar"
STARTING BUILD
"threadpool-1.8.1-faf196a727427579968e6682ac8f832bb0486fac080771c443665de79261acbb"
     Created binary (application) package
   Compiling threadpool v1.8.1
   Compiling cargo-quickbuild-scratchpad v0.1.0 (/private/var/folders/0d/08wbx2j52nx5hjg16cshb8g80000gn/T/cargo-quickbuild-scratchpad.6lNIP8u1XZGv/cargo-quickbuild-scratchpad)
    Finished dev [unoptimized + debuginfo] target(s) in 0.52s
wrote to "/Users/admin/tmp/quick/threadpool-1.8.1-faf196a727427579968e6682ac8f832bb0486fac080771c443665de79261acbb.tar"
STARTING BUILD
"time-0.3.11-076f4d6916224ed45da6c829d6417f977fbb839f78223ee6fe5b533e34281528"
     Created binary (application) package
   Compiling time v0.3.11
   Compiling cargo-quickbuild-scratchpad v0.1.0 (/private/var/folders/0d/08wbx2j52nx5hjg16cshb8g80000gn/T/cargo-quickbuild-scratchpad.5uDidlQukh7a/cargo-quickbuild-scratchpad)
    Finished dev [unoptimized + debuginfo] target(s) in 0.63s
wrote to "/Users/admin/tmp/quick/time-0.3.11-076f4d6916224ed45da6c829d6417f977fbb839f78223ee6fe5b533e34281528.tar"
STARTING BUILD
"unicode-normalization-0.1.21-c795d62ae095d0ffc620f79801dba5b73fb777eb2834da5f1d5b45f3f4134d2c"
     Created binary (application) package
   Compiling unicode-normalization v0.1.21
   Compiling cargo-quickbuild-scratchpad v0.1.0 (/private/var/folders/0d/08wbx2j52nx5hjg16cshb8g80000gn/T/cargo-quickbuild-scratchpad.c9uRMt3qcCy1/cargo-quickbuild-scratchpad)
    Finished dev [unoptimized + debuginfo] target(s) in 0.60s
wrote to "/Users/admin/tmp/quick/unicode-normalization-0.1.21-c795d62ae095d0ffc620f79801dba5b73fb777eb2834da5f1d5b45f3f4134d2c.tar"
STARTING BUILD
"wit-text-0.8.0-356e6ac6091d41592f7b43fa6439bcc38fbf93d11eb387a13e9bb611b089aaa5"
     Created binary (application) package
   Compiling wit-text v0.8.0
   Compiling cargo-quickbuild-scratchpad v0.1.0 (/private/var/folders/0d/08wbx2j52nx5hjg16cshb8g80000gn/T/cargo-quickbuild-scratchpad.T9fEA5BF3Yad/cargo-quickbuild-scratchpad)
    Finished dev [unoptimized + debuginfo] target(s) in 0.78s
wrote to "/Users/admin/tmp/quick/wit-text-0.8.0-356e6ac6091d41592f7b43fa6439bcc38fbf93d11eb387a13e9bb611b089aaa5.tar"
STARTING BUILD
"wit-validator-0.2.1-efe5f947aa55a8526dee3d5250a2cc365896210f2e6f2251bfa9cfe182186ae1"
     Created binary (application) package
   Compiling wit-validator v0.2.1
   Compiling cargo-quickbuild-scratchpad v0.1.0 (/private/var/folders/0d/08wbx2j52nx5hjg16cshb8g80000gn/T/cargo-quickbuild-scratchpad.Z1jUgwkdlZcE/cargo-quickbuild-scratchpad)
    Finished dev [unoptimized + debuginfo] target(s) in 0.52s
wrote to "/Users/admin/tmp/quick/wit-validator-0.2.1-efe5f947aa55a8526dee3d5250a2cc365896210f2e6f2251bfa9cfe182186ae1.tar"
START OF LEVEL 3
[cargo-quickbuild/src/scheduler.rs:34] &current_level = {
    PackageId {
        name: "chrono",
        version: "0.4.19",
        source: "registry `crates-io`",
    },
    PackageId {
        name: "crossbeam-deque",
        version: "0.8.2",
        source: "registry `crates-io`",
    },
    PackageId {
        name: "curl",
        version: "0.4.44",
        source: "registry `crates-io`",
    },
    PackageId {
        name: "env_logger",
        version: "0.8.4",
        source: "registry `crates-io`",
    },
    PackageId {
        name: "idna",
        version: "0.2.3",
        source: "registry `crates-io`",
    },
    PackageId {
        name: "rand_chacha",
        version: "0.3.1",
        source: "registry `crates-io`",
    },
    PackageId {
        name: "syn",
        version: "1.0.98",
        source: "registry `crates-io`",
    },
}
STARTING BUILD
"chrono-0.4.19-000aede1ffb784dd869724ecd1d631924f2eebd348400b31aeee13267564c778"
     Created binary (application) package
   Compiling chrono v0.4.19
   Compiling cargo-quickbuild-scratchpad v0.1.0 (/private/var/folders/0d/08wbx2j52nx5hjg16cshb8g80000gn/T/cargo-quickbuild-scratchpad.TuwfUOxwEBYw/cargo-quickbuild-scratchpad)
    Finished dev [unoptimized + debuginfo] target(s) in 0.94s
wrote to "/Users/admin/tmp/quick/chrono-0.4.19-000aede1ffb784dd869724ecd1d631924f2eebd348400b31aeee13267564c778.tar"
STARTING BUILD
"crossbeam-deque-0.8.2-b5fa3ef1884a9447d8a6877cb941737648eac315215d970ee9059119d834fbbe"
     Created binary (application) package
   Compiling crossbeam-deque v0.8.2
   Compiling cargo-quickbuild-scratchpad v0.1.0 (/private/var/folders/0d/08wbx2j52nx5hjg16cshb8g80000gn/T/cargo-quickbuild-scratchpad.LoIwxLv5ENMr/cargo-quickbuild-scratchpad)
    Finished dev [unoptimized + debuginfo] target(s) in 0.33s
wrote to "/Users/admin/tmp/quick/crossbeam-deque-0.8.2-b5fa3ef1884a9447d8a6877cb941737648eac315215d970ee9059119d834fbbe.tar"
STARTING BUILD
"curl-0.4.44-af1cfe4cb7b3c7588d5ace336ee5b951957597ed0c97e7692b7fe58ef7e8ad0e"
     Created binary (application) package
warning: version requirement `=0.4.56+curl-7.83.1` for dependency `curl-sys_0_4_56_curl_7_83_1` includes semver metadata which will be ignored, removing the metadata is recommended to avoid confusion
   Compiling curl v0.4.44
   Compiling cargo-quickbuild-scratchpad v0.1.0 (/private/var/folders/0d/08wbx2j52nx5hjg16cshb8g80000gn/T/cargo-quickbuild-scratchpad.mmyJQPeOUGEx/cargo-quickbuild-scratchpad)
    Finished dev [unoptimized + debuginfo] target(s) in 0.94s
wrote to "/Users/admin/tmp/quick/curl-0.4.44-af1cfe4cb7b3c7588d5ace336ee5b951957597ed0c97e7692b7fe58ef7e8ad0e.tar"
STARTING BUILD
"env_logger-0.8.4-003ca97378fceaaa5a960de60072e47035e8a05b4952a3be7d64cd134949c3f7"
     Created binary (application) package
   Compiling env_logger v0.8.4
   Compiling cargo-quickbuild-scratchpad v0.1.0 (/private/var/folders/0d/08wbx2j52nx5hjg16cshb8g80000gn/T/cargo-quickbuild-scratchpad.DLnbSrZhBZTO/cargo-quickbuild-scratchpad)
    Finished dev [unoptimized + debuginfo] target(s) in 0.62s
wrote to "/Users/admin/tmp/quick/env_logger-0.8.4-003ca97378fceaaa5a960de60072e47035e8a05b4952a3be7d64cd134949c3f7.tar"
STARTING BUILD
"idna-0.2.3-7128942d5ab289f95654a816bfa02a849a9696fbef3d76626ba68daab35280ea"
     Created binary (application) package
   Compiling idna v0.2.3
   Compiling cargo-quickbuild-scratchpad v0.1.0 (/private/var/folders/0d/08wbx2j52nx5hjg16cshb8g80000gn/T/cargo-quickbuild-scratchpad.f59CO3qKFXvN/cargo-quickbuild-scratchpad)
    Finished dev [unoptimized + debuginfo] target(s) in 0.71s
wrote to "/Users/admin/tmp/quick/idna-0.2.3-7128942d5ab289f95654a816bfa02a849a9696fbef3d76626ba68daab35280ea.tar"
STARTING BUILD
"rand_chacha-0.3.1-f0c3a2845e8520a4a433c6f664ad17f03d2ea45196de4138c32c635cd4700821"
     Created binary (application) package
   Compiling rand_chacha v0.3.1
   Compiling cargo-quickbuild-scratchpad v0.1.0 (/private/var/folders/0d/08wbx2j52nx5hjg16cshb8g80000gn/T/cargo-quickbuild-scratchpad.BFjLIOKDF7pk/cargo-quickbuild-scratchpad)
    Finished dev [unoptimized + debuginfo] target(s) in 0.57s
wrote to "/Users/admin/tmp/quick/rand_chacha-0.3.1-f0c3a2845e8520a4a433c6f664ad17f03d2ea45196de4138c32c635cd4700821.tar"
STARTING BUILD
"syn-1.0.98-279edf2b2eee5b210ace74d0db5935161f2f836324db3ae008aa23f0a18879c9"
     Created binary (application) package
   Compiling syn v1.0.98
   Compiling cargo-quickbuild-scratchpad v0.1.0 (/private/var/folders/0d/08wbx2j52nx5hjg16cshb8g80000gn/T/cargo-quickbuild-scratchpad.gNV7XPu0n1SG/cargo-quickbuild-scratchpad)
    Finished dev [unoptimized + debuginfo] target(s) in 2.67s
wrote to "/Users/admin/tmp/quick/syn-1.0.98-279edf2b2eee5b210ace74d0db5935161f2f836324db3ae008aa23f0a18879c9.tar"
START OF LEVEL 4
[cargo-quickbuild/src/scheduler.rs:34] &current_level = {
    PackageId {
        name: "rand",
        version: "0.8.5",
        source: "registry `crates-io`",
    },
    PackageId {
        name: "rayon-core",
        version: "1.9.3",
        source: "registry `crates-io`",
    },
    PackageId {
        name: "serde_derive",
        version: "1.0.140",
        source: "registry `crates-io`",
    },
    PackageId {
        name: "url",
        version: "2.2.2",
        source: "registry `crates-io`",
    },
    PackageId {
        name: "walrus-macro",
        version: "0.19.0",
        source: "registry `crates-io`",
    },
}
STARTING BUILD
"rand-0.8.5-4547f0b823d42aca71c4475d03acc1fc6f3d37e18565a19db27a9c6dd68190dc"
     Created binary (application) package
   Compiling rand v0.8.5
   Compiling cargo-quickbuild-scratchpad v0.1.0 (/private/var/folders/0d/08wbx2j52nx5hjg16cshb8g80000gn/T/cargo-quickbuild-scratchpad.sEJEEZ8Rpv0m/cargo-quickbuild-scratchpad)
    Finished dev [unoptimized + debuginfo] target(s) in 0.75s
wrote to "/Users/admin/tmp/quick/rand-0.8.5-4547f0b823d42aca71c4475d03acc1fc6f3d37e18565a19db27a9c6dd68190dc.tar"
STARTING BUILD
"rayon-core-1.9.3-2e1177276b6c9c2b577086c7af5f75053e8c6450f865a6cdc0a024df8cea470a"
     Created binary (application) package
   Compiling rayon-core v1.9.3
   Compiling cargo-quickbuild-scratchpad v0.1.0 (/private/var/folders/0d/08wbx2j52nx5hjg16cshb8g80000gn/T/cargo-quickbuild-scratchpad.gDsc0qZEodmG/cargo-quickbuild-scratchpad)
    Finished dev [unoptimized + debuginfo] target(s) in 1.16s
wrote to "/Users/admin/tmp/quick/rayon-core-1.9.3-2e1177276b6c9c2b577086c7af5f75053e8c6450f865a6cdc0a024df8cea470a.tar"
STARTING BUILD
"serde_derive-1.0.140-c6ffdc1d7a4e6e49306934835611f13544d284c315cadcf8f4d06ca852e9cdce"
     Created binary (application) package
   Compiling syn v1.0.98
   Compiling serde_derive v1.0.140
   Compiling cargo-quickbuild-scratchpad v0.1.0 (/private/var/folders/0d/08wbx2j52nx5hjg16cshb8g80000gn/T/cargo-quickbuild-scratchpad.NY6zHOeizGbL/cargo-quickbuild-scratchpad)
    Finished dev [unoptimized + debuginfo] target(s) in 5.10s
wrote to "/Users/admin/tmp/quick/serde_derive-1.0.140-c6ffdc1d7a4e6e49306934835611f13544d284c315cadcf8f4d06ca852e9cdce.tar"
STARTING BUILD
"url-2.2.2-4a5151266f14f8d5450078f1408ac395fd7f5c7c4a0b49bd2ee4de71144b2ed7"
     Created binary (application) package
   Compiling url v2.2.2
   Compiling cargo-quickbuild-scratchpad v0.1.0 (/private/var/folders/0d/08wbx2j52nx5hjg16cshb8g80000gn/T/cargo-quickbuild-scratchpad.1g8lBNlpnJOn/cargo-quickbuild-scratchpad)
    Finished dev [unoptimized + debuginfo] target(s) in 0.76s
wrote to "/Users/admin/tmp/quick/url-2.2.2-4a5151266f14f8d5450078f1408ac395fd7f5c7c4a0b49bd2ee4de71144b2ed7.tar"
STARTING BUILD
"walrus-macro-0.19.0-4c8fba70a23f92b5cd414fad4238d1f3a5585062f386bf0f37f5898bac9598c5"
     Created binary (application) package
   Compiling walrus-macro v0.19.0
   Compiling cargo-quickbuild-scratchpad v0.1.0 (/private/var/folders/0d/08wbx2j52nx5hjg16cshb8g80000gn/T/cargo-quickbuild-scratchpad.SduAyxQ7NkMP/cargo-quickbuild-scratchpad)
    Finished dev [unoptimized + debuginfo] target(s) in 0.93s
wrote to "/Users/admin/tmp/quick/walrus-macro-0.19.0-4c8fba70a23f92b5cd414fad4238d1f3a5585062f386bf0f37f5898bac9598c5.tar"
START OF LEVEL 5
[cargo-quickbuild/src/scheduler.rs:34] &current_level = {
    PackageId {
        name: "multipart",
        version: "0.18.0",
        source: "registry `crates-io`",
    },
    PackageId {
        name: "rayon",
        version: "1.5.3",
        source: "registry `crates-io`",
    },
    PackageId {
        name: "serde",
        version: "1.0.140",
        source: "registry `crates-io`",
    },
    PackageId {
        name: "tiny_http",
        version: "0.8.2",
        source: "registry `crates-io`",
    },
}
STARTING BUILD
"multipart-0.18.0-81eb53fc58df73e063002cef149c627816b97f90f4401d95b2714a40a66bb197"
     Created binary (application) package
   Compiling multipart v0.18.0
   Compiling cargo-quickbuild-scratchpad v0.1.0 (/private/var/folders/0d/08wbx2j52nx5hjg16cshb8g80000gn/T/cargo-quickbuild-scratchpad.NnFMTxKWQ8rM/cargo-quickbuild-scratchpad)
    Finished dev [unoptimized + debuginfo] target(s) in 0.61s
wrote to "/Users/admin/tmp/quick/multipart-0.18.0-81eb53fc58df73e063002cef149c627816b97f90f4401d95b2714a40a66bb197.tar"
STARTING BUILD
"rayon-1.5.3-ff3014b1810f1ca592eedaebb2ee327e4aa12b53b51f7f6c8d20acba9c57bc3d"
     Created binary (application) package
   Compiling rayon v1.5.3
   Compiling cargo-quickbuild-scratchpad v0.1.0 (/private/var/folders/0d/08wbx2j52nx5hjg16cshb8g80000gn/T/cargo-quickbuild-scratchpad.YZBiZcuBWFo5/cargo-quickbuild-scratchpad)
    Finished dev [unoptimized + debuginfo] target(s) in 1.71s
wrote to "/Users/admin/tmp/quick/rayon-1.5.3-ff3014b1810f1ca592eedaebb2ee327e4aa12b53b51f7f6c8d20acba9c57bc3d.tar"
STARTING BUILD
"serde-1.0.140-38abdc8d6bbb3c554947e130faf13de74b1d7cba439de78ed884f227132f9a69"
     Created binary (application) package
   Compiling serde v1.0.140
   Compiling cargo-quickbuild-scratchpad v0.1.0 (/private/var/folders/0d/08wbx2j52nx5hjg16cshb8g80000gn/T/cargo-quickbuild-scratchpad.xikD88YESBm4/cargo-quickbuild-scratchpad)
    Finished dev [unoptimized + debuginfo] target(s) in 2.29s
wrote to "/Users/admin/tmp/quick/serde-1.0.140-38abdc8d6bbb3c554947e130faf13de74b1d7cba439de78ed884f227132f9a69.tar"
STARTING BUILD
"tiny_http-0.8.2-3d90b24628d24fe597d4f8108fbf3d696b5bc9067372987463ed0d8f93c01844"
     Created binary (application) package
   Compiling tiny_http v0.8.2
   Compiling cargo-quickbuild-scratchpad v0.1.0 (/private/var/folders/0d/08wbx2j52nx5hjg16cshb8g80000gn/T/cargo-quickbuild-scratchpad.Uzqrscrbi8JD/cargo-quickbuild-scratchpad)
    Finished dev [unoptimized + debuginfo] target(s) in 1.25s
wrote to "/Users/admin/tmp/quick/tiny_http-0.8.2-3d90b24628d24fe597d4f8108fbf3d696b5bc9067372987463ed0d8f93c01844.tar"
START OF LEVEL 6
[cargo-quickbuild/src/scheduler.rs:34] &current_level = {
    PackageId {
        name: "docopt",
        version: "1.1.1",
        source: "registry `crates-io`",
    },
    PackageId {
        name: "id-arena",
        version: "2.2.1",
        source: "registry `crates-io`",
    },
    PackageId {
        name: "serde_json",
        version: "1.0.82",
        source: "registry `crates-io`",
    },
}
STARTING BUILD
"docopt-1.1.1-6181a1a29cff751587076430fb72be0ed80a481236f3fde286c34997acc8a744"
     Created binary (application) package
   Compiling docopt v1.1.1
   Compiling cargo-quickbuild-scratchpad v0.1.0 (/private/var/folders/0d/08wbx2j52nx5hjg16cshb8g80000gn/T/cargo-quickbuild-scratchpad.A91Nd4JB1h0e/cargo-quickbuild-scratchpad)
    Finished dev [unoptimized + debuginfo] target(s) in 1.18s
wrote to "/Users/admin/tmp/quick/docopt-1.1.1-6181a1a29cff751587076430fb72be0ed80a481236f3fde286c34997acc8a744.tar"
STARTING BUILD
"id-arena-2.2.1-ea9c4842598ecd2e12add4a16dacb68fb48b75ef9aeef3b9f8d396889798cc9f"
     Created binary (application) package
   Compiling id-arena v2.2.1
   Compiling cargo-quickbuild-scratchpad v0.1.0 (/private/var/folders/0d/08wbx2j52nx5hjg16cshb8g80000gn/T/cargo-quickbuild-scratchpad.VDqpvVpzoKSa/cargo-quickbuild-scratchpad)
    Finished dev [unoptimized + debuginfo] target(s) in 0.36s
wrote to "/Users/admin/tmp/quick/id-arena-2.2.1-ea9c4842598ecd2e12add4a16dacb68fb48b75ef9aeef3b9f8d396889798cc9f.tar"
STARTING BUILD
"serde_json-1.0.82-801818dc53d1ffbcdf39e7e5ddb845f6d0ef55907fe62e6111485f98ec23cf11"
     Created binary (application) package
   Compiling serde_json v1.0.82
   Compiling cargo-quickbuild-scratchpad v0.1.0 (/private/var/folders/0d/08wbx2j52nx5hjg16cshb8g80000gn/T/cargo-quickbuild-scratchpad.QpmD1VzAww6G/cargo-quickbuild-scratchpad)
    Finished dev [unoptimized + debuginfo] target(s) in 1.24s
wrote to "/Users/admin/tmp/quick/serde_json-1.0.82-801818dc53d1ffbcdf39e7e5ddb845f6d0ef55907fe62e6111485f98ec23cf11.tar"
START OF LEVEL 7
[cargo-quickbuild/src/scheduler.rs:34] &current_level = {
    PackageId {
        name: "rouille",
        version: "3.5.0",
        source: "registry `crates-io`",
    },
    PackageId {
        name: "walrus",
        version: "0.19.0",
        source: "registry `crates-io`",
    },
}
STARTING BUILD
"rouille-3.5.0-f24c1fc8e463fc49e3213f5e261378fb2cf6761147c65e69b210d5a9da3cb8e1"
     Created binary (application) package
   Compiling rouille v3.5.0
   Compiling cargo-quickbuild-scratchpad v0.1.0 (/private/var/folders/0d/08wbx2j52nx5hjg16cshb8g80000gn/T/cargo-quickbuild-scratchpad.FSYlwzksyYKr/cargo-quickbuild-scratchpad)
    Finished dev [unoptimized + debuginfo] target(s) in 0.94s
wrote to "/Users/admin/tmp/quick/rouille-3.5.0-f24c1fc8e463fc49e3213f5e261378fb2cf6761147c65e69b210d5a9da3cb8e1.tar"
STARTING BUILD
"walrus-0.19.0-1fb8917e5b0b8461fbd549e3c8977fe9322e9ec1d14846c138ab9a72d4d1c45e"
     Created binary (application) package
   Compiling walrus v0.19.0
   Compiling cargo-quickbuild-scratchpad v0.1.0 (/private/var/folders/0d/08wbx2j52nx5hjg16cshb8g80000gn/T/cargo-quickbuild-scratchpad.WkLt8FL59Jkq/cargo-quickbuild-scratchpad)
    Finished dev [unoptimized + debuginfo] target(s) in 3.09s
wrote to "/Users/admin/tmp/quick/walrus-0.19.0-1fb8917e5b0b8461fbd549e3c8977fe9322e9ec1d14846c138ab9a72d4d1c45e.tar"
START OF LEVEL 8
[cargo-quickbuild/src/scheduler.rs:34] &current_level = {
    PackageId {
        name: "wasm-bindgen-externref-xform",
        version: "0.2.82",
        source: "registry `crates-io`",
    },
    PackageId {
        name: "wasm-bindgen-multi-value-xform",
        version: "0.2.82",
        source: "registry `crates-io`",
    },
    PackageId {
        name: "wasm-bindgen-wasm-conventions",
        version: "0.2.82",
        source: "registry `crates-io`",
    },
    PackageId {
        name: "wit-walrus",
        version: "0.6.0",
        source: "registry `crates-io`",
    },
}
STARTING BUILD
"wasm-bindgen-externref-xform-0.2.82-34cd285c5e2b8ebac296668c07ea55022f466404e5c7619d3a896bfe98bbf06d"
     Created binary (application) package
   Compiling wasm-bindgen-externref-xform v0.2.82
   Compiling cargo-quickbuild-scratchpad v0.1.0 (/private/var/folders/0d/08wbx2j52nx5hjg16cshb8g80000gn/T/cargo-quickbuild-scratchpad.U4IsALMZdZXP/cargo-quickbuild-scratchpad)
    Finished dev [unoptimized + debuginfo] target(s) in 0.67s
wrote to "/Users/admin/tmp/quick/wasm-bindgen-externref-xform-0.2.82-34cd285c5e2b8ebac296668c07ea55022f466404e5c7619d3a896bfe98bbf06d.tar"
STARTING BUILD
"wasm-bindgen-multi-value-xform-0.2.82-f2beefc3cf7e70c57dfa151c1bba887fe287028d8b452faf1765f43354ae81ba"
     Created binary (application) package
   Compiling wasm-bindgen-multi-value-xform v0.2.82
   Compiling cargo-quickbuild-scratchpad v0.1.0 (/private/var/folders/0d/08wbx2j52nx5hjg16cshb8g80000gn/T/cargo-quickbuild-scratchpad.YRXi4LYC2gPj/cargo-quickbuild-scratchpad)
    Finished dev [unoptimized + debuginfo] target(s) in 0.42s
wrote to "/Users/admin/tmp/quick/wasm-bindgen-multi-value-xform-0.2.82-f2beefc3cf7e70c57dfa151c1bba887fe287028d8b452faf1765f43354ae81ba.tar"
STARTING BUILD
"wasm-bindgen-wasm-conventions-0.2.82-3d2e72573d404247bfe904eea17736f036a30a1e6f1b5916f2627d15868d154c"
     Created binary (application) package
   Compiling wasm-bindgen-wasm-conventions v0.2.82
   Compiling cargo-quickbuild-scratchpad v0.1.0 (/private/var/folders/0d/08wbx2j52nx5hjg16cshb8g80000gn/T/cargo-quickbuild-scratchpad.OtMknM73GbVd/cargo-quickbuild-scratchpad)
    Finished dev [unoptimized + debuginfo] target(s) in 0.45s
wrote to "/Users/admin/tmp/quick/wasm-bindgen-wasm-conventions-0.2.82-3d2e72573d404247bfe904eea17736f036a30a1e6f1b5916f2627d15868d154c.tar"
STARTING BUILD
"wit-walrus-0.6.0-0ebed5a80a4fd251391298c5acc631fc8e7039ede0c5291bd83a14dd0d904964"
     Created binary (application) package
   Compiling wit-walrus v0.6.0
   Compiling cargo-quickbuild-scratchpad v0.1.0 (/private/var/folders/0d/08wbx2j52nx5hjg16cshb8g80000gn/T/cargo-quickbuild-scratchpad.5cd2JINNZWxn/cargo-quickbuild-scratchpad)
    Finished dev [unoptimized + debuginfo] target(s) in 0.74s
wrote to "/Users/admin/tmp/quick/wit-walrus-0.6.0-0ebed5a80a4fd251391298c5acc631fc8e7039ede0c5291bd83a14dd0d904964.tar"
START OF LEVEL 9
[cargo-quickbuild/src/scheduler.rs:34] &current_level = {
    PackageId {
        name: "wasm-bindgen-threads-xform",
        version: "0.2.82",
        source: "registry `crates-io`",
    },
    PackageId {
        name: "wasm-bindgen-wasm-interpreter",
        version: "0.2.82",
        source: "registry `crates-io`",
    },
}
STARTING BUILD
"wasm-bindgen-threads-xform-0.2.82-1d0cec7624b439af9c3decf7e0a28d2302e043b692d3022a4df72bc929ea1a88"
     Created binary (application) package
   Compiling wasm-bindgen-threads-xform v0.2.82
   Compiling cargo-quickbuild-scratchpad v0.1.0 (/private/var/folders/0d/08wbx2j52nx5hjg16cshb8g80000gn/T/cargo-quickbuild-scratchpad.oeDxO794igiH/cargo-quickbuild-scratchpad)
    Finished dev [unoptimized + debuginfo] target(s) in 0.45s
wrote to "/Users/admin/tmp/quick/wasm-bindgen-threads-xform-0.2.82-1d0cec7624b439af9c3decf7e0a28d2302e043b692d3022a4df72bc929ea1a88.tar"
STARTING BUILD
"wasm-bindgen-wasm-interpreter-0.2.82-3035fe705a972a5ed05d1ca8c10e0e90c98a275ec2c11af067fd4edfe9f52ac0"
     Created binary (application) package
   Compiling wasm-bindgen-wasm-interpreter v0.2.82
   Compiling cargo-quickbuild-scratchpad v0.1.0 (/private/var/folders/0d/08wbx2j52nx5hjg16cshb8g80000gn/T/cargo-quickbuild-scratchpad.wAEoqfoRoVZy/cargo-quickbuild-scratchpad)
    Finished dev [unoptimized + debuginfo] target(s) in 0.55s
wrote to "/Users/admin/tmp/quick/wasm-bindgen-wasm-interpreter-0.2.82-3035fe705a972a5ed05d1ca8c10e0e90c98a275ec2c11af067fd4edfe9f52ac0.tar"
START OF LEVEL 10
[cargo-quickbuild/src/scheduler.rs:34] &current_level = {
    PackageId {
        name: "wasm-bindgen-cli-support",
        version: "0.2.82",
        source: "registry `crates-io`",
    },
}
STARTING BUILD
"wasm-bindgen-cli-support-0.2.82-b396ec98d5242e2a6d7192c5d5aee4427d25d97db2b90baa7e900e7e47dc58e0"
     Created binary (application) package
   Compiling serde_derive v1.0.140
   Compiling serde v1.0.140
   Compiling serde_json v1.0.82
   Compiling wasm-bindgen-cli-support v0.2.82
   Compiling cargo-quickbuild-scratchpad v0.1.0 (/private/var/folders/0d/08wbx2j52nx5hjg16cshb8g80000gn/T/cargo-quickbuild-scratchpad.K47Z7bgMGmne/cargo-quickbuild-scratchpad)
    Finished dev [unoptimized + debuginfo] target(s) in 8.21s
wrote to "/Users/admin/tmp/quick/wasm-bindgen-cli-support-0.2.82-b396ec98d5242e2a6d7192c5d5aee4427d25d97db2b90baa7e900e7e47dc58e0.tar"
START OF LEVEL 11
[cargo-quickbuild/src/scheduler.rs:34] &current_level = {
    PackageId {
        name: "wasm-bindgen-cli",
        version: "0.2.82",
        source: "registry `crates-io`",
    },
}
 We're done here 
